#
# There is insufficient memory for the Java Runtime Environment to continue.
# Native memory allocation (malloc) failed to allocate 65552 bytes for Chunk::new
# Possible reasons:
#   The system is out of physical RAM or swap space
#   The process is running with CompressedOops enabled, and the Java Heap may be blocking the growth of the native heap
# Possible solutions:
#   Reduce memory load on the system
#   Increase physical memory or swap space
#   Check if swap backing store is full
#   Decrease Java heap size (-Xmx/-Xms)
#   Decrease number of Java threads
#   Decrease Java thread stack sizes (-Xss)
#   Set larger code cache with -XX:ReservedCodeCacheSize=
#   JVM is running with Unscaled Compressed Oops mode in which the Java heap is
#     placed in the first 4GB address space. The Java Heap base address is the
#     maximum limit for the native heap growth. Please use -XX:HeapBaseMinAddress
#     to set the Java Heap base and to place the Java Heap above 4GB virtual address.
# This output file may be truncated or incomplete.
#
#  Out of Memory Error (./src/hotspot/share/memory/arena.cpp:197), pid=2892, tid=8256
#
# JRE version: OpenJDK Runtime Environment (11.0.8+10) (build 11.0.8+10-b944.6842174)
# Java VM: OpenJDK 64-Bit Server VM (11.0.8+10-b944.6842174, mixed mode, tiered, compressed oops, g1 gc, windows-amd64)
# No core dump will be written. Minidumps are not enabled by default on client versions of Windows
#

---------------  S U M M A R Y ------------

Command Line: --add-opens=java.base/java.util=ALL-UNNAMED --add-opens=java.base/java.lang=ALL-UNNAMED --add-opens=java.base/java.lang.invoke=ALL-UNNAMED --add-opens=java.prefs/java.util.prefs=ALL-UNNAMED -Xmx2048m -Dfile.encoding=UTF-8 -Duser.country=EC -Duser.language=es -Duser.variant org.gradle.launcher.daemon.bootstrap.GradleDaemon 6.7.1

Host: Intel(R) Celeron(R) N4100 CPU @ 1.10GHz, 4 cores, 3G,  Windows 10 , 64 bit Build 19041 (10.0.19041.1151)
Time: Tue Sep 14 20:59:30 2021 Hora est. Pacífico, Sudamérica elapsed time: 9 seconds (0d 0h 0m 9s)

---------------  T H R E A D  ---------------

Current thread (0x000001d49a167800):  JavaThread "C2 CompilerThread0" daemon [_thread_in_native, id=8256, stack(0x00000092f9100000,0x00000092f9200000)]


Current CompileTask:
C2:   9390 2226       4       java.net.URLClassLoader$1::run (5 bytes)

Stack: [0x00000092f9100000,0x00000092f9200000]
Native frames: (J=compiled Java code, j=interpreted, Vv=VM code, C=native code)
V  [jvm.dll+0x5de50a]
V  [jvm.dll+0x7122f5]
V  [jvm.dll+0x71384d]
V  [jvm.dll+0x713f03]
V  [jvm.dll+0x23e728]
V  [jvm.dll+0xb899c]
V  [jvm.dll+0xb8e9c]
V  [jvm.dll+0x4f0df4]
V  [jvm.dll+0x4f326e]
V  [jvm.dll+0x4f15d2]
V  [jvm.dll+0x4f1ddf]
V  [jvm.dll+0x4f13cf]
V  [jvm.dll+0x4f13e3]
V  [jvm.dll+0x4f13e3]
V  [jvm.dll+0x4f13e3]
V  [jvm.dll+0x4f13e3]
V  [jvm.dll+0x502606]
V  [jvm.dll+0x1f8df6]
V  [jvm.dll+0x1f685f]
V  [jvm.dll+0x17f32c]
V  [jvm.dll+0x205047]
V  [jvm.dll+0x203891]
V  [jvm.dll+0x6dad3f]
V  [jvm.dll+0x6d3895]
V  [jvm.dll+0x5dd4a6]
C  [ucrtbase.dll+0x21bb2]
C  [KERNEL32.DLL+0x17034]
C  [ntdll.dll+0x52651]


---------------  P R O C E S S  ---------------

Threads class SMR info:
_java_thread_list=0x000001d49c9e1020, length=24, elements={
0x000001d4fd22b800, 0x000001d49a10b000, 0x000001d49a10e800, 0x000001d49a117800,
0x000001d49a118800, 0x000001d49a167800, 0x000001d49aaf9000, 0x000001d49ab1e000,
0x000001d49ac1b000, 0x000001d49ac24000, 0x000001d49bb83800, 0x000001d49aeb9800,
0x000001d49e254800, 0x000001d49c358000, 0x000001d49c111800, 0x000001d49c686800,
0x000001d49cd08000, 0x000001d49be23800, 0x000001d49be24000, 0x000001d49bc02000,
0x000001d49d0f7800, 0x000001d49d0f8800, 0x000001d49d0f9000, 0x000001d49d0fa000
}

Java Threads: ( => current thread )
  0x000001d4fd22b800 JavaThread "main" [_thread_blocked, id=1180, stack(0x00000092f8600000,0x00000092f8700000)]
  0x000001d49a10b000 JavaThread "Reference Handler" daemon [_thread_blocked, id=11808, stack(0x00000092f8d00000,0x00000092f8e00000)]
  0x000001d49a10e800 JavaThread "Finalizer" daemon [_thread_blocked, id=4524, stack(0x00000092f8e00000,0x00000092f8f00000)]
  0x000001d49a117800 JavaThread "Signal Dispatcher" daemon [_thread_blocked, id=3640, stack(0x00000092f8f00000,0x00000092f9000000)]
  0x000001d49a118800 JavaThread "Attach Listener" daemon [_thread_blocked, id=2676, stack(0x00000092f9000000,0x00000092f9100000)]
=>0x000001d49a167800 JavaThread "C2 CompilerThread0" daemon [_thread_in_native, id=8256, stack(0x00000092f9100000,0x00000092f9200000)]
  0x000001d49aaf9000 JavaThread "C1 CompilerThread0" daemon [_thread_blocked, id=10048, stack(0x00000092f9200000,0x00000092f9300000)]
  0x000001d49ab1e000 JavaThread "Sweeper thread" daemon [_thread_blocked, id=8044, stack(0x00000092f9300000,0x00000092f9400000)]
  0x000001d49ac1b000 JavaThread "Common-Cleaner" daemon [_thread_blocked, id=7556, stack(0x00000092f9400000,0x00000092f9500000)]
  0x000001d49ac24000 JavaThread "Service Thread" daemon [_thread_blocked, id=12208, stack(0x00000092f9500000,0x00000092f9600000)]
  0x000001d49bb83800 JavaThread "Daemon health stats" [_thread_blocked, id=5356, stack(0x00000092f9900000,0x00000092f9a00000)]
  0x000001d49aeb9800 JavaThread "Incoming local TCP Connector on port 61617" [_thread_in_native, id=5784, stack(0x00000092f9d00000,0x00000092f9e00000)]
  0x000001d49e254800 JavaThread "Daemon periodic checks" [_thread_blocked, id=14172, stack(0x00000092f9e00000,0x00000092f9f00000)]
  0x000001d49c358000 JavaThread "Daemon" [_thread_blocked, id=12508, stack(0x00000092f9f00000,0x00000092fa000000)]
  0x000001d49c111800 JavaThread "Handler for socket connection from /127.0.0.1:61617 to /127.0.0.1:61618" [_thread_in_native, id=8036, stack(0x00000092fa000000,0x00000092fa100000)]
  0x000001d49c686800 JavaThread "Cancel handler" [_thread_blocked, id=11768, stack(0x00000092fa100000,0x00000092fa200000)]
  0x000001d49cd08000 JavaThread "Daemon worker" [_thread_in_native, id=3536, stack(0x00000092fa200000,0x00000092fa300000)]
  0x000001d49be23800 JavaThread "Asynchronous log dispatcher for DefaultDaemonConnection: socket connection from /127.0.0.1:61617 to /127.0.0.1:61618" [_thread_blocked, id=15356, stack(0x00000092fa300000,0x00000092fa400000)]
  0x000001d49be24000 JavaThread "Stdin handler" [_thread_blocked, id=13580, stack(0x00000092fa400000,0x00000092fa500000)]
  0x000001d49bc02000 JavaThread "Thread-8" [_thread_blocked, id=12940, stack(0x00000092fa500000,0x00000092fa600000)]
  0x000001d49d0f7800 JavaThread "Cache worker for file hash cache (C:\Users\user\.gradle\caches\6.7.1\fileHashes)" [_thread_blocked, id=8620, stack(0x00000092fa600000,0x00000092fa700000)]
  0x000001d49d0f8800 JavaThread "File lock request listener" [_thread_in_native, id=12496, stack(0x00000092fa700000,0x00000092fa800000)]
  0x000001d49d0f9000 JavaThread "Cache worker for journal cache (C:\Users\user\.gradle\caches\journal-1)" [_thread_blocked, id=7020, stack(0x00000092fa800000,0x00000092fa900000)]
  0x000001d49d0fa000 JavaThread "Cache worker for file hash cache (C:\Users\user\AndroidStudioProjects\uepjm\.gradle\6.7.1\fileHashes)" [_thread_blocked, id=13016, stack(0x00000092fa900000,0x00000092faa00000)]

Other Threads:
  0x000001d49a102800 VMThread "VM Thread" [stack: 0x00000092f8c00000,0x00000092f8d00000] [id=8704]
  0x000001d49ac57800 WatcherThread [stack: 0x00000092f9600000,0x00000092f9700000] [id=14008]
  0x000001d4fd244000 GCTaskThread "GC Thread#0" [stack: 0x00000092f8700000,0x00000092f8800000] [id=5896]
  0x000001d49af03000 GCTaskThread "GC Thread#1" [stack: 0x00000092f9800000,0x00000092f9900000] [id=6724]
  0x000001d49c46f000 GCTaskThread "GC Thread#2" [stack: 0x00000092f9a00000,0x00000092f9b00000] [id=3808]
  0x000001d49c306000 GCTaskThread "GC Thread#3" [stack: 0x00000092f9b00000,0x00000092f9c00000] [id=14520]
  0x000001d4fd275800 ConcurrentGCThread "G1 Main Marker" [stack: 0x00000092f8800000,0x00000092f8900000] [id=8820]
  0x000001d4fd277000 ConcurrentGCThread "G1 Conc#0" [stack: 0x00000092f8900000,0x00000092f8a00000] [id=9052]
  0x000001d4fd2cf800 ConcurrentGCThread "G1 Refine#0" [stack: 0x00000092f8a00000,0x00000092f8b00000] [id=15164]
  0x000001d4fd2d1000 ConcurrentGCThread "G1 Young RemSet Sampling" [stack: 0x00000092f8b00000,0x00000092f8c00000] [id=12948]

Threads with active compile tasks:
C2 CompilerThread0   9471 2226       4       java.net.URLClassLoader$1::run (5 bytes)

VM state:not at safepoint (normal execution)

VM Mutex/Monitor currently owned by a thread: None

Heap address: 0x0000000080000000, size: 2048 MB, Compressed Oops mode: 32-bit
Narrow klass base: 0x0000000000000000, Narrow klass shift: 3
Compressed class space size: 1073741824 Address: 0x0000000100000000

Heap:
 garbage-first heap   total 63488K, used 31657K [0x0000000080000000, 0x0000000100000000)
  region size 1024K, 18 young (18432K), 3 survivors (3072K)
 Metaspace       used 25149K, capacity 25852K, committed 26032K, reserved 1071104K
  class space    used 3247K, capacity 3464K, committed 3584K, reserved 1048576K
Heap Regions: E=young(eden), S=young(survivor), O=old, HS=humongous(starts), HC=humongous(continues), CS=collection set, F=free, A=archive, TAMS=top-at-mark-start (previous, next)
|   0|0x0000000080000000, 0x0000000080100000, 0x0000000080100000|100%| O|  |TAMS 0x0000000080100000, 0x0000000080000000| Untracked 
|   1|0x0000000080100000, 0x0000000080200000, 0x0000000080200000|100%| O|  |TAMS 0x0000000080200000, 0x0000000080100000| Untracked 
|   2|0x0000000080200000, 0x0000000080300000, 0x0000000080300000|100%| O|  |TAMS 0x0000000080300000, 0x0000000080200000| Untracked 
|   3|0x0000000080300000, 0x0000000080400000, 0x0000000080400000|100%|HS|  |TAMS 0x0000000080400000, 0x0000000080300000| Complete 
|   4|0x0000000080400000, 0x0000000080500000, 0x0000000080500000|100%|HC|  |TAMS 0x0000000080500000, 0x0000000080400000| Complete 
|   5|0x0000000080500000, 0x0000000080600000, 0x0000000080600000|100%|HC|  |TAMS 0x0000000080600000, 0x0000000080500000| Complete 
|   6|0x0000000080600000, 0x0000000080700000, 0x0000000080700000|100%| O|  |TAMS 0x0000000080700000, 0x0000000080600000| Untracked 
|   7|0x0000000080700000, 0x0000000080800000, 0x0000000080800000|100%| O|  |TAMS 0x0000000080800000, 0x0000000080700000| Untracked 
|   8|0x0000000080800000, 0x0000000080900000, 0x0000000080900000|100%| O|  |TAMS 0x0000000080900000, 0x0000000080800000| Untracked 
|   9|0x0000000080900000, 0x0000000080a00000, 0x0000000080a00000|100%| O|  |TAMS 0x0000000080a00000, 0x0000000080900000| Untracked 
|  10|0x0000000080a00000, 0x0000000080b00000, 0x0000000080b00000|100%| O|  |TAMS 0x0000000080b00000, 0x0000000080a00000| Untracked 
|  11|0x0000000080b00000, 0x0000000080c00000, 0x0000000080c00000|100%| O|  |TAMS 0x0000000080c00000, 0x0000000080b00000| Untracked 
|  12|0x0000000080c00000, 0x0000000080d00000, 0x0000000080d00000|100%| O|  |TAMS 0x0000000080d00000, 0x0000000080c00000| Untracked 
|  13|0x0000000080d00000, 0x0000000080e00000, 0x0000000080e00000|100%| O|  |TAMS 0x0000000080e00000, 0x0000000080d00000| Untracked 
|  14|0x0000000080e00000, 0x0000000080e00000, 0x0000000080f00000|  0%| F|  |TAMS 0x0000000080e00000, 0x0000000080e00000| Untracked 
|  15|0x0000000080f00000, 0x0000000080f00000, 0x0000000081000000|  0%| F|  |TAMS 0x0000000080f00000, 0x0000000080f00000| Untracked 
|  16|0x0000000081000000, 0x0000000081000000, 0x0000000081100000|  0%| F|  |TAMS 0x0000000081000000, 0x0000000081000000| Untracked 
|  17|0x0000000081100000, 0x0000000081100000, 0x0000000081200000|  0%| F|  |TAMS 0x0000000081100000, 0x0000000081100000| Untracked 
|  18|0x0000000081200000, 0x0000000081200000, 0x0000000081300000|  0%| F|  |TAMS 0x0000000081200000, 0x0000000081200000| Untracked 
|  19|0x0000000081300000, 0x0000000081300000, 0x0000000081400000|  0%| F|  |TAMS 0x0000000081300000, 0x0000000081300000| Untracked 
|  20|0x0000000081400000, 0x0000000081400000, 0x0000000081500000|  0%| F|  |TAMS 0x0000000081400000, 0x0000000081400000| Untracked 
|  21|0x0000000081500000, 0x0000000081500000, 0x0000000081600000|  0%| F|  |TAMS 0x0000000081500000, 0x0000000081500000| Untracked 
|  22|0x0000000081600000, 0x0000000081600000, 0x0000000081700000|  0%| F|  |TAMS 0x0000000081600000, 0x0000000081600000| Untracked 
|  23|0x0000000081700000, 0x0000000081700000, 0x0000000081800000|  0%| F|  |TAMS 0x0000000081700000, 0x0000000081700000| Untracked 
|  24|0x0000000081800000, 0x0000000081800000, 0x0000000081900000|  0%| F|  |TAMS 0x0000000081800000, 0x0000000081800000| Untracked 
|  25|0x0000000081900000, 0x0000000081900000, 0x0000000081a00000|  0%| F|  |TAMS 0x0000000081900000, 0x0000000081900000| Untracked 
|  26|0x0000000081a00000, 0x0000000081a00000, 0x0000000081b00000|  0%| F|  |TAMS 0x0000000081a00000, 0x0000000081a00000| Untracked 
|  27|0x0000000081b00000, 0x0000000081b00000, 0x0000000081c00000|  0%| F|  |TAMS 0x0000000081b00000, 0x0000000081b00000| Untracked 
|  28|0x0000000081c00000, 0x0000000081c00000, 0x0000000081d00000|  0%| F|  |TAMS 0x0000000081c00000, 0x0000000081c00000| Untracked 
|  29|0x0000000081d00000, 0x0000000081d00000, 0x0000000081e00000|  0%| F|  |TAMS 0x0000000081d00000, 0x0000000081d00000| Untracked 
|  30|0x0000000081e00000, 0x0000000081e00000, 0x0000000081f00000|  0%| F|  |TAMS 0x0000000081e00000, 0x0000000081e00000| Untracked 
|  31|0x0000000081f00000, 0x0000000081f00000, 0x0000000082000000|  0%| F|  |TAMS 0x0000000081f00000, 0x0000000081f00000| Untracked 
|  32|0x0000000082000000, 0x0000000082000000, 0x0000000082100000|  0%| F|  |TAMS 0x0000000082000000, 0x0000000082000000| Untracked 
|  33|0x0000000082100000, 0x00000000821ea498, 0x0000000082200000| 91%| S|CS|TAMS 0x0000000082100000, 0x0000000082100000| Complete 
|  34|0x0000000082200000, 0x0000000082300000, 0x0000000082300000|100%| S|CS|TAMS 0x0000000082200000, 0x0000000082200000| Complete 
|  35|0x0000000082300000, 0x0000000082400000, 0x0000000082400000|100%| S|CS|TAMS 0x0000000082300000, 0x0000000082300000| Complete 
|  36|0x0000000082400000, 0x0000000082400000, 0x0000000082500000|  0%| F|  |TAMS 0x0000000082400000, 0x0000000082400000| Untracked 
|  37|0x0000000082500000, 0x0000000082500000, 0x0000000082600000|  0%| F|  |TAMS 0x0000000082500000, 0x0000000082500000| Untracked 
|  38|0x0000000082600000, 0x0000000082600000, 0x0000000082700000|  0%| F|  |TAMS 0x0000000082600000, 0x0000000082600000| Untracked 
|  39|0x0000000082700000, 0x0000000082700000, 0x0000000082800000|  0%| F|  |TAMS 0x0000000082700000, 0x0000000082700000| Untracked 
|  40|0x0000000082800000, 0x0000000082800000, 0x0000000082900000|  0%| F|  |TAMS 0x0000000082800000, 0x0000000082800000| Untracked 
|  41|0x0000000082900000, 0x0000000082900000, 0x0000000082a00000|  0%| F|  |TAMS 0x0000000082900000, 0x0000000082900000| Untracked 
|  42|0x0000000082a00000, 0x0000000082a00000, 0x0000000082b00000|  0%| F|  |TAMS 0x0000000082a00000, 0x0000000082a00000| Untracked 
|  43|0x0000000082b00000, 0x0000000082b00000, 0x0000000082c00000|  0%| F|  |TAMS 0x0000000082b00000, 0x0000000082b00000| Untracked 
|  44|0x0000000082c00000, 0x0000000082c00000, 0x0000000082d00000|  0%| F|  |TAMS 0x0000000082c00000, 0x0000000082c00000| Untracked 
|  45|0x0000000082d00000, 0x0000000082d00000, 0x0000000082e00000|  0%| F|  |TAMS 0x0000000082d00000, 0x0000000082d00000| Untracked 
|  46|0x0000000082e00000, 0x0000000082e58300, 0x0000000082f00000| 34%| E|  |TAMS 0x0000000082e00000, 0x0000000082e00000| Complete 
|  47|0x0000000082f00000, 0x0000000083000000, 0x0000000083000000|100%| E|CS|TAMS 0x0000000082f00000, 0x0000000082f00000| Complete 
|  48|0x0000000083000000, 0x0000000083100000, 0x0000000083100000|100%| E|CS|TAMS 0x0000000083000000, 0x0000000083000000| Complete 
|  49|0x0000000083100000, 0x0000000083200000, 0x0000000083200000|100%| E|CS|TAMS 0x0000000083100000, 0x0000000083100000| Complete 
|  50|0x0000000083200000, 0x0000000083300000, 0x0000000083300000|100%| E|CS|TAMS 0x0000000083200000, 0x0000000083200000| Complete 
|  51|0x0000000083300000, 0x0000000083400000, 0x0000000083400000|100%| E|CS|TAMS 0x0000000083300000, 0x0000000083300000| Complete 
|  52|0x0000000083400000, 0x0000000083500000, 0x0000000083500000|100%| E|CS|TAMS 0x0000000083400000, 0x0000000083400000| Complete 
|  53|0x0000000083500000, 0x0000000083600000, 0x0000000083600000|100%| E|CS|TAMS 0x0000000083500000, 0x0000000083500000| Complete 
|  54|0x0000000083600000, 0x0000000083700000, 0x0000000083700000|100%| E|CS|TAMS 0x0000000083600000, 0x0000000083600000| Complete 
|  55|0x0000000083700000, 0x0000000083800000, 0x0000000083800000|100%| E|CS|TAMS 0x0000000083700000, 0x0000000083700000| Complete 
|  56|0x0000000083800000, 0x0000000083900000, 0x0000000083900000|100%| E|CS|TAMS 0x0000000083800000, 0x0000000083800000| Complete 
|  57|0x0000000083900000, 0x0000000083a00000, 0x0000000083a00000|100%| E|CS|TAMS 0x0000000083900000, 0x0000000083900000| Complete 
|  58|0x0000000083a00000, 0x0000000083b00000, 0x0000000083b00000|100%| E|CS|TAMS 0x0000000083a00000, 0x0000000083a00000| Complete 
|  59|0x0000000083b00000, 0x0000000083c00000, 0x0000000083c00000|100%| E|CS|TAMS 0x0000000083b00000, 0x0000000083b00000| Complete 
|  60|0x0000000083c00000, 0x0000000083d00000, 0x0000000083d00000|100%| E|CS|TAMS 0x0000000083c00000, 0x0000000083c00000| Complete 
|  61|0x0000000083d00000, 0x0000000083e00000, 0x0000000083e00000|100%| E|CS|TAMS 0x0000000083d00000, 0x0000000083d00000| Complete 

Card table byte_map: [0x000001d4932f0000,0x000001d4936f0000] _byte_map_base: 0x000001d492ef0000

Marking Bits (Prev, Next): (CMBitMap*) 0x000001d4fd26cef0, (CMBitMap*) 0x000001d4fd26ceb8
 Prev Bits: [0x000001d495af0000, 0x000001d497af0000)
 Next Bits: [0x000001d493af0000, 0x000001d495af0000)

Polling page: 0x000001d480000000

Metaspace:

Usage:
  Non-class:     21.86 MB capacity,    21.41 MB ( 98%) used,   417.19 KB (  2%) free+waste,    45.69 KB ( <1%) overhead. 
      Class:      3.38 MB capacity,     3.18 MB ( 94%) used,   187.05 KB (  5%) free+waste,    22.63 KB ( <1%) overhead. 
       Both:     25.25 MB capacity,    24.59 MB ( 97%) used,   604.24 KB (  2%) free+waste,    68.31 KB ( <1%) overhead. 

Virtual space:
  Non-class space:       22.00 MB reserved,      21.92 MB (>99%) committed 
      Class space:        1.00 GB reserved,       3.50 MB ( <1%) committed 
             Both:        1.02 GB reserved,      25.42 MB (  2%) committed 

Chunk freelists:
   Non-Class:  60.00 KB
       Class:  24.00 KB
        Both:  84.00 KB

MaxMetaspaceSize: 17179869184.00 GB
CompressedClassSpaceSize: 1.00 GB

CodeHeap 'non-profiled nmethods': size=120064Kb used=979Kb max_used=979Kb free=119084Kb
 bounds [0x000001d48b380000, 0x000001d48b5f0000, 0x000001d4928c0000]
CodeHeap 'profiled nmethods': size=120000Kb used=4244Kb max_used=4244Kb free=115755Kb
 bounds [0x000001d483e50000, 0x000001d484280000, 0x000001d48b380000]
CodeHeap 'non-nmethods': size=5696Kb used=1131Kb max_used=1159Kb free=4564Kb
 bounds [0x000001d4838c0000, 0x000001d483b30000, 0x000001d483e50000]
 total_blobs=2523 nmethods=2048 adapters=387
 compilation: enabled
              stopped_count=0, restarted_count=0
 full_count=0

Compilation events (20 events):
Event: 9.232 Thread 0x000001d49aaf9000 2239       3       java.lang.Short::reverseBytes (14 bytes)
Event: 9.232 Thread 0x000001d49aaf9000 nmethod 2239 0x000001d484273210 code [0x000001d4842733c0, 0x000001d4842734b8]
Event: 9.244 Thread 0x000001d49a167800 nmethod 2217 0x000001d48b472290 code [0x000001d48b4724e0, 0x000001d48b473dd8]
Event: 9.244 Thread 0x000001d49a167800 2218       4       java.util.HashMap::get (23 bytes)
Event: 9.251 Thread 0x000001d49a167800 nmethod 2218 0x000001d48b474990 code [0x000001d48b474b40, 0x000001d48b474d78]
Event: 9.251 Thread 0x000001d49a167800 2226       4       java.net.URLClassLoader$1::run (5 bytes)
Event: 9.269 Thread 0x000001d49aaf9000 2240       3       java.util.concurrent.locks.ReentrantLock$Sync::isHeldExclusively (16 bytes)
Event: 9.270 Thread 0x000001d49aaf9000 nmethod 2240 0x000001d484273590 code [0x000001d484273740, 0x000001d4842738d8]
Event: 9.310 Thread 0x000001d49aaf9000 2242       3       java.lang.reflect.Method::getParameterCount (6 bytes)
Event: 9.311 Thread 0x000001d49aaf9000 nmethod 2242 0x000001d484273990 code [0x000001d484273b40, 0x000001d484273c58]
Event: 9.311 Thread 0x000001d49aaf9000 2243       3       java.io.DataOutputStream::<init> (19 bytes)
Event: 9.312 Thread 0x000001d49aaf9000 nmethod 2243 0x000001d484273d10 code [0x000001d484273f00, 0x000001d4842743b8]
Event: 9.312 Thread 0x000001d49aaf9000 2244       3       jdk.internal.reflect.DelegatingConstructorAccessorImpl::newInstance (9 bytes)
Event: 9.312 Thread 0x000001d49aaf9000 nmethod 2244 0x000001d484274510 code [0x000001d4842746c0, 0x000001d484274888]
Event: 9.312 Thread 0x000001d49aaf9000 2245       3       jdk.internal.reflect.NativeConstructorAccessorImpl::newInstance (89 bytes)
Event: 9.315 Thread 0x000001d49aaf9000 nmethod 2245 0x000001d484274990 code [0x000001d484274c40, 0x000001d484275ab8]
Event: 9.316 Thread 0x000001d49aaf9000 2246       3       java.lang.invoke.TypeConvertingMethodAdapter::cast (42 bytes)
Event: 9.316 Thread 0x000001d49aaf9000 nmethod 2246 0x000001d484275f90 code [0x000001d4842761a0, 0x000001d484276608]
Event: 9.374 Thread 0x000001d49aaf9000 2247       3       com.google.common.collect.ObjectArrays::checkElementNotNull (33 bytes)
Event: 9.375 Thread 0x000001d49aaf9000 nmethod 2247 0x000001d484276790 code [0x000001d484276a00, 0x000001d484277258]

GC Heap History (14 events):
Event: 1.380 GC heap before
{Heap before GC invocations=0 (full 0):
 garbage-first heap   total 63488K, used 19456K [0x0000000080000000, 0x0000000100000000)
  region size 1024K, 14 young (14336K), 0 survivors (0K)
 Metaspace       used 7459K, capacity 7615K, committed 7680K, reserved 1056768K
  class space    used 686K, capacity 748K, committed 768K, reserved 1048576K
}
Event: 1.392 GC heap after
{Heap after GC invocations=1 (full 0):
 garbage-first heap   total 63488K, used 7819K [0x0000000080000000, 0x0000000100000000)
  region size 1024K, 2 young (2048K), 2 survivors (2048K)
 Metaspace       used 7459K, capacity 7615K, committed 7680K, reserved 1056768K
  class space    used 686K, capacity 748K, committed 768K, reserved 1048576K
}
Event: 2.140 GC heap before
{Heap before GC invocations=1 (full 0):
 garbage-first heap   total 63488K, used 19083K [0x0000000080000000, 0x0000000100000000)
  region size 1024K, 13 young (13312K), 2 survivors (2048K)
 Metaspace       used 10831K, capacity 11081K, committed 11264K, reserved 1058816K
  class space    used 1144K, capacity 1203K, committed 1280K, reserved 1048576K
}
Event: 2.149 GC heap after
{Heap after GC invocations=2 (full 0):
 garbage-first heap   total 63488K, used 8974K [0x0000000080000000, 0x0000000100000000)
  region size 1024K, 1 young (1024K), 1 survivors (1024K)
 Metaspace       used 10831K, capacity 11081K, committed 11264K, reserved 1058816K
  class space    used 1144K, capacity 1203K, committed 1280K, reserved 1048576K
}
Event: 2.756 GC heap before
{Heap before GC invocations=2 (full 0):
 garbage-first heap   total 63488K, used 29454K [0x0000000080000000, 0x0000000100000000)
  region size 1024K, 22 young (22528K), 1 survivors (1024K)
 Metaspace       used 10953K, capacity 11210K, committed 11520K, reserved 1058816K
  class space    used 1144K, capacity 1203K, committed 1280K, reserved 1048576K
}
Event: 2.763 GC heap after
{Heap after GC invocations=3 (full 0):
 garbage-first heap   total 63488K, used 10588K [0x0000000080000000, 0x0000000100000000)
  region size 1024K, 3 young (3072K), 3 survivors (3072K)
 Metaspace       used 10953K, capacity 11210K, committed 11520K, reserved 1058816K
  class space    used 1144K, capacity 1203K, committed 1280K, reserved 1048576K
}
Event: 4.060 GC heap before
{Heap before GC invocations=3 (full 0):
 garbage-first heap   total 63488K, used 34140K [0x0000000080000000, 0x0000000100000000)
  region size 1024K, 27 young (27648K), 3 survivors (3072K)
 Metaspace       used 13778K, capacity 14093K, committed 14208K, reserved 1062912K
  class space    used 1540K, capacity 1612K, committed 1664K, reserved 1048576K
}
Event: 4.091 GC heap after
{Heap after GC invocations=4 (full 0):
 garbage-first heap   total 63488K, used 14297K [0x0000000080000000, 0x0000000100000000)
  region size 1024K, 4 young (4096K), 4 survivors (4096K)
 Metaspace       used 13778K, capacity 14093K, committed 14208K, reserved 1062912K
  class space    used 1540K, capacity 1612K, committed 1664K, reserved 1048576K
}
Event: 6.770 GC heap before
{Heap before GC invocations=4 (full 0):
 garbage-first heap   total 63488K, used 37849K [0x0000000080000000, 0x0000000100000000)
  region size 1024K, 28 young (28672K), 4 survivors (4096K)
 Metaspace       used 18957K, capacity 19470K, committed 19712K, reserved 1067008K
  class space    used 2289K, capacity 2458K, committed 2560K, reserved 1048576K
}
Event: 6.778 GC heap after
{Heap after GC invocations=5 (full 0):
 garbage-first heap   total 63488K, used 15983K [0x0000000080000000, 0x0000000100000000)
  region size 1024K, 2 young (2048K), 2 survivors (2048K)
 Metaspace       used 18957K, capacity 19470K, committed 19712K, reserved 1067008K
  class space    used 2289K, capacity 2458K, committed 2560K, reserved 1048576K
}
Event: 7.113 GC heap before
{Heap before GC invocations=5 (full 0):
 garbage-first heap   total 63488K, used 26223K [0x0000000080000000, 0x0000000100000000)
  region size 1024K, 14 young (14336K), 2 survivors (2048K)
 Metaspace       used 20589K, capacity 21143K, committed 21296K, reserved 1069056K
  class space    used 2520K, capacity 2680K, committed 2688K, reserved 1048576K
}
Event: 7.118 GC heap after
{Heap after GC invocations=6 (full 0):
 garbage-first heap   total 63488K, used 16326K [0x0000000080000000, 0x0000000100000000)
  region size 1024K, 2 young (2048K), 2 survivors (2048K)
 Metaspace       used 20589K, capacity 21143K, committed 21296K, reserved 1069056K
  class space    used 2520K, capacity 2680K, committed 2688K, reserved 1048576K
}
Event: 8.336 GC heap before
{Heap before GC invocations=7 (full 0):
 garbage-first heap   total 63488K, used 40902K [0x0000000080000000, 0x0000000100000000)
  region size 1024K, 26 young (26624K), 2 survivors (2048K)
 Metaspace       used 23062K, capacity 23616K, committed 23856K, reserved 1071104K
  class space    used 2940K, capacity 3144K, committed 3200K, reserved 1048576K
}
Event: 8.343 GC heap after
{Heap after GC invocations=8 (full 0):
 garbage-first heap   total 63488K, used 17321K [0x0000000080000000, 0x0000000100000000)
  region size 1024K, 3 young (3072K), 3 survivors (3072K)
 Metaspace       used 23062K, capacity 23616K, committed 23856K, reserved 1071104K
  class space    used 2940K, capacity 3144K, committed 3200K, reserved 1048576K
}

Deoptimization events (20 events):
Event: 7.630 Thread 0x000001d49cd08000 Uncommon trap: trap_request=0xffffff4d fr.pc=0x000001d48b3c9ce0 relative=0x00000000000001a0
Event: 7.630 Thread 0x000001d49cd08000 Uncommon trap: reason=unstable_if action=reinterpret pc=0x000001d48b3c9ce0 method=java.util.HashMap.getNode(ILjava/lang/Object;)Ljava/util/HashMap$Node; @ 129 c2
Event: 7.630 Thread 0x000001d49cd08000 DEOPT PACKING pc=0x000001d48b3c9ce0 sp=0x00000092fa2f9eb0
Event: 7.630 Thread 0x000001d49cd08000 DEOPT UNPACKING pc=0x000001d4838e68a9 sp=0x00000092fa2f9db0 mode 2
Event: 7.630 Thread 0x000001d49cd08000 Uncommon trap: trap_request=0xffffffc6 fr.pc=0x000001d48b44bf70 relative=0x0000000000000d10
Event: 7.630 Thread 0x000001d49cd08000 Uncommon trap: reason=bimorphic_or_optimized_type_check action=maybe_recompile pc=0x000001d48b44bf70 method=java.util.HashMap.putVal(ILjava/lang/Object;Ljava/lang/Object;ZZ)Ljava/lang/Object; @ 203 c2
Event: 7.630 Thread 0x000001d49cd08000 DEOPT PACKING pc=0x000001d48b44bf70 sp=0x00000092fa2f9e40
Event: 7.630 Thread 0x000001d49cd08000 DEOPT UNPACKING pc=0x000001d4838e68a9 sp=0x00000092fa2f9d80 mode 2
Event: 7.630 Thread 0x000001d49cd08000 Uncommon trap: trap_request=0xffffff4d fr.pc=0x000001d48b3b1f2c relative=0x00000000000001ec
Event: 7.630 Thread 0x000001d49cd08000 Uncommon trap: reason=unstable_if action=reinterpret pc=0x000001d48b3b1f2c method=java.util.HashMap.getNode(ILjava/lang/Object;)Ljava/util/HashMap$Node; @ 129 c2
Event: 7.630 Thread 0x000001d49cd08000 DEOPT PACKING pc=0x000001d48b3b1f2c sp=0x00000092fa2f9e10
Event: 7.630 Thread 0x000001d49cd08000 DEOPT UNPACKING pc=0x000001d4838e68a9 sp=0x00000092fa2f9d98 mode 2
Event: 7.631 Thread 0x000001d49cd08000 Uncommon trap: trap_request=0xffffffc6 fr.pc=0x000001d48b44bf70 relative=0x0000000000000d10
Event: 7.631 Thread 0x000001d49cd08000 Uncommon trap: reason=bimorphic_or_optimized_type_check action=maybe_recompile pc=0x000001d48b44bf70 method=java.util.HashMap.putVal(ILjava/lang/Object;Ljava/lang/Object;ZZ)Ljava/lang/Object; @ 203 c2
Event: 7.631 Thread 0x000001d49cd08000 DEOPT PACKING pc=0x000001d48b44bf70 sp=0x00000092fa2f9e20
Event: 7.631 Thread 0x000001d49cd08000 DEOPT UNPACKING pc=0x000001d4838e68a9 sp=0x00000092fa2f9d60 mode 2
Event: 8.492 Thread 0x000001d49cd08000 Uncommon trap: trap_request=0xffffff4d fr.pc=0x000001d48b3cea44 relative=0x0000000000000284
Event: 8.492 Thread 0x000001d49cd08000 Uncommon trap: reason=unstable_if action=reinterpret pc=0x000001d48b3cea44 method=java.util.concurrent.ConcurrentHashMap.get(Ljava/lang/Object;)Ljava/lang/Object; @ 152 c2
Event: 8.492 Thread 0x000001d49cd08000 DEOPT PACKING pc=0x000001d48b3cea44 sp=0x00000092fa2f8a40
Event: 8.492 Thread 0x000001d49cd08000 DEOPT UNPACKING pc=0x000001d4838e68a9 sp=0x00000092fa2f89a8 mode 2

Classes redefined (0 events):
No events

Internal exceptions (20 events):
Event: 6.202 Thread 0x000001d49c111800 Exception <a 'java/lang/NoSuchMethodError'{0x00000000837f4ce0}: <clinit>> (0x00000000837f4ce0) thrown at [./src/hotspot/share/prims/jni.cpp, line 1362]
Event: 6.227 Thread 0x000001d49c111800 Exception <a 'java/lang/NoSuchMethodError'{0x0000000083643450}: <clinit>> (0x0000000083643450) thrown at [./src/hotspot/share/prims/jni.cpp, line 1362]
Event: 6.241 Thread 0x000001d49c111800 Exception <a 'java/lang/NoSuchMethodError'{0x000000008367ebf0}: <clinit>> (0x000000008367ebf0) thrown at [./src/hotspot/share/prims/jni.cpp, line 1362]
Event: 6.258 Thread 0x000001d49c111800 Exception <a 'java/lang/NoSuchMethodError'{0x00000000836b15f8}: <clinit>> (0x00000000836b15f8) thrown at [./src/hotspot/share/prims/jni.cpp, line 1362]
Event: 6.409 Thread 0x000001d49cd08000 Exception <a 'java/lang/NoSuchMethodError'{0x0000000083355700}: 'void java.lang.invoke.DelegatingMethodHandle$Holder.reinvoke_L(java.lang.Object, java.lang.Object, java.lang.Object, java.lang.Object)'> (0x0000000083355700) thrown at [./src/hotspot/share/interpreter/linkResolver.cpp, line 773]
Event: 6.419 Thread 0x000001d49cd08000 Exception <a 'java/lang/NoSuchMethodError'{0x000000008338cb60}: 'long java.lang.invoke.DirectMethodHandle$Holder.invokeInterface(java.lang.Object, java.lang.Object)'> (0x000000008338cb60) thrown at [./src/hotspot/share/interpreter/linkResolver.cpp, line 773]
Event: 6.426 Thread 0x000001d49cd08000 Exception <a 'java/lang/NoSuchMethodError'{0x00000000833ae388}: 'void java.lang.invoke.DelegatingMethodHandle$Holder.reinvoke_L(java.lang.Object, java.lang.Object, java.lang.Object, java.lang.Object, java.lang.Object, java.lang.Object, java.lang.Object)'> (0x00000000833ae388) thrown at [./src/hotspot/share/interpreter/linkResolver.cpp, line 773]
Event: 6.797 Thread 0x000001d49cd08000 Exception <a 'java/lang/NoSuchMethodError'{0x0000000083c20e70}: 'java.lang.Object java.lang.invoke.DirectMethodHandle$Holder.invokeVirtual(java.lang.Object, java.lang.Object, java.lang.Object)'> (0x0000000083c20e70) thrown at [./src/hotspot/share/interpreter/linkResolver.cpp, line 773]
Event: 6.875 Thread 0x000001d49cd08000 Exception <a 'java/lang/NoSuchMethodError'{0x0000000083981120}: 'void java.lang.invoke.DirectMethodHandle$Holder.invokeStaticInit(java.lang.Object)'> (0x0000000083981120) thrown at [./src/hotspot/share/interpreter/linkResolver.cpp, line 773]
Event: 7.091 Thread 0x000001d49cd08000 Exception <a 'java/lang/NoSuchMethodError'{0x00000000833d4ef0}: 'int java.lang.invoke.DirectMethodHandle$Holder.invokeSpecialIFC(java.lang.Object, java.lang.Object, java.lang.Object, java.lang.Object)'> (0x00000000833d4ef0) thrown at [./src/hotspot/share/interpreter/linkResolver.cpp, line 773]
Event: 7.094 Thread 0x000001d49cd08000 Exception <a 'java/lang/NoSuchMethodError'{0x00000000833e2cb0}: 'java.lang.Object java.lang.invoke.DirectMethodHandle$Holder.invokeInterface(java.lang.Object, java.lang.Object, java.lang.Object)'> (0x00000000833e2cb0) thrown at [./src/hotspot/share/interpreter/linkResolver.cpp, line 773]
Event: 7.094 Thread 0x000001d49cd08000 Exception <a 'java/lang/IncompatibleClassChangeError'{0x00000000833e63d8}: Found class java.lang.Object, but interface was expected> (0x00000000833e63d8) thrown at [./src/hotspot/share/interpreter/linkResolver.cpp, line 839]
Event: 7.317 Thread 0x000001d49cd08000 Exception <a 'java/lang/NoSuchMethodError'{0x0000000083913430}: 'void java.lang.invoke.DirectMethodHandle$Holder.invokeSpecial(java.lang.Object, java.lang.Object)'> (0x0000000083913430) thrown at [./src/hotspot/share/interpreter/linkResolver.cpp, line 773]
Event: 7.562 Thread 0x000001d49cd08000 Exception <a 'java/lang/NoSuchMethodError'{0x0000000082d1d958}: 'java.lang.Object java.lang.invoke.DirectMethodHandle$Holder.invokeVirtual(java.lang.Object, java.lang.Object, java.lang.Object, java.lang.Object)'> (0x0000000082d1d958) thrown at [./src/hotspot/share/interpreter/linkResolver.cpp, line 773]
Event: 8.553 Thread 0x000001d49cd08000 Exception <a 'java/lang/NoSuchMethodError'{0x0000000083bdbe20}: 'void java.lang.invoke.DirectMethodHandle$Holder.invokeSpecial(java.lang.Object, java.lang.Object, java.lang.Object, java.lang.Object, java.lang.Object, java.lang.Object)'> (0x0000000083bdbe20) thrown at [./src/hotspot/share/interpreter/linkResolver.cpp, line 773]
Event: 8.680 Thread 0x000001d49cd08000 Exception <a 'java/lang/NoSuchMethodError'{0x0000000083985ff8}: 'java.lang.Object java.lang.invoke.Invokers$Holder.invoker(java.lang.Object, java.lang.Object, java.lang.Object)'> (0x0000000083985ff8) thrown at [./src/hotspot/share/interpreter/linkResolver.cpp, line 773]
Event: 8.727 Thread 0x000001d49cd08000 Exception <a 'java/lang/NoSuchMethodError'{0x0000000083885a50}: 'void java.lang.invoke.DirectMethodHandle$Holder.invokeSpecial(java.lang.Object, java.lang.Object, java.lang.Object, java.lang.Object, java.lang.Object, java.lang.Object, java.lang.Object)'> (0x0000000083885a50) thrown at [./src/hotspot/share/interpreter/linkResolver.cpp, line 773]
Event: 8.728 Thread 0x000001d49cd08000 Exception <a 'java/lang/NoSuchMethodError'{0x000000008388dc98}: 'java.lang.Object java.lang.invoke.Invokers$Holder.linkToTargetMethod(java.lang.Object, java.lang.Object, java.lang.Object, java.lang.Object, java.lang.Object, java.lang.Object)'> (0x000000008388dc98) thrown at [./src/hotspot/share/interpreter/linkResolver.cpp, line 773]
Event: 8.773 Thread 0x000001d49cd08000 Exception <a 'java/lang/NoSuchMethodError'{0x00000000837b0c78}: 'java.lang.Object java.lang.invoke.DirectMethodHandle$Holder.invokeVirtual(java.lang.Object, java.lang.Object, java.lang.Object, java.lang.Object, java.lang.Object, java.lang.Object, java.lang.Object, java.lang.Object, java.lang.Object, java.lang.Object, java.lang.Object, java.lang.Object, java.lang.Object, java.lang.Object, java.lang.Object, java.lang.Object, java.lang.Object)'> (0x00000000837b0c78) thrown at [./src/hotspot/share/interpreter/
Event: 8.793 Thread 0x000001d49cd08000 Exception <a 'java/lang/NoSuchMethodError'{0x00000000837df900}: 'java.lang.Object java.lang.invoke.DirectMethodHandle$Holder.invokeSpecial(java.lang.Object, java.lang.Object, java.lang.Object, java.lang.Object, java.lang.Object, java.lang.Object, java.lang.Object, java.lang.Object, java.lang.Object)'> (0x00000000837df900) thrown at [./src/hotspot/share/interpreter/linkResolver.cpp, line 773]

Events (20 events):
Event: 9.316 loading class org/gradle/internal/invocation/BuildAction
Event: 9.316 loading class org/gradle/internal/invocation/BuildAction done
Event: 9.316 loading class org/gradle/internal/invocation/BuildController
Event: 9.316 loading class org/gradle/internal/invocation/BuildController done
Event: 9.317 loading class org/gradle/internal/invocation/BuildController
Event: 9.317 loading class org/gradle/internal/invocation/BuildController done
Event: 9.317 loading class org/gradle/launcher/exec/InProcessBuildActionExecuter
Event: 9.317 loading class org/gradle/launcher/exec/InProcessBuildActionExecuter done
Event: 9.319 loading class org/gradle/internal/invocation/GradleBuildController
Event: 9.319 loading class org/gradle/internal/invocation/GradleBuildController done
Event: 9.321 loading class org/gradle/internal/invocation/GradleBuildController$State
Event: 9.321 loading class org/gradle/internal/invocation/GradleBuildController$State done
Event: 9.365 loading class org/gradle/api/tasks/util/internal/CachingPatternSpecFactory$SpecKey
Event: 9.365 loading class org/gradle/api/tasks/util/internal/CachingPatternSpecFactory$SpecKey done
Event: 9.375 loading class org/gradle/api/tasks/util/internal/CachingPatternSpecFactory$1
Event: 9.375 loading class org/gradle/api/tasks/util/internal/CachingPatternSpecFactory$1 done
Event: 9.377 loading class com/google/common/cache/LocalCache$LoadingValueReference
Event: 9.377 loading class com/google/common/cache/LocalCache$LoadingValueReference done
Event: 9.378 loading class com/google/common/util/concurrent/ListenableFuture
Event: 9.378 loading class com/google/common/util/concurrent/ListenableFuture done


Dynamic libraries:
0x00007ff6d7c20000 - 0x00007ff6d7c2a000 	C:\Program Files\Android\Android Studio\jre\bin\java.exe
0x00007ffa34b10000 - 0x00007ffa34d05000 	C:\WINDOWS\SYSTEM32\ntdll.dll
0x00007ffa34130000 - 0x00007ffa341ed000 	C:\WINDOWS\System32\KERNEL32.DLL
0x00007ffa324f0000 - 0x00007ffa327b9000 	C:\WINDOWS\System32\KERNELBASE.dll
0x00007ffa322f0000 - 0x00007ffa323f0000 	C:\WINDOWS\System32\ucrtbase.dll
0x00007ffa0ed70000 - 0x00007ffa0ed87000 	C:\Program Files\Android\Android Studio\jre\bin\VCRUNTIME140.dll
0x00007ff9f4400000 - 0x00007ff9f4419000 	C:\Program Files\Android\Android Studio\jre\bin\jli.dll
0x00007ffa332b0000 - 0x00007ffa33450000 	C:\WINDOWS\System32\USER32.dll
0x00007ffa329b0000 - 0x00007ffa329d2000 	C:\WINDOWS\System32\win32u.dll
0x00007ffa33930000 - 0x00007ffa3395a000 	C:\WINDOWS\System32\GDI32.dll
0x00007ffa327c0000 - 0x00007ffa328cb000 	C:\WINDOWS\System32\gdi32full.dll
0x00007ffa32450000 - 0x00007ffa324ed000 	C:\WINDOWS\System32\msvcp_win.dll
0x00007ffa11110000 - 0x00007ffa113aa000 	C:\WINDOWS\WinSxS\amd64_microsoft.windows.common-controls_6595b64144ccf1df_6.0.19041.1110_none_60b5254171f9507e\COMCTL32.dll
0x00007ffa34090000 - 0x00007ffa3412e000 	C:\WINDOWS\System32\msvcrt.dll
0x00007ffa342a0000 - 0x00007ffa342d0000 	C:\WINDOWS\System32\IMM32.DLL
0x00007ff9ef830000 - 0x00007ff9ef8cd000 	C:\Program Files\Android\Android Studio\jre\bin\msvcp140.dll
0x00007ff9eb2b0000 - 0x00007ff9ebd6c000 	C:\Program Files\Android\Android Studio\jre\bin\server\jvm.dll
0x00007ffa34570000 - 0x00007ffa3461c000 	C:\WINDOWS\System32\ADVAPI32.dll
0x00007ffa34730000 - 0x00007ffa347cb000 	C:\WINDOWS\System32\sechost.dll
0x00007ffa342e0000 - 0x00007ffa3440a000 	C:\WINDOWS\System32\RPCRT4.dll
0x00007ffa34410000 - 0x00007ffa34418000 	C:\WINDOWS\System32\PSAPI.DLL
0x00007ffa10dc0000 - 0x00007ffa10dc9000 	C:\WINDOWS\SYSTEM32\WSOCK32.dll
0x00007ffa33dd0000 - 0x00007ffa33e3b000 	C:\WINDOWS\System32\WS2_32.dll
0x00007ffa0bd40000 - 0x00007ffa0bd67000 	C:\WINDOWS\SYSTEM32\WINMM.dll
0x00007ffa29290000 - 0x00007ffa2929a000 	C:\WINDOWS\SYSTEM32\VERSION.dll
0x00007ffa30330000 - 0x00007ffa30342000 	C:\WINDOWS\SYSTEM32\kernel.appcore.dll
0x00007ffa0aff0000 - 0x00007ffa0b001000 	C:\Program Files\Android\Android Studio\jre\bin\verify.dll
0x00007ffa30120000 - 0x00007ffa30304000 	C:\WINDOWS\SYSTEM32\DBGHELP.DLL
0x00007ffa28fc0000 - 0x00007ffa28fec000 	C:\WINDOWS\SYSTEM32\dbgcore.DLL
0x00007ffa328d0000 - 0x00007ffa32953000 	C:\WINDOWS\System32\bcryptPrimitives.dll
0x00007ff9fa110000 - 0x00007ff9fa139000 	C:\Program Files\Android\Android Studio\jre\bin\java.dll
0x00007ffa071a0000 - 0x00007ffa071ab000 	C:\Program Files\Android\Android Studio\jre\bin\jimage.dll
0x00007ff9fa090000 - 0x00007ff9fa0a8000 	C:\Program Files\Android\Android Studio\jre\bin\zip.dll
0x00007ffa32b70000 - 0x00007ffa332af000 	C:\WINDOWS\System32\SHELL32.dll
0x00007ffa30350000 - 0x00007ffa30ae0000 	C:\WINDOWS\SYSTEM32\windows.storage.dll
0x00007ffa33a70000 - 0x00007ffa33dc5000 	C:\WINDOWS\System32\combase.dll
0x00007ffa31c30000 - 0x00007ffa31c5c000 	C:\WINDOWS\SYSTEM32\Wldp.dll
0x00007ffa34620000 - 0x00007ffa346ce000 	C:\WINDOWS\System32\SHCORE.dll
0x00007ffa34a70000 - 0x00007ffa34ac5000 	C:\WINDOWS\System32\shlwapi.dll
0x00007ffa32180000 - 0x00007ffa3219f000 	C:\WINDOWS\SYSTEM32\profapi.dll
0x00007ff9fa070000 - 0x00007ff9fa08a000 	C:\Program Files\Android\Android Studio\jre\bin\net.dll
0x00007ffa15b70000 - 0x00007ffa15c78000 	C:\WINDOWS\SYSTEM32\WINHTTP.dll
0x00007ffa31930000 - 0x00007ffa3199a000 	C:\WINDOWS\system32\mswsock.dll
0x00007ff9f9b40000 - 0x00007ff9f9b54000 	C:\Program Files\Android\Android Studio\jre\bin\nio.dll
0x00007ffa02720000 - 0x00007ffa02747000 	C:\Users\user\.gradle\native\fdc75f09e3144964f2cf3f50f0aa648679c211496f362492102eb8c894070792\windows-amd64\native-platform.dll
0x00007ff9e81c0000 - 0x00007ff9e8356000 	C:\Users\user\.gradle\native\12488b8bf47d2d4c9fbf2f6322a914ad602e24e48041cd04a747c6da556b65c4\windows-amd64\native-platform-file-events.dll
0x00007ffa00710000 - 0x00007ffa0071a000 	C:\Program Files\Android\Android Studio\jre\bin\management.dll
0x00007ff9fa060000 - 0x00007ff9fa06c000 	C:\Program Files\Android\Android Studio\jre\bin\management_ext.dll
0x00007ffa31b20000 - 0x00007ffa31b38000 	C:\WINDOWS\SYSTEM32\CRYPTSP.dll
0x00007ffa312b0000 - 0x00007ffa312e4000 	C:\WINDOWS\system32\rsaenh.dll
0x00007ffa329e0000 - 0x00007ffa32a07000 	C:\WINDOWS\System32\bcrypt.dll
0x00007ffa32140000 - 0x00007ffa3216e000 	C:\WINDOWS\SYSTEM32\USERENV.dll
0x00007ffa31b40000 - 0x00007ffa31b4c000 	C:\WINDOWS\SYSTEM32\CRYPTBASE.dll
0x00007ffa31620000 - 0x00007ffa3165b000 	C:\WINDOWS\SYSTEM32\IPHLPAPI.DLL
0x00007ffa34980000 - 0x00007ffa34988000 	C:\WINDOWS\System32\NSI.dll
0x00007ffa27950000 - 0x00007ffa27967000 	C:\WINDOWS\SYSTEM32\dhcpcsvc6.DLL
0x00007ffa28490000 - 0x00007ffa284ad000 	C:\WINDOWS\SYSTEM32\dhcpcsvc.DLL
0x00007ffa31660000 - 0x00007ffa3172c000 	C:\WINDOWS\SYSTEM32\DNSAPI.dll
0x00007ffa2b020000 - 0x00007ffa2b02b000 	C:\WINDOWS\SYSTEM32\WINNSI.DLL

dbghelp: loaded successfully - version: 4.0.5 - missing functions: none
symbol engine: initialized successfully - sym options: 0x614 - pdb path: .;C:\Program Files\Android\Android Studio\jre\bin;C:\WINDOWS\SYSTEM32;C:\WINDOWS\WinSxS\amd64_microsoft.windows.common-controls_6595b64144ccf1df_6.0.19041.1110_none_60b5254171f9507e;C:\Program Files\Android\Android Studio\jre\bin\server;C:\Users\user\.gradle\native\fdc75f09e3144964f2cf3f50f0aa648679c211496f362492102eb8c894070792\windows-amd64;C:\Users\user\.gradle\native\12488b8bf47d2d4c9fbf2f6322a914ad602e24e48041cd04a747c6da556b65c4\windows-amd64

VM Arguments:
jvm_args: --add-opens=java.base/java.util=ALL-UNNAMED --add-opens=java.base/java.lang=ALL-UNNAMED --add-opens=java.base/java.lang.invoke=ALL-UNNAMED --add-opens=java.prefs/java.util.prefs=ALL-UNNAMED -Xmx2048m -Dfile.encoding=UTF-8 -Duser.country=EC -Duser.language=es -Duser.variant 
java_command: org.gradle.launcher.daemon.bootstrap.GradleDaemon 6.7.1
java_class_path (initial): C:\Users\user\.gradle\wrapper\dists\gradle-6.7.1-bin\bwlcbys1h7rz3272sye1xwiv6\gradle-6.7.1\lib\gradle-launcher-6.7.1.jar
Launcher Type: SUN_STANDARD

[Global flags]
     intx CICompilerCount                          = 3                                         {product} {ergonomic}
     uint ConcGCThreads                            = 1                                         {product} {ergonomic}
     uint G1ConcRefinementThreads                  = 4                                         {product} {ergonomic}
   size_t G1HeapRegionSize                         = 1048576                                   {product} {ergonomic}
    uintx GCDrainStackTargetSize                   = 64                                        {product} {ergonomic}
   size_t InitialHeapSize                          = 65011712                                  {product} {ergonomic}
   size_t MarkStackSize                            = 4194304                                   {product} {ergonomic}
   size_t MaxHeapSize                              = 2147483648                                {product} {command line}
   size_t MaxNewSize                               = 1287651328                                {product} {ergonomic}
   size_t MinHeapDeltaBytes                        = 1048576                                   {product} {ergonomic}
    uintx NonNMethodCodeHeapSize                   = 5830732                                {pd product} {ergonomic}
    uintx NonProfiledCodeHeapSize                  = 122913754                              {pd product} {ergonomic}
    uintx ProfiledCodeHeapSize                     = 122913754                              {pd product} {ergonomic}
    uintx ReservedCodeCacheSize                    = 251658240                              {pd product} {ergonomic}
     bool SegmentedCodeCache                       = true                                      {product} {ergonomic}
     bool UseCompressedClassPointers               = true                                 {lp64_product} {ergonomic}
     bool UseCompressedOops                        = true                                 {lp64_product} {ergonomic}
     bool UseG1GC                                  = true                                      {product} {ergonomic}
     bool UseLargePagesIndividualAllocation        = false                                  {pd product} {ergonomic}

Logging:
Log output configuration:
 #0: stdout all=warning uptime,level,tags
 #1: stderr all=off uptime,level,tags

Environment Variables:
PATH=C:\Program Files (x86)\Common Files\Oracle\Java\javapath;C:\ProgramData\Oracle\Java\javapath;C:\Program Files (x86)\Intel\TXE Components\iCLS\;C:\Program Files\Intel\TXE Components\iCLS\;C:\WINDOWS\system32;C:\WINDOWS;C:\WINDOWS\System32\Wbem;C:\WINDOWS\System32\WindowsPowerShell\v1.0\;C:\Program Files\Intel\TXE Components\DAL\;C:\Program Files (x86)\Intel\TXE Components\DAL\;C:\Program Files\Intel\TXE Components\IPT\;C:\Program Files (x86)\Intel\TXE Components\IPT\;C:\WINDOWS\System32\OpenSSH\;C:\xampp\php;C:\ProgramData\ComposerSetup\bin;C:\Program Files\Java\jdk1.8.0_241\bin;C:\Users\user\AppData\Local\Programs\Python\Python39\Scripts\;C:\Users\user\AppData\Local\Programs\Python\Python39\;C:\Users\user\AppData\Local\Microsoft\WindowsApps;C:\Users\user\AppData\Roaming\Composer\vendor\bin;
USERNAME=user
OS=Windows_NT
PROCESSOR_IDENTIFIER=Intel64 Family 6 Model 122 Stepping 1, GenuineIntel



---------------  S Y S T E M  ---------------

OS: Windows 10 , 64 bit Build 19041 (10.0.19041.1151)
OS uptime: 0 days 9:54 hours

CPU:total 4 (initial active 4) (4 cores per cpu, 1 threads per core) family 6 model 122 stepping 1, cmov, cx8, fxsr, mmx, sse, sse2, sse3, ssse3, sse4.1, sse4.2, popcnt, aes, clmul, erms, 3dnowpref, tsc, tscinvbit, sha

Memory: 4k page, system-wide physical 3918M (336M free)
TotalPageFile size 6888M (AvailPageFile size 2M)
current process WorkingSet (physical memory assigned to process): 147M, peak: 147M
current process commit charge ("private bytes"): 193M, peak: 193M

vm_info: OpenJDK 64-Bit Server VM (11.0.8+10-b944.6842174) for windows-amd64 JRE (11.0.8+10-b944.6842174), built on Sep 19 2020 01:11:42 by "builder" with MS VC++ 14.0 (VS2015)

END.
