#
# There is insufficient memory for the Java Runtime Environment to continue.
# Native memory allocation (malloc) failed to allocate 32744 bytes for ChunkPool::allocate
# Possible reasons:
#   The system is out of physical RAM or swap space
#   The process is running with CompressedOops enabled, and the Java Heap may be blocking the growth of the native heap
# Possible solutions:
#   Reduce memory load on the system
#   Increase physical memory or swap space
#   Check if swap backing store is full
#   Decrease Java heap size (-Xmx/-Xms)
#   Decrease number of Java threads
#   Decrease Java thread stack sizes (-Xss)
#   Set larger code cache with -XX:ReservedCodeCacheSize=
#   JVM is running with Unscaled Compressed Oops mode in which the Java heap is
#     placed in the first 4GB address space. The Java Heap base address is the
#     maximum limit for the native heap growth. Please use -XX:HeapBaseMinAddress
#     to set the Java Heap base and to place the Java Heap above 4GB virtual address.
# This output file may be truncated or incomplete.
#
#  Out of Memory Error (./src/hotspot/share/memory/arena.cpp:81), pid=7696, tid=8868
#
# JRE version: OpenJDK Runtime Environment (11.0.8+10) (build 11.0.8+10-b944.6842174)
# Java VM: OpenJDK 64-Bit Server VM (11.0.8+10-b944.6842174, mixed mode, tiered, compressed oops, g1 gc, windows-amd64)
# No core dump will be written. Minidumps are not enabled by default on client versions of Windows
#

---------------  S U M M A R Y ------------

Command Line: --add-opens=java.base/java.util=ALL-UNNAMED --add-opens=java.base/java.lang=ALL-UNNAMED --add-opens=java.base/java.lang.invoke=ALL-UNNAMED --add-opens=java.prefs/java.util.prefs=ALL-UNNAMED -Xmx2048m -Dfile.encoding=UTF-8 -Duser.country=EC -Duser.language=es -Duser.variant org.gradle.launcher.daemon.bootstrap.GradleDaemon 6.7.1

Host: Intel(R) Celeron(R) N4100 CPU @ 1.10GHz, 4 cores, 3G,  Windows 10 , 64 bit Build 19041 (10.0.19041.1151)
Time: Tue Sep 14 20:58:06 2021 Hora est. Pacífico, Sudamérica elapsed time: 7 seconds (0d 0h 0m 7s)

---------------  T H R E A D  ---------------

Current thread (0x00000177c7dc4800):  JavaThread "C2 CompilerThread0" daemon [_thread_in_native, id=8868, stack(0x000000539e600000,0x000000539e700000)]


Current CompileTask:
C2:   7464 1969   !   4       java.lang.ClassLoader::loadClass (122 bytes)

Stack: [0x000000539e600000,0x000000539e700000]
Native frames: (J=compiled Java code, j=interpreted, Vv=VM code, C=native code)
V  [jvm.dll+0x5de50a]
V  [jvm.dll+0x7122f5]
V  [jvm.dll+0x71384d]
V  [jvm.dll+0x713f03]
V  [jvm.dll+0x23e728]
V  [jvm.dll+0xb8beb]
V  [jvm.dll+0xb8e9c]
V  [jvm.dll+0x570f23]
V  [jvm.dll+0x571048]
V  [jvm.dll+0x571048]
V  [jvm.dll+0x57630e]
V  [jvm.dll+0x576b20]
V  [jvm.dll+0x5756ee]
V  [jvm.dll+0x1f75a2]
V  [jvm.dll+0x1f68d4]
V  [jvm.dll+0x17f32c]
V  [jvm.dll+0x205047]
V  [jvm.dll+0x203891]
V  [jvm.dll+0x6dad3f]
V  [jvm.dll+0x6d3895]
V  [jvm.dll+0x5dd4a6]
C  [ucrtbase.dll+0x21bb2]
C  [KERNEL32.DLL+0x17034]
C  [ntdll.dll+0x52651]


---------------  P R O C E S S  ---------------

Threads class SMR info:
_java_thread_list=0x00000177c975df50, length=23, elements={
0x00000177adbbb000, 0x00000177c7d68800, 0x00000177c7d74000, 0x00000177c7dbf800,
0x00000177c7dc0800, 0x00000177c7dc4800, 0x00000177c7dd1800, 0x00000177c7dd3800,
0x00000177c884f000, 0x00000177c886c800, 0x00000177ca23e000, 0x00000177cabfe800,
0x00000177c8bdf800, 0x00000177ca485000, 0x00000177ca486000, 0x00000177c9cdf000,
0x00000177c96e5800, 0x00000177c9cdf800, 0x00000177c9ce0800, 0x00000177c9ce1000,
0x00000177ca00f000, 0x00000177ca00f800, 0x00000177ca010800
}

Java Threads: ( => current thread )
  0x00000177adbbb000 JavaThread "main" [_thread_blocked, id=13056, stack(0x000000539db00000,0x000000539dc00000)]
  0x00000177c7d68800 JavaThread "Reference Handler" daemon [_thread_blocked, id=12960, stack(0x000000539e200000,0x000000539e300000)]
  0x00000177c7d74000 JavaThread "Finalizer" daemon [_thread_blocked, id=5936, stack(0x000000539e300000,0x000000539e400000)]
  0x00000177c7dbf800 JavaThread "Signal Dispatcher" daemon [_thread_blocked, id=12652, stack(0x000000539e400000,0x000000539e500000)]
  0x00000177c7dc0800 JavaThread "Attach Listener" daemon [_thread_blocked, id=3876, stack(0x000000539e500000,0x000000539e600000)]
=>0x00000177c7dc4800 JavaThread "C2 CompilerThread0" daemon [_thread_in_native, id=8868, stack(0x000000539e600000,0x000000539e700000)]
  0x00000177c7dd1800 JavaThread "C1 CompilerThread0" daemon [_thread_blocked, id=5892, stack(0x000000539e700000,0x000000539e800000)]
  0x00000177c7dd3800 JavaThread "Sweeper thread" daemon [_thread_blocked, id=15200, stack(0x000000539e800000,0x000000539e900000)]
  0x00000177c884f000 JavaThread "Common-Cleaner" daemon [_thread_blocked, id=2964, stack(0x000000539e900000,0x000000539ea00000)]
  0x00000177c886c800 JavaThread "Service Thread" daemon [_thread_blocked, id=8180, stack(0x000000539ea00000,0x000000539eb00000)]
  0x00000177ca23e000 JavaThread "Daemon health stats" [_thread_blocked, id=14300, stack(0x000000539ed00000,0x000000539ee00000)]
  0x00000177cabfe800 JavaThread "Incoming local TCP Connector on port 61609" [_thread_in_native, id=11292, stack(0x000000539f200000,0x000000539f300000)]
  0x00000177c8bdf800 JavaThread "Daemon periodic checks" [_thread_blocked, id=14928, stack(0x000000539f300000,0x000000539f400000)]
  0x00000177ca485000 JavaThread "Daemon" [_thread_blocked, id=10572, stack(0x000000539f400000,0x000000539f500000)]
  0x00000177ca486000 JavaThread "Handler for socket connection from /127.0.0.1:61609 to /127.0.0.1:61610" [_thread_in_native, id=9304, stack(0x000000539f500000,0x000000539f600000)]
  0x00000177c9cdf000 JavaThread "Cancel handler" [_thread_blocked, id=14344, stack(0x000000539f600000,0x000000539f700000)]
  0x00000177c96e5800 JavaThread "Daemon worker" [_thread_in_native, id=12196, stack(0x000000539f700000,0x000000539f800000)]
  0x00000177c9cdf800 JavaThread "Asynchronous log dispatcher for DefaultDaemonConnection: socket connection from /127.0.0.1:61609 to /127.0.0.1:61610" [_thread_blocked, id=7632, stack(0x000000539f800000,0x000000539f900000)]
  0x00000177c9ce0800 JavaThread "Stdin handler" [_thread_blocked, id=4660, stack(0x000000539f900000,0x000000539fa00000)]
  0x00000177c9ce1000 JavaThread "Thread-8" [_thread_blocked, id=11572, stack(0x000000539fa00000,0x000000539fb00000)]
  0x00000177ca00f000 JavaThread "Cache worker for file hash cache (C:\Users\user\.gradle\caches\6.7.1\fileHashes)" [_thread_blocked, id=14340, stack(0x000000539fb00000,0x000000539fc00000)]
  0x00000177ca00f800 JavaThread "File lock request listener" [_thread_in_native, id=6684, stack(0x000000539fc00000,0x000000539fd00000)]
  0x00000177ca010800 JavaThread "Cache worker for journal cache (C:\Users\user\.gradle\caches\journal-1)" [_thread_blocked, id=8696, stack(0x000000539fd00000,0x000000539fe00000)]

Other Threads:
  0x00000177c7d62000 VMThread "VM Thread" [stack: 0x000000539e100000,0x000000539e200000] [id=1756]
  0x00000177c8871000 WatcherThread [stack: 0x000000539eb00000,0x000000539ec00000] [id=13768]
  0x00000177adbd3800 GCTaskThread "GC Thread#0" [stack: 0x000000539dc00000,0x000000539dd00000] [id=372]
  0x00000177c9048000 GCTaskThread "GC Thread#1" [stack: 0x000000539ec00000,0x000000539ed00000] [id=13548]
  0x00000177ca160800 GCTaskThread "GC Thread#2" [stack: 0x000000539ee00000,0x000000539ef00000] [id=12520]
  0x00000177ca86c800 GCTaskThread "GC Thread#3" [stack: 0x000000539ef00000,0x000000539f000000] [id=7000]
  0x00000177adc04000 ConcurrentGCThread "G1 Main Marker" [stack: 0x000000539dd00000,0x000000539de00000] [id=1956]
  0x00000177adc06800 ConcurrentGCThread "G1 Conc#0" [stack: 0x000000539de00000,0x000000539df00000] [id=5644]
  0x00000177adc5f000 ConcurrentGCThread "G1 Refine#0" [stack: 0x000000539df00000,0x000000539e000000] [id=3920]
  0x00000177adc60000 ConcurrentGCThread "G1 Young RemSet Sampling" [stack: 0x000000539e000000,0x000000539e100000] [id=15128]

Threads with active compile tasks:
C2 CompilerThread0   7733 1969   !   4       java.lang.ClassLoader::loadClass (122 bytes)

VM state:not at safepoint (normal execution)

VM Mutex/Monitor currently owned by a thread: None

Heap address: 0x0000000080000000, size: 2048 MB, Compressed Oops mode: 32-bit
Narrow klass base: 0x0000000000000000, Narrow klass shift: 3
Compressed class space size: 1073741824 Address: 0x0000000100000000

Heap:
 garbage-first heap   total 63488K, used 30778K [0x0000000080000000, 0x0000000100000000)
  region size 1024K, 18 young (18432K), 2 survivors (2048K)
 Metaspace       used 22025K, capacity 22666K, committed 22784K, reserved 1069056K
  class space    used 2800K, capacity 2976K, committed 3072K, reserved 1048576K
Heap Regions: E=young(eden), S=young(survivor), O=old, HS=humongous(starts), HC=humongous(continues), CS=collection set, F=free, A=archive, TAMS=top-at-mark-start (previous, next)
|   0|0x0000000080000000, 0x0000000080100000, 0x0000000080100000|100%| O|  |TAMS 0x0000000080100000, 0x0000000080000000| Untracked 
|   1|0x0000000080100000, 0x0000000080200000, 0x0000000080200000|100%| O|  |TAMS 0x0000000080200000, 0x0000000080100000| Untracked 
|   2|0x0000000080200000, 0x0000000080300000, 0x0000000080300000|100%| O|  |TAMS 0x0000000080300000, 0x0000000080200000| Untracked 
|   3|0x0000000080300000, 0x0000000080400000, 0x0000000080400000|100%|HS|  |TAMS 0x0000000080400000, 0x0000000080300000| Complete 
|   4|0x0000000080400000, 0x0000000080500000, 0x0000000080500000|100%|HC|  |TAMS 0x0000000080500000, 0x0000000080400000| Complete 
|   5|0x0000000080500000, 0x0000000080600000, 0x0000000080600000|100%|HC|  |TAMS 0x0000000080600000, 0x0000000080500000| Complete 
|   6|0x0000000080600000, 0x0000000080700000, 0x0000000080700000|100%| O|  |TAMS 0x0000000080700000, 0x0000000080600000| Untracked 
|   7|0x0000000080700000, 0x0000000080800000, 0x0000000080800000|100%| O|  |TAMS 0x0000000080800000, 0x0000000080700000| Untracked 
|   8|0x0000000080800000, 0x0000000080900000, 0x0000000080900000|100%| O|  |TAMS 0x0000000080900000, 0x0000000080800000| Untracked 
|   9|0x0000000080900000, 0x0000000080a00000, 0x0000000080a00000|100%| O|  |TAMS 0x0000000080a00000, 0x0000000080900000| Untracked 
|  10|0x0000000080a00000, 0x0000000080b00000, 0x0000000080b00000|100%| O|  |TAMS 0x0000000080b00000, 0x0000000080a00000| Untracked 
|  11|0x0000000080b00000, 0x0000000080c00000, 0x0000000080c00000|100%| O|  |TAMS 0x0000000080c00000, 0x0000000080b00000| Untracked 
|  12|0x0000000080c00000, 0x0000000080d00000, 0x0000000080d00000|100%| O|  |TAMS 0x0000000080d00000, 0x0000000080c00000| Untracked 
|  13|0x0000000080d00000, 0x0000000080e00000, 0x0000000080e00000|100%| O|  |TAMS 0x0000000080e00000, 0x0000000080d00000| Untracked 
|  14|0x0000000080e00000, 0x0000000080e29e00, 0x0000000080f00000| 16%| O|  |TAMS 0x0000000080e29e00, 0x0000000080e00000| Untracked 
|  15|0x0000000080f00000, 0x0000000080f00000, 0x0000000081000000|  0%| F|  |TAMS 0x0000000080f00000, 0x0000000080f00000| Untracked 
|  16|0x0000000081000000, 0x0000000081000000, 0x0000000081100000|  0%| F|  |TAMS 0x0000000081000000, 0x0000000081000000| Untracked 
|  17|0x0000000081100000, 0x0000000081100000, 0x0000000081200000|  0%| F|  |TAMS 0x0000000081100000, 0x0000000081100000| Untracked 
|  18|0x0000000081200000, 0x0000000081200000, 0x0000000081300000|  0%| F|  |TAMS 0x0000000081200000, 0x0000000081200000| Untracked 
|  19|0x0000000081300000, 0x0000000081300000, 0x0000000081400000|  0%| F|  |TAMS 0x0000000081300000, 0x0000000081300000| Untracked 
|  20|0x0000000081400000, 0x0000000081400000, 0x0000000081500000|  0%| F|  |TAMS 0x0000000081400000, 0x0000000081400000| Untracked 
|  21|0x0000000081500000, 0x0000000081500000, 0x0000000081600000|  0%| F|  |TAMS 0x0000000081500000, 0x0000000081500000| Untracked 
|  22|0x0000000081600000, 0x0000000081600000, 0x0000000081700000|  0%| F|  |TAMS 0x0000000081600000, 0x0000000081600000| Untracked 
|  23|0x0000000081700000, 0x0000000081700000, 0x0000000081800000|  0%| F|  |TAMS 0x0000000081700000, 0x0000000081700000| Untracked 
|  24|0x0000000081800000, 0x0000000081800000, 0x0000000081900000|  0%| F|  |TAMS 0x0000000081800000, 0x0000000081800000| Untracked 
|  25|0x0000000081900000, 0x0000000081900000, 0x0000000081a00000|  0%| F|  |TAMS 0x0000000081900000, 0x0000000081900000| Untracked 
|  26|0x0000000081a00000, 0x0000000081a00000, 0x0000000081b00000|  0%| F|  |TAMS 0x0000000081a00000, 0x0000000081a00000| Untracked 
|  27|0x0000000081b00000, 0x0000000081b00000, 0x0000000081c00000|  0%| F|  |TAMS 0x0000000081b00000, 0x0000000081b00000| Untracked 
|  28|0x0000000081c00000, 0x0000000081c00000, 0x0000000081d00000|  0%| F|  |TAMS 0x0000000081c00000, 0x0000000081c00000| Untracked 
|  29|0x0000000081d00000, 0x0000000081d00000, 0x0000000081e00000|  0%| F|  |TAMS 0x0000000081d00000, 0x0000000081d00000| Untracked 
|  30|0x0000000081e00000, 0x0000000081e00000, 0x0000000081f00000|  0%| F|  |TAMS 0x0000000081e00000, 0x0000000081e00000| Untracked 
|  31|0x0000000081f00000, 0x0000000081f00000, 0x0000000082000000|  0%| F|  |TAMS 0x0000000081f00000, 0x0000000081f00000| Untracked 
|  32|0x0000000082000000, 0x0000000082000000, 0x0000000082100000|  0%| F|  |TAMS 0x0000000082000000, 0x0000000082000000| Untracked 
|  33|0x0000000082100000, 0x0000000082100000, 0x0000000082200000|  0%| F|  |TAMS 0x0000000082100000, 0x0000000082100000| Untracked 
|  34|0x0000000082200000, 0x0000000082200000, 0x0000000082300000|  0%| F|  |TAMS 0x0000000082200000, 0x0000000082200000| Untracked 
|  35|0x0000000082300000, 0x0000000082300000, 0x0000000082400000|  0%| F|  |TAMS 0x0000000082300000, 0x0000000082300000| Untracked 
|  36|0x0000000082400000, 0x0000000082400000, 0x0000000082500000|  0%| F|  |TAMS 0x0000000082400000, 0x0000000082400000| Untracked 
|  37|0x0000000082500000, 0x0000000082500000, 0x0000000082600000|  0%| F|  |TAMS 0x0000000082500000, 0x0000000082500000| Untracked 
|  38|0x0000000082600000, 0x0000000082600000, 0x0000000082700000|  0%| F|  |TAMS 0x0000000082600000, 0x0000000082600000| Untracked 
|  39|0x0000000082700000, 0x0000000082700000, 0x0000000082800000|  0%| F|  |TAMS 0x0000000082700000, 0x0000000082700000| Untracked 
|  40|0x0000000082800000, 0x0000000082800000, 0x0000000082900000|  0%| F|  |TAMS 0x0000000082800000, 0x0000000082800000| Untracked 
|  41|0x0000000082900000, 0x0000000082900000, 0x0000000082a00000|  0%| F|  |TAMS 0x0000000082900000, 0x0000000082900000| Untracked 
|  42|0x0000000082a00000, 0x0000000082a00000, 0x0000000082b00000|  0%| F|  |TAMS 0x0000000082a00000, 0x0000000082a00000| Untracked 
|  43|0x0000000082b00000, 0x0000000082b00000, 0x0000000082c00000|  0%| F|  |TAMS 0x0000000082b00000, 0x0000000082b00000| Untracked 
|  44|0x0000000082c00000, 0x0000000082d00000, 0x0000000082d00000|100%| E|  |TAMS 0x0000000082c00000, 0x0000000082c00000| Complete 
|  45|0x0000000082d00000, 0x0000000082de4c50, 0x0000000082e00000| 89%| S|CS|TAMS 0x0000000082d00000, 0x0000000082d00000| Complete 
|  46|0x0000000082e00000, 0x0000000082f00000, 0x0000000082f00000|100%| S|CS|TAMS 0x0000000082e00000, 0x0000000082e00000| Complete 
|  47|0x0000000082f00000, 0x0000000083000000, 0x0000000083000000|100%| E|CS|TAMS 0x0000000082f00000, 0x0000000082f00000| Complete 
|  48|0x0000000083000000, 0x0000000083100000, 0x0000000083100000|100%| E|CS|TAMS 0x0000000083000000, 0x0000000083000000| Complete 
|  49|0x0000000083100000, 0x0000000083200000, 0x0000000083200000|100%| E|CS|TAMS 0x0000000083100000, 0x0000000083100000| Complete 
|  50|0x0000000083200000, 0x0000000083300000, 0x0000000083300000|100%| E|CS|TAMS 0x0000000083200000, 0x0000000083200000| Complete 
|  51|0x0000000083300000, 0x0000000083400000, 0x0000000083400000|100%| E|CS|TAMS 0x0000000083300000, 0x0000000083300000| Complete 
|  52|0x0000000083400000, 0x0000000083500000, 0x0000000083500000|100%| E|CS|TAMS 0x0000000083400000, 0x0000000083400000| Complete 
|  53|0x0000000083500000, 0x0000000083600000, 0x0000000083600000|100%| E|CS|TAMS 0x0000000083500000, 0x0000000083500000| Complete 
|  54|0x0000000083600000, 0x0000000083700000, 0x0000000083700000|100%| E|CS|TAMS 0x0000000083600000, 0x0000000083600000| Complete 
|  55|0x0000000083700000, 0x0000000083800000, 0x0000000083800000|100%| E|CS|TAMS 0x0000000083700000, 0x0000000083700000| Complete 
|  56|0x0000000083800000, 0x0000000083900000, 0x0000000083900000|100%| E|CS|TAMS 0x0000000083800000, 0x0000000083800000| Complete 
|  57|0x0000000083900000, 0x0000000083a00000, 0x0000000083a00000|100%| E|CS|TAMS 0x0000000083900000, 0x0000000083900000| Complete 
|  58|0x0000000083a00000, 0x0000000083b00000, 0x0000000083b00000|100%| E|CS|TAMS 0x0000000083a00000, 0x0000000083a00000| Complete 
|  59|0x0000000083b00000, 0x0000000083c00000, 0x0000000083c00000|100%| E|CS|TAMS 0x0000000083b00000, 0x0000000083b00000| Complete 
|  60|0x0000000083c00000, 0x0000000083d00000, 0x0000000083d00000|100%| E|CS|TAMS 0x0000000083c00000, 0x0000000083c00000| Complete 
|  61|0x0000000083d00000, 0x0000000083e00000, 0x0000000083e00000|100%| E|  |TAMS 0x0000000083d00000, 0x0000000083d00000| Complete 

Card table byte_map: [0x00000177c0f60000,0x00000177c1360000] _byte_map_base: 0x00000177c0b60000

Marking Bits (Prev, Next): (CMBitMap*) 0x00000177adbfb360, (CMBitMap*) 0x00000177adbfb328
 Prev Bits: [0x00000177c3760000, 0x00000177c5760000)
 Next Bits: [0x00000177c1760000, 0x00000177c3760000)

Polling page: 0x00000177ac2c0000

Metaspace:

Usage:
  Non-class:     19.23 MB capacity,    18.77 MB ( 98%) used,   426.33 KB (  2%) free+waste,    38.69 KB ( <1%) overhead. 
      Class:      2.91 MB capacity,     2.73 MB ( 94%) used,   156.32 KB (  5%) free+waste,    19.25 KB ( <1%) overhead. 
       Both:     22.13 MB capacity,    21.51 MB ( 97%) used,   582.65 KB (  3%) free+waste,    57.94 KB ( <1%) overhead. 

Virtual space:
  Non-class space:       20.00 MB reserved,      19.25 MB ( 96%) committed 
      Class space:        1.00 GB reserved,       3.00 MB ( <1%) committed 
             Both:        1.02 GB reserved,      22.25 MB (  2%) committed 

Chunk freelists:
   Non-Class:  22.00 KB
       Class:  0 bytes
        Both:  22.00 KB

MaxMetaspaceSize: 17179869184.00 GB
CompressedClassSpaceSize: 1.00 GB

CodeHeap 'non-profiled nmethods': size=120064Kb used=737Kb max_used=737Kb free=119327Kb
 bounds [0x00000177b9000000, 0x00000177b9270000, 0x00000177c0540000]
CodeHeap 'profiled nmethods': size=120000Kb used=3727Kb max_used=3727Kb free=116272Kb
 bounds [0x00000177b1ad0000, 0x00000177b1e80000, 0x00000177b9000000]
CodeHeap 'non-nmethods': size=5696Kb used=1117Kb max_used=1129Kb free=4578Kb
 bounds [0x00000177b1540000, 0x00000177b17b0000, 0x00000177b1ad0000]
 total_blobs=2277 nmethods=1817 adapters=372
 compilation: enabled
              stopped_count=0, restarted_count=0
 full_count=0

Compilation events (20 events):
Event: 7.365 Thread 0x00000177c7dd1800 nmethod 1974 0x00000177b1e59590 code [0x00000177b1e59760, 0x00000177b1e599e8]
Event: 7.367 Thread 0x00000177c7dd1800 1975       1       sun.reflect.generics.repository.AbstractRepository::getFactory (5 bytes)
Event: 7.367 Thread 0x00000177c7dd1800 nmethod 1975 0x00000177b90b7610 code [0x00000177b90b77c0, 0x00000177b90b7878]
Event: 7.382 Thread 0x00000177c7dd1800 1976       3       java.lang.invoke.DirectMethodHandle::preparedLambdaForm (31 bytes)
Event: 7.382 Thread 0x00000177c7dd1800 nmethod 1976 0x00000177b1e59b10 code [0x00000177b1e59d00, 0x00000177b1e59f28]
Event: 7.382 Thread 0x00000177c7dd1800 1978       3       jdk.internal.org.objectweb.asm.Type::getArgumentsAndReturnSizes (151 bytes)
Event: 7.385 Thread 0x00000177c7dd1800 nmethod 1978 0x00000177b1e5a090 code [0x00000177b1e5a400, 0x00000177b1e5bc78]
Event: 7.404 Thread 0x00000177c7dd1800 1979   !   3       org.gradle.internal.classloader.TransformingClassLoader::findClass (203 bytes)
Event: 7.411 Thread 0x00000177c7dd1800 nmethod 1979 0x00000177b1e5c510 code [0x00000177b1e5ca60, 0x00000177b1e5f378]
Event: 7.411 Thread 0x00000177c7dd1800 1980       3       org.gradle.initialization.MixInLegacyTypesClassLoader::shouldTransform (42 bytes)
Event: 7.411 Thread 0x00000177c7dd1800 nmethod 1980 0x00000177b1e60390 code [0x00000177b1e60580, 0x00000177b1e60978]
Event: 7.447 Thread 0x00000177c7dd1800 1981       3       java.lang.Package$VersionInfo::<init> (44 bytes)
Event: 7.447 Thread 0x00000177c7dd1800 nmethod 1981 0x00000177b1e60b10 code [0x00000177b1e60ce0, 0x00000177b1e610d8]
Event: 7.454 Thread 0x00000177c7dd1800 1982       3       java.util.LinkedList::unlink (91 bytes)
Event: 7.454 Thread 0x00000177c7dd1800 nmethod 1982 0x00000177b1e61190 code [0x00000177b1e61360, 0x00000177b1e61738]
Event: 7.456 Thread 0x00000177c7dd1800 1984       3       java.lang.reflect.Executable::getGenericParameterTypes (20 bytes)
Event: 7.458 Thread 0x00000177c7dd1800 nmethod 1984 0x00000177b1e61890 code [0x00000177b1e61aa0, 0x00000177b1e62188]
Event: 7.458 Thread 0x00000177c7dd1800 1985       3       org.gradle.internal.service.DefaultServiceMethodFactory::toServiceMethod (11 bytes)
Event: 7.459 Thread 0x00000177c7dd1800 nmethod 1985 0x00000177b1e62310 code [0x00000177b1e624c0, 0x00000177b1e62688]
Event: 7.459 Thread 0x00000177c7dd1800 1986   !   3       org.gradle.internal.service.MethodHandleBasedServiceMethodFactory::toServiceMethod (51 bytes)

GC Heap History (12 events):
Event: 1.296 GC heap before
{Heap before GC invocations=0 (full 0):
 garbage-first heap   total 63488K, used 19456K [0x0000000080000000, 0x0000000100000000)
  region size 1024K, 14 young (14336K), 0 survivors (0K)
 Metaspace       used 7457K, capacity 7615K, committed 7680K, reserved 1056768K
  class space    used 686K, capacity 748K, committed 768K, reserved 1048576K
}
Event: 1.306 GC heap after
{Heap after GC invocations=1 (full 0):
 garbage-first heap   total 63488K, used 8099K [0x0000000080000000, 0x0000000100000000)
  region size 1024K, 2 young (2048K), 2 survivors (2048K)
 Metaspace       used 7457K, capacity 7615K, committed 7680K, reserved 1056768K
  class space    used 686K, capacity 748K, committed 768K, reserved 1048576K
}
Event: 2.123 GC heap before
{Heap before GC invocations=1 (full 0):
 garbage-first heap   total 63488K, used 19363K [0x0000000080000000, 0x0000000100000000)
  region size 1024K, 13 young (13312K), 2 survivors (2048K)
 Metaspace       used 10843K, capacity 11081K, committed 11264K, reserved 1058816K
  class space    used 1144K, capacity 1203K, committed 1280K, reserved 1048576K
}
Event: 2.129 GC heap after
{Heap after GC invocations=2 (full 0):
 garbage-first heap   total 63488K, used 9204K [0x0000000080000000, 0x0000000100000000)
  region size 1024K, 1 young (1024K), 1 survivors (1024K)
 Metaspace       used 10843K, capacity 11081K, committed 11264K, reserved 1058816K
  class space    used 1144K, capacity 1203K, committed 1280K, reserved 1048576K
}
Event: 2.995 GC heap before
{Heap before GC invocations=2 (full 0):
 garbage-first heap   total 63488K, used 29684K [0x0000000080000000, 0x0000000100000000)
  region size 1024K, 22 young (22528K), 1 survivors (1024K)
 Metaspace       used 10964K, capacity 11210K, committed 11520K, reserved 1058816K
  class space    used 1144K, capacity 1203K, committed 1280K, reserved 1048576K
}
Event: 3.004 GC heap after
{Heap after GC invocations=3 (full 0):
 garbage-first heap   total 63488K, used 10774K [0x0000000080000000, 0x0000000100000000)
  region size 1024K, 3 young (3072K), 3 survivors (3072K)
 Metaspace       used 10964K, capacity 11210K, committed 11520K, reserved 1058816K
  class space    used 1144K, capacity 1203K, committed 1280K, reserved 1048576K
}
Event: 3.885 GC heap before
{Heap before GC invocations=3 (full 0):
 garbage-first heap   total 63488K, used 33302K [0x0000000080000000, 0x0000000100000000)
  region size 1024K, 26 young (26624K), 3 survivors (3072K)
 Metaspace       used 13554K, capacity 13869K, committed 14208K, reserved 1062912K
  class space    used 1502K, capacity 1580K, committed 1664K, reserved 1048576K
}
Event: 3.897 GC heap after
{Heap after GC invocations=4 (full 0):
 garbage-first heap   total 63488K, used 14430K [0x0000000080000000, 0x0000000100000000)
  region size 1024K, 4 young (4096K), 4 survivors (4096K)
 Metaspace       used 13554K, capacity 13869K, committed 14208K, reserved 1062912K
  class space    used 1502K, capacity 1580K, committed 1664K, reserved 1048576K
}
Event: 6.709 GC heap before
{Heap before GC invocations=4 (full 0):
 garbage-first heap   total 63488K, used 37982K [0x0000000080000000, 0x0000000100000000)
  region size 1024K, 27 young (27648K), 4 survivors (4096K)
 Metaspace       used 18667K, capacity 19117K, committed 19328K, reserved 1067008K
  class space    used 2243K, capacity 2362K, committed 2432K, reserved 1048576K
}
Event: 6.718 GC heap after
{Heap after GC invocations=5 (full 0):
 garbage-first heap   total 63488K, used 16162K [0x0000000080000000, 0x0000000100000000)
  region size 1024K, 2 young (2048K), 2 survivors (2048K)
 Metaspace       used 18667K, capacity 19117K, committed 19328K, reserved 1067008K
  class space    used 2243K, capacity 2362K, committed 2432K, reserved 1048576K
}
Event: 7.162 GC heap before
{Heap before GC invocations=5 (full 0):
 garbage-first heap   total 63488K, used 30498K [0x0000000080000000, 0x0000000100000000)
  region size 1024K, 17 young (17408K), 2 survivors (2048K)
 Metaspace       used 20619K, capacity 21111K, committed 21248K, reserved 1067008K
  class space    used 2526K, capacity 2712K, committed 2816K, reserved 1048576K
}
Event: 7.168 GC heap after
{Heap after GC invocations=6 (full 0):
 garbage-first heap   total 63488K, used 16442K [0x0000000080000000, 0x0000000100000000)
  region size 1024K, 2 young (2048K), 2 survivors (2048K)
 Metaspace       used 20619K, capacity 21111K, committed 21248K, reserved 1067008K
  class space    used 2526K, capacity 2712K, committed 2816K, reserved 1048576K
}

Deoptimization events (20 events):
Event: 7.022 Thread 0x00000177c96e5800 Uncommon trap: trap_request=0xffffff4d fr.pc=0x00000177b905b8d8 relative=0x0000000000000598
Event: 7.022 Thread 0x00000177c96e5800 Uncommon trap: reason=unstable_if action=reinterpret pc=0x00000177b905b8d8 method=java.io.File.getName()Ljava/lang/String; @ 16 c2
Event: 7.022 Thread 0x00000177c96e5800 DEOPT PACKING pc=0x00000177b905b8d8 sp=0x000000539f7fb6f0
Event: 7.022 Thread 0x00000177c96e5800 DEOPT UNPACKING pc=0x00000177b15668a9 sp=0x000000539f7fb6c0 mode 2
Event: 7.022 Thread 0x00000177c96e5800 Uncommon trap: trap_request=0xffffff4d fr.pc=0x00000177b905a8e0 relative=0x0000000000000420
Event: 7.022 Thread 0x00000177c96e5800 Uncommon trap: reason=unstable_if action=reinterpret pc=0x00000177b905a8e0 method=java.lang.String.substring(I)Ljava/lang/String; @ 34 c2
Event: 7.022 Thread 0x00000177c96e5800 DEOPT PACKING pc=0x00000177b905a8e0 sp=0x000000539f7fb670
Event: 7.022 Thread 0x00000177c96e5800 DEOPT UNPACKING pc=0x00000177b15668a9 sp=0x000000539f7fb648 mode 2
Event: 7.235 Thread 0x00000177c96e5800 Uncommon trap: trap_request=0xffffff4d fr.pc=0x00000177b90448f0 relative=0x00000000000003b0
Event: 7.235 Thread 0x00000177c96e5800 Uncommon trap: reason=unstable_if action=reinterpret pc=0x00000177b90448f0 method=jdk.internal.org.objectweb.asm.Type.getArgumentsAndReturnSizes(Ljava/lang/String;)I @ 88 c2
Event: 7.235 Thread 0x00000177c96e5800 DEOPT PACKING pc=0x00000177b90448f0 sp=0x000000539f7fa560
Event: 7.235 Thread 0x00000177c96e5800 DEOPT UNPACKING pc=0x00000177b15668a9 sp=0x000000539f7fa4e8 mode 2
Event: 7.247 Thread 0x00000177c96e5800 Uncommon trap: trap_request=0xffffffcc fr.pc=0x00000177b905c860 relative=0x00000000000002a0
Event: 7.247 Thread 0x00000177c96e5800 Uncommon trap: reason=intrinsic_or_type_checked_inlining action=make_not_entrant pc=0x00000177b905c860 method=java.util.Arrays.copyOf([Ljava/lang/Object;ILjava/lang/Class;)[Ljava/lang/Object; @ 35 c2
Event: 7.247 Thread 0x00000177c96e5800 DEOPT PACKING pc=0x00000177b905c860 sp=0x000000539f7fc690
Event: 7.247 Thread 0x00000177c96e5800 DEOPT UNPACKING pc=0x00000177b15668a9 sp=0x000000539f7fc620 mode 2
Event: 7.261 Thread 0x00000177c96e5800 Uncommon trap: trap_request=0xffffff4d fr.pc=0x00000177b9065d5c relative=0x0000000000000b3c
Event: 7.261 Thread 0x00000177c96e5800 Uncommon trap: reason=unstable_if action=reinterpret pc=0x00000177b9065d5c method=java.util.Properties$LineReader.readLine()I @ 249 c2
Event: 7.261 Thread 0x00000177c96e5800 DEOPT PACKING pc=0x00000177b9065d5c sp=0x000000539f7fbef0
Event: 7.261 Thread 0x00000177c96e5800 DEOPT UNPACKING pc=0x00000177b15668a9 sp=0x000000539f7fbe80 mode 2

Classes redefined (0 events):
No events

Internal exceptions (20 events):
Event: 4.046 Thread 0x00000177adbbb000 Exception <a 'java/lang/NoSuchMethodError'{0x0000000083bd6b90}: 'java.lang.Object java.lang.invoke.Invokers$Holder.invoker(java.lang.Object, java.lang.Object, java.lang.Object, java.lang.Object, java.lang.Object)'> (0x0000000083bd6b90) thrown at [./src/hotspot/share/interpreter/linkResolver.cpp, line 773]
Event: 4.050 Thread 0x00000177adbbb000 Exception <a 'java/lang/NoSuchMethodError'{0x0000000083be7808}: 'void java.lang.invoke.DelegatingMethodHandle$Holder.delegate(java.lang.Object, java.lang.Object, int, java.lang.Object)'> (0x0000000083be7808) thrown at [./src/hotspot/share/interpreter/linkResolver.cpp, line 773]
Event: 4.094 Thread 0x00000177adbbb000 Exception <a 'java/lang/NoSuchMethodError'{0x0000000083aa44e0}: 'java.lang.Object java.lang.invoke.DirectMethodHandle$Holder.invokeStaticInit(java.lang.Object, int, int, int, int)'> (0x0000000083aa44e0) thrown at [./src/hotspot/share/interpreter/linkResolver.cpp, line 773]
Event: 4.777 Thread 0x00000177adbbb000 Exception <a 'java/lang/NoSuchMethodError'{0x0000000083979d28}: 'java.lang.Object java.lang.invoke.DirectMethodHandle$Holder.invokeStaticInit(java.lang.Object, java.lang.Object, int, int, int, int)'> (0x0000000083979d28) thrown at [./src/hotspot/share/interpreter/linkResolver.cpp, line 773]
Event: 5.895 Thread 0x00000177adbbb000 Exception <a 'java/io/IOException'{0x00000000837824a0}> (0x00000000837824a0) thrown at [./src/hotspot/share/prims/jni.cpp, line 615]
Event: 6.039 Thread 0x00000177ca486000 Exception <a 'java/lang/NoSuchMethodError'{0x00000000836d1370}: <clinit>> (0x00000000836d1370) thrown at [./src/hotspot/share/prims/jni.cpp, line 1362]
Event: 6.044 Thread 0x00000177ca486000 Exception <a 'java/lang/NoSuchMethodError'{0x00000000836d9c08}: <clinit>> (0x00000000836d9c08) thrown at [./src/hotspot/share/prims/jni.cpp, line 1362]
Event: 6.049 Thread 0x00000177ca486000 Exception <a 'java/lang/NoSuchMethodError'{0x00000000836ecfc0}: <clinit>> (0x00000000836ecfc0) thrown at [./src/hotspot/share/prims/jni.cpp, line 1362]
Event: 6.088 Thread 0x00000177ca486000 Exception <a 'java/lang/NoSuchMethodError'{0x000000008353b318}: <clinit>> (0x000000008353b318) thrown at [./src/hotspot/share/prims/jni.cpp, line 1362]
Event: 6.116 Thread 0x00000177ca486000 Exception <a 'java/lang/NoSuchMethodError'{0x0000000083576cb8}: <clinit>> (0x0000000083576cb8) thrown at [./src/hotspot/share/prims/jni.cpp, line 1362]
Event: 6.139 Thread 0x00000177ca486000 Exception <a 'java/lang/NoSuchMethodError'{0x00000000835a9a20}: <clinit>> (0x00000000835a9a20) thrown at [./src/hotspot/share/prims/jni.cpp, line 1362]
Event: 6.353 Thread 0x00000177c96e5800 Exception <a 'java/lang/NoSuchMethodError'{0x00000000832c3978}: 'void java.lang.invoke.DelegatingMethodHandle$Holder.reinvoke_L(java.lang.Object, java.lang.Object, java.lang.Object, java.lang.Object)'> (0x00000000832c3978) thrown at [./src/hotspot/share/interpreter/linkResolver.cpp, line 773]
Event: 6.380 Thread 0x00000177c96e5800 Exception <a 'java/lang/NoSuchMethodError'{0x00000000832fa8d0}: 'long java.lang.invoke.DirectMethodHandle$Holder.invokeInterface(java.lang.Object, java.lang.Object)'> (0x00000000832fa8d0) thrown at [./src/hotspot/share/interpreter/linkResolver.cpp, line 773]
Event: 6.384 Thread 0x00000177c96e5800 Exception <a 'java/lang/NoSuchMethodError'{0x000000008311c5c0}: 'void java.lang.invoke.DelegatingMethodHandle$Holder.reinvoke_L(java.lang.Object, java.lang.Object, java.lang.Object, java.lang.Object, java.lang.Object, java.lang.Object, java.lang.Object)'> (0x000000008311c5c0) thrown at [./src/hotspot/share/interpreter/linkResolver.cpp, line 773]
Event: 6.801 Thread 0x00000177c96e5800 Exception <a 'java/lang/NoSuchMethodError'{0x0000000083a98a18}: 'java.lang.Object java.lang.invoke.DirectMethodHandle$Holder.invokeVirtual(java.lang.Object, java.lang.Object, java.lang.Object)'> (0x0000000083a98a18) thrown at [./src/hotspot/share/interpreter/linkResolver.cpp, line 773]
Event: 6.883 Thread 0x00000177c96e5800 Exception <a 'java/lang/NoSuchMethodError'{0x000000008360b3a0}: 'void java.lang.invoke.DirectMethodHandle$Holder.invokeStaticInit(java.lang.Object)'> (0x000000008360b3a0) thrown at [./src/hotspot/share/interpreter/linkResolver.cpp, line 773]
Event: 7.136 Thread 0x00000177c96e5800 Exception <a 'java/lang/NoSuchMethodError'{0x0000000083047e50}: 'int java.lang.invoke.DirectMethodHandle$Holder.invokeSpecialIFC(java.lang.Object, java.lang.Object, java.lang.Object, java.lang.Object)'> (0x0000000083047e50) thrown at [./src/hotspot/share/interpreter/linkResolver.cpp, line 773]
Event: 7.140 Thread 0x00000177c96e5800 Exception <a 'java/lang/NoSuchMethodError'{0x0000000083055c10}: 'java.lang.Object java.lang.invoke.DirectMethodHandle$Holder.invokeInterface(java.lang.Object, java.lang.Object, java.lang.Object)'> (0x0000000083055c10) thrown at [./src/hotspot/share/interpreter/linkResolver.cpp, line 773]
Event: 7.140 Thread 0x00000177c96e5800 Exception <a 'java/lang/IncompatibleClassChangeError'{0x00000000830590e8}: Found class java.lang.Object, but interface was expected> (0x00000000830590e8) thrown at [./src/hotspot/share/interpreter/linkResolver.cpp, line 839]
Event: 7.306 Thread 0x00000177c96e5800 Exception <a 'java/lang/NoSuchMethodError'{0x0000000083a9ac60}: 'void java.lang.invoke.DirectMethodHandle$Holder.invokeSpecial(java.lang.Object, java.lang.Object)'> (0x0000000083a9ac60) thrown at [./src/hotspot/share/interpreter/linkResolver.cpp, line 773]

Events (20 events):
Event: 7.450 loading class org/gradle/api/internal/artifacts/ivyservice/ivyresolve/ResolveIvyFactory
Event: 7.450 loading class org/gradle/api/internal/artifacts/ivyservice/ivyresolve/ResolveIvyFactory done
Event: 7.451 loading class org/gradle/api/internal/artifacts/ivyservice/projectmodule/ProjectDependencyResolver
Event: 7.451 loading class org/gradle/api/internal/artifacts/ivyservice/projectmodule/ProjectDependencyResolver done
Event: 7.451 loading class org/gradle/internal/resolve/resolver/ComponentMetaDataResolver
Event: 7.451 loading class org/gradle/internal/resolve/resolver/ComponentMetaDataResolver done
Event: 7.452 loading class org/gradle/internal/resolve/resolver/DependencyToComponentIdResolver
Event: 7.452 loading class org/gradle/internal/resolve/resolver/DependencyToComponentIdResolver done
Event: 7.452 loading class org/gradle/internal/resolve/resolver/ArtifactResolver
Event: 7.452 loading class org/gradle/internal/resolve/resolver/ArtifactResolver done
Event: 7.452 loading class org/gradle/internal/resolve/resolver/OriginArtifactSelector
Event: 7.452 loading class org/gradle/internal/resolve/resolver/OriginArtifactSelector done
Event: 7.453 loading class org/gradle/api/internal/artifacts/ivyservice/ivyresolve/ComponentResolvers
Event: 7.453 loading class org/gradle/api/internal/artifacts/ivyservice/ivyresolve/ComponentResolvers done
Event: 7.454 loading class org/gradle/internal/component/external/model/ModuleComponentArtifactMetadata
Event: 7.454 loading class org/gradle/internal/component/external/model/ModuleComponentArtifactMetadata done
Event: 7.455 loading class org/gradle/internal/component/model/ComponentArtifactMetadata
Event: 7.455 loading class org/gradle/internal/component/model/ComponentArtifactMetadata done
Event: 7.456 loading class org/gradle/api/internal/artifacts/ivyservice/ivyresolve/ResolverProviderFactory
Event: 7.456 loading class org/gradle/api/internal/artifacts/ivyservice/ivyresolve/ResolverProviderFactory done


Dynamic libraries:
0x00007ff6d7c20000 - 0x00007ff6d7c2a000 	C:\Program Files\Android\Android Studio\jre\bin\java.exe
0x00007ffa34b10000 - 0x00007ffa34d05000 	C:\WINDOWS\SYSTEM32\ntdll.dll
0x00007ffa34130000 - 0x00007ffa341ed000 	C:\WINDOWS\System32\KERNEL32.DLL
0x00007ffa324f0000 - 0x00007ffa327b9000 	C:\WINDOWS\System32\KERNELBASE.dll
0x00007ffa322f0000 - 0x00007ffa323f0000 	C:\WINDOWS\System32\ucrtbase.dll
0x00007ff9f4400000 - 0x00007ff9f4419000 	C:\Program Files\Android\Android Studio\jre\bin\jli.dll
0x00007ff9f40a0000 - 0x00007ff9f40b7000 	C:\Program Files\Android\Android Studio\jre\bin\VCRUNTIME140.dll
0x00007ffa332b0000 - 0x00007ffa33450000 	C:\WINDOWS\System32\USER32.dll
0x00007ffa329b0000 - 0x00007ffa329d2000 	C:\WINDOWS\System32\win32u.dll
0x00007ffa11110000 - 0x00007ffa113aa000 	C:\WINDOWS\WinSxS\amd64_microsoft.windows.common-controls_6595b64144ccf1df_6.0.19041.1110_none_60b5254171f9507e\COMCTL32.dll
0x00007ffa33930000 - 0x00007ffa3395a000 	C:\WINDOWS\System32\GDI32.dll
0x00007ffa34090000 - 0x00007ffa3412e000 	C:\WINDOWS\System32\msvcrt.dll
0x00007ffa327c0000 - 0x00007ffa328cb000 	C:\WINDOWS\System32\gdi32full.dll
0x00007ffa32450000 - 0x00007ffa324ed000 	C:\WINDOWS\System32\msvcp_win.dll
0x00007ffa342a0000 - 0x00007ffa342d0000 	C:\WINDOWS\System32\IMM32.DLL
0x00007ff9ea840000 - 0x00007ff9ea8dd000 	C:\Program Files\Android\Android Studio\jre\bin\msvcp140.dll
0x00007ff9eb2b0000 - 0x00007ff9ebd6c000 	C:\Program Files\Android\Android Studio\jre\bin\server\jvm.dll
0x00007ffa34570000 - 0x00007ffa3461c000 	C:\WINDOWS\System32\ADVAPI32.dll
0x00007ffa34730000 - 0x00007ffa347cb000 	C:\WINDOWS\System32\sechost.dll
0x00007ffa342e0000 - 0x00007ffa3440a000 	C:\WINDOWS\System32\RPCRT4.dll
0x00007ffa34410000 - 0x00007ffa34418000 	C:\WINDOWS\System32\PSAPI.DLL
0x00007ffa10dc0000 - 0x00007ffa10dc9000 	C:\WINDOWS\SYSTEM32\WSOCK32.dll
0x00007ffa0bd40000 - 0x00007ffa0bd67000 	C:\WINDOWS\SYSTEM32\WINMM.dll
0x00007ffa29290000 - 0x00007ffa2929a000 	C:\WINDOWS\SYSTEM32\VERSION.dll
0x00007ffa33dd0000 - 0x00007ffa33e3b000 	C:\WINDOWS\System32\WS2_32.dll
0x00007ffa30330000 - 0x00007ffa30342000 	C:\WINDOWS\SYSTEM32\kernel.appcore.dll
0x00007ffa0aff0000 - 0x00007ffa0b001000 	C:\Program Files\Android\Android Studio\jre\bin\verify.dll
0x00007ffa30120000 - 0x00007ffa30304000 	C:\WINDOWS\SYSTEM32\DBGHELP.DLL
0x00007ffa28fc0000 - 0x00007ffa28fec000 	C:\WINDOWS\SYSTEM32\dbgcore.DLL
0x00007ffa328d0000 - 0x00007ffa32953000 	C:\WINDOWS\System32\bcryptPrimitives.dll
0x00007ff9fa110000 - 0x00007ff9fa139000 	C:\Program Files\Android\Android Studio\jre\bin\java.dll
0x00007ffa071a0000 - 0x00007ffa071ab000 	C:\Program Files\Android\Android Studio\jre\bin\jimage.dll
0x00007ff9fa090000 - 0x00007ff9fa0a8000 	C:\Program Files\Android\Android Studio\jre\bin\zip.dll
0x00007ffa32b70000 - 0x00007ffa332af000 	C:\WINDOWS\System32\SHELL32.dll
0x00007ffa30350000 - 0x00007ffa30ae0000 	C:\WINDOWS\SYSTEM32\windows.storage.dll
0x00007ffa33a70000 - 0x00007ffa33dc5000 	C:\WINDOWS\System32\combase.dll
0x00007ffa31c30000 - 0x00007ffa31c5c000 	C:\WINDOWS\SYSTEM32\Wldp.dll
0x00007ffa34620000 - 0x00007ffa346ce000 	C:\WINDOWS\System32\SHCORE.dll
0x00007ffa34a70000 - 0x00007ffa34ac5000 	C:\WINDOWS\System32\shlwapi.dll
0x00007ffa32180000 - 0x00007ffa3219f000 	C:\WINDOWS\SYSTEM32\profapi.dll
0x00007ff9fa070000 - 0x00007ff9fa08a000 	C:\Program Files\Android\Android Studio\jre\bin\net.dll
0x00007ffa15b70000 - 0x00007ffa15c78000 	C:\WINDOWS\SYSTEM32\WINHTTP.dll
0x00007ffa31930000 - 0x00007ffa3199a000 	C:\WINDOWS\system32\mswsock.dll
0x00007ff9f9b40000 - 0x00007ff9f9b54000 	C:\Program Files\Android\Android Studio\jre\bin\nio.dll
0x00007ffa02720000 - 0x00007ffa02747000 	C:\Users\user\.gradle\native\fdc75f09e3144964f2cf3f50f0aa648679c211496f362492102eb8c894070792\windows-amd64\native-platform.dll
0x00007ff9e81c0000 - 0x00007ff9e8356000 	C:\Users\user\.gradle\native\12488b8bf47d2d4c9fbf2f6322a914ad602e24e48041cd04a747c6da556b65c4\windows-amd64\native-platform-file-events.dll
0x00007ffa00710000 - 0x00007ffa0071a000 	C:\Program Files\Android\Android Studio\jre\bin\management.dll
0x00007ff9fa060000 - 0x00007ff9fa06c000 	C:\Program Files\Android\Android Studio\jre\bin\management_ext.dll
0x00007ffa31b20000 - 0x00007ffa31b38000 	C:\WINDOWS\SYSTEM32\CRYPTSP.dll
0x00007ffa312b0000 - 0x00007ffa312e4000 	C:\WINDOWS\system32\rsaenh.dll
0x00007ffa329e0000 - 0x00007ffa32a07000 	C:\WINDOWS\System32\bcrypt.dll
0x00007ffa32140000 - 0x00007ffa3216e000 	C:\WINDOWS\SYSTEM32\USERENV.dll
0x00007ffa31b40000 - 0x00007ffa31b4c000 	C:\WINDOWS\SYSTEM32\CRYPTBASE.dll
0x00007ffa31620000 - 0x00007ffa3165b000 	C:\WINDOWS\SYSTEM32\IPHLPAPI.DLL
0x00007ffa34980000 - 0x00007ffa34988000 	C:\WINDOWS\System32\NSI.dll
0x00007ffa27950000 - 0x00007ffa27967000 	C:\WINDOWS\SYSTEM32\dhcpcsvc6.DLL
0x00007ffa28490000 - 0x00007ffa284ad000 	C:\WINDOWS\SYSTEM32\dhcpcsvc.DLL
0x00007ffa31660000 - 0x00007ffa3172c000 	C:\WINDOWS\SYSTEM32\DNSAPI.dll
0x00007ffa2b020000 - 0x00007ffa2b02b000 	C:\WINDOWS\SYSTEM32\WINNSI.DLL

dbghelp: loaded successfully - version: 4.0.5 - missing functions: none
symbol engine: initialized successfully - sym options: 0x614 - pdb path: .;C:\Program Files\Android\Android Studio\jre\bin;C:\WINDOWS\SYSTEM32;C:\WINDOWS\WinSxS\amd64_microsoft.windows.common-controls_6595b64144ccf1df_6.0.19041.1110_none_60b5254171f9507e;C:\Program Files\Android\Android Studio\jre\bin\server;C:\Users\user\.gradle\native\fdc75f09e3144964f2cf3f50f0aa648679c211496f362492102eb8c894070792\windows-amd64;C:\Users\user\.gradle\native\12488b8bf47d2d4c9fbf2f6322a914ad602e24e48041cd04a747c6da556b65c4\windows-amd64

VM Arguments:
jvm_args: --add-opens=java.base/java.util=ALL-UNNAMED --add-opens=java.base/java.lang=ALL-UNNAMED --add-opens=java.base/java.lang.invoke=ALL-UNNAMED --add-opens=java.prefs/java.util.prefs=ALL-UNNAMED -Xmx2048m -Dfile.encoding=UTF-8 -Duser.country=EC -Duser.language=es -Duser.variant 
java_command: org.gradle.launcher.daemon.bootstrap.GradleDaemon 6.7.1
java_class_path (initial): C:\Users\user\.gradle\wrapper\dists\gradle-6.7.1-bin\bwlcbys1h7rz3272sye1xwiv6\gradle-6.7.1\lib\gradle-launcher-6.7.1.jar
Launcher Type: SUN_STANDARD

[Global flags]
     intx CICompilerCount                          = 3                                         {product} {ergonomic}
     uint ConcGCThreads                            = 1                                         {product} {ergonomic}
     uint G1ConcRefinementThreads                  = 4                                         {product} {ergonomic}
   size_t G1HeapRegionSize                         = 1048576                                   {product} {ergonomic}
    uintx GCDrainStackTargetSize                   = 64                                        {product} {ergonomic}
   size_t InitialHeapSize                          = 65011712                                  {product} {ergonomic}
   size_t MarkStackSize                            = 4194304                                   {product} {ergonomic}
   size_t MaxHeapSize                              = 2147483648                                {product} {command line}
   size_t MaxNewSize                               = 1287651328                                {product} {ergonomic}
   size_t MinHeapDeltaBytes                        = 1048576                                   {product} {ergonomic}
    uintx NonNMethodCodeHeapSize                   = 5830732                                {pd product} {ergonomic}
    uintx NonProfiledCodeHeapSize                  = 122913754                              {pd product} {ergonomic}
    uintx ProfiledCodeHeapSize                     = 122913754                              {pd product} {ergonomic}
    uintx ReservedCodeCacheSize                    = 251658240                              {pd product} {ergonomic}
     bool SegmentedCodeCache                       = true                                      {product} {ergonomic}
     bool UseCompressedClassPointers               = true                                 {lp64_product} {ergonomic}
     bool UseCompressedOops                        = true                                 {lp64_product} {ergonomic}
     bool UseG1GC                                  = true                                      {product} {ergonomic}
     bool UseLargePagesIndividualAllocation        = false                                  {pd product} {ergonomic}

Logging:
Log output configuration:
 #0: stdout all=warning uptime,level,tags
 #1: stderr all=off uptime,level,tags

Environment Variables:
PATH=C:\Program Files (x86)\Common Files\Oracle\Java\javapath;C:\ProgramData\Oracle\Java\javapath;C:\Program Files (x86)\Intel\TXE Components\iCLS\;C:\Program Files\Intel\TXE Components\iCLS\;C:\WINDOWS\system32;C:\WINDOWS;C:\WINDOWS\System32\Wbem;C:\WINDOWS\System32\WindowsPowerShell\v1.0\;C:\Program Files\Intel\TXE Components\DAL\;C:\Program Files (x86)\Intel\TXE Components\DAL\;C:\Program Files\Intel\TXE Components\IPT\;C:\Program Files (x86)\Intel\TXE Components\IPT\;C:\WINDOWS\System32\OpenSSH\;C:\xampp\php;C:\ProgramData\ComposerSetup\bin;C:\Program Files\Java\jdk1.8.0_241\bin;C:\Users\user\AppData\Local\Programs\Python\Python39\Scripts\;C:\Users\user\AppData\Local\Programs\Python\Python39\;C:\Users\user\AppData\Local\Microsoft\WindowsApps;C:\Users\user\AppData\Roaming\Composer\vendor\bin;
USERNAME=user
OS=Windows_NT
PROCESSOR_IDENTIFIER=Intel64 Family 6 Model 122 Stepping 1, GenuineIntel



---------------  S Y S T E M  ---------------

OS: Windows 10 , 64 bit Build 19041 (10.0.19041.1151)
OS uptime: 0 days 9:53 hours

CPU:total 4 (initial active 4) (4 cores per cpu, 1 threads per core) family 6 model 122 stepping 1, cmov, cx8, fxsr, mmx, sse, sse2, sse3, ssse3, sse4.1, sse4.2, popcnt, aes, clmul, erms, 3dnowpref, tsc, tscinvbit, sha

Memory: 4k page, system-wide physical 3918M (318M free)
TotalPageFile size 6888M (AvailPageFile size 4M)
current process WorkingSet (physical memory assigned to process): 130M, peak: 130M
current process commit charge ("private bytes"): 179M, peak: 179M

vm_info: OpenJDK 64-Bit Server VM (11.0.8+10-b944.6842174) for windows-amd64 JRE (11.0.8+10-b944.6842174), built on Sep 19 2020 01:11:42 by "builder" with MS VC++ 14.0 (VS2015)

END.
