#
# There is insufficient memory for the Java Runtime Environment to continue.
# Native memory allocation (malloc) failed to allocate 708256 bytes for Chunk::new
# Possible reasons:
#   The system is out of physical RAM or swap space
#   The process is running with CompressedOops enabled, and the Java Heap may be blocking the growth of the native heap
# Possible solutions:
#   Reduce memory load on the system
#   Increase physical memory or swap space
#   Check if swap backing store is full
#   Decrease Java heap size (-Xmx/-Xms)
#   Decrease number of Java threads
#   Decrease Java thread stack sizes (-Xss)
#   Set larger code cache with -XX:ReservedCodeCacheSize=
#   JVM is running with Unscaled Compressed Oops mode in which the Java heap is
#     placed in the first 4GB address space. The Java Heap base address is the
#     maximum limit for the native heap growth. Please use -XX:HeapBaseMinAddress
#     to set the Java Heap base and to place the Java Heap above 4GB virtual address.
# This output file may be truncated or incomplete.
#
#  Out of Memory Error (./src/hotspot/share/memory/arena.cpp:197), pid=4400, tid=14952
#
# JRE version: OpenJDK Runtime Environment (11.0.8+10) (build 11.0.8+10-b944.6842174)
# Java VM: OpenJDK 64-Bit Server VM (11.0.8+10-b944.6842174, mixed mode, tiered, compressed oops, g1 gc, windows-amd64)
# No core dump will be written. Minidumps are not enabled by default on client versions of Windows
#

---------------  S U M M A R Y ------------

Command Line: --add-opens=java.base/java.util=ALL-UNNAMED --add-opens=java.base/java.lang=ALL-UNNAMED --add-opens=java.base/java.lang.invoke=ALL-UNNAMED --add-opens=java.prefs/java.util.prefs=ALL-UNNAMED -Xmx2048m -Dfile.encoding=UTF-8 -Duser.country=EC -Duser.language=es -Duser.variant org.gradle.launcher.daemon.bootstrap.GradleDaemon 6.7.1

Host: Intel(R) Celeron(R) N4100 CPU @ 1.10GHz, 4 cores, 3G,  Windows 10 , 64 bit Build 19041 (10.0.19041.1151)
Time: Tue Sep 14 21:00:49 2021 Hora est. Pacífico, Sudamérica elapsed time: 9 seconds (0d 0h 0m 9s)

---------------  T H R E A D  ---------------

Current thread (0x00000228d7a97000):  JavaThread "C2 CompilerThread0" daemon [_thread_in_native, id=14952, stack(0x000000545cb00000,0x000000545cc00000)]


Current CompileTask:
C2:   9556 2291       4       java.net.URLClassLoader$1::run (5 bytes)

Stack: [0x000000545cb00000,0x000000545cc00000]
Native frames: (J=compiled Java code, j=interpreted, Vv=VM code, C=native code)
V  [jvm.dll+0x5de50a]
V  [jvm.dll+0x7122f5]
V  [jvm.dll+0x71384d]
V  [jvm.dll+0x713f03]
V  [jvm.dll+0x23e728]
V  [jvm.dll+0xb899c]
V  [jvm.dll+0xb8e9c]
V  [jvm.dll+0x2b20e4]
V  [jvm.dll+0x502098]
V  [jvm.dll+0x1f8cde]
V  [jvm.dll+0x1f685f]
V  [jvm.dll+0x17f32c]
V  [jvm.dll+0x205047]
V  [jvm.dll+0x203891]
V  [jvm.dll+0x6dad3f]
V  [jvm.dll+0x6d3895]
V  [jvm.dll+0x5dd4a6]
C  [ucrtbase.dll+0x21bb2]
C  [KERNEL32.DLL+0x17034]
C  [ntdll.dll+0x52651]


---------------  P R O C E S S  ---------------

Threads class SMR info:
_java_thread_list=0x00000228daec5540, length=25, elements={
0x00000228bc0bc800, 0x00000228d7a39800, 0x00000228d7a3d000, 0x00000228d7a92800,
0x00000228d7a93000, 0x00000228d7a97000, 0x00000228d7a9b800, 0x00000228d842b000,
0x00000228d8509800, 0x00000228d8549000, 0x00000228d95dd000, 0x00000228d9f85800,
0x00000228da063800, 0x00000228d98fb800, 0x00000228d98fc000, 0x00000228d9e23800,
0x00000228d96ae000, 0x00000228d8a2f000, 0x00000228d9326800, 0x00000228d9343800,
0x00000228d7a9a800, 0x00000228d7a9c000, 0x00000228d7a9d000, 0x00000228d7a99800,
0x00000228d7a9d800
}

Java Threads: ( => current thread )
  0x00000228bc0bc800 JavaThread "main" [_thread_blocked, id=14444, stack(0x000000545c000000,0x000000545c100000)]
  0x00000228d7a39800 JavaThread "Reference Handler" daemon [_thread_blocked, id=5412, stack(0x000000545c700000,0x000000545c800000)]
  0x00000228d7a3d000 JavaThread "Finalizer" daemon [_thread_blocked, id=12880, stack(0x000000545c800000,0x000000545c900000)]
  0x00000228d7a92800 JavaThread "Signal Dispatcher" daemon [_thread_blocked, id=10756, stack(0x000000545c900000,0x000000545ca00000)]
  0x00000228d7a93000 JavaThread "Attach Listener" daemon [_thread_blocked, id=4616, stack(0x000000545ca00000,0x000000545cb00000)]
=>0x00000228d7a97000 JavaThread "C2 CompilerThread0" daemon [_thread_in_native, id=14952, stack(0x000000545cb00000,0x000000545cc00000)]
  0x00000228d7a9b800 JavaThread "C1 CompilerThread0" daemon [_thread_blocked, id=4948, stack(0x000000545cc00000,0x000000545cd00000)]
  0x00000228d842b000 JavaThread "Sweeper thread" daemon [_thread_blocked, id=10660, stack(0x000000545cd00000,0x000000545ce00000)]
  0x00000228d8509800 JavaThread "Common-Cleaner" daemon [_thread_blocked, id=10820, stack(0x000000545ce00000,0x000000545cf00000)]
  0x00000228d8549000 JavaThread "Service Thread" daemon [_thread_blocked, id=3384, stack(0x000000545cf00000,0x000000545d000000)]
  0x00000228d95dd000 JavaThread "Daemon health stats" [_thread_blocked, id=12772, stack(0x000000545d300000,0x000000545d400000)]
  0x00000228d9f85800 JavaThread "Incoming local TCP Connector on port 61629" [_thread_in_native, id=3688, stack(0x000000545d800000,0x000000545d900000)]
  0x00000228da063800 JavaThread "Daemon periodic checks" [_thread_blocked, id=12856, stack(0x000000545d900000,0x000000545da00000)]
  0x00000228d98fb800 JavaThread "Daemon" [_thread_blocked, id=12096, stack(0x000000545da00000,0x000000545db00000)]
  0x00000228d98fc000 JavaThread "Handler for socket connection from /127.0.0.1:61629 to /127.0.0.1:61630" [_thread_in_native, id=8892, stack(0x000000545db00000,0x000000545dc00000)]
  0x00000228d9e23800 JavaThread "Cancel handler" [_thread_blocked, id=9096, stack(0x000000545dc00000,0x000000545dd00000)]
  0x00000228d96ae000 JavaThread "Daemon worker" [_thread_in_vm, id=12620, stack(0x000000545dd00000,0x000000545de00000)]
  0x00000228d8a2f000 JavaThread "Asynchronous log dispatcher for DefaultDaemonConnection: socket connection from /127.0.0.1:61629 to /127.0.0.1:61630" [_thread_blocked, id=8840, stack(0x000000545de00000,0x000000545df00000)]
  0x00000228d9326800 JavaThread "Stdin handler" [_thread_blocked, id=704, stack(0x000000545df00000,0x000000545e000000)]
  0x00000228d9343800 JavaThread "Thread-8" [_thread_blocked, id=7744, stack(0x000000545e000000,0x000000545e100000)]
  0x00000228d7a9a800 JavaThread "Cache worker for file hash cache (C:\Users\user\.gradle\caches\6.7.1\fileHashes)" [_thread_blocked, id=11504, stack(0x000000545e100000,0x000000545e200000)]
  0x00000228d7a9c000 JavaThread "File lock request listener" [_thread_in_native, id=3716, stack(0x000000545e200000,0x000000545e300000)]
  0x00000228d7a9d000 JavaThread "Cache worker for journal cache (C:\Users\user\.gradle\caches\journal-1)" [_thread_blocked, id=11728, stack(0x000000545e300000,0x000000545e400000)]
  0x00000228d7a99800 JavaThread "Cache worker for file hash cache (C:\Users\user\AndroidStudioProjects\uepjm\.gradle\6.7.1\fileHashes)" [_thread_blocked, id=1708, stack(0x000000545e400000,0x000000545e500000)]
  0x00000228d7a9d800 JavaThread "Cache worker for checksums cache (C:\Users\user\AndroidStudioProjects\uepjm\.gradle\checksums)" [_thread_blocked, id=4236, stack(0x000000545e500000,0x000000545e600000)]

Other Threads:
  0x00000228d7a2e800 VMThread "VM Thread" [stack: 0x000000545c600000,0x000000545c700000] [id=1668]
  0x00000228d855e000 WatcherThread [stack: 0x000000545d000000,0x000000545d100000] [id=10420]
  0x00000228bc0d4800 GCTaskThread "GC Thread#0" [stack: 0x000000545c100000,0x000000545c200000] [id=6020]
  0x00000228d8bf2000 GCTaskThread "GC Thread#1" [stack: 0x000000545d200000,0x000000545d300000] [id=11080]
  0x00000228d97fb800 GCTaskThread "GC Thread#2" [stack: 0x000000545d400000,0x000000545d500000] [id=14556]
  0x00000228d97a4800 GCTaskThread "GC Thread#3" [stack: 0x000000545d500000,0x000000545d600000] [id=3828]
  0x00000228bc105800 ConcurrentGCThread "G1 Main Marker" [stack: 0x000000545c200000,0x000000545c300000] [id=1932]
  0x00000228bc107800 ConcurrentGCThread "G1 Conc#0" [stack: 0x000000545c300000,0x000000545c400000] [id=13372]
  0x00000228bc160800 ConcurrentGCThread "G1 Refine#0" [stack: 0x000000545c400000,0x000000545c500000] [id=13248]
  0x00000228bc161800 ConcurrentGCThread "G1 Young RemSet Sampling" [stack: 0x000000545c500000,0x000000545c600000] [id=280]

Threads with active compile tasks:
C2 CompilerThread0   9618 2291       4       java.net.URLClassLoader$1::run (5 bytes)

VM state:not at safepoint (normal execution)

VM Mutex/Monitor currently owned by a thread: None

Heap address: 0x0000000080000000, size: 2048 MB, Compressed Oops mode: 32-bit
Narrow klass base: 0x0000000000000000, Narrow klass shift: 3
Compressed class space size: 1073741824 Address: 0x0000000100000000

Heap:
 garbage-first heap   total 63488K, used 26585K [0x0000000080000000, 0x0000000100000000)
  region size 1024K, 12 young (12288K), 3 survivors (3072K)
 Metaspace       used 26778K, capacity 27455K, committed 27568K, reserved 1073152K
  class space    used 3515K, capacity 3752K, committed 3840K, reserved 1048576K
Heap Regions: E=young(eden), S=young(survivor), O=old, HS=humongous(starts), HC=humongous(continues), CS=collection set, F=free, A=archive, TAMS=top-at-mark-start (previous, next)
|   0|0x0000000080000000, 0x0000000080100000, 0x0000000080100000|100%| O|  |TAMS 0x0000000080100000, 0x0000000080000000| Untracked 
|   1|0x0000000080100000, 0x0000000080200000, 0x0000000080200000|100%| O|  |TAMS 0x0000000080200000, 0x0000000080100000| Untracked 
|   2|0x0000000080200000, 0x0000000080300000, 0x0000000080300000|100%| O|  |TAMS 0x0000000080300000, 0x0000000080200000| Untracked 
|   3|0x0000000080300000, 0x0000000080400000, 0x0000000080400000|100%|HS|  |TAMS 0x0000000080400000, 0x0000000080300000| Complete 
|   4|0x0000000080400000, 0x0000000080500000, 0x0000000080500000|100%|HC|  |TAMS 0x0000000080500000, 0x0000000080400000| Complete 
|   5|0x0000000080500000, 0x0000000080600000, 0x0000000080600000|100%|HC|  |TAMS 0x0000000080600000, 0x0000000080500000| Complete 
|   6|0x0000000080600000, 0x0000000080700000, 0x0000000080700000|100%| O|  |TAMS 0x0000000080700000, 0x0000000080600000| Untracked 
|   7|0x0000000080700000, 0x0000000080800000, 0x0000000080800000|100%| O|  |TAMS 0x0000000080800000, 0x0000000080700000| Untracked 
|   8|0x0000000080800000, 0x0000000080900000, 0x0000000080900000|100%| O|  |TAMS 0x0000000080900000, 0x0000000080800000| Untracked 
|   9|0x0000000080900000, 0x0000000080a00000, 0x0000000080a00000|100%| O|  |TAMS 0x0000000080a00000, 0x0000000080900000| Untracked 
|  10|0x0000000080a00000, 0x0000000080b00000, 0x0000000080b00000|100%| O|  |TAMS 0x0000000080b00000, 0x0000000080a00000| Untracked 
|  11|0x0000000080b00000, 0x0000000080c00000, 0x0000000080c00000|100%| O|  |TAMS 0x0000000080c00000, 0x0000000080b00000| Untracked 
|  12|0x0000000080c00000, 0x0000000080d00000, 0x0000000080d00000|100%| O|  |TAMS 0x0000000080d00000, 0x0000000080c00000| Untracked 
|  13|0x0000000080d00000, 0x0000000080e00000, 0x0000000080e00000|100%| O|  |TAMS 0x0000000080e00000, 0x0000000080d00000| Untracked 
|  14|0x0000000080e00000, 0x0000000080f00000, 0x0000000080f00000|100%| O|  |TAMS 0x0000000080e12e00, 0x0000000080e00000| Untracked 
|  15|0x0000000080f00000, 0x0000000080f71000, 0x0000000081000000| 44%| O|  |TAMS 0x0000000080f00000, 0x0000000080f00000| Untracked 
|  16|0x0000000081000000, 0x0000000081000000, 0x0000000081100000|  0%| F|  |TAMS 0x0000000081000000, 0x0000000081000000| Untracked 
|  17|0x0000000081100000, 0x0000000081100000, 0x0000000081200000|  0%| F|  |TAMS 0x0000000081100000, 0x0000000081100000| Untracked 
|  18|0x0000000081200000, 0x0000000081200000, 0x0000000081300000|  0%| F|  |TAMS 0x0000000081200000, 0x0000000081200000| Untracked 
|  19|0x0000000081300000, 0x0000000081300000, 0x0000000081400000|  0%| F|  |TAMS 0x0000000081300000, 0x0000000081300000| Untracked 
|  20|0x0000000081400000, 0x0000000081400000, 0x0000000081500000|  0%| F|  |TAMS 0x0000000081400000, 0x0000000081400000| Untracked 
|  21|0x0000000081500000, 0x0000000081500000, 0x0000000081600000|  0%| F|  |TAMS 0x0000000081500000, 0x0000000081500000| Untracked 
|  22|0x0000000081600000, 0x0000000081600000, 0x0000000081700000|  0%| F|  |TAMS 0x0000000081600000, 0x0000000081600000| Untracked 
|  23|0x0000000081700000, 0x0000000081700000, 0x0000000081800000|  0%| F|  |TAMS 0x0000000081700000, 0x0000000081700000| Untracked 
|  24|0x0000000081800000, 0x0000000081800000, 0x0000000081900000|  0%| F|  |TAMS 0x0000000081800000, 0x0000000081800000| Untracked 
|  25|0x0000000081900000, 0x0000000081900000, 0x0000000081a00000|  0%| F|  |TAMS 0x0000000081900000, 0x0000000081900000| Untracked 
|  26|0x0000000081a00000, 0x0000000081a00000, 0x0000000081b00000|  0%| F|  |TAMS 0x0000000081a00000, 0x0000000081a00000| Untracked 
|  27|0x0000000081b00000, 0x0000000081b00000, 0x0000000081c00000|  0%| F|  |TAMS 0x0000000081b00000, 0x0000000081b00000| Untracked 
|  28|0x0000000081c00000, 0x0000000081c00000, 0x0000000081d00000|  0%| F|  |TAMS 0x0000000081c00000, 0x0000000081c00000| Untracked 
|  29|0x0000000081d00000, 0x0000000081d00000, 0x0000000081e00000|  0%| F|  |TAMS 0x0000000081d00000, 0x0000000081d00000| Untracked 
|  30|0x0000000081e00000, 0x0000000081e00000, 0x0000000081f00000|  0%| F|  |TAMS 0x0000000081e00000, 0x0000000081e00000| Untracked 
|  31|0x0000000081f00000, 0x0000000081f00000, 0x0000000082000000|  0%| F|  |TAMS 0x0000000081f00000, 0x0000000081f00000| Untracked 
|  32|0x0000000082000000, 0x0000000082000000, 0x0000000082100000|  0%| F|  |TAMS 0x0000000082000000, 0x0000000082000000| Untracked 
|  33|0x0000000082100000, 0x0000000082185650, 0x0000000082200000| 52%| S|CS|TAMS 0x0000000082100000, 0x0000000082100000| Complete 
|  34|0x0000000082200000, 0x0000000082200000, 0x0000000082300000|  0%| F|  |TAMS 0x0000000082200000, 0x0000000082200000| Untracked 
|  35|0x0000000082300000, 0x0000000082300000, 0x0000000082400000|  0%| F|  |TAMS 0x0000000082300000, 0x0000000082300000| Untracked 
|  36|0x0000000082400000, 0x0000000082400000, 0x0000000082500000|  0%| F|  |TAMS 0x0000000082400000, 0x0000000082400000| Untracked 
|  37|0x0000000082500000, 0x0000000082600000, 0x0000000082600000|100%| S|CS|TAMS 0x0000000082500000, 0x0000000082500000| Complete 
|  38|0x0000000082600000, 0x0000000082700000, 0x0000000082700000|100%| S|CS|TAMS 0x0000000082600000, 0x0000000082600000| Complete 
|  39|0x0000000082700000, 0x0000000082700000, 0x0000000082800000|  0%| F|  |TAMS 0x0000000082700000, 0x0000000082700000| Untracked 
|  40|0x0000000082800000, 0x0000000082800000, 0x0000000082900000|  0%| F|  |TAMS 0x0000000082800000, 0x0000000082800000| Untracked 
|  41|0x0000000082900000, 0x0000000082900000, 0x0000000082a00000|  0%| F|  |TAMS 0x0000000082900000, 0x0000000082900000| Untracked 
|  42|0x0000000082a00000, 0x0000000082a00000, 0x0000000082b00000|  0%| F|  |TAMS 0x0000000082a00000, 0x0000000082a00000| Untracked 
|  43|0x0000000082b00000, 0x0000000082b00000, 0x0000000082c00000|  0%| F|  |TAMS 0x0000000082b00000, 0x0000000082b00000| Untracked 
|  44|0x0000000082c00000, 0x0000000082c00000, 0x0000000082d00000|  0%| F|  |TAMS 0x0000000082c00000, 0x0000000082c00000| Untracked 
|  45|0x0000000082d00000, 0x0000000082d00000, 0x0000000082e00000|  0%| F|  |TAMS 0x0000000082d00000, 0x0000000082d00000| Untracked 
|  46|0x0000000082e00000, 0x0000000082e00000, 0x0000000082f00000|  0%| F|  |TAMS 0x0000000082e00000, 0x0000000082e00000| Untracked 
|  47|0x0000000082f00000, 0x0000000082f00000, 0x0000000083000000|  0%| F|  |TAMS 0x0000000082f00000, 0x0000000082f00000| Untracked 
|  48|0x0000000083000000, 0x0000000083000000, 0x0000000083100000|  0%| F|  |TAMS 0x0000000083000000, 0x0000000083000000| Untracked 
|  49|0x0000000083100000, 0x0000000083100000, 0x0000000083200000|  0%| F|  |TAMS 0x0000000083100000, 0x0000000083100000| Untracked 
|  50|0x0000000083200000, 0x0000000083200000, 0x0000000083300000|  0%| F|  |TAMS 0x0000000083200000, 0x0000000083200000| Untracked 
|  51|0x0000000083300000, 0x0000000083300000, 0x0000000083400000|  0%| F|  |TAMS 0x0000000083300000, 0x0000000083300000| Untracked 
|  52|0x0000000083400000, 0x0000000083400000, 0x0000000083500000|  0%| F|  |TAMS 0x0000000083400000, 0x0000000083400000| Untracked 
|  53|0x0000000083500000, 0x00000000835d28d0, 0x0000000083600000| 82%| E|  |TAMS 0x0000000083500000, 0x0000000083500000| Complete 
|  54|0x0000000083600000, 0x0000000083700000, 0x0000000083700000|100%| E|CS|TAMS 0x0000000083600000, 0x0000000083600000| Complete 
|  55|0x0000000083700000, 0x0000000083800000, 0x0000000083800000|100%| E|CS|TAMS 0x0000000083700000, 0x0000000083700000| Complete 
|  56|0x0000000083800000, 0x0000000083900000, 0x0000000083900000|100%| E|CS|TAMS 0x0000000083800000, 0x0000000083800000| Complete 
|  57|0x0000000083900000, 0x0000000083a00000, 0x0000000083a00000|100%| E|CS|TAMS 0x0000000083900000, 0x0000000083900000| Complete 
|  58|0x0000000083a00000, 0x0000000083b00000, 0x0000000083b00000|100%| E|CS|TAMS 0x0000000083a00000, 0x0000000083a00000| Complete 
|  59|0x0000000083b00000, 0x0000000083c00000, 0x0000000083c00000|100%| E|CS|TAMS 0x0000000083b00000, 0x0000000083b00000| Complete 
|  60|0x0000000083c00000, 0x0000000083d00000, 0x0000000083d00000|100%| E|CS|TAMS 0x0000000083c00000, 0x0000000083c00000| Complete 
|  61|0x0000000083d00000, 0x0000000083e00000, 0x0000000083e00000|100%| E|CS|TAMS 0x0000000083d00000, 0x0000000083d00000| Complete 

Card table byte_map: [0x00000228d0c80000,0x00000228d1080000] _byte_map_base: 0x00000228d0880000

Marking Bits (Prev, Next): (CMBitMap*) 0x00000228bc0fc800, (CMBitMap*) 0x00000228bc0fc7c8
 Prev Bits: [0x00000228d3480000, 0x00000228d5480000)
 Next Bits: [0x00000228d1480000, 0x00000228d3480000)

Polling page: 0x00000228bbf20000

Metaspace:

Usage:
  Non-class:     23.15 MB capacity,    22.73 MB ( 98%) used,   375.11 KB (  2%) free+waste,    49.88 KB ( <1%) overhead. 
      Class:      3.66 MB capacity,     3.44 MB ( 94%) used,   206.73 KB (  6%) free+waste,    25.13 KB ( <1%) overhead. 
       Both:     26.81 MB capacity,    26.17 MB ( 98%) used,   581.84 KB (  2%) free+waste,    75.00 KB ( <1%) overhead. 

Virtual space:
  Non-class space:       24.00 MB reserved,      23.17 MB ( 97%) committed 
      Class space:        1.00 GB reserved,       3.75 MB ( <1%) committed 
             Both:        1.02 GB reserved,      26.92 MB (  3%) committed 

Chunk freelists:
   Non-Class:  25.00 KB
       Class:  24.00 KB
        Both:  49.00 KB

MaxMetaspaceSize: 17179869184.00 GB
CompressedClassSpaceSize: 1.00 GB

CodeHeap 'non-profiled nmethods': size=120064Kb used=870Kb max_used=870Kb free=119193Kb
 bounds [0x00000228c8d10000, 0x00000228c8f80000, 0x00000228d0250000]
CodeHeap 'profiled nmethods': size=120000Kb used=4320Kb max_used=4320Kb free=115679Kb
 bounds [0x00000228c17e0000, 0x00000228c1c20000, 0x00000228c8d10000]
CodeHeap 'non-nmethods': size=5696Kb used=1138Kb max_used=1168Kb free=4558Kb
 bounds [0x00000228c1250000, 0x00000228c14c0000, 0x00000228c17e0000]
 total_blobs=2557 nmethods=2073 adapters=396
 compilation: enabled
              stopped_count=0, restarted_count=0
 full_count=0

Compilation events (20 events):
Event: 9.360 Thread 0x00000228d7a9b800 nmethod 2279 0x00000228c8de8d90 code [0x00000228c8de8f40, 0x00000228c8de8ff8]
Event: 9.366 Thread 0x00000228d7a9b800 2280       3       java.util.concurrent.ConcurrentHashMap::remove (8 bytes)
Event: 9.367 Thread 0x00000228d7a9b800 nmethod 2280 0x00000228c1c11d90 code [0x00000228c1c11f40, 0x00000228c1c12088]
Event: 9.367 Thread 0x00000228d7a9b800 2281       3       jdk.internal.org.objectweb.asm.MethodVisitor::visitVarInsn (17 bytes)
Event: 9.368 Thread 0x00000228d7a9b800 nmethod 2281 0x00000228c1c12110 code [0x00000228c1c122c0, 0x00000228c1c124a8]
Event: 9.368 Thread 0x00000228d7a9b800 2282       3       org.gradle.util.GradleVersion::compareTo (244 bytes)
Event: 9.369 Thread 0x00000228d7a9b800 nmethod 2282 0x00000228c1c12590 code [0x00000228c1c12860, 0x00000228c1c13698]
Event: 9.389 Thread 0x00000228d7a9b800 2283       3       java.lang.invoke.MethodHandles$Lookup::in (168 bytes)
Event: 9.391 Thread 0x00000228d7a9b800 nmethod 2283 0x00000228c1c13c10 code [0x00000228c1c13f80, 0x00000228c1c15528]
Event: 9.400 Thread 0x00000228d7a9b800 2285   !   3       java.lang.invoke.LambdaForm::compileToBytecode (162 bytes)
Event: 9.403 Thread 0x00000228d7a9b800 nmethod 2285 0x00000228c1c15c10 code [0x00000228c1c15fe0, 0x00000228c1c17658]
Event: 9.403 Thread 0x00000228d7a9b800 2287       3       jdk.internal.org.objectweb.asm.Type::getArgumentTypes (131 bytes)
Event: 9.404 Thread 0x00000228d7a9b800 nmethod 2287 0x00000228c1c18310 code [0x00000228c1c18560, 0x00000228c1c19068]
Event: 9.404 Thread 0x00000228d7a9b800 2288       3       jdk.internal.org.objectweb.asm.ClassWriter::<init> (117 bytes)
Event: 9.405 Thread 0x00000228d7a9b800 nmethod 2288 0x00000228c1c19410 code [0x00000228c1c196a0, 0x00000228c1c1a2c8]
Event: 9.405 Thread 0x00000228d7a9b800 2289       3       jdk.internal.org.objectweb.asm.ClassVisitor::<init> (7 bytes)
Event: 9.406 Thread 0x00000228d7a9b800 nmethod 2289 0x00000228c1c1a590 code [0x00000228c1c1a760, 0x00000228c1c1aa88]
Event: 9.451 Thread 0x00000228d7a97000 2291       4       java.net.URLClassLoader$1::run (5 bytes)
Event: 9.490 Thread 0x00000228d7a9b800 2293       3       java.util.concurrent.TimeUnit::toNanos (45 bytes)
Event: 9.490 Thread 0x00000228d7a9b800 nmethod 2293 0x00000228c1c1ab90 code [0x00000228c1c1ad40, 0x00000228c1c1af58]

GC Heap History (16 events):
Event: 1.269 GC heap before
{Heap before GC invocations=0 (full 0):
 garbage-first heap   total 63488K, used 19456K [0x0000000080000000, 0x0000000100000000)
  region size 1024K, 14 young (14336K), 0 survivors (0K)
 Metaspace       used 7438K, capacity 7599K, committed 7680K, reserved 1056768K
  class space    used 686K, capacity 748K, committed 768K, reserved 1048576K
}
Event: 1.278 GC heap after
{Heap after GC invocations=1 (full 0):
 garbage-first heap   total 63488K, used 7755K [0x0000000080000000, 0x0000000100000000)
  region size 1024K, 2 young (2048K), 2 survivors (2048K)
 Metaspace       used 7438K, capacity 7599K, committed 7680K, reserved 1056768K
  class space    used 686K, capacity 748K, committed 768K, reserved 1048576K
}
Event: 2.034 GC heap before
{Heap before GC invocations=1 (full 0):
 garbage-first heap   total 63488K, used 19019K [0x0000000080000000, 0x0000000100000000)
  region size 1024K, 13 young (13312K), 2 survivors (2048K)
 Metaspace       used 10828K, capacity 11065K, committed 11264K, reserved 1058816K
  class space    used 1144K, capacity 1203K, committed 1280K, reserved 1048576K
}
Event: 2.041 GC heap after
{Heap after GC invocations=2 (full 0):
 garbage-first heap   total 63488K, used 8957K [0x0000000080000000, 0x0000000100000000)
  region size 1024K, 1 young (1024K), 1 survivors (1024K)
 Metaspace       used 10828K, capacity 11065K, committed 11264K, reserved 1058816K
  class space    used 1144K, capacity 1203K, committed 1280K, reserved 1048576K
}
Event: 2.601 GC heap before
{Heap before GC invocations=2 (full 0):
 garbage-first heap   total 63488K, used 29437K [0x0000000080000000, 0x0000000100000000)
  region size 1024K, 22 young (22528K), 1 survivors (1024K)
 Metaspace       used 10950K, capacity 11194K, committed 11520K, reserved 1058816K
  class space    used 1144K, capacity 1203K, committed 1280K, reserved 1048576K
}
Event: 2.609 GC heap after
{Heap after GC invocations=3 (full 0):
 garbage-first heap   total 63488K, used 10583K [0x0000000080000000, 0x0000000100000000)
  region size 1024K, 3 young (3072K), 3 survivors (3072K)
 Metaspace       used 10950K, capacity 11194K, committed 11520K, reserved 1058816K
  class space    used 1144K, capacity 1203K, committed 1280K, reserved 1048576K
}
Event: 3.593 GC heap before
{Heap before GC invocations=3 (full 0):
 garbage-first heap   total 63488K, used 33111K [0x0000000080000000, 0x0000000100000000)
  region size 1024K, 26 young (26624K), 3 survivors (3072K)
 Metaspace       used 13585K, capacity 13917K, committed 14208K, reserved 1062912K
  class space    used 1506K, capacity 1580K, committed 1664K, reserved 1048576K
}
Event: 3.605 GC heap after
{Heap after GC invocations=4 (full 0):
 garbage-first heap   total 63488K, used 14335K [0x0000000080000000, 0x0000000100000000)
  region size 1024K, 4 young (4096K), 4 survivors (4096K)
 Metaspace       used 13585K, capacity 13917K, committed 14208K, reserved 1062912K
  class space    used 1506K, capacity 1580K, committed 1664K, reserved 1048576K
}
Event: 6.191 GC heap before
{Heap before GC invocations=4 (full 0):
 garbage-first heap   total 63488K, used 37887K [0x0000000080000000, 0x0000000100000000)
  region size 1024K, 27 young (27648K), 4 survivors (4096K)
 Metaspace       used 18817K, capacity 19261K, committed 19328K, reserved 1067008K
  class space    used 2264K, capacity 2394K, committed 2432K, reserved 1048576K
}
Event: 6.201 GC heap after
{Heap after GC invocations=5 (full 0):
 garbage-first heap   total 63488K, used 16069K [0x0000000080000000, 0x0000000100000000)
  region size 1024K, 2 young (2048K), 2 survivors (2048K)
 Metaspace       used 18817K, capacity 19261K, committed 19328K, reserved 1067008K
  class space    used 2264K, capacity 2394K, committed 2432K, reserved 1048576K
}
Event: 6.570 GC heap before
{Heap before GC invocations=5 (full 0):
 garbage-first heap   total 63488K, used 27333K [0x0000000080000000, 0x0000000100000000)
  region size 1024K, 15 young (15360K), 2 survivors (2048K)
 Metaspace       used 20581K, capacity 21127K, committed 21296K, reserved 1069056K
  class space    used 2520K, capacity 2680K, committed 2688K, reserved 1048576K
}
Event: 6.575 GC heap after
{Heap after GC invocations=6 (full 0):
 garbage-first heap   total 63488K, used 16344K [0x0000000080000000, 0x0000000100000000)
  region size 1024K, 2 young (2048K), 2 survivors (2048K)
 Metaspace       used 20581K, capacity 21127K, committed 21296K, reserved 1069056K
  class space    used 2520K, capacity 2680K, committed 2688K, reserved 1048576K
}
Event: 7.231 GC heap before
{Heap before GC invocations=7 (full 0):
 garbage-first heap   total 63488K, used 39896K [0x0000000080000000, 0x0000000100000000)
  region size 1024K, 25 young (25600K), 2 survivors (2048K)
 Metaspace       used 23034K, capacity 23568K, committed 23856K, reserved 1071104K
  class space    used 2936K, capacity 3112K, committed 3200K, reserved 1048576K
}
Event: 7.236 GC heap after
{Heap after GC invocations=8 (full 0):
 garbage-first heap   total 63488K, used 17433K [0x0000000080000000, 0x0000000100000000)
  region size 1024K, 3 young (3072K), 3 survivors (3072K)
 Metaspace       used 23034K, capacity 23568K, committed 23856K, reserved 1071104K
  class space    used 2936K, capacity 3112K, committed 3200K, reserved 1048576K
}
Event: 8.789 GC heap before
{Heap before GC invocations=8 (full 0):
 garbage-first heap   total 63488K, used 40985K [0x0000000080000000, 0x0000000100000000)
  region size 1024K, 26 young (26624K), 3 survivors (3072K)
 Metaspace       used 26051K, capacity 26725K, committed 26928K, reserved 1073152K
  class space    used 3397K, capacity 3634K, committed 3712K, reserved 1048576K
}
Event: 8.800 GC heap after
{Heap after GC invocations=9 (full 0):
 garbage-first heap   total 63488K, used 18393K [0x0000000080000000, 0x0000000100000000)
  region size 1024K, 3 young (3072K), 3 survivors (3072K)
 Metaspace       used 26051K, capacity 26725K, committed 26928K, reserved 1073152K
  class space    used 3397K, capacity 3634K, committed 3712K, reserved 1048576K
}

Deoptimization events (20 events):
Event: 7.903 Thread 0x00000228d96ae000 Uncommon trap: trap_request=0xffffffde fr.pc=0x00000228c8dc2c60 relative=0x0000000000000320
Event: 7.903 Thread 0x00000228d96ae000 Uncommon trap: reason=class_check action=maybe_recompile pc=0x00000228c8dc2c60 method=java.util.Collections$SetFromMap.remove(Ljava/lang/Object;)Z @ 5 c2
Event: 7.903 Thread 0x00000228d96ae000 DEOPT PACKING pc=0x00000228c8dc2c60 sp=0x000000545ddfc820
Event: 7.903 Thread 0x00000228d96ae000 DEOPT UNPACKING pc=0x00000228c12768a9 sp=0x000000545ddfc808 mode 2
Event: 7.903 Thread 0x00000228d96ae000 Uncommon trap: trap_request=0xffffffde fr.pc=0x00000228c8dc2c60 relative=0x0000000000000320
Event: 7.903 Thread 0x00000228d96ae000 Uncommon trap: reason=class_check action=maybe_recompile pc=0x00000228c8dc2c60 method=java.util.Collections$SetFromMap.remove(Ljava/lang/Object;)Z @ 5 c2
Event: 7.903 Thread 0x00000228d96ae000 DEOPT PACKING pc=0x00000228c8dc2c60 sp=0x000000545ddfc7a0
Event: 7.903 Thread 0x00000228d96ae000 DEOPT UNPACKING pc=0x00000228c12768a9 sp=0x000000545ddfc788 mode 2
Event: 8.064 Thread 0x00000228d96ae000 Uncommon trap: trap_request=0xffffff4d fr.pc=0x00000228c8d49ea4 relative=0x0000000000000464
Event: 8.064 Thread 0x00000228d96ae000 Uncommon trap: reason=unstable_if action=reinterpret pc=0x00000228c8d49ea4 method=java.util.Properties$LineReader.readLine()I @ 249 c2
Event: 8.064 Thread 0x00000228d96ae000 DEOPT PACKING pc=0x00000228c8d49ea4 sp=0x000000545ddfbbf0
Event: 8.064 Thread 0x00000228d96ae000 DEOPT UNPACKING pc=0x00000228c12768a9 sp=0x000000545ddfbb80 mode 2
Event: 8.803 Thread 0x00000228d96ae000 Uncommon trap: trap_request=0xffffff4d fr.pc=0x00000228c8ddfccc relative=0x000000000000020c
Event: 8.803 Thread 0x00000228d96ae000 Uncommon trap: reason=unstable_if action=reinterpret pc=0x00000228c8ddfccc method=java.util.HashMap.hash(Ljava/lang/Object;)I @ 1 c2
Event: 8.803 Thread 0x00000228d96ae000 DEOPT PACKING pc=0x00000228c8ddfccc sp=0x000000545ddf86d0
Event: 8.803 Thread 0x00000228d96ae000 DEOPT UNPACKING pc=0x00000228c12768a9 sp=0x000000545ddf8608 mode 2
Event: 8.825 Thread 0x00000228d96ae000 Uncommon trap: trap_request=0xffffff4d fr.pc=0x00000228c8ddaaac relative=0x000000000000008c
Event: 8.825 Thread 0x00000228d96ae000 Uncommon trap: reason=unstable_if action=reinterpret pc=0x00000228c8ddaaac method=java.util.HashMap.hash(Ljava/lang/Object;)I @ 1 c2
Event: 8.825 Thread 0x00000228d96ae000 DEOPT PACKING pc=0x00000228c8ddaaac sp=0x000000545ddf8000
Event: 8.825 Thread 0x00000228d96ae000 DEOPT UNPACKING pc=0x00000228c12768a9 sp=0x000000545ddf7f98 mode 2

Classes redefined (0 events):
No events

Internal exceptions (20 events):
Event: 6.560 Thread 0x00000228d96ae000 Exception <a 'java/lang/IncompatibleClassChangeError'{0x0000000083135f18}: Found class java.lang.Object, but interface was expected> (0x0000000083135f18) thrown at [./src/hotspot/share/interpreter/linkResolver.cpp, line 839]
Event: 6.733 Thread 0x00000228d96ae000 Exception <a 'java/lang/NoSuchMethodError'{0x0000000083ae9d00}: 'void java.lang.invoke.DirectMethodHandle$Holder.invokeSpecial(java.lang.Object, java.lang.Object)'> (0x0000000083ae9d00) thrown at [./src/hotspot/share/interpreter/linkResolver.cpp, line 773]
Event: 6.924 Thread 0x00000228d96ae000 Exception <a 'java/lang/NoSuchMethodError'{0x0000000082e9f648}: 'java.lang.Object java.lang.invoke.DirectMethodHandle$Holder.invokeVirtual(java.lang.Object, java.lang.Object, java.lang.Object, java.lang.Object)'> (0x0000000082e9f648) thrown at [./src/hotspot/share/interpreter/linkResolver.cpp, line 773]
Event: 7.399 Thread 0x00000228d96ae000 Exception <a 'java/lang/NoSuchMethodError'{0x0000000083bf2208}: 'void java.lang.invoke.DirectMethodHandle$Holder.invokeSpecial(java.lang.Object, java.lang.Object, java.lang.Object, java.lang.Object, java.lang.Object, java.lang.Object)'> (0x0000000083bf2208) thrown at [./src/hotspot/share/interpreter/linkResolver.cpp, line 773]
Event: 7.491 Thread 0x00000228d96ae000 Exception <a 'java/lang/NoSuchMethodError'{0x0000000083995a80}: 'java.lang.Object java.lang.invoke.Invokers$Holder.invoker(java.lang.Object, java.lang.Object, java.lang.Object)'> (0x0000000083995a80) thrown at [./src/hotspot/share/interpreter/linkResolver.cpp, line 773]
Event: 7.550 Thread 0x00000228d96ae000 Exception <a 'java/lang/NoSuchMethodError'{0x00000000838950f8}: 'void java.lang.invoke.DirectMethodHandle$Holder.invokeSpecial(java.lang.Object, java.lang.Object, java.lang.Object, java.lang.Object, java.lang.Object, java.lang.Object, java.lang.Object)'> (0x00000000838950f8) thrown at [./src/hotspot/share/interpreter/linkResolver.cpp, line 773]
Event: 7.551 Thread 0x00000228d96ae000 Exception <a 'java/lang/NoSuchMethodError'{0x000000008389d340}: 'java.lang.Object java.lang.invoke.Invokers$Holder.linkToTargetMethod(java.lang.Object, java.lang.Object, java.lang.Object, java.lang.Object, java.lang.Object, java.lang.Object)'> (0x000000008389d340) thrown at [./src/hotspot/share/interpreter/linkResolver.cpp, line 773]
Event: 7.591 Thread 0x00000228d96ae000 Exception <a 'java/lang/NoSuchMethodError'{0x00000000837c9640}: 'java.lang.Object java.lang.invoke.DirectMethodHandle$Holder.invokeVirtual(java.lang.Object, java.lang.Object, java.lang.Object, java.lang.Object, java.lang.Object, java.lang.Object, java.lang.Object, java.lang.Object, java.lang.Object, java.lang.Object, java.lang.Object, java.lang.Object, java.lang.Object, java.lang.Object, java.lang.Object, java.lang.Object, java.lang.Object)'> (0x00000000837c9640) thrown at [./src/hotspot/share/interpreter/
Event: 7.595 Thread 0x00000228d96ae000 Exception <a 'java/lang/NoSuchMethodError'{0x00000000837f8d30}: 'java.lang.Object java.lang.invoke.DirectMethodHandle$Holder.invokeSpecial(java.lang.Object, java.lang.Object, java.lang.Object, java.lang.Object, java.lang.Object, java.lang.Object, java.lang.Object, java.lang.Object, java.lang.Object)'> (0x00000000837f8d30) thrown at [./src/hotspot/share/interpreter/linkResolver.cpp, line 773]
Event: 7.897 Thread 0x00000228d96ae000 Exception <a 'java/lang/NoSuchMethodError'{0x0000000082eee3f8}: 'java.lang.Object java.lang.invoke.DirectMethodHandle$Holder.invokeStatic(java.lang.Object, java.lang.Object, java.lang.Object, int, java.lang.Object, java.lang.Object)'> (0x0000000082eee3f8) thrown at [./src/hotspot/share/interpreter/linkResolver.cpp, line 773]
Event: 7.898 Thread 0x00000228d96ae000 Exception <a 'java/lang/NoSuchMethodError'{0x0000000082ef5760}: 'java.lang.Object java.lang.invoke.Invokers$Holder.linkToTargetMethod(java.lang.Object, java.lang.Object, int, java.lang.Object, java.lang.Object, java.lang.Object)'> (0x0000000082ef5760) thrown at [./src/hotspot/share/interpreter/linkResolver.cpp, line 773]
Event: 8.018 Thread 0x00000228d96ae000 Exception <a 'java/lang/NoSuchMethodError'{0x0000000082c606f0}: 'void java.lang.invoke.DirectMethodHandle$Holder.invokeSpecial(java.lang.Object, java.lang.Object, java.lang.Object, java.lang.Object)'> (0x0000000082c606f0) thrown at [./src/hotspot/share/interpreter/linkResolver.cpp, line 773]
Event: 8.803 Thread 0x00000228d96ae000 Implicit null exception at 0x00000228c8ddfaf5 to 0x00000228c8ddfcbc
Event: 8.825 Thread 0x00000228d96ae000 Implicit null exception at 0x00000228c8ddaa2f to 0x00000228c8ddaa9d
Event: 9.375 Thread 0x00000228d96ae000 Exception <a 'java/lang/NoSuchMethodError'{0x0000000083958040}: 'java.lang.Object java.lang.invoke.DirectMethodHandle$Holder.invokeSpecialIFC(java.lang.Object, java.lang.Object, java.lang.Object, java.lang.Object)'> (0x0000000083958040) thrown at [./src/hotspot/share/interpreter/linkResolver.cpp, line 773]
Event: 9.400 Thread 0x00000228d96ae000 Exception <a 'java/lang/NoSuchMethodError'{0x000000008381cb68}: 'java.lang.Object java.lang.invoke.DirectMethodHandle$Holder.invokeSpecial(java.lang.Object, java.lang.Object, java.lang.Object, java.lang.Object, java.lang.Object, java.lang.Object, java.lang.Object, java.lang.Object, java.lang.Object, java.lang.Object, java.lang.Object, java.lang.Object, java.lang.Object)'> (0x000000008381cb68) thrown at [./src/hotspot/share/interpreter/linkResolver.cpp, line 773]
Event: 9.402 Thread 0x00000228d96ae000 Exception <a 'java/lang/NoSuchMethodError'{0x000000008382ddf0}: 'java.lang.Object java.lang.invoke.DirectMethodHandle$Holder.invokeSpecial(java.lang.Object, java.lang.Object, java.lang.Object, java.lang.Object, java.lang.Object, java.lang.Object, java.lang.Object, java.lang.Object, java.lang.Object, java.lang.Object, java.lang.Object, java.lang.Object)'> (0x000000008382ddf0) thrown at [./src/hotspot/share/interpreter/linkResolver.cpp, line 773]
Event: 9.403 Thread 0x00000228d96ae000 Exception <a 'java/lang/NoSuchMethodError'{0x0000000083832f18}: 'java.lang.Object java.lang.invoke.Invokers$Holder.linkToTargetMethod(java.lang.Object, java.lang.Object, java.lang.Object, java.lang.Object, java.lang.Object, java.lang.Object, java.lang.Object, java.lang.Object, java.lang.Object, java.lang.Object, java.lang.Object)'> (0x0000000083832f18) thrown at [./src/hotspot/share/interpreter/linkResolver.cpp, line 773]
Event: 9.439 Thread 0x00000228d96ae000 Exception <a 'java/lang/NoSuchMethodError'{0x0000000083738098}: 'java.lang.Object java.lang.invoke.DirectMethodHandle$Holder.invokeSpecial(java.lang.Object, java.lang.Object, java.lang.Object, java.lang.Object, java.lang.Object, java.lang.Object, java.lang.Object, java.lang.Object, java.lang.Object, java.lang.Object, java.lang.Object, java.lang.Object, java.lang.Object, java.lang.Object)'> (0x0000000083738098) thrown at [./src/hotspot/share/interpreter/linkResolver.cpp, line 773]
Event: 9.441 Thread 0x00000228d96ae000 Exception <a 'java/lang/NoSuchMethodError'{0x0000000083749690}: 'java.lang.Object java.lang.invoke.Invokers$Holder.linkToTargetMethod(java.lang.Object, java.lang.Object, java.lang.Object, java.lang.Object, java.lang.Object, java.lang.Object, java.lang.Object, java.lang.Object, java.lang.Object, java.lang.Object, java.lang.Object, java.lang.Object)'> (0x0000000083749690) thrown at [./src/hotspot/share/interpreter/linkResolver.cpp, line 773]

Events (20 events):
Event: 9.448 loading class org/gradle/api/internal/artifacts/ivyservice/modulecache/ResolvedArtifactCaches
Event: 9.448 loading class org/gradle/api/internal/artifacts/ivyservice/modulecache/ResolvedArtifactCaches done
Event: 9.449 loading class org/gradle/api/internal/artifacts/verification/signatures/DefaultSignatureVerificationServiceFactory
Event: 9.449 loading class org/gradle/api/internal/artifacts/verification/signatures/DefaultSignatureVerificationServiceFactory done
Event: 9.451 loading class org/gradle/internal/resource/connector/ResourceConnectorSpecification
Event: 9.451 loading class org/gradle/internal/resource/connector/ResourceConnectorSpecification done
Event: 9.451 loading class org/gradle/security/internal/PublicKeyService
Event: 9.451 loading class org/gradle/security/internal/PublicKeyService done
Event: 9.472 loading class org/gradle/api/internal/artifacts/verification/signatures/SignatureVerificationService
Event: 9.472 loading class org/gradle/api/internal/artifacts/verification/signatures/SignatureVerificationService done
Event: 9.488 loading class org/gradle/internal/service/ServiceRegistry
Event: 9.488 loading class org/gradle/internal/service/ServiceRegistry done
Event: 9.488 loading class org/gradle/api/internal/properties/GradleProperties
Event: 9.488 loading class org/gradle/api/internal/properties/GradleProperties done
Event: 9.488 loading class org/gradle/internal/service/ServiceRegistry
Event: 9.488 loading class org/gradle/internal/service/ServiceRegistry done
Event: 9.489 loading class org/gradle/api/internal/artifacts/ivyservice/ivyresolve/ModuleComponentRepository
Event: 9.489 loading class org/gradle/api/internal/artifacts/ivyservice/ivyresolve/ModuleComponentRepository done
Event: 9.489 loading class org/gradle/api/internal/artifacts/configurations/ResolutionStrategyInternal
Event: 9.489 loading class org/gradle/api/internal/artifacts/configurations/ResolutionStrategyInternal done


Dynamic libraries:
0x00007ff6d7c20000 - 0x00007ff6d7c2a000 	C:\Program Files\Android\Android Studio\jre\bin\java.exe
0x00007ffa34b10000 - 0x00007ffa34d05000 	C:\WINDOWS\SYSTEM32\ntdll.dll
0x00007ffa34130000 - 0x00007ffa341ed000 	C:\WINDOWS\System32\KERNEL32.DLL
0x00007ffa324f0000 - 0x00007ffa327b9000 	C:\WINDOWS\System32\KERNELBASE.dll
0x00007ffa322f0000 - 0x00007ffa323f0000 	C:\WINDOWS\System32\ucrtbase.dll
0x00007ffa0ed70000 - 0x00007ffa0ed89000 	C:\Program Files\Android\Android Studio\jre\bin\jli.dll
0x00007ffa332b0000 - 0x00007ffa33450000 	C:\WINDOWS\System32\USER32.dll
0x00007ffa329b0000 - 0x00007ffa329d2000 	C:\WINDOWS\System32\win32u.dll
0x00007ffa33930000 - 0x00007ffa3395a000 	C:\WINDOWS\System32\GDI32.dll
0x00007ffa327c0000 - 0x00007ffa328cb000 	C:\WINDOWS\System32\gdi32full.dll
0x00007ffa32450000 - 0x00007ffa324ed000 	C:\WINDOWS\System32\msvcp_win.dll
0x00007ff9f4f10000 - 0x00007ff9f4f27000 	C:\Program Files\Android\Android Studio\jre\bin\VCRUNTIME140.dll
0x00007ffa11110000 - 0x00007ffa113aa000 	C:\WINDOWS\WinSxS\amd64_microsoft.windows.common-controls_6595b64144ccf1df_6.0.19041.1110_none_60b5254171f9507e\COMCTL32.dll
0x00007ffa34090000 - 0x00007ffa3412e000 	C:\WINDOWS\System32\msvcrt.dll
0x00007ffa342a0000 - 0x00007ffa342d0000 	C:\WINDOWS\System32\IMM32.DLL
0x00007ff9ef830000 - 0x00007ff9ef8cd000 	C:\Program Files\Android\Android Studio\jre\bin\msvcp140.dll
0x00007ff9eb2b0000 - 0x00007ff9ebd6c000 	C:\Program Files\Android\Android Studio\jre\bin\server\jvm.dll
0x00007ffa34570000 - 0x00007ffa3461c000 	C:\WINDOWS\System32\ADVAPI32.dll
0x00007ffa34730000 - 0x00007ffa347cb000 	C:\WINDOWS\System32\sechost.dll
0x00007ffa342e0000 - 0x00007ffa3440a000 	C:\WINDOWS\System32\RPCRT4.dll
0x00007ffa34410000 - 0x00007ffa34418000 	C:\WINDOWS\System32\PSAPI.DLL
0x00007ffa10dc0000 - 0x00007ffa10dc9000 	C:\WINDOWS\SYSTEM32\WSOCK32.dll
0x00007ffa33dd0000 - 0x00007ffa33e3b000 	C:\WINDOWS\System32\WS2_32.dll
0x00007ffa29290000 - 0x00007ffa2929a000 	C:\WINDOWS\SYSTEM32\VERSION.dll
0x00007ffa0bd40000 - 0x00007ffa0bd67000 	C:\WINDOWS\SYSTEM32\WINMM.dll
0x00007ffa30330000 - 0x00007ffa30342000 	C:\WINDOWS\SYSTEM32\kernel.appcore.dll
0x00007ffa0aff0000 - 0x00007ffa0b001000 	C:\Program Files\Android\Android Studio\jre\bin\verify.dll
0x00007ffa30120000 - 0x00007ffa30304000 	C:\WINDOWS\SYSTEM32\DBGHELP.DLL
0x00007ffa28fc0000 - 0x00007ffa28fec000 	C:\WINDOWS\SYSTEM32\dbgcore.DLL
0x00007ffa328d0000 - 0x00007ffa32953000 	C:\WINDOWS\System32\bcryptPrimitives.dll
0x00007ff9fa110000 - 0x00007ff9fa139000 	C:\Program Files\Android\Android Studio\jre\bin\java.dll
0x00007ffa071a0000 - 0x00007ffa071ab000 	C:\Program Files\Android\Android Studio\jre\bin\jimage.dll
0x00007ff9fa090000 - 0x00007ff9fa0a8000 	C:\Program Files\Android\Android Studio\jre\bin\zip.dll
0x00007ffa32b70000 - 0x00007ffa332af000 	C:\WINDOWS\System32\SHELL32.dll
0x00007ffa30350000 - 0x00007ffa30ae0000 	C:\WINDOWS\SYSTEM32\windows.storage.dll
0x00007ffa33a70000 - 0x00007ffa33dc5000 	C:\WINDOWS\System32\combase.dll
0x00007ffa31c30000 - 0x00007ffa31c5c000 	C:\WINDOWS\SYSTEM32\Wldp.dll
0x00007ffa34620000 - 0x00007ffa346ce000 	C:\WINDOWS\System32\SHCORE.dll
0x00007ffa34a70000 - 0x00007ffa34ac5000 	C:\WINDOWS\System32\shlwapi.dll
0x00007ffa32180000 - 0x00007ffa3219f000 	C:\WINDOWS\SYSTEM32\profapi.dll
0x00007ff9fa070000 - 0x00007ff9fa08a000 	C:\Program Files\Android\Android Studio\jre\bin\net.dll
0x00007ffa15b70000 - 0x00007ffa15c78000 	C:\WINDOWS\SYSTEM32\WINHTTP.dll
0x00007ffa31930000 - 0x00007ffa3199a000 	C:\WINDOWS\system32\mswsock.dll
0x00007ff9f9b40000 - 0x00007ff9f9b54000 	C:\Program Files\Android\Android Studio\jre\bin\nio.dll
0x00007ffa02720000 - 0x00007ffa02747000 	C:\Users\user\.gradle\native\fdc75f09e3144964f2cf3f50f0aa648679c211496f362492102eb8c894070792\windows-amd64\native-platform.dll
0x00007ff9e81c0000 - 0x00007ff9e8356000 	C:\Users\user\.gradle\native\12488b8bf47d2d4c9fbf2f6322a914ad602e24e48041cd04a747c6da556b65c4\windows-amd64\native-platform-file-events.dll
0x00007ffa00710000 - 0x00007ffa0071a000 	C:\Program Files\Android\Android Studio\jre\bin\management.dll
0x00007ff9fa060000 - 0x00007ff9fa06c000 	C:\Program Files\Android\Android Studio\jre\bin\management_ext.dll
0x00007ffa31b20000 - 0x00007ffa31b38000 	C:\WINDOWS\SYSTEM32\CRYPTSP.dll
0x00007ffa312b0000 - 0x00007ffa312e4000 	C:\WINDOWS\system32\rsaenh.dll
0x00007ffa329e0000 - 0x00007ffa32a07000 	C:\WINDOWS\System32\bcrypt.dll
0x00007ffa32140000 - 0x00007ffa3216e000 	C:\WINDOWS\SYSTEM32\USERENV.dll
0x00007ffa31b40000 - 0x00007ffa31b4c000 	C:\WINDOWS\SYSTEM32\CRYPTBASE.dll
0x00007ffa31620000 - 0x00007ffa3165b000 	C:\WINDOWS\SYSTEM32\IPHLPAPI.DLL
0x00007ffa34980000 - 0x00007ffa34988000 	C:\WINDOWS\System32\NSI.dll
0x00007ffa27950000 - 0x00007ffa27967000 	C:\WINDOWS\SYSTEM32\dhcpcsvc6.DLL
0x00007ffa28490000 - 0x00007ffa284ad000 	C:\WINDOWS\SYSTEM32\dhcpcsvc.DLL
0x00007ffa31660000 - 0x00007ffa3172c000 	C:\WINDOWS\SYSTEM32\DNSAPI.dll
0x00007ffa2b020000 - 0x00007ffa2b02b000 	C:\WINDOWS\SYSTEM32\WINNSI.DLL

dbghelp: loaded successfully - version: 4.0.5 - missing functions: none
symbol engine: initialized successfully - sym options: 0x614 - pdb path: .;C:\Program Files\Android\Android Studio\jre\bin;C:\WINDOWS\SYSTEM32;C:\WINDOWS\WinSxS\amd64_microsoft.windows.common-controls_6595b64144ccf1df_6.0.19041.1110_none_60b5254171f9507e;C:\Program Files\Android\Android Studio\jre\bin\server;C:\Users\user\.gradle\native\fdc75f09e3144964f2cf3f50f0aa648679c211496f362492102eb8c894070792\windows-amd64;C:\Users\user\.gradle\native\12488b8bf47d2d4c9fbf2f6322a914ad602e24e48041cd04a747c6da556b65c4\windows-amd64

VM Arguments:
jvm_args: --add-opens=java.base/java.util=ALL-UNNAMED --add-opens=java.base/java.lang=ALL-UNNAMED --add-opens=java.base/java.lang.invoke=ALL-UNNAMED --add-opens=java.prefs/java.util.prefs=ALL-UNNAMED -Xmx2048m -Dfile.encoding=UTF-8 -Duser.country=EC -Duser.language=es -Duser.variant 
java_command: org.gradle.launcher.daemon.bootstrap.GradleDaemon 6.7.1
java_class_path (initial): C:\Users\user\.gradle\wrapper\dists\gradle-6.7.1-bin\bwlcbys1h7rz3272sye1xwiv6\gradle-6.7.1\lib\gradle-launcher-6.7.1.jar
Launcher Type: SUN_STANDARD

[Global flags]
     intx CICompilerCount                          = 3                                         {product} {ergonomic}
     uint ConcGCThreads                            = 1                                         {product} {ergonomic}
     uint G1ConcRefinementThreads                  = 4                                         {product} {ergonomic}
   size_t G1HeapRegionSize                         = 1048576                                   {product} {ergonomic}
    uintx GCDrainStackTargetSize                   = 64                                        {product} {ergonomic}
   size_t InitialHeapSize                          = 65011712                                  {product} {ergonomic}
   size_t MarkStackSize                            = 4194304                                   {product} {ergonomic}
   size_t MaxHeapSize                              = 2147483648                                {product} {command line}
   size_t MaxNewSize                               = 1287651328                                {product} {ergonomic}
   size_t MinHeapDeltaBytes                        = 1048576                                   {product} {ergonomic}
    uintx NonNMethodCodeHeapSize                   = 5830732                                {pd product} {ergonomic}
    uintx NonProfiledCodeHeapSize                  = 122913754                              {pd product} {ergonomic}
    uintx ProfiledCodeHeapSize                     = 122913754                              {pd product} {ergonomic}
    uintx ReservedCodeCacheSize                    = 251658240                              {pd product} {ergonomic}
     bool SegmentedCodeCache                       = true                                      {product} {ergonomic}
     bool UseCompressedClassPointers               = true                                 {lp64_product} {ergonomic}
     bool UseCompressedOops                        = true                                 {lp64_product} {ergonomic}
     bool UseG1GC                                  = true                                      {product} {ergonomic}
     bool UseLargePagesIndividualAllocation        = false                                  {pd product} {ergonomic}

Logging:
Log output configuration:
 #0: stdout all=warning uptime,level,tags
 #1: stderr all=off uptime,level,tags

Environment Variables:
PATH=C:\Program Files (x86)\Common Files\Oracle\Java\javapath;C:\ProgramData\Oracle\Java\javapath;C:\Program Files (x86)\Intel\TXE Components\iCLS\;C:\Program Files\Intel\TXE Components\iCLS\;C:\WINDOWS\system32;C:\WINDOWS;C:\WINDOWS\System32\Wbem;C:\WINDOWS\System32\WindowsPowerShell\v1.0\;C:\Program Files\Intel\TXE Components\DAL\;C:\Program Files (x86)\Intel\TXE Components\DAL\;C:\Program Files\Intel\TXE Components\IPT\;C:\Program Files (x86)\Intel\TXE Components\IPT\;C:\WINDOWS\System32\OpenSSH\;C:\xampp\php;C:\ProgramData\ComposerSetup\bin;C:\Program Files\Java\jdk1.8.0_241\bin;C:\Users\user\AppData\Local\Programs\Python\Python39\Scripts\;C:\Users\user\AppData\Local\Programs\Python\Python39\;C:\Users\user\AppData\Local\Microsoft\WindowsApps;C:\Users\user\AppData\Roaming\Composer\vendor\bin;
USERNAME=user
OS=Windows_NT
PROCESSOR_IDENTIFIER=Intel64 Family 6 Model 122 Stepping 1, GenuineIntel



---------------  S Y S T E M  ---------------

OS: Windows 10 , 64 bit Build 19041 (10.0.19041.1151)
OS uptime: 0 days 9:56 hours

CPU:total 4 (initial active 4) (4 cores per cpu, 1 threads per core) family 6 model 122 stepping 1, cmov, cx8, fxsr, mmx, sse, sse2, sse3, ssse3, sse4.1, sse4.2, popcnt, aes, clmul, erms, 3dnowpref, tsc, tscinvbit, sha

Memory: 4k page, system-wide physical 3918M (312M free)
TotalPageFile size 6888M (AvailPageFile size 4M)
current process WorkingSet (physical memory assigned to process): 150M, peak: 150M
current process commit charge ("private bytes"): 197M, peak: 198M

vm_info: OpenJDK 64-Bit Server VM (11.0.8+10-b944.6842174) for windows-amd64 JRE (11.0.8+10-b944.6842174), built on Sep 19 2020 01:11:42 by "builder" with MS VC++ 14.0 (VS2015)

END.
