#
# There is insufficient memory for the Java Runtime Environment to continue.
# Native memory allocation (malloc) failed to allocate 2039216 bytes for Chunk::new
# Possible reasons:
#   The system is out of physical RAM or swap space
#   The process is running with CompressedOops enabled, and the Java Heap may be blocking the growth of the native heap
# Possible solutions:
#   Reduce memory load on the system
#   Increase physical memory or swap space
#   Check if swap backing store is full
#   Decrease Java heap size (-Xmx/-Xms)
#   Decrease number of Java threads
#   Decrease Java thread stack sizes (-Xss)
#   Set larger code cache with -XX:ReservedCodeCacheSize=
#   JVM is running with Unscaled Compressed Oops mode in which the Java heap is
#     placed in the first 4GB address space. The Java Heap base address is the
#     maximum limit for the native heap growth. Please use -XX:HeapBaseMinAddress
#     to set the Java Heap base and to place the Java Heap above 4GB virtual address.
# This output file may be truncated or incomplete.
#
#  Out of Memory Error (./src/hotspot/share/memory/arena.cpp:197), pid=3152, tid=8264
#
# JRE version: OpenJDK Runtime Environment (11.0.8+10) (build 11.0.8+10-b944.6842174)
# Java VM: OpenJDK 64-Bit Server VM (11.0.8+10-b944.6842174, mixed mode, tiered, compressed oops, g1 gc, windows-amd64)
# No core dump will be written. Minidumps are not enabled by default on client versions of Windows
#

---------------  S U M M A R Y ------------

Command Line: --add-opens=java.base/java.util=ALL-UNNAMED --add-opens=java.base/java.lang=ALL-UNNAMED --add-opens=java.base/java.lang.invoke=ALL-UNNAMED --add-opens=java.prefs/java.util.prefs=ALL-UNNAMED -Xmx2048m -Dfile.encoding=UTF-8 -Duser.country=EC -Duser.language=es -Duser.variant org.gradle.launcher.daemon.bootstrap.GradleDaemon 6.7.1

Host: Intel(R) Celeron(R) N4100 CPU @ 1.10GHz, 4 cores, 3G,  Windows 10 , 64 bit Build 19041 (10.0.19041.928)
Time: Sun May 16 01:46:02 2021 Hora est. Pacífico, Sudamérica elapsed time: 1912 seconds (0d 0h 31m 52s)

---------------  T H R E A D  ---------------

Current thread (0x00000138fd736000):  JavaThread "C2 CompilerThread0" daemon [_thread_in_native, id=8264, stack(0x000000029a100000,0x000000029a200000)]


Current CompileTask:
C2:1912083 19045       4       com.google.common.reflect.TypeResolver::resolveType (74 bytes)

Stack: [0x000000029a100000,0x000000029a200000]
Native frames: (J=compiled Java code, j=interpreted, Vv=VM code, C=native code)
V  [jvm.dll+0x5de50a]
V  [jvm.dll+0x7122f5]
V  [jvm.dll+0x71384d]
V  [jvm.dll+0x713f03]
V  [jvm.dll+0x23e728]
V  [jvm.dll+0xb899c]
V  [jvm.dll+0xb8e9c]
V  [jvm.dll+0x35024d]
V  [jvm.dll+0x31dea3]
V  [jvm.dll+0x31d39a]
V  [jvm.dll+0x1f7702]
V  [jvm.dll+0x1f68d4]
V  [jvm.dll+0x17f32c]
V  [jvm.dll+0x205047]
V  [jvm.dll+0x203891]
V  [jvm.dll+0x6dad3f]
V  [jvm.dll+0x6d3895]
V  [jvm.dll+0x5dd4a6]
C  [ucrtbase.dll+0x21bb2]
C  [KERNEL32.DLL+0x17034]
C  [ntdll.dll+0x52651]


---------------  P R O C E S S  ---------------

Threads class SMR info:
_java_thread_list=0x00000138940b0400, length=134, elements={
0x00000138f2529800, 0x00000138fd6d7800, 0x00000138fd6da800, 0x00000138fd733800,
0x00000138fd734000, 0x00000138fd736000, 0x00000138fd73a800, 0x00000138fd73f800,
0x00000138fe1cc800, 0x00000138fe201000, 0x00000138fe6b1000, 0x00000138ff301800,
0x00000138ff2fd800, 0x00000138fe0b9800, 0x00000138fe0bb000, 0x00000138fe0ba000,
0x000001388f277800, 0x000001388f27a800, 0x000001388f553000, 0x0000013894b18000,
0x00000138983c2800, 0x00000138983c0000, 0x00000138983c5000, 0x00000138983c6000,
0x00000138983c3800, 0x00000138983c4800, 0x00000138983c2000, 0x00000138983c7000,
0x00000138983c1000, 0x00000138983ca000, 0x00000138983cc800, 0x00000138983c8800,
0x00000138983cd800, 0x00000138983c9000, 0x00000138983cb000, 0x00000138983cb800,
0x00000138983c7800, 0x00000138983ce000, 0x00000138983cf000, 0x000001388f548800,
0x000001388f549000, 0x000001388f546000, 0x000001388f54a000, 0x000001388f54b000,
0x000001388f547800, 0x000001388f54b800, 0x000001388f54c800, 0x000001388f546800,
0x000001388f54d000, 0x000001388f54e000, 0x000001388f554000, 0x000001388f54f800,
0x000001388f554800, 0x000001388f54f000, 0x000001388f552000, 0x000001388f550800,
0x000001388f551800, 0x000001388f27b800, 0x000001388f279000, 0x000001388f27c000,
0x000001388f279800, 0x000001388f276800, 0x000001388f27e000, 0x000001388f280000,
0x000001388f27e800, 0x000001388f27f800, 0x000001388f281000, 0x000001388f282800,
0x000001388f282000, 0x000001388f27d000, 0x000001388f283800, 0x000001388f284800,
0x000001388f285000, 0x0000013894b17000, 0x0000013894b12000, 0x0000013894b14000,
0x0000013894b16800, 0x0000013894b15800, 0x0000013894b19000, 0x0000013894b13000,
0x0000013894b1d000, 0x0000013894b1d800, 0x0000013894b19800, 0x0000013894b1b000,
0x0000013894b1e800, 0x0000013894b1c000, 0x0000013894b20000, 0x0000013894b1a800,
0x0000013894b21000, 0x00000138fe0b8800, 0x0000013895ed9000, 0x0000013895eda800,
0x0000013895edb800, 0x0000013895edd000, 0x0000013895edc000, 0x0000013895ed7800,
0x0000013895ede000, 0x0000013895ed8000, 0x0000013895ede800, 0x0000013895edf800,
0x0000013895ed9800, 0x0000013895ee2800, 0x0000013895ee5000, 0x0000013895ee6000,
0x0000013895ee4800, 0x0000013895ee0000, 0x0000013895ee3800, 0x0000013895ee1000,
0x0000013895ee2000, 0x0000013894427800, 0x0000013894428800, 0x0000013894425000,
0x0000013894429800, 0x000001389442a000, 0x000001389442b000, 0x0000013894426000,
0x000001389442c000, 0x000001389442c800, 0x0000013894427000, 0x0000013894431800,
0x0000013894433000, 0x000001389442d800, 0x0000013894432800, 0x0000013894434000,
0x000001389442e000, 0x0000013894430800, 0x000001389442f000, 0x0000013894430000,
0x00000138956c0000, 0x00000138956c3000, 0x00000138956c4800, 0x00000138956c0800,
0x00000138956c1800, 0x00000138956c5800
}

Java Threads: ( => current thread )
  0x00000138f2529800 JavaThread "main" [_thread_blocked, id=11780, stack(0x0000000299600000,0x0000000299700000)]
  0x00000138fd6d7800 JavaThread "Reference Handler" daemon [_thread_blocked, id=1456, stack(0x0000000299d00000,0x0000000299e00000)]
  0x00000138fd6da800 JavaThread "Finalizer" daemon [_thread_blocked, id=3516, stack(0x0000000299e00000,0x0000000299f00000)]
  0x00000138fd733800 JavaThread "Signal Dispatcher" daemon [_thread_blocked, id=13452, stack(0x0000000299f00000,0x000000029a000000)]
  0x00000138fd734000 JavaThread "Attach Listener" daemon [_thread_blocked, id=14244, stack(0x000000029a000000,0x000000029a100000)]
=>0x00000138fd736000 JavaThread "C2 CompilerThread0" daemon [_thread_in_native, id=8264, stack(0x000000029a100000,0x000000029a200000)]
  0x00000138fd73a800 JavaThread "C1 CompilerThread0" daemon [_thread_blocked, id=712, stack(0x000000029a200000,0x000000029a300000)]
  0x00000138fd73f800 JavaThread "Sweeper thread" daemon [_thread_blocked, id=12248, stack(0x000000029a300000,0x000000029a400000)]
  0x00000138fe1cc800 JavaThread "Common-Cleaner" daemon [_thread_blocked, id=12208, stack(0x000000029a400000,0x000000029a500000)]
  0x00000138fe201000 JavaThread "Service Thread" daemon [_thread_blocked, id=7468, stack(0x000000029a500000,0x000000029a600000)]
  0x00000138fe6b1000 JavaThread "Daemon health stats" [_thread_blocked, id=12768, stack(0x000000029a700000,0x000000029a800000)]
  0x00000138ff301800 JavaThread "Incoming local TCP Connector on port 52838" [_thread_in_native, id=2880, stack(0x000000029ad00000,0x000000029ae00000)]
  0x00000138ff2fd800 JavaThread "Daemon periodic checks" [_thread_blocked, id=10924, stack(0x000000029ae00000,0x000000029af00000)]
  0x00000138fe0b9800 JavaThread "Cache worker for file hash cache (C:\Users\user\.gradle\caches\6.7.1\fileHashes)" [_thread_blocked, id=7068, stack(0x000000029b600000,0x000000029b700000)]
  0x00000138fe0bb000 JavaThread "File lock request listener" [_thread_in_native, id=2712, stack(0x000000029b700000,0x000000029b800000)]
  0x00000138fe0ba000 JavaThread "Cache worker for journal cache (C:\Users\user\.gradle\caches\journal-1)" [_thread_blocked, id=284, stack(0x000000029b800000,0x000000029b900000)]
  0x000001388f277800 JavaThread "Cache worker for execution history cache (C:\Users\user\.gradle\caches\6.7.1\executionHistory)" [_thread_blocked, id=6916, stack(0x000000029bd00000,0x000000029be00000)]
  0x000001388f27a800 JavaThread "Cache worker for file content cache (C:\Users\user\.gradle\caches\6.7.1\fileContent)" [_thread_blocked, id=12756, stack(0x000000029bf00000,0x000000029c000000)]
  0x000001388f553000 JavaThread "Memory manager" [_thread_blocked, id=8912, stack(0x00000002a2500000,0x00000002a2600000)]
  0x0000013894b18000 JavaThread "Cache worker for Java compile cache (C:\Users\user\.gradle\caches\6.7.1\javaCompile)" [_thread_blocked, id=12068, stack(0x000000029c600000,0x000000029c700000)]
  0x00000138983c2800 JavaThread "ForkJoinPool.commonPool-worker-5" daemon [_thread_blocked, id=6836, stack(0x00000002a2e00000,0x00000002a2f00000)]
  0x00000138983c0000 JavaThread "Daemon Thread 6" [_thread_blocked, id=13672, stack(0x0000000299300000,0x0000000299400000)]
  0x00000138983c5000 JavaThread "Handler for socket connection from /127.0.0.1:52838 to /127.0.0.1:53005" [_thread_in_native, id=10224, stack(0x0000000299400000,0x0000000299500000)]
  0x00000138983c6000 JavaThread "Cancel handler" [_thread_blocked, id=5996, stack(0x0000000299500000,0x0000000299600000)]
  0x00000138983c3800 JavaThread "Daemon worker Thread 6" [_thread_in_vm, id=5064, stack(0x000000029ab00000,0x000000029ac00000)]
  0x00000138983c4800 JavaThread "Asynchronous log dispatcher for DefaultDaemonConnection: socket connection from /127.0.0.1:52838 to /127.0.0.1:53005" [_thread_blocked, id=2872, stack(0x000000029ac00000,0x000000029ad00000)]
  0x00000138983c2000 JavaThread "Stdin handler" [_thread_blocked, id=11844, stack(0x000000029af00000,0x000000029b000000)]
  0x00000138983c7000 JavaThread "Thread-636" [_thread_blocked, id=7716, stack(0x000000029b000000,0x000000029b100000)]
  0x00000138983c1000 JavaThread "Cache worker for file hash cache (C:\Users\user\AndroidStudioProjects\uepjm\.gradle\6.7.1\fileHashes)" [_thread_blocked, id=12920, stack(0x000000029b100000,0x000000029b200000)]
  0x00000138983ca000 JavaThread "Cache worker for checksums cache (C:\Users\user\AndroidStudioProjects\uepjm\.gradle\checksums)" [_thread_blocked, id=9400, stack(0x000000029b200000,0x000000029b300000)]
  0x00000138983cc800 JavaThread "Cache worker for cache directory md-supplier (C:\Users\user\.gradle\caches\6.7.1\md-supplier)" [_thread_blocked, id=14096, stack(0x000000029b300000,0x000000029b400000)]
  0x00000138983c8800 JavaThread "Cache worker for cache directory md-rule (C:\Users\user\.gradle\caches\6.7.1\md-rule)" [_thread_blocked, id=6044, stack(0x000000029b400000,0x000000029b500000)]
  0x00000138983cd800 JavaThread "Cache worker for Build Output Cleanup Cache (C:\Users\user\AndroidStudioProjects\uepjm\.gradle\buildOutputCleanup)" [_thread_blocked, id=12524, stack(0x000000029b500000,0x000000029b600000)]
  0x00000138983c9000 JavaThread "Build operations" [_thread_blocked, id=13072, stack(0x000000029b900000,0x000000029ba00000)]
  0x00000138983cb000 JavaThread "Build operations Thread 2" [_thread_blocked, id=13324, stack(0x000000029ba00000,0x000000029bb00000)]
  0x00000138983cb800 JavaThread "Build operations Thread 3" [_thread_blocked, id=3096, stack(0x000000029bb00000,0x000000029bc00000)]
  0x00000138983c7800 JavaThread "Build operations Thread 4" [_thread_blocked, id=11824, stack(0x000000029bc00000,0x000000029bd00000)]
  0x00000138983ce000 JavaThread "jar transforms Thread 486" [_thread_blocked, id=1588, stack(0x000000029be00000,0x000000029bf00000)]
  0x00000138983cf000 JavaThread "jar transforms Thread 487" [_thread_blocked, id=10836, stack(0x000000029c000000,0x000000029c100000)]
  0x000001388f548800 JavaThread "jar transforms Thread 488" [_thread_blocked, id=9044, stack(0x000000029c100000,0x000000029c200000)]
  0x000001388f549000 JavaThread "jar transforms Thread 489" [_thread_blocked, id=6524, stack(0x000000029c200000,0x000000029c300000)]
  0x000001388f546000 JavaThread "jar transforms Thread 490" [_thread_blocked, id=11484, stack(0x000000029c300000,0x000000029c400000)]
  0x000001388f54a000 JavaThread "jar transforms Thread 491" [_thread_blocked, id=12400, stack(0x000000029c400000,0x000000029c500000)]
  0x000001388f54b000 JavaThread "jar transforms Thread 492" [_thread_blocked, id=12604, stack(0x000000029c500000,0x000000029c600000)]
  0x000001388f547800 JavaThread "jar transforms Thread 493" [_thread_blocked, id=7176, stack(0x000000029c700000,0x000000029c800000)]
  0x000001388f54b800 JavaThread "jar transforms Thread 494" [_thread_blocked, id=11016, stack(0x000000029c800000,0x000000029c900000)]
  0x000001388f54c800 JavaThread "jar transforms Thread 495" [_thread_blocked, id=6436, stack(0x000000029c900000,0x000000029ca00000)]
  0x000001388f546800 JavaThread "jar transforms Thread 496" [_thread_blocked, id=12852, stack(0x000000029ca00000,0x000000029cb00000)]
  0x000001388f54d000 JavaThread "jar transforms Thread 497" [_thread_blocked, id=14124, stack(0x000000029cb00000,0x000000029cc00000)]
  0x000001388f54e000 JavaThread "jar transforms Thread 498" [_thread_blocked, id=13016, stack(0x000000029cc00000,0x000000029cd00000)]
  0x000001388f554000 JavaThread "jar transforms Thread 499" [_thread_blocked, id=11108, stack(0x000000029cd00000,0x000000029ce00000)]
  0x000001388f54f800 JavaThread "jar transforms Thread 500" [_thread_blocked, id=13860, stack(0x000000029ce00000,0x000000029cf00000)]
  0x000001388f554800 JavaThread "jar transforms Thread 501" [_thread_blocked, id=8076, stack(0x000000029cf00000,0x000000029d000000)]
  0x000001388f54f000 JavaThread "jar transforms Thread 502" [_thread_blocked, id=12824, stack(0x000000029d000000,0x000000029d100000)]
  0x000001388f552000 JavaThread "jar transforms Thread 503" [_thread_blocked, id=5388, stack(0x000000029d100000,0x000000029d200000)]
  0x000001388f550800 JavaThread "jar transforms Thread 504" [_thread_blocked, id=13776, stack(0x000000029d200000,0x000000029d300000)]
  0x000001388f551800 JavaThread "jar transforms Thread 505" [_thread_blocked, id=3092, stack(0x000000029d300000,0x000000029d400000)]
  0x000001388f27b800 JavaThread "jar transforms Thread 506" [_thread_blocked, id=12992, stack(0x000000029d400000,0x000000029d500000)]
  0x000001388f279000 JavaThread "jar transforms Thread 507" [_thread_blocked, id=12544, stack(0x000000029d500000,0x000000029d600000)]
  0x000001388f27c000 JavaThread "jar transforms Thread 508" [_thread_blocked, id=10528, stack(0x000000029d600000,0x000000029d700000)]
  0x000001388f279800 JavaThread "jar transforms Thread 509" [_thread_blocked, id=9992, stack(0x000000029d700000,0x000000029d800000)]
  0x000001388f276800 JavaThread "jar transforms Thread 510" [_thread_blocked, id=12272, stack(0x000000029d800000,0x000000029d900000)]
  0x000001388f27e000 JavaThread "jar transforms Thread 511" [_thread_blocked, id=12880, stack(0x000000029d900000,0x000000029da00000)]
  0x000001388f280000 JavaThread "jar transforms Thread 512" [_thread_blocked, id=12708, stack(0x000000029da00000,0x000000029db00000)]
  0x000001388f27e800 JavaThread "jar transforms Thread 513" [_thread_blocked, id=9176, stack(0x000000029db00000,0x000000029dc00000)]
  0x000001388f27f800 JavaThread "jar transforms Thread 514" [_thread_blocked, id=5956, stack(0x000000029dc00000,0x000000029dd00000)]
  0x000001388f281000 JavaThread "jar transforms Thread 515" [_thread_blocked, id=6196, stack(0x000000029dd00000,0x000000029de00000)]
  0x000001388f282800 JavaThread "jar transforms Thread 516" [_thread_blocked, id=3228, stack(0x000000029de00000,0x000000029df00000)]
  0x000001388f282000 JavaThread "jar transforms Thread 517" [_thread_blocked, id=1920, stack(0x000000029df00000,0x000000029e000000)]
  0x000001388f27d000 JavaThread "jar transforms Thread 518" [_thread_blocked, id=11692, stack(0x000000029e000000,0x000000029e100000)]
  0x000001388f283800 JavaThread "jar transforms Thread 519" [_thread_blocked, id=11504, stack(0x000000029e100000,0x000000029e200000)]
  0x000001388f284800 JavaThread "jar transforms Thread 520" [_thread_blocked, id=6624, stack(0x000000029e200000,0x000000029e300000)]
  0x000001388f285000 JavaThread "jar transforms Thread 521" [_thread_blocked, id=3416, stack(0x000000029e300000,0x000000029e400000)]
  0x0000013894b17000 JavaThread "jar transforms Thread 522" [_thread_blocked, id=7548, stack(0x000000029e400000,0x000000029e500000)]
  0x0000013894b12000 JavaThread "jar transforms Thread 523" [_thread_blocked, id=12348, stack(0x000000029e500000,0x000000029e600000)]
  0x0000013894b14000 JavaThread "jar transforms Thread 524" [_thread_blocked, id=13036, stack(0x000000029e600000,0x000000029e700000)]
  0x0000013894b16800 JavaThread "jar transforms Thread 525" [_thread_blocked, id=11312, stack(0x000000029e700000,0x000000029e800000)]
  0x0000013894b15800 JavaThread "jar transforms Thread 526" [_thread_blocked, id=8712, stack(0x000000029e800000,0x000000029e900000)]
  0x0000013894b19000 JavaThread "jar transforms Thread 527" [_thread_blocked, id=8156, stack(0x000000029e900000,0x000000029ea00000)]
  0x0000013894b13000 JavaThread "jar transforms Thread 528" [_thread_blocked, id=10856, stack(0x000000029ea00000,0x000000029eb00000)]
  0x0000013894b1d000 JavaThread "jar transforms Thread 529" [_thread_blocked, id=8300, stack(0x000000029eb00000,0x000000029ec00000)]
  0x0000013894b1d800 JavaThread "jar transforms Thread 530" [_thread_blocked, id=2900, stack(0x000000029ec00000,0x000000029ed00000)]
  0x0000013894b19800 JavaThread "jar transforms Thread 531" [_thread_blocked, id=12764, stack(0x000000029ed00000,0x000000029ee00000)]
  0x0000013894b1b000 JavaThread "jar transforms Thread 532" [_thread_blocked, id=3148, stack(0x000000029ee00000,0x000000029ef00000)]
  0x0000013894b1e800 JavaThread "jar transforms Thread 533" [_thread_blocked, id=5748, stack(0x000000029ef00000,0x000000029f000000)]
  0x0000013894b1c000 JavaThread "jar transforms Thread 534" [_thread_blocked, id=5252, stack(0x000000029f000000,0x000000029f100000)]
  0x0000013894b20000 JavaThread "jar transforms Thread 535" [_thread_blocked, id=9916, stack(0x000000029f100000,0x000000029f200000)]
  0x0000013894b1a800 JavaThread "jar transforms Thread 536" [_thread_blocked, id=6056, stack(0x000000029f200000,0x000000029f300000)]
  0x0000013894b21000 JavaThread "jar transforms Thread 537" [_thread_blocked, id=1652, stack(0x000000029f300000,0x000000029f400000)]
  0x00000138fe0b8800 JavaThread "jar transforms Thread 538" [_thread_blocked, id=3524, stack(0x000000029f400000,0x000000029f500000)]
  0x0000013895ed9000 JavaThread "jar transforms Thread 539" [_thread_blocked, id=13348, stack(0x000000029f500000,0x000000029f600000)]
  0x0000013895eda800 JavaThread "jar transforms Thread 540" [_thread_blocked, id=7184, stack(0x000000029f600000,0x000000029f700000)]
  0x0000013895edb800 JavaThread "jar transforms Thread 541" [_thread_blocked, id=6228, stack(0x000000029f700000,0x000000029f800000)]
  0x0000013895edd000 JavaThread "jar transforms Thread 542" [_thread_blocked, id=7296, stack(0x000000029f800000,0x000000029f900000)]
  0x0000013895edc000 JavaThread "jar transforms Thread 543" [_thread_blocked, id=3308, stack(0x000000029f900000,0x000000029fa00000)]
  0x0000013895ed7800 JavaThread "jar transforms Thread 544" [_thread_blocked, id=7832, stack(0x000000029fa00000,0x000000029fb00000)]
  0x0000013895ede000 JavaThread "jar transforms Thread 545" [_thread_blocked, id=13124, stack(0x000000029fb00000,0x000000029fc00000)]
  0x0000013895ed8000 JavaThread "jar transforms Thread 546" [_thread_blocked, id=13916, stack(0x000000029fc00000,0x000000029fd00000)]
  0x0000013895ede800 JavaThread "jar transforms Thread 547" [_thread_blocked, id=8268, stack(0x000000029fd00000,0x000000029fe00000)]
  0x0000013895edf800 JavaThread "jar transforms Thread 548" [_thread_blocked, id=5144, stack(0x000000029fe00000,0x000000029ff00000)]
  0x0000013895ed9800 JavaThread "jar transforms Thread 549" [_thread_blocked, id=11528, stack(0x000000029ff00000,0x00000002a0000000)]
  0x0000013895ee2800 JavaThread "jar transforms Thread 550" [_thread_blocked, id=2508, stack(0x00000002a0000000,0x00000002a0100000)]
  0x0000013895ee5000 JavaThread "jar transforms Thread 551" [_thread_blocked, id=7272, stack(0x00000002a0100000,0x00000002a0200000)]
  0x0000013895ee6000 JavaThread "jar transforms Thread 552" [_thread_blocked, id=6644, stack(0x00000002a0200000,0x00000002a0300000)]
  0x0000013895ee4800 JavaThread "jar transforms Thread 553" [_thread_blocked, id=11924, stack(0x00000002a0300000,0x00000002a0400000)]
  0x0000013895ee0000 JavaThread "jar transforms Thread 554" [_thread_blocked, id=3612, stack(0x00000002a0400000,0x00000002a0500000)]
  0x0000013895ee3800 JavaThread "jar transforms Thread 555" [_thread_blocked, id=2132, stack(0x00000002a0500000,0x00000002a0600000)]
  0x0000013895ee1000 JavaThread "jar transforms Thread 556" [_thread_blocked, id=6512, stack(0x00000002a0600000,0x00000002a0700000)]
  0x0000013895ee2000 JavaThread "jar transforms Thread 557" [_thread_blocked, id=10972, stack(0x00000002a0700000,0x00000002a0800000)]
  0x0000013894427800 JavaThread "jar transforms Thread 558" [_thread_blocked, id=2368, stack(0x00000002a0800000,0x00000002a0900000)]
  0x0000013894428800 JavaThread "jar transforms Thread 559" [_thread_blocked, id=14236, stack(0x00000002a0900000,0x00000002a0a00000)]
  0x0000013894425000 JavaThread "jar transforms Thread 560" [_thread_blocked, id=3660, stack(0x00000002a0a00000,0x00000002a0b00000)]
  0x0000013894429800 JavaThread "jar transforms Thread 561" [_thread_blocked, id=13000, stack(0x00000002a0b00000,0x00000002a0c00000)]
  0x000001389442a000 JavaThread "jar transforms Thread 562" [_thread_blocked, id=10048, stack(0x00000002a0c00000,0x00000002a0d00000)]
  0x000001389442b000 JavaThread "jar transforms Thread 563" [_thread_blocked, id=9576, stack(0x00000002a0d00000,0x00000002a0e00000)]
  0x0000013894426000 JavaThread "jar transforms Thread 564" [_thread_blocked, id=4036, stack(0x00000002a0e00000,0x00000002a0f00000)]
  0x000001389442c000 JavaThread "jar transforms Thread 565" [_thread_blocked, id=3468, stack(0x00000002a0f00000,0x00000002a1000000)]
  0x000001389442c800 JavaThread "jar transforms Thread 566" [_thread_blocked, id=8100, stack(0x00000002a1000000,0x00000002a1100000)]
  0x0000013894427000 JavaThread "jar transforms Thread 567" [_thread_blocked, id=7224, stack(0x00000002a1100000,0x00000002a1200000)]
  0x0000013894431800 JavaThread "jar transforms Thread 568" [_thread_blocked, id=12728, stack(0x00000002a1200000,0x00000002a1300000)]
  0x0000013894433000 JavaThread "jar transforms Thread 569" [_thread_blocked, id=14032, stack(0x00000002a1300000,0x00000002a1400000)]
  0x000001389442d800 JavaThread "jar transforms Thread 570" [_thread_blocked, id=2292, stack(0x00000002a1400000,0x00000002a1500000)]
  0x0000013894432800 JavaThread "jar transforms Thread 571" [_thread_blocked, id=13128, stack(0x00000002a1500000,0x00000002a1600000)]
  0x0000013894434000 JavaThread "jar transforms Thread 572" [_thread_blocked, id=13748, stack(0x00000002a1600000,0x00000002a1700000)]
  0x000001389442e000 JavaThread "jar transforms Thread 573" [_thread_blocked, id=10276, stack(0x00000002a1700000,0x00000002a1800000)]
  0x0000013894430800 JavaThread "jar transforms Thread 574" [_thread_blocked, id=13604, stack(0x00000002a1800000,0x00000002a1900000)]
  0x000001389442f000 JavaThread "jar transforms Thread 575" [_thread_blocked, id=12292, stack(0x00000002a1900000,0x00000002a1a00000)]
  0x0000013894430000 JavaThread "jar transforms Thread 576" [_thread_blocked, id=8780, stack(0x00000002a1a00000,0x00000002a1b00000)]
  0x00000138956c0000 JavaThread "jar transforms Thread 577" [_thread_blocked, id=13900, stack(0x00000002a1b00000,0x00000002a1c00000)]
  0x00000138956c3000 JavaThread "jar transforms Thread 578" [_thread_blocked, id=11964, stack(0x00000002a1c00000,0x00000002a1d00000)]
  0x00000138956c4800 JavaThread "jar transforms Thread 579" [_thread_blocked, id=12120, stack(0x00000002a1d00000,0x00000002a1e00000)]
  0x00000138956c0800 JavaThread "jar transforms Thread 580" [_thread_blocked, id=3836, stack(0x00000002a1e00000,0x00000002a1f00000)]
  0x00000138956c1800 JavaThread "jar transforms Thread 581" [_thread_blocked, id=11852, stack(0x00000002a1f00000,0x00000002a2000000)]
  0x00000138956c5800 JavaThread "jar transforms Thread 582" [_thread_blocked, id=7088, stack(0x00000002a2000000,0x00000002a2100000)]

Other Threads:
  0x00000138fd6d5000 VMThread "VM Thread" [stack: 0x0000000299c00000,0x0000000299d00000] [id=3656]
  0x00000138fe202000 WatcherThread [stack: 0x000000029a600000,0x000000029a700000] [id=11324]
  0x00000138f2543000 GCTaskThread "GC Thread#0" [stack: 0x0000000299700000,0x0000000299800000] [id=12536]
  0x00000138fe641800 GCTaskThread "GC Thread#1" [stack: 0x000000029a800000,0x000000029a900000] [id=14060]
  0x00000138ff743800 GCTaskThread "GC Thread#2" [stack: 0x000000029a900000,0x000000029aa00000] [id=7396]
  0x00000138fee29000 GCTaskThread "GC Thread#3" [stack: 0x000000029aa00000,0x000000029ab00000] [id=12816]
  0x00000138f2576000 ConcurrentGCThread "G1 Main Marker" [stack: 0x0000000299800000,0x0000000299900000] [id=12844]
  0x00000138f2577800 ConcurrentGCThread "G1 Conc#0" [stack: 0x0000000299900000,0x0000000299a00000] [id=12308]
  0x00000138f25d0000 ConcurrentGCThread "G1 Refine#0" [stack: 0x0000000299a00000,0x0000000299b00000] [id=7884]
  0x00000138f25d1000 ConcurrentGCThread "G1 Young RemSet Sampling" [stack: 0x0000000299b00000,0x0000000299c00000] [id=8708]

Threads with active compile tasks:
C2 CompilerThread01915692 19045       4       com.google.common.reflect.TypeResolver::resolveType (74 bytes)
C1 CompilerThread01915693 19146       3       jdk.internal.reflect.MethodAccessorGenerator::emitInvoke (986 bytes)

VM state:not at safepoint (normal execution)

VM Mutex/Monitor currently owned by a thread: None

Heap address: 0x0000000080000000, size: 2048 MB, Compressed Oops mode: 32-bit
Narrow klass base: 0x0000000000000000, Narrow klass shift: 3
Compressed class space size: 1073741824 Address: 0x0000000100000000

Heap:
 garbage-first heap   total 159744K, used 131299K [0x0000000080000000, 0x0000000100000000)
  region size 1024K, 26 young (26624K), 1 survivors (1024K)
 Metaspace       used 114201K, capacity 117261K, committed 117884K, reserved 1150976K
  class space    used 14231K, capacity 15346K, committed 15616K, reserved 1048576K
Heap Regions: E=young(eden), S=young(survivor), O=old, HS=humongous(starts), HC=humongous(continues), CS=collection set, F=free, A=archive, TAMS=top-at-mark-start (previous, next)
|   0|0x0000000080000000, 0x0000000080100000, 0x0000000080100000|100%| O|  |TAMS 0x0000000080100000, 0x0000000080000000| Untracked 
|   1|0x0000000080100000, 0x0000000080200000, 0x0000000080200000|100%| O|  |TAMS 0x0000000080200000, 0x0000000080100000| Untracked 
|   2|0x0000000080200000, 0x0000000080300000, 0x0000000080300000|100%| O|  |TAMS 0x0000000080300000, 0x0000000080200000| Untracked 
|   3|0x0000000080300000, 0x0000000080400000, 0x0000000080400000|100%|HS|  |TAMS 0x0000000080400000, 0x0000000080300000| Complete 
|   4|0x0000000080400000, 0x0000000080500000, 0x0000000080500000|100%|HC|  |TAMS 0x0000000080500000, 0x0000000080400000| Complete 
|   5|0x0000000080500000, 0x0000000080600000, 0x0000000080600000|100%|HC|  |TAMS 0x0000000080600000, 0x0000000080500000| Complete 
|   6|0x0000000080600000, 0x0000000080700000, 0x0000000080700000|100%| O|  |TAMS 0x0000000080700000, 0x0000000080600000| Untracked 
|   7|0x0000000080700000, 0x0000000080800000, 0x0000000080800000|100%| O|  |TAMS 0x0000000080800000, 0x0000000080700000| Untracked 
|   8|0x0000000080800000, 0x0000000080900000, 0x0000000080900000|100%| O|  |TAMS 0x0000000080900000, 0x0000000080800000| Untracked 
|   9|0x0000000080900000, 0x0000000080a00000, 0x0000000080a00000|100%| O|  |TAMS 0x0000000080a00000, 0x0000000080900000| Untracked 
|  10|0x0000000080a00000, 0x0000000080b00000, 0x0000000080b00000|100%| O|  |TAMS 0x0000000080b00000, 0x0000000080a00000| Untracked 
|  11|0x0000000080b00000, 0x0000000080c00000, 0x0000000080c00000|100%| O|  |TAMS 0x0000000080c00000, 0x0000000080b00000| Untracked 
|  12|0x0000000080c00000, 0x0000000080d00000, 0x0000000080d00000|100%| O|  |TAMS 0x0000000080d00000, 0x0000000080c00000| Untracked 
|  13|0x0000000080d00000, 0x0000000080e00000, 0x0000000080e00000|100%| O|  |TAMS 0x0000000080e00000, 0x0000000080d00000| Untracked 
|  14|0x0000000080e00000, 0x0000000080f00000, 0x0000000080f00000|100%| O|  |TAMS 0x0000000080f00000, 0x0000000080e00000| Untracked 
|  15|0x0000000080f00000, 0x0000000081000000, 0x0000000081000000|100%| O|  |TAMS 0x0000000081000000, 0x0000000080f00000| Untracked 
|  16|0x0000000081000000, 0x0000000081100000, 0x0000000081100000|100%| O|  |TAMS 0x0000000081100000, 0x0000000081000000| Untracked 
|  17|0x0000000081100000, 0x0000000081200000, 0x0000000081200000|100%| O|  |TAMS 0x0000000081200000, 0x0000000081100000| Untracked 
|  18|0x0000000081200000, 0x0000000081300000, 0x0000000081300000|100%| O|  |TAMS 0x0000000081300000, 0x0000000081200000| Untracked 
|  19|0x0000000081300000, 0x0000000081400000, 0x0000000081400000|100%| O|  |TAMS 0x0000000081400000, 0x0000000081300000| Untracked 
|  20|0x0000000081400000, 0x0000000081500000, 0x0000000081500000|100%| O|  |TAMS 0x0000000081500000, 0x0000000081400000| Untracked 
|  21|0x0000000081500000, 0x0000000081600000, 0x0000000081600000|100%| O|  |TAMS 0x0000000081600000, 0x0000000081500000| Untracked 
|  22|0x0000000081600000, 0x0000000081700000, 0x0000000081700000|100%| O|  |TAMS 0x0000000081700000, 0x0000000081600000| Untracked 
|  23|0x0000000081700000, 0x0000000081800000, 0x0000000081800000|100%| O|  |TAMS 0x0000000081800000, 0x0000000081700000| Untracked 
|  24|0x0000000081800000, 0x0000000081900000, 0x0000000081900000|100%| O|  |TAMS 0x0000000081900000, 0x0000000081800000| Untracked 
|  25|0x0000000081900000, 0x0000000081a00000, 0x0000000081a00000|100%|HS|  |TAMS 0x0000000081a00000, 0x0000000081900000| Complete 
|  26|0x0000000081a00000, 0x0000000081b00000, 0x0000000081b00000|100%|HS|  |TAMS 0x0000000081b00000, 0x0000000081a00000| Complete 
|  27|0x0000000081b00000, 0x0000000081c00000, 0x0000000081c00000|100%|HC|  |TAMS 0x0000000081c00000, 0x0000000081b00000| Complete 
|  28|0x0000000081c00000, 0x0000000081d00000, 0x0000000081d00000|100%| O|  |TAMS 0x0000000081d00000, 0x0000000081c00000| Untracked 
|  29|0x0000000081d00000, 0x0000000081e00000, 0x0000000081e00000|100%| O|  |TAMS 0x0000000081e00000, 0x0000000081d00000| Untracked 
|  30|0x0000000081e00000, 0x0000000081f00000, 0x0000000081f00000|100%| O|  |TAMS 0x0000000081f00000, 0x0000000081e00000| Untracked 
|  31|0x0000000081f00000, 0x0000000082000000, 0x0000000082000000|100%| O|  |TAMS 0x0000000082000000, 0x0000000081f00000| Untracked 
|  32|0x0000000082000000, 0x0000000082100000, 0x0000000082100000|100%| O|  |TAMS 0x0000000082100000, 0x0000000082000000| Untracked 
|  33|0x0000000082100000, 0x0000000082200000, 0x0000000082200000|100%| O|  |TAMS 0x0000000082200000, 0x0000000082100000| Untracked 
|  34|0x0000000082200000, 0x0000000082300000, 0x0000000082300000|100%| O|  |TAMS 0x0000000082300000, 0x0000000082200000| Untracked 
|  35|0x0000000082300000, 0x0000000082400000, 0x0000000082400000|100%| O|  |TAMS 0x0000000082400000, 0x0000000082300000| Untracked 
|  36|0x0000000082400000, 0x0000000082500000, 0x0000000082500000|100%| O|  |TAMS 0x0000000082500000, 0x0000000082400000| Untracked 
|  37|0x0000000082500000, 0x0000000082600000, 0x0000000082600000|100%| O|  |TAMS 0x0000000082600000, 0x0000000082500000| Untracked 
|  38|0x0000000082600000, 0x0000000082700000, 0x0000000082700000|100%| O|  |TAMS 0x0000000082700000, 0x0000000082600000| Untracked 
|  39|0x0000000082700000, 0x0000000082800000, 0x0000000082800000|100%| O|  |TAMS 0x0000000082800000, 0x0000000082700000| Untracked 
|  40|0x0000000082800000, 0x0000000082900000, 0x0000000082900000|100%| O|  |TAMS 0x0000000082900000, 0x0000000082800000| Untracked 
|  41|0x0000000082900000, 0x0000000082a00000, 0x0000000082a00000|100%| O|  |TAMS 0x0000000082900000, 0x0000000082900000| Untracked 
|  42|0x0000000082a00000, 0x0000000082b00000, 0x0000000082b00000|100%| O|  |TAMS 0x0000000082b00000, 0x0000000082a00000| Untracked 
|  43|0x0000000082b00000, 0x0000000082c00000, 0x0000000082c00000|100%| O|  |TAMS 0x0000000082c00000, 0x0000000082b00000| Untracked 
|  44|0x0000000082c00000, 0x0000000082d00000, 0x0000000082d00000|100%| O|  |TAMS 0x0000000082d00000, 0x0000000082c00000| Untracked 
|  45|0x0000000082d00000, 0x0000000082e00000, 0x0000000082e00000|100%| O|  |TAMS 0x0000000082e00000, 0x0000000082d00000| Untracked 
|  46|0x0000000082e00000, 0x0000000082f00000, 0x0000000082f00000|100%| O|  |TAMS 0x0000000082e00000, 0x0000000082e00000| Untracked 
|  47|0x0000000082f00000, 0x0000000083000000, 0x0000000083000000|100%| O|  |TAMS 0x0000000083000000, 0x0000000082f00000| Untracked 
|  48|0x0000000083000000, 0x0000000083100000, 0x0000000083100000|100%| O|  |TAMS 0x0000000083100000, 0x0000000083000000| Untracked 
|  49|0x0000000083100000, 0x0000000083200000, 0x0000000083200000|100%| O|  |TAMS 0x0000000083200000, 0x0000000083100000| Untracked 
|  50|0x0000000083200000, 0x0000000083300000, 0x0000000083300000|100%| O|  |TAMS 0x0000000083200000, 0x0000000083200000| Untracked 
|  51|0x0000000083300000, 0x0000000083400000, 0x0000000083400000|100%| O|  |TAMS 0x0000000083400000, 0x0000000083300000| Untracked 
|  52|0x0000000083400000, 0x0000000083500000, 0x0000000083500000|100%| O|  |TAMS 0x0000000083400000, 0x0000000083400000| Untracked 
|  53|0x0000000083500000, 0x0000000083600000, 0x0000000083600000|100%| O|  |TAMS 0x0000000083600000, 0x0000000083500000| Untracked 
|  54|0x0000000083600000, 0x0000000083700000, 0x0000000083700000|100%| O|  |TAMS 0x0000000083600000, 0x0000000083600000| Untracked 
|  55|0x0000000083700000, 0x0000000083800000, 0x0000000083800000|100%| O|  |TAMS 0x0000000083800000, 0x0000000083700000| Untracked 
|  56|0x0000000083800000, 0x0000000083900000, 0x0000000083900000|100%| O|  |TAMS 0x0000000083900000, 0x0000000083800000| Untracked 
|  57|0x0000000083900000, 0x0000000083a00000, 0x0000000083a00000|100%| O|  |TAMS 0x0000000083a00000, 0x0000000083900000| Untracked 
|  58|0x0000000083a00000, 0x0000000083b00000, 0x0000000083b00000|100%| O|  |TAMS 0x0000000083b00000, 0x0000000083a00000| Untracked 
|  59|0x0000000083b00000, 0x0000000083c00000, 0x0000000083c00000|100%| O|  |TAMS 0x0000000083b00000, 0x0000000083b00000| Untracked 
|  60|0x0000000083c00000, 0x0000000083d00000, 0x0000000083d00000|100%| O|  |TAMS 0x0000000083d00000, 0x0000000083c00000| Untracked 
|  61|0x0000000083d00000, 0x0000000083e00000, 0x0000000083e00000|100%| O|  |TAMS 0x0000000083d00000, 0x0000000083d00000| Untracked 
|  62|0x0000000083e00000, 0x0000000083f00000, 0x0000000083f00000|100%| O|  |TAMS 0x0000000083e00000, 0x0000000083e00000| Untracked 
|  63|0x0000000083f00000, 0x0000000084000000, 0x0000000084000000|100%| O|  |TAMS 0x0000000084000000, 0x0000000083f00000| Untracked 
|  64|0x0000000084000000, 0x0000000084100000, 0x0000000084100000|100%| O|  |TAMS 0x0000000084000000, 0x0000000084000000| Untracked 
|  65|0x0000000084100000, 0x0000000084200000, 0x0000000084200000|100%| O|  |TAMS 0x0000000084100000, 0x0000000084100000| Untracked 
|  66|0x0000000084200000, 0x0000000084300000, 0x0000000084300000|100%| O|  |TAMS 0x0000000084200000, 0x0000000084200000| Untracked 
|  67|0x0000000084300000, 0x0000000084400000, 0x0000000084400000|100%| O|  |TAMS 0x0000000084300000, 0x0000000084300000| Untracked 
|  68|0x0000000084400000, 0x0000000084500000, 0x0000000084500000|100%| O|  |TAMS 0x0000000084400000, 0x0000000084400000| Untracked 
|  69|0x0000000084500000, 0x0000000084600000, 0x0000000084600000|100%| O|  |TAMS 0x0000000084600000, 0x0000000084500000| Untracked 
|  70|0x0000000084600000, 0x0000000084700000, 0x0000000084700000|100%| O|  |TAMS 0x0000000084700000, 0x0000000084600000| Untracked 
|  71|0x0000000084700000, 0x0000000084800000, 0x0000000084800000|100%| O|  |TAMS 0x0000000084800000, 0x0000000084700000| Untracked 
|  72|0x0000000084800000, 0x0000000084900000, 0x0000000084900000|100%| O|  |TAMS 0x0000000084800000, 0x0000000084800000| Untracked 
|  73|0x0000000084900000, 0x0000000084a00000, 0x0000000084a00000|100%|HS|  |TAMS 0x0000000084900000, 0x0000000084900000| Complete 
|  74|0x0000000084a00000, 0x0000000084b00000, 0x0000000084b00000|100%|HC|  |TAMS 0x0000000084a00000, 0x0000000084a00000| Complete 
|  75|0x0000000084b00000, 0x0000000084c00000, 0x0000000084c00000|100%| O|  |TAMS 0x0000000084b00000, 0x0000000084b00000| Untracked 
|  76|0x0000000084c00000, 0x0000000084d00000, 0x0000000084d00000|100%| O|  |TAMS 0x0000000084c00000, 0x0000000084c00000| Untracked 
|  77|0x0000000084d00000, 0x0000000084e00000, 0x0000000084e00000|100%| O|  |TAMS 0x0000000084d00000, 0x0000000084d00000| Untracked 
|  78|0x0000000084e00000, 0x0000000084f00000, 0x0000000084f00000|100%| O|  |TAMS 0x0000000084e00000, 0x0000000084e00000| Untracked 
|  79|0x0000000084f00000, 0x0000000085000000, 0x0000000085000000|100%| O|  |TAMS 0x0000000084f00000, 0x0000000084f00000| Untracked 
|  80|0x0000000085000000, 0x0000000085100000, 0x0000000085100000|100%| O|  |TAMS 0x0000000085000000, 0x0000000085000000| Untracked 
|  81|0x0000000085100000, 0x0000000085200000, 0x0000000085200000|100%| O|  |TAMS 0x0000000085100000, 0x0000000085100000| Untracked 
|  82|0x0000000085200000, 0x0000000085300000, 0x0000000085300000|100%| O|  |TAMS 0x0000000085200000, 0x0000000085200000| Untracked 
|  83|0x0000000085300000, 0x0000000085379600, 0x0000000085400000| 47%| O|  |TAMS 0x0000000085300000, 0x0000000085300000| Untracked 
|  84|0x0000000085400000, 0x0000000085400000, 0x0000000085500000|  0%| F|  |TAMS 0x0000000085400000, 0x0000000085400000| Untracked 
|  85|0x0000000085500000, 0x0000000085500000, 0x0000000085600000|  0%| F|  |TAMS 0x0000000085500000, 0x0000000085500000| Untracked 
|  86|0x0000000085600000, 0x0000000085700000, 0x0000000085700000|100%| O|  |TAMS 0x0000000085700000, 0x0000000085600000| Untracked 
|  87|0x0000000085700000, 0x0000000085800000, 0x0000000085800000|100%| O|  |TAMS 0x0000000085800000, 0x0000000085700000| Untracked 
|  88|0x0000000085800000, 0x0000000085800000, 0x0000000085900000|  0%| F|  |TAMS 0x0000000085800000, 0x0000000085800000| Untracked 
|  89|0x0000000085900000, 0x0000000085900000, 0x0000000085a00000|  0%| F|  |TAMS 0x0000000085900000, 0x0000000085900000| Untracked 
|  90|0x0000000085a00000, 0x0000000085a00000, 0x0000000085b00000|  0%| F|  |TAMS 0x0000000085a00000, 0x0000000085a00000| Untracked 
|  91|0x0000000085b00000, 0x0000000085b00000, 0x0000000085c00000|  0%| F|  |TAMS 0x0000000085b00000, 0x0000000085b00000| Untracked 
|  92|0x0000000085c00000, 0x0000000085c00000, 0x0000000085d00000|  0%| F|  |TAMS 0x0000000085c00000, 0x0000000085c00000| Untracked 
|  93|0x0000000085d00000, 0x0000000085d00000, 0x0000000085e00000|  0%| F|  |TAMS 0x0000000085d00000, 0x0000000085d00000| Untracked 
|  94|0x0000000085e00000, 0x0000000085e00000, 0x0000000085f00000|  0%| F|  |TAMS 0x0000000085e00000, 0x0000000085e00000| Untracked 
|  95|0x0000000085f00000, 0x0000000085f00000, 0x0000000086000000|  0%| F|  |TAMS 0x0000000085f00000, 0x0000000085f00000| Untracked 
|  96|0x0000000086000000, 0x0000000086100000, 0x0000000086100000|100%| O|  |TAMS 0x0000000086000000, 0x0000000086000000| Untracked 
|  97|0x0000000086100000, 0x0000000086100000, 0x0000000086200000|  0%| F|  |TAMS 0x0000000086100000, 0x0000000086100000| Untracked 
|  98|0x0000000086200000, 0x0000000086200000, 0x0000000086300000|  0%| F|  |TAMS 0x0000000086200000, 0x0000000086200000| Untracked 
|  99|0x0000000086300000, 0x0000000086300000, 0x0000000086400000|  0%| F|  |TAMS 0x0000000086300000, 0x0000000086300000| Untracked 
| 100|0x0000000086400000, 0x0000000086500000, 0x0000000086500000|100%| O|  |TAMS 0x0000000086400000, 0x0000000086400000| Untracked 
| 101|0x0000000086500000, 0x0000000086500000, 0x0000000086600000|  0%| F|  |TAMS 0x0000000086500000, 0x0000000086500000| Untracked 
| 102|0x0000000086600000, 0x0000000086600000, 0x0000000086700000|  0%| F|  |TAMS 0x0000000086600000, 0x0000000086600000| Untracked 
| 103|0x0000000086700000, 0x0000000086700000, 0x0000000086800000|  0%| F|  |TAMS 0x0000000086700000, 0x0000000086700000| Untracked 
| 104|0x0000000086800000, 0x0000000086800000, 0x0000000086900000|  0%| F|  |TAMS 0x0000000086800000, 0x0000000086800000| Untracked 
| 105|0x0000000086900000, 0x0000000086900000, 0x0000000086a00000|  0%| F|  |TAMS 0x0000000086900000, 0x0000000086900000| Untracked 
| 106|0x0000000086a00000, 0x0000000086a00000, 0x0000000086b00000|  0%| F|  |TAMS 0x0000000086a00000, 0x0000000086a00000| Untracked 
| 107|0x0000000086b00000, 0x0000000086b00000, 0x0000000086c00000|  0%| F|  |TAMS 0x0000000086b00000, 0x0000000086b00000| Untracked 
| 108|0x0000000086c00000, 0x0000000086c00000, 0x0000000086d00000|  0%| F|  |TAMS 0x0000000086c00000, 0x0000000086c00000| Untracked 
| 109|0x0000000086d00000, 0x0000000086d00000, 0x0000000086e00000|  0%| F|  |TAMS 0x0000000086d00000, 0x0000000086d00000| Untracked 
| 110|0x0000000086e00000, 0x0000000086e00000, 0x0000000086f00000|  0%| F|  |TAMS 0x0000000086e00000, 0x0000000086e00000| Untracked 
| 111|0x0000000086f00000, 0x0000000086f00000, 0x0000000087000000|  0%| F|  |TAMS 0x0000000086f00000, 0x0000000086f00000| Untracked 
| 112|0x0000000087000000, 0x0000000087000000, 0x0000000087100000|  0%| F|  |TAMS 0x0000000087000000, 0x0000000087000000| Untracked 
| 113|0x0000000087100000, 0x0000000087100000, 0x0000000087200000|  0%| F|  |TAMS 0x0000000087100000, 0x0000000087100000| Untracked 
| 114|0x0000000087200000, 0x00000000872bf630, 0x0000000087300000| 74%| S|CS|TAMS 0x0000000087200000, 0x0000000087200000| Complete 
| 115|0x0000000087300000, 0x00000000873a5a80, 0x0000000087400000| 64%| E|  |TAMS 0x0000000087300000, 0x0000000087300000| Complete 
| 116|0x0000000087400000, 0x0000000087500000, 0x0000000087500000|100%| E|CS|TAMS 0x0000000087400000, 0x0000000087400000| Complete 
| 117|0x0000000087500000, 0x0000000087600000, 0x0000000087600000|100%| E|CS|TAMS 0x0000000087500000, 0x0000000087500000| Complete 
| 118|0x0000000087600000, 0x0000000087700000, 0x0000000087700000|100%| E|CS|TAMS 0x0000000087600000, 0x0000000087600000| Complete 
| 119|0x0000000087700000, 0x0000000087800000, 0x0000000087800000|100%| E|CS|TAMS 0x0000000087700000, 0x0000000087700000| Complete 
| 120|0x0000000087800000, 0x0000000087900000, 0x0000000087900000|100%| E|CS|TAMS 0x0000000087800000, 0x0000000087800000| Complete 
| 121|0x0000000087900000, 0x0000000087a00000, 0x0000000087a00000|100%| E|CS|TAMS 0x0000000087900000, 0x0000000087900000| Complete 
| 122|0x0000000087a00000, 0x0000000087b00000, 0x0000000087b00000|100%| E|CS|TAMS 0x0000000087a00000, 0x0000000087a00000| Complete 
| 123|0x0000000087b00000, 0x0000000087c00000, 0x0000000087c00000|100%| E|CS|TAMS 0x0000000087b00000, 0x0000000087b00000| Complete 
| 124|0x0000000087c00000, 0x0000000087d00000, 0x0000000087d00000|100%| E|CS|TAMS 0x0000000087c00000, 0x0000000087c00000| Complete 
| 125|0x0000000087d00000, 0x0000000087e00000, 0x0000000087e00000|100%| E|CS|TAMS 0x0000000087d00000, 0x0000000087d00000| Complete 
| 126|0x0000000087e00000, 0x0000000087f00000, 0x0000000087f00000|100%| O|  |TAMS 0x0000000087f00000, 0x0000000087e00000| Untracked 
| 127|0x0000000087f00000, 0x0000000088000000, 0x0000000088000000|100%| O|  |TAMS 0x0000000088000000, 0x0000000087f00000| Untracked 
| 128|0x0000000088000000, 0x0000000088100000, 0x0000000088100000|100%| O|  |TAMS 0x0000000088100000, 0x0000000088000000| Untracked 
| 129|0x0000000088100000, 0x0000000088200000, 0x0000000088200000|100%| O|  |TAMS 0x0000000088200000, 0x0000000088100000| Untracked 
| 130|0x0000000088200000, 0x0000000088300000, 0x0000000088300000|100%| O|  |TAMS 0x0000000088300000, 0x0000000088200000| Untracked 
| 131|0x0000000088300000, 0x0000000088400000, 0x0000000088400000|100%|HS|  |TAMS 0x0000000088400000, 0x0000000088300000| Complete 
| 132|0x0000000088400000, 0x0000000088500000, 0x0000000088500000|100%|HC|  |TAMS 0x0000000088500000, 0x0000000088400000| Complete 
| 133|0x0000000088500000, 0x0000000088600000, 0x0000000088600000|100%| O|  |TAMS 0x0000000088600000, 0x0000000088500000| Untracked 
| 134|0x0000000088600000, 0x0000000088700000, 0x0000000088700000|100%| O|  |TAMS 0x0000000088700000, 0x0000000088600000| Untracked 
| 135|0x0000000088700000, 0x0000000088800000, 0x0000000088800000|100%| O|  |TAMS 0x0000000088800000, 0x0000000088700000| Untracked 
| 136|0x0000000088800000, 0x0000000088900000, 0x0000000088900000|100%| O|  |TAMS 0x0000000088900000, 0x0000000088800000| Untracked 
| 137|0x0000000088900000, 0x0000000088a00000, 0x0000000088a00000|100%| O|  |TAMS 0x0000000088a00000, 0x0000000088900000| Untracked 
| 138|0x0000000088a00000, 0x0000000088b00000, 0x0000000088b00000|100%| O|  |TAMS 0x0000000088b00000, 0x0000000088a00000| Untracked 
| 139|0x0000000088b00000, 0x0000000088c00000, 0x0000000088c00000|100%| O|  |TAMS 0x0000000088b74800, 0x0000000088b00000| Untracked 
| 140|0x0000000088c00000, 0x0000000088d00000, 0x0000000088d00000|100%| O|  |TAMS 0x0000000088c00000, 0x0000000088c00000| Untracked 
| 141|0x0000000088d00000, 0x0000000088e00000, 0x0000000088e00000|100%| O|  |TAMS 0x0000000088d00000, 0x0000000088d00000| Untracked 
| 142|0x0000000088e00000, 0x0000000088f00000, 0x0000000088f00000|100%| E|CS|TAMS 0x0000000088e00000, 0x0000000088e00000| Complete 
| 143|0x0000000088f00000, 0x0000000089000000, 0x0000000089000000|100%| E|CS|TAMS 0x0000000088f00000, 0x0000000088f00000| Complete 
| 144|0x0000000089000000, 0x0000000089100000, 0x0000000089100000|100%| E|CS|TAMS 0x0000000089000000, 0x0000000089000000| Complete 
| 145|0x0000000089100000, 0x0000000089200000, 0x0000000089200000|100%| E|CS|TAMS 0x0000000089100000, 0x0000000089100000| Complete 
| 146|0x0000000089200000, 0x0000000089300000, 0x0000000089300000|100%| E|CS|TAMS 0x0000000089200000, 0x0000000089200000| Complete 
| 147|0x0000000089300000, 0x0000000089400000, 0x0000000089400000|100%| E|CS|TAMS 0x0000000089300000, 0x0000000089300000| Complete 
| 148|0x0000000089400000, 0x0000000089500000, 0x0000000089500000|100%| E|CS|TAMS 0x0000000089400000, 0x0000000089400000| Complete 
| 149|0x0000000089500000, 0x0000000089600000, 0x0000000089600000|100%| E|CS|TAMS 0x0000000089500000, 0x0000000089500000| Complete 
| 150|0x0000000089600000, 0x0000000089700000, 0x0000000089700000|100%| E|CS|TAMS 0x0000000089600000, 0x0000000089600000| Complete 
| 151|0x0000000089700000, 0x0000000089800000, 0x0000000089800000|100%| E|CS|TAMS 0x0000000089700000, 0x0000000089700000| Complete 
| 152|0x0000000089800000, 0x0000000089900000, 0x0000000089900000|100%| E|CS|TAMS 0x0000000089800000, 0x0000000089800000| Complete 
| 153|0x0000000089900000, 0x0000000089a00000, 0x0000000089a00000|100%| E|CS|TAMS 0x0000000089900000, 0x0000000089900000| Complete 
| 154|0x0000000089a00000, 0x0000000089b00000, 0x0000000089b00000|100%| E|CS|TAMS 0x0000000089a00000, 0x0000000089a00000| Complete 
| 155|0x0000000089b00000, 0x0000000089c00000, 0x0000000089c00000|100%| E|CS|TAMS 0x0000000089b00000, 0x0000000089b00000| Complete 

Card table byte_map: [0x00000138f68d0000,0x00000138f6cd0000] _byte_map_base: 0x00000138f64d0000

Marking Bits (Prev, Next): (CMBitMap*) 0x00000138f256d2b8, (CMBitMap*) 0x00000138f256d2f0
 Prev Bits: [0x00000138f70d0000, 0x00000138f90d0000)
 Next Bits: [0x00000138f90d0000, 0x00000138fb0d0000)

Polling page: 0x00000138f0d10000

Metaspace:

Usage:
  Non-class:     99.53 MB capacity,    97.63 MB ( 98%) used,     1.56 MB (  2%) free+waste,   348.13 KB ( <1%) overhead. 
      Class:     14.99 MB capacity,    13.90 MB ( 93%) used,   960.09 KB (  6%) free+waste,   154.81 KB (  1%) overhead. 
       Both:    114.51 MB capacity,   111.53 MB ( 97%) used,     2.50 MB (  2%) free+waste,   502.94 KB ( <1%) overhead. 

Virtual space:
  Non-class space:      100.00 MB reserved,      99.87 MB (>99%) committed 
      Class space:        1.00 GB reserved,      15.25 MB (  1%) committed 
             Both:        1.10 GB reserved,     115.12 MB ( 10%) committed 

Chunk freelists:
   Non-Class:  205.00 KB
       Class:  238.00 KB
        Both:  443.00 KB

MaxMetaspaceSize: 17179869184.00 GB
CompressedClassSpaceSize: 1.00 GB

CodeHeap 'non-profiled nmethods': size=120064Kb used=10511Kb max_used=10511Kb free=109552Kb
 bounds [0x0000013887ac0000, 0x0000013888510000, 0x000001388f000000]
CodeHeap 'profiled nmethods': size=120000Kb used=33529Kb max_used=33769Kb free=86470Kb
 bounds [0x0000013880590000, 0x00000138826b0000, 0x0000013887ac0000]
CodeHeap 'non-nmethods': size=5696Kb used=2313Kb max_used=2363Kb free=3382Kb
 bounds [0x0000013880000000, 0x0000013880270000, 0x0000013880590000]
 total_blobs=17165 nmethods=16230 adapters=845
 compilation: enabled
              stopped_count=0, restarted_count=0
 full_count=0

Compilation events (20 events):
Event: 1910.099 Thread 0x00000138fd736000 nmethod 19037 0x0000013888502190 code [0x0000013888502320, 0x00000138885023a8]
Event: 1911.091 Thread 0x00000138fd736000 19045       4       com.google.common.reflect.TypeResolver::resolveType (74 bytes)
Event: 1911.091 Thread 0x00000138fd73a800 19046       3       com.google.common.math.IntMath::log2 (118 bytes)
Event: 1911.170 Thread 0x00000138fd73a800 nmethod 19046 0x0000013881a0d610 code [0x0000013881a0d860, 0x0000013881a0df78]
Event: 1911.202 Thread 0x00000138fd73a800 19047       3       org.gradle.internal.snapshot.impl.IsolatedManagedValue::isolate (26 bytes)
Event: 1911.202 Thread 0x00000138fd73a800 nmethod 19047 0x0000013881881390 code [0x0000013881881560, 0x00000138818818f8]
Event: 1911.345 Thread 0x00000138fd73a800 19048       3       org.gradle.api.internal.artifacts.dependencies.AbstractExternalModuleDependency::getName (10 bytes)
Event: 1911.345 Thread 0x00000138fd73a800 nmethod 19048 0x0000013881414290 code [0x0000013881414440, 0x0000013881414598]
Event: 1911.347 Thread 0x00000138fd73a800 19049       3       org.gradle.api.internal.artifacts.dsl.dependencies.DefaultDependencyHandler::registerTransform (12 bytes)
Event: 1911.347 Thread 0x00000138fd73a800 nmethod 19049 0x00000138814ada90 code [0x00000138814adc60, 0x00000138814adde8]
Event: 1911.347 Thread 0x00000138fd73a800 19050   !   3       org.gradle.api.internal.artifacts.transform.DefaultVariantTransformRegistry::registerTransform (161 bytes)
Event: 1911.492 Thread 0x00000138fd73a800 nmethod 19050 0x0000013881ae6190 code [0x0000013881ae64a0, 0x0000013881ae74d8]
Event: 1911.596 Thread 0x00000138fd73a800 19055       3       com.google.common.collect.AbstractMultimap::<init> (5 bytes)
Event: 1911.597 Thread 0x00000138fd73a800 nmethod 19055 0x00000138814c0310 code [0x00000138814c04c0, 0x00000138814c0618]
Event: 1911.597 Thread 0x00000138fd73a800 19056       3       com.google.common.collect.Platform::newHashMapWithExpectedSize (5 bytes)
Event: 1911.627 Thread 0x00000138fd73a800 nmethod 19056 0x00000138818eb910 code [0x00000138818ebb00, 0x00000138818ebd78]
Event: 1911.627 Thread 0x00000138fd73a800 19057       3       com.google.common.collect.ImmutableMap::entrySet (23 bytes)
Event: 1911.628 Thread 0x00000138fd73a800 nmethod 19057 0x00000138815c3e10 code [0x00000138815c3fe0, 0x00000138815c4248]
Event: 1911.647 Thread 0x00000138fd73a800 19058       3       java.util.TreeSet::<init> (13 bytes)
Event: 1911.648 Thread 0x00000138fd73a800 nmethod 19058 0x0000013881a2f910 code [0x0000013881a2fb00, 0x0000013881a2ffb8]

GC Heap History (20 events):
Event: 1046.526 GC heap before
{Heap before GC invocations=156 (full 0):
 garbage-first heap   total 159744K, used 108143K [0x0000000080000000, 0x0000000100000000)
  region size 1024K, 20 young (20480K), 1 survivors (1024K)
 Metaspace       used 113154K, capacity 116023K, committed 117628K, reserved 1150976K
  class space    used 14157K, capacity 15213K, committed 15616K, reserved 1048576K
}
Event: 1046.533 GC heap after
{Heap after GC invocations=157 (full 0):
 garbage-first heap   total 159744K, used 89991K [0x0000000080000000, 0x0000000100000000)
  region size 1024K, 1 young (1024K), 1 survivors (1024K)
 Metaspace       used 113154K, capacity 116023K, committed 117628K, reserved 1150976K
  class space    used 14157K, capacity 15213K, committed 15616K, reserved 1048576K
}
Event: 1230.811 GC heap before
{Heap before GC invocations=157 (full 0):
 garbage-first heap   total 159744K, used 118663K [0x0000000080000000, 0x0000000100000000)
  region size 1024K, 22 young (22528K), 1 survivors (1024K)
 Metaspace       used 113203K, capacity 116099K, committed 117628K, reserved 1150976K
  class space    used 14159K, capacity 15217K, committed 15616K, reserved 1048576K
}
Event: 1230.826 GC heap after
{Heap after GC invocations=158 (full 0):
 garbage-first heap   total 159744K, used 89769K [0x0000000080000000, 0x0000000100000000)
  region size 1024K, 1 young (1024K), 1 survivors (1024K)
 Metaspace       used 113203K, capacity 116099K, committed 117628K, reserved 1150976K
  class space    used 14159K, capacity 15217K, committed 15616K, reserved 1048576K
}
Event: 1289.612 GC heap before
{Heap before GC invocations=158 (full 0):
 garbage-first heap   total 159744K, used 113321K [0x0000000080000000, 0x0000000100000000)
  region size 1024K, 25 young (25600K), 1 survivors (1024K)
 Metaspace       used 113302K, capacity 116296K, committed 117628K, reserved 1150976K
  class space    used 14159K, capacity 15217K, committed 15616K, reserved 1048576K
}
Event: 1289.651 GC heap after
{Heap after GC invocations=159 (full 0):
 garbage-first heap   total 159744K, used 92476K [0x0000000080000000, 0x0000000100000000)
  region size 1024K, 4 young (4096K), 4 survivors (4096K)
 Metaspace       used 113302K, capacity 116296K, committed 117628K, reserved 1150976K
  class space    used 14159K, capacity 15217K, committed 15616K, reserved 1048576K
}
Event: 1293.282 GC heap before
{Heap before GC invocations=159 (full 0):
 garbage-first heap   total 159744K, used 116028K [0x0000000080000000, 0x0000000100000000)
  region size 1024K, 28 young (28672K), 4 survivors (4096K)
 Metaspace       used 113354K, capacity 116297K, committed 117628K, reserved 1150976K
  class space    used 14159K, capacity 15217K, committed 15616K, reserved 1048576K
}
Event: 1293.309 GC heap after
{Heap after GC invocations=160 (full 0):
 garbage-first heap   total 159744K, used 94039K [0x0000000080000000, 0x0000000100000000)
  region size 1024K, 2 young (2048K), 2 survivors (2048K)
 Metaspace       used 113354K, capacity 116297K, committed 117628K, reserved 1150976K
  class space    used 14159K, capacity 15217K, committed 15616K, reserved 1048576K
}
Event: 1294.707 GC heap before
{Heap before GC invocations=160 (full 0):
 garbage-first heap   total 159744K, used 118615K [0x0000000080000000, 0x0000000100000000)
  region size 1024K, 27 young (27648K), 2 survivors (2048K)
 Metaspace       used 113384K, capacity 116370K, committed 117628K, reserved 1150976K
  class space    used 14161K, capacity 15220K, committed 15616K, reserved 1048576K
}
Event: 1294.713 GC heap after
{Heap after GC invocations=161 (full 0):
 garbage-first heap   total 159744K, used 94485K [0x0000000080000000, 0x0000000100000000)
  region size 1024K, 3 young (3072K), 3 survivors (3072K)
 Metaspace       used 113384K, capacity 116370K, committed 117628K, reserved 1150976K
  class space    used 14161K, capacity 15220K, committed 15616K, reserved 1048576K
}
Event: 1303.116 GC heap before
{Heap before GC invocations=161 (full 0):
 garbage-first heap   total 159744K, used 123157K [0x0000000080000000, 0x0000000100000000)
  region size 1024K, 30 young (30720K), 3 survivors (3072K)
 Metaspace       used 113439K, capacity 116379K, committed 117628K, reserved 1150976K
  class space    used 14162K, capacity 15222K, committed 15616K, reserved 1048576K
}
Event: 1303.194 GC heap after
{Heap after GC invocations=162 (full 0):
 garbage-first heap   total 159744K, used 102763K [0x0000000080000000, 0x0000000100000000)
  region size 1024K, 4 young (4096K), 4 survivors (4096K)
 Metaspace       used 113439K, capacity 116379K, committed 117628K, reserved 1150976K
  class space    used 14162K, capacity 15222K, committed 15616K, reserved 1048576K
}
Event: 1304.726 GC heap before
{Heap before GC invocations=162 (full 0):
 garbage-first heap   total 159744K, used 125291K [0x0000000080000000, 0x0000000100000000)
  region size 1024K, 27 young (27648K), 4 survivors (4096K)
 Metaspace       used 113750K, capacity 116743K, committed 117628K, reserved 1150976K
  class space    used 14184K, capacity 15260K, committed 15616K, reserved 1048576K
}
Event: 1304.746 GC heap after
{Heap after GC invocations=163 (full 0):
 garbage-first heap   total 159744K, used 106108K [0x0000000080000000, 0x0000000100000000)
  region size 1024K, 4 young (4096K), 4 survivors (4096K)
 Metaspace       used 113750K, capacity 116743K, committed 117628K, reserved 1150976K
  class space    used 14184K, capacity 15260K, committed 15616K, reserved 1048576K
}
Event: 1305.306 GC heap before
{Heap before GC invocations=163 (full 0):
 garbage-first heap   total 159744K, used 126588K [0x0000000080000000, 0x0000000100000000)
  region size 1024K, 25 young (25600K), 4 survivors (4096K)
 Metaspace       used 113762K, capacity 116745K, committed 117628K, reserved 1150976K
  class space    used 14184K, capacity 15260K, committed 15616K, reserved 1048576K
}
Event: 1305.453 GC heap after
{Heap after GC invocations=164 (full 0):
 garbage-first heap   total 159744K, used 106768K [0x0000000080000000, 0x0000000100000000)
  region size 1024K, 1 young (1024K), 1 survivors (1024K)
 Metaspace       used 113762K, capacity 116745K, committed 117628K, reserved 1150976K
  class space    used 14184K, capacity 15260K, committed 15616K, reserved 1048576K
}
Event: 1307.094 GC heap before
{Heap before GC invocations=164 (full 0):
 garbage-first heap   total 159744K, used 129296K [0x0000000080000000, 0x0000000100000000)
  region size 1024K, 24 young (24576K), 1 survivors (1024K)
 Metaspace       used 113869K, capacity 116818K, committed 117628K, reserved 1150976K
  class space    used 14184K, capacity 15260K, committed 15616K, reserved 1048576K
}
Event: 1307.135 GC heap after
{Heap after GC invocations=165 (full 0):
 garbage-first heap   total 159744K, used 106826K [0x0000000080000000, 0x0000000100000000)
  region size 1024K, 1 young (1024K), 1 survivors (1024K)
 Metaspace       used 113869K, capacity 116818K, committed 117628K, reserved 1150976K
  class space    used 14184K, capacity 15260K, committed 15616K, reserved 1048576K
}
Event: 1904.491 GC heap before
{Heap before GC invocations=165 (full 0):
 garbage-first heap   total 159744K, used 138570K [0x0000000080000000, 0x0000000100000000)
  region size 1024K, 25 young (25600K), 1 survivors (1024K)
 Metaspace       used 113923K, capacity 116818K, committed 117628K, reserved 1150976K
  class space    used 14184K, capacity 15260K, committed 15616K, reserved 1048576K
}
Event: 1904.857 GC heap after
{Heap after GC invocations=166 (full 0):
 garbage-first heap   total 159744K, used 106723K [0x0000000080000000, 0x0000000100000000)
  region size 1024K, 1 young (1024K), 1 survivors (1024K)
 Metaspace       used 113923K, capacity 116818K, committed 117628K, reserved 1150976K
  class space    used 14184K, capacity 15260K, committed 15616K, reserved 1048576K
}

Deoptimization events (20 events):
Event: 1308.110 Thread 0x00000138914b9000 DEOPT PACKING pc=0x0000013881d173a9 sp=0x00000002a2cfccd0
Event: 1308.110 Thread 0x00000138914b9000 DEOPT UNPACKING pc=0x00000138800266bf sp=0x00000002a2cfc150 mode 0
Event: 1308.119 Thread 0x00000138914b9000 DEOPT PACKING pc=0x0000013881d173a9 sp=0x00000002a2cfccd0
Event: 1308.119 Thread 0x00000138914b9000 DEOPT UNPACKING pc=0x00000138800266bf sp=0x00000002a2cfc150 mode 0
Event: 1308.154 Thread 0x00000138914b9000 Uncommon trap: trap_request=0xffffff64 fr.pc=0x00000138884d3d54 relative=0x0000000000000794
Event: 1308.154 Thread 0x00000138914b9000 Uncommon trap: reason=speculate_null_check action=make_not_entrant pc=0x00000138884d3d54 method=org.gradle.internal.operations.UnmanagedBuildOperationWrapper.maybeStopUnmanagedThreadOperation(Lorg/gradle/internal/operations/BuildOperationState;)V @ 1 c2
Event: 1308.154 Thread 0x00000138914b9000 DEOPT PACKING pc=0x00000138884d3d54 sp=0x00000002a2cfe580
Event: 1308.154 Thread 0x00000138914b9000 DEOPT UNPACKING pc=0x00000138800268a9 sp=0x00000002a2cfe498 mode 2
Event: 1908.527 Thread 0x000001388f549000 DEOPT PACKING pc=0x000001388197dfee sp=0x000000029c2feaa0
Event: 1908.527 Thread 0x000001388f549000 DEOPT UNPACKING pc=0x00000138800266bf sp=0x000000029c2fe058 mode 0
Event: 1908.598 Thread 0x0000013894b15800 DEOPT PACKING pc=0x000001388197dfee sp=0x000000029e8fe690
Event: 1908.598 Thread 0x0000013894b15800 DEOPT UNPACKING pc=0x00000138800266bf sp=0x000000029e8fdc48 mode 0
Event: 1908.626 Thread 0x0000013894b14000 DEOPT PACKING pc=0x000001388197dfee sp=0x000000029e6fe870
Event: 1908.626 Thread 0x0000013894b14000 DEOPT UNPACKING pc=0x00000138800266bf sp=0x000000029e6fde28 mode 0
Event: 1908.633 Thread 0x0000013894b1a800 DEOPT PACKING pc=0x000001388197dfee sp=0x000000029f2fe780
Event: 1908.633 Thread 0x0000013894b1a800 DEOPT UNPACKING pc=0x00000138800266bf sp=0x000000029f2fdd38 mode 0
Event: 1908.638 Thread 0x000001388f54f800 DEOPT PACKING pc=0x000001388197dfee sp=0x000000029cefe7a0
Event: 1908.638 Thread 0x000001388f54f800 DEOPT UNPACKING pc=0x00000138800266bf sp=0x000000029cefdd58 mode 0
Event: 1908.648 Thread 0x000001389442f000 DEOPT PACKING pc=0x000001388197dfee sp=0x00000002a19fecd0
Event: 1908.648 Thread 0x000001389442f000 DEOPT UNPACKING pc=0x00000138800266bf sp=0x00000002a19fe288 mode 0

Classes redefined (0 events):
No events

Internal exceptions (20 events):
Event: 1303.740 Thread 0x00000138914c1000 Exception <a 'sun/nio/fs/WindowsException'{0x0000000089232f00}> (0x0000000089232f00) thrown at [./src/hotspot/share/prims/jni.cpp, line 615]
Event: 1303.806 Thread 0x00000138914c1000 Exception <a 'sun/nio/fs/WindowsException'{0x0000000089292150}> (0x0000000089292150) thrown at [./src/hotspot/share/prims/jni.cpp, line 615]
Event: 1303.806 Thread 0x00000138914c1000 Exception <a 'sun/nio/fs/WindowsException'{0x00000000892922b0}> (0x00000000892922b0) thrown at [./src/hotspot/share/prims/jni.cpp, line 615]
Event: 1303.917 Thread 0x00000138914c1000 Exception <a 'sun/nio/fs/WindowsException'{0x00000000892b7ac0}> (0x00000000892b7ac0) thrown at [./src/hotspot/share/prims/jni.cpp, line 615]
Event: 1303.917 Thread 0x00000138914c1000 Exception <a 'sun/nio/fs/WindowsException'{0x00000000892b7c40}> (0x00000000892b7c40) thrown at [./src/hotspot/share/prims/jni.cpp, line 615]
Event: 1304.023 Thread 0x00000138914c1000 Exception <a 'sun/nio/fs/WindowsException'{0x000000008913fa58}> (0x000000008913fa58) thrown at [./src/hotspot/share/prims/jni.cpp, line 615]
Event: 1304.040 Thread 0x00000138914c1000 Exception <a 'sun/nio/fs/WindowsException'{0x00000000891496c0}> (0x00000000891496c0) thrown at [./src/hotspot/share/prims/jni.cpp, line 615]
Event: 1304.045 Thread 0x00000138914c1000 Exception <a 'sun/nio/fs/WindowsException'{0x0000000089183fd0}> (0x0000000089183fd0) thrown at [./src/hotspot/share/prims/jni.cpp, line 615]
Event: 1304.045 Thread 0x00000138914c1000 Exception <a 'sun/nio/fs/WindowsException'{0x0000000089184130}> (0x0000000089184130) thrown at [./src/hotspot/share/prims/jni.cpp, line 615]
Event: 1304.132 Thread 0x00000138914c1000 Exception <a 'sun/nio/fs/WindowsException'{0x00000000891fca10}> (0x00000000891fca10) thrown at [./src/hotspot/share/prims/jni.cpp, line 615]
Event: 1304.132 Thread 0x00000138914c1000 Exception <a 'sun/nio/fs/WindowsException'{0x00000000891fcb68}> (0x00000000891fcb68) thrown at [./src/hotspot/share/prims/jni.cpp, line 615]
Event: 1304.185 Thread 0x00000138914c1000 Exception <a 'sun/nio/fs/WindowsException'{0x0000000088ea58d0}> (0x0000000088ea58d0) thrown at [./src/hotspot/share/prims/jni.cpp, line 615]
Event: 1304.210 Thread 0x00000138914c1000 Exception <a 'sun/nio/fs/WindowsException'{0x0000000088ead9f0}> (0x0000000088ead9f0) thrown at [./src/hotspot/share/prims/jni.cpp, line 615]
Event: 1304.214 Thread 0x00000138914c1000 Exception <a 'sun/nio/fs/WindowsException'{0x0000000088eb4088}> (0x0000000088eb4088) thrown at [./src/hotspot/share/prims/jni.cpp, line 615]
Event: 1304.870 Thread 0x00000138914c1000 Exception <a 'sun/nio/fs/WindowsException'{0x0000000089856fc0}> (0x0000000089856fc0) thrown at [./src/hotspot/share/prims/jni.cpp, line 615]
Event: 1304.870 Thread 0x00000138914c1000 Exception <a 'sun/nio/fs/WindowsException'{0x0000000089857c28}> (0x0000000089857c28) thrown at [./src/hotspot/share/prims/jni.cpp, line 615]
Event: 1305.956 Thread 0x00000138914b7000 Exception <a 'sun/nio/fs/WindowsException'{0x00000000896b6788}> (0x00000000896b6788) thrown at [./src/hotspot/share/prims/jni.cpp, line 615]
Event: 1306.286 Thread 0x00000138914b7000 Exception <a 'sun/nio/fs/WindowsException'{0x00000000894d8dd8}> (0x00000000894d8dd8) thrown at [./src/hotspot/share/prims/jni.cpp, line 615]
Event: 1306.791 Thread 0x00000138914b2800 Exception <a 'sun/nio/fs/WindowsException'{0x0000000087c096f0}> (0x0000000087c096f0) thrown at [./src/hotspot/share/prims/jni.cpp, line 615]
Event: 1306.816 Thread 0x00000138914b2800 Exception <a 'sun/nio/fs/WindowsException'{0x0000000087b60e40}> (0x0000000087b60e40) thrown at [./src/hotspot/share/prims/jni.cpp, line 615]

Events (20 events):
Event: 1908.623 Thread 0x000001389442b000 Thread added: 0x000001389442b000
Event: 1908.624 Thread 0x0000013894426000 Thread added: 0x0000013894426000
Event: 1908.624 Thread 0x000001389442c000 Thread added: 0x000001389442c000
Event: 1908.625 Thread 0x000001389442c800 Thread added: 0x000001389442c800
Event: 1908.640 Thread 0x0000013894427000 Thread added: 0x0000013894427000
Event: 1908.641 Thread 0x0000013894431800 Thread added: 0x0000013894431800
Event: 1908.642 Thread 0x0000013894433000 Thread added: 0x0000013894433000
Event: 1908.643 Thread 0x000001389442d800 Thread added: 0x000001389442d800
Event: 1908.644 Thread 0x0000013894432800 Thread added: 0x0000013894432800
Event: 1908.644 Thread 0x0000013894434000 Thread added: 0x0000013894434000
Event: 1908.645 Thread 0x000001389442e000 Thread added: 0x000001389442e000
Event: 1908.645 Thread 0x0000013894430800 Thread added: 0x0000013894430800
Event: 1908.646 Thread 0x000001389442f000 Thread added: 0x000001389442f000
Event: 1908.647 Thread 0x0000013894430000 Thread added: 0x0000013894430000
Event: 1908.648 Thread 0x00000138956c0000 Thread added: 0x00000138956c0000
Event: 1908.724 Thread 0x00000138956c3000 Thread added: 0x00000138956c3000
Event: 1908.726 Thread 0x00000138956c4800 Thread added: 0x00000138956c4800
Event: 1908.727 Thread 0x00000138956c0800 Thread added: 0x00000138956c0800
Event: 1908.728 Thread 0x00000138956c1800 Thread added: 0x00000138956c1800
Event: 1908.728 Thread 0x00000138956c5800 Thread added: 0x00000138956c5800


Dynamic libraries:
0x00007ff70df30000 - 0x00007ff70df3a000 	C:\Program Files\Android\Android Studio\jre\bin\java.exe
0x00007fff0b5f0000 - 0x00007fff0b7e5000 	C:\WINDOWS\SYSTEM32\ntdll.dll
0x00007fff0abb0000 - 0x00007fff0ac6d000 	C:\WINDOWS\System32\KERNEL32.DLL
0x00007fff08e40000 - 0x00007fff09108000 	C:\WINDOWS\System32\KERNELBASE.dll
0x00007fff091f0000 - 0x00007fff092f0000 	C:\WINDOWS\System32\ucrtbase.dll
0x00007ffee2f00000 - 0x00007ffee2f17000 	C:\Program Files\Android\Android Studio\jre\bin\VCRUNTIME140.dll
0x00007ffef9bf0000 - 0x00007ffef9c09000 	C:\Program Files\Android\Android Studio\jre\bin\jli.dll
0x00007fff0a2b0000 - 0x00007fff0a450000 	C:\WINDOWS\System32\USER32.dll
0x00007fff08d30000 - 0x00007fff08d52000 	C:\WINDOWS\System32\win32u.dll
0x00007ffee78f0000 - 0x00007ffee7b8a000 	C:\WINDOWS\WinSxS\amd64_microsoft.windows.common-controls_6595b64144ccf1df_6.0.19041.844_none_ca00b6081b84eb1d\COMCTL32.dll
0x00007fff0ae00000 - 0x00007fff0ae2a000 	C:\WINDOWS\System32\GDI32.dll
0x00007fff0a210000 - 0x00007fff0a2ae000 	C:\WINDOWS\System32\msvcrt.dll
0x00007fff09390000 - 0x00007fff0949b000 	C:\WINDOWS\System32\gdi32full.dll
0x00007fff092f0000 - 0x00007fff0938d000 	C:\WINDOWS\System32\msvcp_win.dll
0x00007fff0add0000 - 0x00007fff0ae00000 	C:\WINDOWS\System32\IMM32.DLL
0x00007ffee0b80000 - 0x00007ffee0c1d000 	C:\Program Files\Android\Android Studio\jre\bin\msvcp140.dll
0x00007ffeaf680000 - 0x00007ffeb013c000 	C:\Program Files\Android\Android Studio\jre\bin\server\jvm.dll
0x00007fff0ab00000 - 0x00007fff0abac000 	C:\WINDOWS\System32\ADVAPI32.dll
0x00007fff09a00000 - 0x00007fff09a9b000 	C:\WINDOWS\System32\sechost.dll
0x00007fff0ae30000 - 0x00007fff0af5b000 	C:\WINDOWS\System32\RPCRT4.dll
0x00007fff099f0000 - 0x00007fff099f8000 	C:\WINDOWS\System32\PSAPI.DLL
0x00007ffee1fe0000 - 0x00007ffee2007000 	C:\WINDOWS\SYSTEM32\WINMM.dll
0x00007fff02350000 - 0x00007fff0235a000 	C:\WINDOWS\SYSTEM32\VERSION.dll
0x00007ffee3930000 - 0x00007ffee3939000 	C:\WINDOWS\SYSTEM32\WSOCK32.dll
0x00007fff0b540000 - 0x00007fff0b5ab000 	C:\WINDOWS\System32\WS2_32.dll
0x00007fff07680000 - 0x00007fff07692000 	C:\WINDOWS\SYSTEM32\kernel.appcore.dll
0x00007ffee3910000 - 0x00007ffee3921000 	C:\Program Files\Android\Android Studio\jre\bin\verify.dll
0x00007fff073f0000 - 0x00007fff075d4000 	C:\WINDOWS\SYSTEM32\DBGHELP.DLL
0x00007fff022a0000 - 0x00007fff022cc000 	C:\WINDOWS\SYSTEM32\dbgcore.DLL
0x00007fff08dc0000 - 0x00007fff08e40000 	C:\WINDOWS\System32\bcryptPrimitives.dll
0x00007ffec97b0000 - 0x00007ffec97d9000 	C:\Program Files\Android\Android Studio\jre\bin\java.dll
0x00007ffedf200000 - 0x00007ffedf20b000 	C:\Program Files\Android\Android Studio\jre\bin\jimage.dll
0x00007ffedc0e0000 - 0x00007ffedc0f8000 	C:\Program Files\Android\Android Studio\jre\bin\zip.dll
0x00007fff09aa0000 - 0x00007fff0a1e2000 	C:\WINDOWS\System32\SHELL32.dll
0x00007fff06b20000 - 0x00007fff072b0000 	C:\WINDOWS\SYSTEM32\windows.storage.dll
0x00007fff0b010000 - 0x00007fff0b365000 	C:\WINDOWS\System32\combase.dll
0x00007fff08730000 - 0x00007fff0875c000 	C:\WINDOWS\SYSTEM32\Wldp.dll
0x00007fff0af60000 - 0x00007fff0b00e000 	C:\WINDOWS\System32\SHCORE.dll
0x00007fff0ac90000 - 0x00007fff0ace5000 	C:\WINDOWS\System32\shlwapi.dll
0x00007fff08c70000 - 0x00007fff08c8f000 	C:\WINDOWS\SYSTEM32\profapi.dll
0x00007ffed5dc0000 - 0x00007ffed5dda000 	C:\Program Files\Android\Android Studio\jre\bin\net.dll
0x00007ffefa4a0000 - 0x00007ffefa5ab000 	C:\WINDOWS\SYSTEM32\WINHTTP.dll
0x00007fff084a0000 - 0x00007fff0850a000 	C:\WINDOWS\system32\mswsock.dll
0x00007ffec8e40000 - 0x00007ffec8e54000 	C:\Program Files\Android\Android Studio\jre\bin\nio.dll
0x00007ffee7700000 - 0x00007ffee7727000 	C:\Users\user\.gradle\native\fdc75f09e3144964f2cf3f50f0aa648679c211496f362492102eb8c894070792\windows-amd64\native-platform.dll
0x00007ffebc3d0000 - 0x00007ffebc566000 	C:\Users\user\.gradle\native\12488b8bf47d2d4c9fbf2f6322a914ad602e24e48041cd04a747c6da556b65c4\windows-amd64\native-platform-file-events.dll
0x00007ffede0c0000 - 0x00007ffede0ca000 	C:\Program Files\Android\Android Studio\jre\bin\management.dll
0x00007ffede050000 - 0x00007ffede05c000 	C:\Program Files\Android\Android Studio\jre\bin\management_ext.dll
0x00007fff08670000 - 0x00007fff08688000 	C:\WINDOWS\SYSTEM32\CRYPTSP.dll
0x00007fff07de0000 - 0x00007fff07e14000 	C:\WINDOWS\system32\rsaenh.dll
0x00007fff091c0000 - 0x00007fff091e7000 	C:\WINDOWS\System32\bcrypt.dll
0x00007fff08c30000 - 0x00007fff08c5e000 	C:\WINDOWS\SYSTEM32\USERENV.dll
0x00007fff08690000 - 0x00007fff0869c000 	C:\WINDOWS\SYSTEM32\CRYPTBASE.dll
0x00007fff08190000 - 0x00007fff081cb000 	C:\WINDOWS\SYSTEM32\IPHLPAPI.DLL
0x00007fff0ac80000 - 0x00007fff0ac88000 	C:\WINDOWS\System32\NSI.dll
0x00007fff038e0000 - 0x00007fff038f7000 	C:\WINDOWS\SYSTEM32\dhcpcsvc6.DLL
0x00007fff03cd0000 - 0x00007fff03ced000 	C:\WINDOWS\SYSTEM32\dhcpcsvc.DLL
0x00007fff081d0000 - 0x00007fff0829c000 	C:\WINDOWS\SYSTEM32\DNSAPI.dll
0x00007fff03df0000 - 0x00007fff03dfb000 	C:\WINDOWS\SYSTEM32\WINNSI.DLL
0x00007ffec8220000 - 0x00007ffec8247000 	C:\Program Files\Android\Android Studio\jre\bin\sunec.dll

dbghelp: loaded successfully - version: 4.0.5 - missing functions: none
symbol engine: initialized successfully - sym options: 0x614 - pdb path: .;C:\Program Files\Android\Android Studio\jre\bin;C:\WINDOWS\SYSTEM32;C:\WINDOWS\WinSxS\amd64_microsoft.windows.common-controls_6595b64144ccf1df_6.0.19041.844_none_ca00b6081b84eb1d;C:\Program Files\Android\Android Studio\jre\bin\server;C:\Users\user\.gradle\native\fdc75f09e3144964f2cf3f50f0aa648679c211496f362492102eb8c894070792\windows-amd64;C:\Users\user\.gradle\native\12488b8bf47d2d4c9fbf2f6322a914ad602e24e48041cd04a747c6da556b65c4\windows-amd64

VM Arguments:
jvm_args: --add-opens=java.base/java.util=ALL-UNNAMED --add-opens=java.base/java.lang=ALL-UNNAMED --add-opens=java.base/java.lang.invoke=ALL-UNNAMED --add-opens=java.prefs/java.util.prefs=ALL-UNNAMED -Xmx2048m -Dfile.encoding=UTF-8 -Duser.country=EC -Duser.language=es -Duser.variant 
java_command: org.gradle.launcher.daemon.bootstrap.GradleDaemon 6.7.1
java_class_path (initial): C:\Users\user\.gradle\wrapper\dists\gradle-6.7.1-bin\bwlcbys1h7rz3272sye1xwiv6\gradle-6.7.1\lib\gradle-launcher-6.7.1.jar
Launcher Type: SUN_STANDARD

[Global flags]
     intx CICompilerCount                          = 3                                         {product} {ergonomic}
     uint ConcGCThreads                            = 1                                         {product} {ergonomic}
     uint G1ConcRefinementThreads                  = 4                                         {product} {ergonomic}
   size_t G1HeapRegionSize                         = 1048576                                   {product} {ergonomic}
    uintx GCDrainStackTargetSize                   = 64                                        {product} {ergonomic}
   size_t InitialHeapSize                          = 65011712                                  {product} {ergonomic}
   size_t MarkStackSize                            = 4194304                                   {product} {ergonomic}
   size_t MaxHeapSize                              = 2147483648                                {product} {command line}
   size_t MaxNewSize                               = 1287651328                                {product} {ergonomic}
   size_t MinHeapDeltaBytes                        = 1048576                                   {product} {ergonomic}
    uintx NonNMethodCodeHeapSize                   = 5830732                                {pd product} {ergonomic}
    uintx NonProfiledCodeHeapSize                  = 122913754                              {pd product} {ergonomic}
    uintx ProfiledCodeHeapSize                     = 122913754                              {pd product} {ergonomic}
    uintx ReservedCodeCacheSize                    = 251658240                              {pd product} {ergonomic}
     bool SegmentedCodeCache                       = true                                      {product} {ergonomic}
     bool UseCompressedClassPointers               = true                                 {lp64_product} {ergonomic}
     bool UseCompressedOops                        = true                                 {lp64_product} {ergonomic}
     bool UseG1GC                                  = true                                      {product} {ergonomic}
     bool UseLargePagesIndividualAllocation        = false                                  {pd product} {ergonomic}

Logging:
Log output configuration:
 #0: stdout all=warning uptime,level,tags
 #1: stderr all=off uptime,level,tags

Environment Variables:
PATH=C:\Program Files (x86)\Common Files\Oracle\Java\javapath;C:\ProgramData\Oracle\Java\javapath;C:\Program Files (x86)\Intel\TXE Components\iCLS\;C:\Program Files\Intel\TXE Components\iCLS\;C:\WINDOWS\system32;C:\WINDOWS;C:\WINDOWS\System32\Wbem;C:\WINDOWS\System32\WindowsPowerShell\v1.0\;C:\Program Files\Intel\TXE Components\DAL\;C:\Program Files (x86)\Intel\TXE Components\DAL\;C:\Program Files\Intel\TXE Components\IPT\;C:\Program Files (x86)\Intel\TXE Components\IPT\;C:\WINDOWS\System32\OpenSSH\;C:\xampp\php;C:\ProgramData\ComposerSetup\bin;C:\Program Files\Java\jdk1.8.0_241\bin;C:\Users\user\AppData\Local\Microsoft\WindowsApps;C:\Users\user\AppData\Roaming\Composer\vendor\bin;
USERNAME=user
OS=Windows_NT
PROCESSOR_IDENTIFIER=Intel64 Family 6 Model 122 Stepping 1, GenuineIntel



---------------  S Y S T E M  ---------------

OS: Windows 10 , 64 bit Build 19041 (10.0.19041.928)
OS uptime: 0 days 9:25 hours

CPU:total 4 (initial active 4) (4 cores per cpu, 1 threads per core) family 6 model 122 stepping 1, cmov, cx8, fxsr, mmx, sse, sse2, sse3, ssse3, sse4.1, sse4.2, popcnt, aes, clmul, erms, 3dnowpref, tsc, tscinvbit, sha

Memory: 4k page, system-wide physical 3918M (266M free)
TotalPageFile size 6888M (AvailPageFile size 25M)
current process WorkingSet (physical memory assigned to process): 185M, peak: 403M
current process commit charge ("private bytes"): 477M, peak: 489M

vm_info: OpenJDK 64-Bit Server VM (11.0.8+10-b944.6842174) for windows-amd64 JRE (11.0.8+10-b944.6842174), built on Sep 19 2020 01:11:42 by "builder" with MS VC++ 14.0 (VS2015)

END.
