#
# There is insufficient memory for the Java Runtime Environment to continue.
# Native memory allocation (malloc) failed to allocate 1332176 bytes for Chunk::new
# Possible reasons:
#   The system is out of physical RAM or swap space
#   The process is running with CompressedOops enabled, and the Java Heap may be blocking the growth of the native heap
# Possible solutions:
#   Reduce memory load on the system
#   Increase physical memory or swap space
#   Check if swap backing store is full
#   Decrease Java heap size (-Xmx/-Xms)
#   Decrease number of Java threads
#   Decrease Java thread stack sizes (-Xss)
#   Set larger code cache with -XX:ReservedCodeCacheSize=
#   JVM is running with Unscaled Compressed Oops mode in which the Java heap is
#     placed in the first 4GB address space. The Java Heap base address is the
#     maximum limit for the native heap growth. Please use -XX:HeapBaseMinAddress
#     to set the Java Heap base and to place the Java Heap above 4GB virtual address.
# This output file may be truncated or incomplete.
#
#  Out of Memory Error (./src/hotspot/share/memory/arena.cpp:197), pid=14892, tid=7008
#
# JRE version: OpenJDK Runtime Environment (11.0.8+10) (build 11.0.8+10-b944.6842174)
# Java VM: OpenJDK 64-Bit Server VM (11.0.8+10-b944.6842174, mixed mode, tiered, compressed oops, g1 gc, windows-amd64)
# No core dump will be written. Minidumps are not enabled by default on client versions of Windows
#

---------------  S U M M A R Y ------------

Command Line: --add-opens=java.base/java.util=ALL-UNNAMED --add-opens=java.base/java.lang=ALL-UNNAMED --add-opens=java.base/java.lang.invoke=ALL-UNNAMED --add-opens=java.prefs/java.util.prefs=ALL-UNNAMED -Xmx2048m -Dfile.encoding=UTF-8 -Duser.country=EC -Duser.language=es -Duser.variant org.gradle.launcher.daemon.bootstrap.GradleDaemon 6.7.1

Host: Intel(R) Celeron(R) N4100 CPU @ 1.10GHz, 4 cores, 3G,  Windows 10 , 64 bit Build 19041 (10.0.19041.1151)
Time: Tue Sep 14 20:56:40 2021 Hora est. Pacífico, Sudamérica elapsed time: 13 seconds (0d 0h 0m 13s)

---------------  T H R E A D  ---------------

Current thread (0x000001bfbe03a000):  JavaThread "C2 CompilerThread0" daemon [_thread_in_native, id=7008, stack(0x000000bf97e00000,0x000000bf97f00000)]


Current CompileTask:
C2:  13961 1977   !   4       java.lang.ClassLoader::loadClass (122 bytes)

Stack: [0x000000bf97e00000,0x000000bf97f00000]
Native frames: (J=compiled Java code, j=interpreted, Vv=VM code, C=native code)
V  [jvm.dll+0x5de50a]
V  [jvm.dll+0x7122f5]
V  [jvm.dll+0x71384d]
V  [jvm.dll+0x713f03]
V  [jvm.dll+0x23e728]
V  [jvm.dll+0xb899c]
V  [jvm.dll+0xb8e9c]
V  [jvm.dll+0x35020b]
V  [jvm.dll+0x31dea3]
V  [jvm.dll+0x31d39a]
V  [jvm.dll+0x1f7702]
V  [jvm.dll+0x1f68d4]
V  [jvm.dll+0x17f32c]
V  [jvm.dll+0x205047]
V  [jvm.dll+0x203891]
V  [jvm.dll+0x6dad3f]
V  [jvm.dll+0x6d3895]
V  [jvm.dll+0x5dd4a6]
C  [ucrtbase.dll+0x21bb2]
C  [KERNEL32.DLL+0x17034]
C  [ntdll.dll+0x52651]


---------------  P R O C E S S  ---------------

Threads class SMR info:
_java_thread_list=0x000001bfbf83eb80, length=23, elements={
0x000001bfa3e2b800, 0x000001bfbdfd9800, 0x000001bfbdfe5000, 0x000001bfbe033800,
0x000001bfbe034800, 0x000001bfbe03a000, 0x000001bfbe040000, 0x000001bfbe044000,
0x000001bfbeac8800, 0x000001bfbeaf2000, 0x000001bfc00fe000, 0x000001bfbf881800,
0x000001bfbfac7800, 0x000001bfbfc85800, 0x000001bfbfbc8800, 0x000001bfc0199800,
0x000001bfbf53f000, 0x000001bfbf540000, 0x000001bfbec10800, 0x000001bfbf93d800,
0x000001bfc09f8000, 0x000001bfc09fb800, 0x000001bfc09fc800
}

Java Threads: ( => current thread )
  0x000001bfa3e2b800 JavaThread "main" [_thread_blocked, id=4720, stack(0x000000bf97300000,0x000000bf97400000)]
  0x000001bfbdfd9800 JavaThread "Reference Handler" daemon [_thread_blocked, id=6864, stack(0x000000bf97a00000,0x000000bf97b00000)]
  0x000001bfbdfe5000 JavaThread "Finalizer" daemon [_thread_blocked, id=13332, stack(0x000000bf97b00000,0x000000bf97c00000)]
  0x000001bfbe033800 JavaThread "Signal Dispatcher" daemon [_thread_blocked, id=15028, stack(0x000000bf97c00000,0x000000bf97d00000)]
  0x000001bfbe034800 JavaThread "Attach Listener" daemon [_thread_blocked, id=6776, stack(0x000000bf97d00000,0x000000bf97e00000)]
=>0x000001bfbe03a000 JavaThread "C2 CompilerThread0" daemon [_thread_in_native, id=7008, stack(0x000000bf97e00000,0x000000bf97f00000)]
  0x000001bfbe040000 JavaThread "C1 CompilerThread0" daemon [_thread_blocked, id=7748, stack(0x000000bf97f00000,0x000000bf98000000)]
  0x000001bfbe044000 JavaThread "Sweeper thread" daemon [_thread_blocked, id=13048, stack(0x000000bf98000000,0x000000bf98100000)]
  0x000001bfbeac8800 JavaThread "Common-Cleaner" daemon [_thread_blocked, id=10292, stack(0x000000bf98100000,0x000000bf98200000)]
  0x000001bfbeaf2000 JavaThread "Service Thread" daemon [_thread_blocked, id=10748, stack(0x000000bf98200000,0x000000bf98300000)]
  0x000001bfc00fe000 JavaThread "Daemon health stats" [_thread_blocked, id=4832, stack(0x000000bf98500000,0x000000bf98600000)]
  0x000001bfbf881800 JavaThread "Incoming local TCP Connector on port 61584" [_thread_in_native, id=13444, stack(0x000000bf98a00000,0x000000bf98b00000)]
  0x000001bfbfac7800 JavaThread "Daemon" [_thread_blocked, id=2188, stack(0x000000bf98b00000,0x000000bf98c00000)]
  0x000001bfbfc85800 JavaThread "Handler for socket connection from /127.0.0.1:61584 to /127.0.0.1:61585" [_thread_in_native, id=14488, stack(0x000000bf98c00000,0x000000bf98d00000)]
  0x000001bfbfbc8800 JavaThread "Daemon periodic checks" [_thread_blocked, id=12840, stack(0x000000bf98d00000,0x000000bf98e00000)]
  0x000001bfc0199800 JavaThread "Cancel handler" [_thread_blocked, id=13160, stack(0x000000bf98e00000,0x000000bf98f00000)]
  0x000001bfbf53f000 JavaThread "Daemon worker" [_thread_in_native, id=13476, stack(0x000000bf98f00000,0x000000bf99000000)]
  0x000001bfbf540000 JavaThread "Asynchronous log dispatcher for DefaultDaemonConnection: socket connection from /127.0.0.1:61584 to /127.0.0.1:61585" [_thread_blocked, id=12228, stack(0x000000bf99000000,0x000000bf99100000)]
  0x000001bfbec10800 JavaThread "Stdin handler" [_thread_blocked, id=5684, stack(0x000000bf99100000,0x000000bf99200000)]
  0x000001bfbf93d800 JavaThread "Thread-8" [_thread_blocked, id=2364, stack(0x000000bf99200000,0x000000bf99300000)]
  0x000001bfc09f8000 JavaThread "Cache worker for file hash cache (C:\Users\user\.gradle\caches\6.7.1\fileHashes)" [_thread_blocked, id=10104, stack(0x000000bf99300000,0x000000bf99400000)]
  0x000001bfc09fb800 JavaThread "File lock request listener" [_thread_in_native, id=8308, stack(0x000000bf99400000,0x000000bf99500000)]
  0x000001bfc09fc800 JavaThread "Cache worker for journal cache (C:\Users\user\.gradle\caches\journal-1)" [_thread_blocked, id=11340, stack(0x000000bf99500000,0x000000bf99600000)]

Other Threads:
  0x000001bfbdfd4000 VMThread "VM Thread" [stack: 0x000000bf97900000,0x000000bf97a00000] [id=12964]
  0x000001bfbeaf3000 WatcherThread [stack: 0x000000bf98300000,0x000000bf98400000] [id=3748]
  0x000001bfa3e44000 GCTaskThread "GC Thread#0" [stack: 0x000000bf97400000,0x000000bf97500000] [id=6200]
  0x000001bfbedff800 GCTaskThread "GC Thread#1" [stack: 0x000000bf98400000,0x000000bf98500000] [id=14480]
  0x000001bfc01be800 GCTaskThread "GC Thread#2" [stack: 0x000000bf98600000,0x000000bf98700000] [id=12296]
  0x000001bfc01d3800 GCTaskThread "GC Thread#3" [stack: 0x000000bf98700000,0x000000bf98800000] [id=12072]
  0x000001bfa3e75800 ConcurrentGCThread "G1 Main Marker" [stack: 0x000000bf97500000,0x000000bf97600000] [id=14772]
  0x000001bfa3e77000 ConcurrentGCThread "G1 Conc#0" [stack: 0x000000bf97600000,0x000000bf97700000] [id=5524]
  0x000001bfa3ecf800 ConcurrentGCThread "G1 Refine#0" [stack: 0x000000bf97700000,0x000000bf97800000] [id=4824]
  0x000001bfa3ed1000 ConcurrentGCThread "G1 Young RemSet Sampling" [stack: 0x000000bf97800000,0x000000bf97900000] [id=3636]

Threads with active compile tasks:
C2 CompilerThread0  14234 1977   !   4       java.lang.ClassLoader::loadClass (122 bytes)

VM state:not at safepoint (normal execution)

VM Mutex/Monitor currently owned by a thread: None

Heap address: 0x0000000080000000, size: 2048 MB, Compressed Oops mode: 32-bit
Narrow klass base: 0x0000000000000000, Narrow klass shift: 3
Compressed class space size: 1073741824 Address: 0x0000000100000000

Heap:
 garbage-first heap   total 63488K, used 28545K [0x0000000080000000, 0x0000000100000000)
  region size 1024K, 15 young (15360K), 2 survivors (2048K)
 Metaspace       used 21850K, capacity 22454K, committed 22704K, reserved 1069056K
  class space    used 2756K, capacity 2974K, committed 3072K, reserved 1048576K
Heap Regions: E=young(eden), S=young(survivor), O=old, HS=humongous(starts), HC=humongous(continues), CS=collection set, F=free, A=archive, TAMS=top-at-mark-start (previous, next)
|   0|0x0000000080000000, 0x0000000080100000, 0x0000000080100000|100%| O|  |TAMS 0x0000000080100000, 0x0000000080000000| Untracked 
|   1|0x0000000080100000, 0x0000000080200000, 0x0000000080200000|100%| O|  |TAMS 0x0000000080200000, 0x0000000080100000| Untracked 
|   2|0x0000000080200000, 0x0000000080300000, 0x0000000080300000|100%| O|  |TAMS 0x0000000080300000, 0x0000000080200000| Untracked 
|   3|0x0000000080300000, 0x0000000080400000, 0x0000000080400000|100%|HS|  |TAMS 0x0000000080400000, 0x0000000080300000| Complete 
|   4|0x0000000080400000, 0x0000000080500000, 0x0000000080500000|100%|HC|  |TAMS 0x0000000080500000, 0x0000000080400000| Complete 
|   5|0x0000000080500000, 0x0000000080600000, 0x0000000080600000|100%|HC|  |TAMS 0x0000000080600000, 0x0000000080500000| Complete 
|   6|0x0000000080600000, 0x0000000080700000, 0x0000000080700000|100%| O|  |TAMS 0x0000000080700000, 0x0000000080600000| Untracked 
|   7|0x0000000080700000, 0x0000000080800000, 0x0000000080800000|100%| O|  |TAMS 0x0000000080800000, 0x0000000080700000| Untracked 
|   8|0x0000000080800000, 0x0000000080900000, 0x0000000080900000|100%| O|  |TAMS 0x0000000080900000, 0x0000000080800000| Untracked 
|   9|0x0000000080900000, 0x0000000080a00000, 0x0000000080a00000|100%| O|  |TAMS 0x0000000080a00000, 0x0000000080900000| Untracked 
|  10|0x0000000080a00000, 0x0000000080b00000, 0x0000000080b00000|100%| O|  |TAMS 0x0000000080b00000, 0x0000000080a00000| Untracked 
|  11|0x0000000080b00000, 0x0000000080c00000, 0x0000000080c00000|100%| O|  |TAMS 0x0000000080c00000, 0x0000000080b00000| Untracked 
|  12|0x0000000080c00000, 0x0000000080d00000, 0x0000000080d00000|100%| O|  |TAMS 0x0000000080d00000, 0x0000000080c00000| Untracked 
|  13|0x0000000080d00000, 0x0000000080dee200, 0x0000000080e00000| 93%| O|  |TAMS 0x0000000080dee200, 0x0000000080d00000| Untracked 
|  14|0x0000000080e00000, 0x0000000080e00000, 0x0000000080f00000|  0%| F|  |TAMS 0x0000000080e00000, 0x0000000080e00000| Untracked 
|  15|0x0000000080f00000, 0x0000000080f00000, 0x0000000081000000|  0%| F|  |TAMS 0x0000000080f00000, 0x0000000080f00000| Untracked 
|  16|0x0000000081000000, 0x0000000081000000, 0x0000000081100000|  0%| F|  |TAMS 0x0000000081000000, 0x0000000081000000| Untracked 
|  17|0x0000000081100000, 0x0000000081100000, 0x0000000081200000|  0%| F|  |TAMS 0x0000000081100000, 0x0000000081100000| Untracked 
|  18|0x0000000081200000, 0x0000000081200000, 0x0000000081300000|  0%| F|  |TAMS 0x0000000081200000, 0x0000000081200000| Untracked 
|  19|0x0000000081300000, 0x0000000081300000, 0x0000000081400000|  0%| F|  |TAMS 0x0000000081300000, 0x0000000081300000| Untracked 
|  20|0x0000000081400000, 0x0000000081400000, 0x0000000081500000|  0%| F|  |TAMS 0x0000000081400000, 0x0000000081400000| Untracked 
|  21|0x0000000081500000, 0x0000000081500000, 0x0000000081600000|  0%| F|  |TAMS 0x0000000081500000, 0x0000000081500000| Untracked 
|  22|0x0000000081600000, 0x0000000081600000, 0x0000000081700000|  0%| F|  |TAMS 0x0000000081600000, 0x0000000081600000| Untracked 
|  23|0x0000000081700000, 0x0000000081700000, 0x0000000081800000|  0%| F|  |TAMS 0x0000000081700000, 0x0000000081700000| Untracked 
|  24|0x0000000081800000, 0x0000000081800000, 0x0000000081900000|  0%| F|  |TAMS 0x0000000081800000, 0x0000000081800000| Untracked 
|  25|0x0000000081900000, 0x0000000081900000, 0x0000000081a00000|  0%| F|  |TAMS 0x0000000081900000, 0x0000000081900000| Untracked 
|  26|0x0000000081a00000, 0x0000000081a00000, 0x0000000081b00000|  0%| F|  |TAMS 0x0000000081a00000, 0x0000000081a00000| Untracked 
|  27|0x0000000081b00000, 0x0000000081b00000, 0x0000000081c00000|  0%| F|  |TAMS 0x0000000081b00000, 0x0000000081b00000| Untracked 
|  28|0x0000000081c00000, 0x0000000081c00000, 0x0000000081d00000|  0%| F|  |TAMS 0x0000000081c00000, 0x0000000081c00000| Untracked 
|  29|0x0000000081d00000, 0x0000000081d00000, 0x0000000081e00000|  0%| F|  |TAMS 0x0000000081d00000, 0x0000000081d00000| Untracked 
|  30|0x0000000081e00000, 0x0000000081e00000, 0x0000000081f00000|  0%| F|  |TAMS 0x0000000081e00000, 0x0000000081e00000| Untracked 
|  31|0x0000000081f00000, 0x0000000081f00000, 0x0000000082000000|  0%| F|  |TAMS 0x0000000081f00000, 0x0000000081f00000| Untracked 
|  32|0x0000000082000000, 0x0000000082000000, 0x0000000082100000|  0%| F|  |TAMS 0x0000000082000000, 0x0000000082000000| Untracked 
|  33|0x0000000082100000, 0x0000000082100000, 0x0000000082200000|  0%| F|  |TAMS 0x0000000082100000, 0x0000000082100000| Untracked 
|  34|0x0000000082200000, 0x0000000082200000, 0x0000000082300000|  0%| F|  |TAMS 0x0000000082200000, 0x0000000082200000| Untracked 
|  35|0x0000000082300000, 0x0000000082300000, 0x0000000082400000|  0%| F|  |TAMS 0x0000000082300000, 0x0000000082300000| Untracked 
|  36|0x0000000082400000, 0x0000000082400000, 0x0000000082500000|  0%| F|  |TAMS 0x0000000082400000, 0x0000000082400000| Untracked 
|  37|0x0000000082500000, 0x0000000082500000, 0x0000000082600000|  0%| F|  |TAMS 0x0000000082500000, 0x0000000082500000| Untracked 
|  38|0x0000000082600000, 0x0000000082600000, 0x0000000082700000|  0%| F|  |TAMS 0x0000000082600000, 0x0000000082600000| Untracked 
|  39|0x0000000082700000, 0x0000000082700000, 0x0000000082800000|  0%| F|  |TAMS 0x0000000082700000, 0x0000000082700000| Untracked 
|  40|0x0000000082800000, 0x0000000082800000, 0x0000000082900000|  0%| F|  |TAMS 0x0000000082800000, 0x0000000082800000| Untracked 
|  41|0x0000000082900000, 0x0000000082900000, 0x0000000082a00000|  0%| F|  |TAMS 0x0000000082900000, 0x0000000082900000| Untracked 
|  42|0x0000000082a00000, 0x0000000082a00000, 0x0000000082b00000|  0%| F|  |TAMS 0x0000000082a00000, 0x0000000082a00000| Untracked 
|  43|0x0000000082b00000, 0x0000000082b00000, 0x0000000082c00000|  0%| F|  |TAMS 0x0000000082b00000, 0x0000000082b00000| Untracked 
|  44|0x0000000082c00000, 0x0000000082c00000, 0x0000000082d00000|  0%| F|  |TAMS 0x0000000082c00000, 0x0000000082c00000| Untracked 
|  45|0x0000000082d00000, 0x0000000082d00000, 0x0000000082e00000|  0%| F|  |TAMS 0x0000000082d00000, 0x0000000082d00000| Untracked 
|  46|0x0000000082e00000, 0x0000000082e00000, 0x0000000082f00000|  0%| F|  |TAMS 0x0000000082e00000, 0x0000000082e00000| Untracked 
|  47|0x0000000082f00000, 0x0000000083000000, 0x0000000083000000|100%| E|  |TAMS 0x0000000082f00000, 0x0000000082f00000| Complete 
|  48|0x0000000083000000, 0x0000000083100000, 0x0000000083100000|100%| E|CS|TAMS 0x0000000083000000, 0x0000000083000000| Complete 
|  49|0x0000000083100000, 0x00000000831f2200, 0x0000000083200000| 94%| S|CS|TAMS 0x0000000083100000, 0x0000000083100000| Complete 
|  50|0x0000000083200000, 0x0000000083300000, 0x0000000083300000|100%| S|CS|TAMS 0x0000000083200000, 0x0000000083200000| Complete 
|  51|0x0000000083300000, 0x0000000083400000, 0x0000000083400000|100%| E|CS|TAMS 0x0000000083300000, 0x0000000083300000| Complete 
|  52|0x0000000083400000, 0x0000000083500000, 0x0000000083500000|100%| E|CS|TAMS 0x0000000083400000, 0x0000000083400000| Complete 
|  53|0x0000000083500000, 0x0000000083600000, 0x0000000083600000|100%| E|CS|TAMS 0x0000000083500000, 0x0000000083500000| Complete 
|  54|0x0000000083600000, 0x0000000083700000, 0x0000000083700000|100%| E|CS|TAMS 0x0000000083600000, 0x0000000083600000| Complete 
|  55|0x0000000083700000, 0x0000000083800000, 0x0000000083800000|100%| E|CS|TAMS 0x0000000083700000, 0x0000000083700000| Complete 
|  56|0x0000000083800000, 0x0000000083900000, 0x0000000083900000|100%| E|CS|TAMS 0x0000000083800000, 0x0000000083800000| Complete 
|  57|0x0000000083900000, 0x0000000083a00000, 0x0000000083a00000|100%| E|CS|TAMS 0x0000000083900000, 0x0000000083900000| Complete 
|  58|0x0000000083a00000, 0x0000000083b00000, 0x0000000083b00000|100%| E|CS|TAMS 0x0000000083a00000, 0x0000000083a00000| Complete 
|  59|0x0000000083b00000, 0x0000000083c00000, 0x0000000083c00000|100%| E|CS|TAMS 0x0000000083b00000, 0x0000000083b00000| Complete 
|  60|0x0000000083c00000, 0x0000000083d00000, 0x0000000083d00000|100%| E|CS|TAMS 0x0000000083c00000, 0x0000000083c00000| Complete 
|  61|0x0000000083d00000, 0x0000000083e00000, 0x0000000083e00000|100%| E|CS|TAMS 0x0000000083d00000, 0x0000000083d00000| Complete 

Card table byte_map: [0x000001bfb71d0000,0x000001bfb75d0000] _byte_map_base: 0x000001bfb6dd0000

Marking Bits (Prev, Next): (CMBitMap*) 0x000001bfa3e6cef0, (CMBitMap*) 0x000001bfa3e6ceb8
 Prev Bits: [0x000001bfb99d0000, 0x000001bfbb9d0000)
 Next Bits: [0x000001bfb79d0000, 0x000001bfb99d0000)

Polling page: 0x000001bfa2610000

Metaspace:

Usage:
  Non-class:     19.02 MB capacity,    18.66 MB ( 98%) used,   333.91 KB (  2%) free+waste,    38.13 KB ( <1%) overhead. 
      Class:      2.90 MB capacity,     2.70 MB ( 93%) used,   192.26 KB (  6%) free+waste,    19.13 KB ( <1%) overhead. 
       Both:     21.93 MB capacity,    21.36 MB ( 97%) used,   526.17 KB (  2%) free+waste,    57.25 KB ( <1%) overhead. 

Virtual space:
  Non-class space:       20.00 MB reserved,      19.17 MB ( 96%) committed 
      Class space:        1.00 GB reserved,       3.00 MB ( <1%) committed 
             Both:        1.02 GB reserved,      22.17 MB (  2%) committed 

Chunk freelists:
   Non-Class:  40.00 KB
       Class:  2.00 KB
        Both:  42.00 KB

MaxMetaspaceSize: 17179869184.00 GB
CompressedClassSpaceSize: 1.00 GB

CodeHeap 'non-profiled nmethods': size=120064Kb used=779Kb max_used=779Kb free=119284Kb
 bounds [0x000001bfaf270000, 0x000001bfaf4e0000, 0x000001bfb67b0000]
CodeHeap 'profiled nmethods': size=120000Kb used=3778Kb max_used=3778Kb free=116221Kb
 bounds [0x000001bfa7d40000, 0x000001bfa8100000, 0x000001bfaf270000]
CodeHeap 'non-nmethods': size=5696Kb used=1120Kb max_used=1139Kb free=4575Kb
 bounds [0x000001bfa77b0000, 0x000001bfa7a20000, 0x000001bfa7d40000]
 total_blobs=2271 nmethods=1811 adapters=372
 compilation: enabled
              stopped_count=0, restarted_count=0
 full_count=0

Compilation events (20 events):
Event: 13.667 Thread 0x000001bfbe03a000 nmethod 1972 0x000001bfaf2cf810 code [0x000001bfaf2cf9a0, 0x000001bfaf2cfab8]
Event: 13.678 Thread 0x000001bfbe03a000 1977   !   4       java.lang.ClassLoader::loadClass (122 bytes)
Event: 13.690 Thread 0x000001bfbe040000 1978       1       org.gradle.launcher.daemon.server.exec.DaemonConnectionBackedEventConsumer::access$100 (5 bytes)
Event: 13.690 Thread 0x000001bfbe040000 nmethod 1978 0x000001bfaf2cf510 code [0x000001bfaf2cf6c0, 0x000001bfaf2cf758]
Event: 13.768 Thread 0x000001bfbe040000 1980       3       java.lang.Package::<init> (47 bytes)
Event: 13.769 Thread 0x000001bfbe040000 nmethod 1980 0x000001bfa7f77210 code [0x000001bfa7f77400, 0x000001bfa7f77848]
Event: 13.776 Thread 0x000001bfbe040000 1981       3       org.gradle.internal.service.DefaultServiceRegistry$FactoryService::<init> (7 bytes)
Event: 13.777 Thread 0x000001bfbe040000 nmethod 1981 0x000001bfa7fa7690 code [0x000001bfa7fa78c0, 0x000001bfa7fa8108]
Event: 13.795 Thread 0x000001bfbe040000 1982       3       java.lang.Class::privateGetDeclaredConstructors (79 bytes)
Event: 13.797 Thread 0x000001bfbe040000 nmethod 1982 0x000001bfa7f78990 code [0x000001bfa7f78ba0, 0x000001bfa7f790a8]
Event: 13.814 Thread 0x000001bfbe040000 1983       3       java.util.ArrayList::contains (14 bytes)
Event: 13.814 Thread 0x000001bfbe040000 nmethod 1983 0x000001bfa7ea0990 code [0x000001bfa7ea0b60, 0x000001bfa7ea0d68]
Event: 13.814 Thread 0x000001bfbe040000 1984       3       org.gradle.internal.service.DefaultServiceRegistry$SingletonService::getAll (23 bytes)
Event: 13.815 Thread 0x000001bfbe040000 nmethod 1984 0x000001bfa7f18610 code [0x000001bfa7f187e0, 0x000001bfa7f18a68]
Event: 13.823 Thread 0x000001bfbe040000 1985       1       sun.reflect.generics.repository.AbstractRepository::getFactory (5 bytes)
Event: 13.823 Thread 0x000001bfbe040000 nmethod 1985 0x000001bfaf2d2810 code [0x000001bfaf2d29c0, 0x000001bfaf2d2a78]
Event: 13.838 Thread 0x000001bfbe040000 1987       3       jdk.internal.org.objectweb.asm.Type::getArgumentsAndReturnSizes (151 bytes)
Event: 13.843 Thread 0x000001bfbe040000 nmethod 1987 0x000001bfa80dfa10 code [0x000001bfa80dfd80, 0x000001bfa80e15f8]
Event: 13.843 Thread 0x000001bfbe040000 1988       3       java.lang.invoke.DirectMethodHandle::preparedLambdaForm (31 bytes)
Event: 13.844 Thread 0x000001bfbe040000 nmethod 1988 0x000001bfa7fa7110 code [0x000001bfa7fa7300, 0x000001bfa7fa7528]

GC Heap History (12 events):
Event: 2.673 GC heap before
{Heap before GC invocations=0 (full 0):
 garbage-first heap   total 63488K, used 19456K [0x0000000080000000, 0x0000000100000000)
  region size 1024K, 14 young (14336K), 0 survivors (0K)
 Metaspace       used 7452K, capacity 7599K, committed 7680K, reserved 1056768K
  class space    used 686K, capacity 748K, committed 768K, reserved 1048576K
}
Event: 2.689 GC heap after
{Heap after GC invocations=1 (full 0):
 garbage-first heap   total 63488K, used 7907K [0x0000000080000000, 0x0000000100000000)
  region size 1024K, 2 young (2048K), 2 survivors (2048K)
 Metaspace       used 7452K, capacity 7599K, committed 7680K, reserved 1056768K
  class space    used 686K, capacity 748K, committed 768K, reserved 1048576K
}
Event: 4.138 GC heap before
{Heap before GC invocations=1 (full 0):
 garbage-first heap   total 63488K, used 19171K [0x0000000080000000, 0x0000000100000000)
  region size 1024K, 13 young (13312K), 2 survivors (2048K)
 Metaspace       used 10843K, capacity 11065K, committed 11264K, reserved 1058816K
  class space    used 1144K, capacity 1203K, committed 1280K, reserved 1048576K
}
Event: 4.147 GC heap after
{Heap after GC invocations=2 (full 0):
 garbage-first heap   total 63488K, used 8664K [0x0000000080000000, 0x0000000100000000)
  region size 1024K, 1 young (1024K), 1 survivors (1024K)
 Metaspace       used 10843K, capacity 11065K, committed 11264K, reserved 1058816K
  class space    used 1144K, capacity 1203K, committed 1280K, reserved 1048576K
}
Event: 5.587 GC heap before
{Heap before GC invocations=2 (full 0):
 garbage-first heap   total 63488K, used 30168K [0x0000000080000000, 0x0000000100000000)
  region size 1024K, 23 young (23552K), 1 survivors (1024K)
 Metaspace       used 10962K, capacity 11194K, committed 11520K, reserved 1058816K
  class space    used 1144K, capacity 1203K, committed 1280K, reserved 1048576K
}
Event: 5.596 GC heap after
{Heap after GC invocations=3 (full 0):
 garbage-first heap   total 63488K, used 10286K [0x0000000080000000, 0x0000000100000000)
  region size 1024K, 3 young (3072K), 3 survivors (3072K)
 Metaspace       used 10962K, capacity 11194K, committed 11520K, reserved 1058816K
  class space    used 1144K, capacity 1203K, committed 1280K, reserved 1048576K
}
Event: 8.035 GC heap before
{Heap before GC invocations=3 (full 0):
 garbage-first heap   total 63488K, used 34862K [0x0000000080000000, 0x0000000100000000)
  region size 1024K, 27 young (27648K), 3 survivors (3072K)
 Metaspace       used 13983K, capacity 14333K, committed 14592K, reserved 1062912K
  class space    used 1578K, capacity 1676K, committed 1792K, reserved 1048576K
}
Event: 8.068 GC heap after
{Heap after GC invocations=4 (full 0):
 garbage-first heap   total 63488K, used 14016K [0x0000000080000000, 0x0000000100000000)
  region size 1024K, 4 young (4096K), 4 survivors (4096K)
 Metaspace       used 13983K, capacity 14333K, committed 14592K, reserved 1062912K
  class space    used 1578K, capacity 1676K, committed 1792K, reserved 1048576K
}
Event: 12.585 GC heap before
{Heap before GC invocations=4 (full 0):
 garbage-first heap   total 63488K, used 38592K [0x0000000080000000, 0x0000000100000000)
  region size 1024K, 28 young (28672K), 4 survivors (4096K)
 Metaspace       used 19012K, capacity 19454K, committed 19712K, reserved 1067008K
  class space    used 2298K, capacity 2458K, committed 2560K, reserved 1048576K
}
Event: 12.595 GC heap after
{Heap after GC invocations=5 (full 0):
 garbage-first heap   total 63488K, used 15865K [0x0000000080000000, 0x0000000100000000)
  region size 1024K, 2 young (2048K), 2 survivors (2048K)
 Metaspace       used 19012K, capacity 19454K, committed 19712K, reserved 1067008K
  class space    used 2298K, capacity 2458K, committed 2560K, reserved 1048576K
}
Event: 13.403 GC heap before
{Heap before GC invocations=5 (full 0):
 garbage-first heap   total 63488K, used 26105K [0x0000000080000000, 0x0000000100000000)
  region size 1024K, 13 young (13312K), 2 survivors (2048K)
 Metaspace       used 20604K, capacity 21127K, committed 21296K, reserved 1069056K
  class space    used 2520K, capacity 2680K, committed 2688K, reserved 1048576K
}
Event: 13.410 GC heap after
{Heap after GC invocations=6 (full 0):
 garbage-first heap   total 63488K, used 16257K [0x0000000080000000, 0x0000000100000000)
  region size 1024K, 2 young (2048K), 2 survivors (2048K)
 Metaspace       used 20604K, capacity 21127K, committed 21296K, reserved 1069056K
  class space    used 2520K, capacity 2680K, committed 2688K, reserved 1048576K
}

Deoptimization events (20 events):
Event: 13.187 Thread 0x000001bfbf53f000 Uncommon trap: trap_request=0xffffff4d fr.pc=0x000001bfaf2ca958 relative=0x0000000000000598
Event: 13.187 Thread 0x000001bfbf53f000 Uncommon trap: reason=unstable_if action=reinterpret pc=0x000001bfaf2ca958 method=java.io.File.getName()Ljava/lang/String; @ 16 c2
Event: 13.187 Thread 0x000001bfbf53f000 DEOPT PACKING pc=0x000001bfaf2ca958 sp=0x000000bf98ffb990
Event: 13.187 Thread 0x000001bfbf53f000 DEOPT UNPACKING pc=0x000001bfa77d68a9 sp=0x000000bf98ffb960 mode 2
Event: 13.187 Thread 0x000001bfbf53f000 Uncommon trap: trap_request=0xffffff4d fr.pc=0x000001bfaf2c9fe0 relative=0x0000000000000420
Event: 13.187 Thread 0x000001bfbf53f000 Uncommon trap: reason=unstable_if action=reinterpret pc=0x000001bfaf2c9fe0 method=java.lang.String.substring(I)Ljava/lang/String; @ 34 c2
Event: 13.187 Thread 0x000001bfbf53f000 DEOPT PACKING pc=0x000001bfaf2c9fe0 sp=0x000000bf98ffb910
Event: 13.187 Thread 0x000001bfbf53f000 DEOPT UNPACKING pc=0x000001bfa77d68a9 sp=0x000000bf98ffb8e8 mode 2
Event: 13.541 Thread 0x000001bfbf53f000 Uncommon trap: trap_request=0xffffff4d fr.pc=0x000001bfaf2ab2d8 relative=0x0000000000000398
Event: 13.541 Thread 0x000001bfbf53f000 Uncommon trap: reason=unstable_if action=reinterpret pc=0x000001bfaf2ab2d8 method=jdk.internal.org.objectweb.asm.Type.getArgumentsAndReturnSizes(Ljava/lang/String;)I @ 88 c2
Event: 13.541 Thread 0x000001bfbf53f000 DEOPT PACKING pc=0x000001bfaf2ab2d8 sp=0x000000bf98ffa800
Event: 13.541 Thread 0x000001bfbf53f000 DEOPT UNPACKING pc=0x000001bfa77d68a9 sp=0x000000bf98ffa788 mode 2
Event: 13.586 Thread 0x000001bfbf53f000 Uncommon trap: trap_request=0xffffffcc fr.pc=0x000001bfaf2b36e0 relative=0x00000000000002a0
Event: 13.586 Thread 0x000001bfbf53f000 Uncommon trap: reason=intrinsic_or_type_checked_inlining action=make_not_entrant pc=0x000001bfaf2b36e0 method=java.util.Arrays.copyOf([Ljava/lang/Object;ILjava/lang/Class;)[Ljava/lang/Object; @ 35 c2
Event: 13.586 Thread 0x000001bfbf53f000 DEOPT PACKING pc=0x000001bfaf2b36e0 sp=0x000000bf98ffc930
Event: 13.586 Thread 0x000001bfbf53f000 DEOPT UNPACKING pc=0x000001bfa77d68a9 sp=0x000000bf98ffc8c0 mode 2
Event: 13.607 Thread 0x000001bfbf53f000 Uncommon trap: trap_request=0xffffff4d fr.pc=0x000001bfaf2d3858 relative=0x0000000000000b38
Event: 13.607 Thread 0x000001bfbf53f000 Uncommon trap: reason=unstable_if action=reinterpret pc=0x000001bfaf2d3858 method=java.util.Properties$LineReader.readLine()I @ 249 c2
Event: 13.607 Thread 0x000001bfbf53f000 DEOPT PACKING pc=0x000001bfaf2d3858 sp=0x000000bf98ffc190
Event: 13.607 Thread 0x000001bfbf53f000 DEOPT UNPACKING pc=0x000001bfa77d68a9 sp=0x000000bf98ffc120 mode 2

Classes redefined (0 events):
No events

Internal exceptions (20 events):
Event: 8.142 Thread 0x000001bfa3e2b800 Exception <a 'java/lang/NoSuchMethodError'{0x0000000083dcf250}: 'java.lang.Object java.lang.invoke.Invokers$Holder.invoker(java.lang.Object, java.lang.Object, java.lang.Object, java.lang.Object, java.lang.Object)'> (0x0000000083dcf250) thrown at [./src/hotspot/share/interpreter/linkResolver.cpp, line 773]
Event: 8.148 Thread 0x000001bfa3e2b800 Exception <a 'java/lang/NoSuchMethodError'{0x0000000083ddfec8}: 'void java.lang.invoke.DelegatingMethodHandle$Holder.delegate(java.lang.Object, java.lang.Object, int, java.lang.Object)'> (0x0000000083ddfec8) thrown at [./src/hotspot/share/interpreter/linkResolver.cpp, line 773]
Event: 8.338 Thread 0x000001bfa3e2b800 Exception <a 'java/lang/NoSuchMethodError'{0x0000000083ca9160}: 'java.lang.Object java.lang.invoke.DirectMethodHandle$Holder.invokeStaticInit(java.lang.Object, int, int, int, int)'> (0x0000000083ca9160) thrown at [./src/hotspot/share/interpreter/linkResolver.cpp, line 773]
Event: 9.341 Thread 0x000001bfa3e2b800 Exception <a 'java/lang/NoSuchMethodError'{0x0000000083b89768}: 'java.lang.Object java.lang.invoke.DirectMethodHandle$Holder.invokeStaticInit(java.lang.Object, java.lang.Object, int, int, int, int)'> (0x0000000083b89768) thrown at [./src/hotspot/share/interpreter/linkResolver.cpp, line 773]
Event: 11.055 Thread 0x000001bfa3e2b800 Exception <a 'java/io/IOException'{0x000000008399d628}> (0x000000008399d628) thrown at [./src/hotspot/share/prims/jni.cpp, line 615]
Event: 11.176 Thread 0x000001bfbfc85800 Exception <a 'java/lang/NoSuchMethodError'{0x00000000838d8e78}: <clinit>> (0x00000000838d8e78) thrown at [./src/hotspot/share/prims/jni.cpp, line 1362]
Event: 11.180 Thread 0x000001bfbfc85800 Exception <a 'java/lang/NoSuchMethodError'{0x00000000838e1710}: <clinit>> (0x00000000838e1710) thrown at [./src/hotspot/share/prims/jni.cpp, line 1362]
Event: 11.191 Thread 0x000001bfbfc85800 Exception <a 'java/lang/NoSuchMethodError'{0x00000000838f4888}: <clinit>> (0x00000000838f4888) thrown at [./src/hotspot/share/prims/jni.cpp, line 1362]
Event: 11.266 Thread 0x000001bfbfc85800 Exception <a 'java/lang/NoSuchMethodError'{0x000000008374c8a0}: <clinit>> (0x000000008374c8a0) thrown at [./src/hotspot/share/prims/jni.cpp, line 1362]
Event: 11.286 Thread 0x000001bfbfc85800 Exception <a 'java/lang/NoSuchMethodError'{0x0000000083788030}: <clinit>> (0x0000000083788030) thrown at [./src/hotspot/share/prims/jni.cpp, line 1362]
Event: 11.317 Thread 0x000001bfbfc85800 Exception <a 'java/lang/NoSuchMethodError'{0x00000000837bad68}: <clinit>> (0x00000000837bad68) thrown at [./src/hotspot/share/prims/jni.cpp, line 1362]
Event: 11.697 Thread 0x000001bfbf53f000 Exception <a 'java/lang/NoSuchMethodError'{0x00000000834d0698}: 'void java.lang.invoke.DelegatingMethodHandle$Holder.reinvoke_L(java.lang.Object, java.lang.Object, java.lang.Object, java.lang.Object)'> (0x00000000834d0698) thrown at [./src/hotspot/share/interpreter/linkResolver.cpp, line 773]
Event: 11.712 Thread 0x000001bfbf53f000 Exception <a 'java/lang/NoSuchMethodError'{0x0000000083307970}: 'long java.lang.invoke.DirectMethodHandle$Holder.invokeInterface(java.lang.Object, java.lang.Object)'> (0x0000000083307970) thrown at [./src/hotspot/share/interpreter/linkResolver.cpp, line 773]
Event: 11.722 Thread 0x000001bfbf53f000 Exception <a 'java/lang/NoSuchMethodError'{0x0000000083329198}: 'void java.lang.invoke.DelegatingMethodHandle$Holder.reinvoke_L(java.lang.Object, java.lang.Object, java.lang.Object, java.lang.Object, java.lang.Object, java.lang.Object, java.lang.Object)'> (0x0000000083329198) thrown at [./src/hotspot/share/interpreter/linkResolver.cpp, line 773]
Event: 12.616 Thread 0x000001bfbf53f000 Exception <a 'java/lang/NoSuchMethodError'{0x0000000083d9d508}: 'java.lang.Object java.lang.invoke.DirectMethodHandle$Holder.invokeVirtual(java.lang.Object, java.lang.Object, java.lang.Object)'> (0x0000000083d9d508) thrown at [./src/hotspot/share/interpreter/linkResolver.cpp, line 773]
Event: 12.788 Thread 0x000001bfbf53f000 Exception <a 'java/lang/NoSuchMethodError'{0x000000008391c998}: 'void java.lang.invoke.DirectMethodHandle$Holder.invokeStaticInit(java.lang.Object)'> (0x000000008391c998) thrown at [./src/hotspot/share/interpreter/linkResolver.cpp, line 773]
Event: 13.354 Thread 0x000001bfbf53f000 Exception <a 'java/lang/NoSuchMethodError'{0x0000000083352638}: 'int java.lang.invoke.DirectMethodHandle$Holder.invokeSpecialIFC(java.lang.Object, java.lang.Object, java.lang.Object, java.lang.Object)'> (0x0000000083352638) thrown at [./src/hotspot/share/interpreter/linkResolver.cpp, line 773]
Event: 13.357 Thread 0x000001bfbf53f000 Exception <a 'java/lang/NoSuchMethodError'{0x00000000833603f8}: 'java.lang.Object java.lang.invoke.DirectMethodHandle$Holder.invokeInterface(java.lang.Object, java.lang.Object, java.lang.Object)'> (0x00000000833603f8) thrown at [./src/hotspot/share/interpreter/linkResolver.cpp, line 773]
Event: 13.358 Thread 0x000001bfbf53f000 Exception <a 'java/lang/IncompatibleClassChangeError'{0x00000000833638d0}: Found class java.lang.Object, but interface was expected> (0x00000000833638d0) thrown at [./src/hotspot/share/interpreter/linkResolver.cpp, line 839]
Event: 13.695 Thread 0x000001bfbf53f000 Exception <a 'java/lang/NoSuchMethodError'{0x0000000083905860}: 'void java.lang.invoke.DirectMethodHandle$Holder.invokeSpecial(java.lang.Object, java.lang.Object)'> (0x0000000083905860) thrown at [./src/hotspot/share/interpreter/linkResolver.cpp, line 773]

Events (20 events):
Event: 13.887 loading class org/gradle/api/internal/artifacts/ivyservice/ivyresolve/strategy/VersionComparator
Event: 13.887 loading class org/gradle/api/internal/artifacts/ivyservice/ivyresolve/strategy/VersionComparator done
Event: 13.888 loading class org/gradle/api/internal/artifacts/ivyservice/ivyresolve/RepositoryDisabler
Event: 13.888 loading class org/gradle/api/internal/artifacts/ivyservice/ivyresolve/RepositoryDisabler done
Event: 13.890 loading class org/gradle/api/internal/artifacts/ivyservice/modulecache/artifacts/ModuleArtifactCache
Event: 13.890 loading class org/gradle/api/internal/artifacts/ivyservice/modulecache/artifacts/ModuleArtifactCache done
Event: 13.915 loading class org/gradle/api/internal/artifacts/ivyservice/modulecache/artifacts/AbstractArtifactsCache
Event: 13.915 loading class org/gradle/api/internal/artifacts/ivyservice/modulecache/artifacts/AbstractArtifactsCache done
Event: 13.916 loading class org/gradle/api/internal/artifacts/ivyservice/modulecache/artifacts/ModuleArtifactsCache
Event: 13.916 loading class org/gradle/api/internal/artifacts/ivyservice/modulecache/artifacts/ModuleArtifactsCache done
Event: 13.917 loading class org/gradle/api/internal/artifacts/ivyservice/modulecache/artifacts/DefaultModuleArtifactsCache
Event: 13.917 loading class org/gradle/api/internal/artifacts/ivyservice/modulecache/artifacts/DefaultModuleArtifactsCache done
Event: 13.918 loading class org/gradle/api/internal/artifacts/ivyservice/modulecache/AbstractModuleMetadataCache
Event: 13.918 loading class org/gradle/api/internal/artifacts/ivyservice/modulecache/AbstractModuleMetadataCache done
Event: 13.918 loading class org/gradle/api/internal/artifacts/ivyservice/modulecache/ModuleMetadataCache
Event: 13.918 loading class org/gradle/api/internal/artifacts/ivyservice/modulecache/ModuleMetadataCache done
Event: 13.919 loading class org/gradle/api/internal/artifacts/ivyservice/modulecache/PersistentModuleMetadataCache
Event: 13.919 loading class org/gradle/api/internal/artifacts/ivyservice/modulecache/PersistentModuleMetadataCache done
Event: 13.920 loading class org/gradle/api/internal/artifacts/ivyservice/modulecache/dynamicversions/AbstractModuleVersionsCache
Event: 13.920 loading class org/gradle/api/internal/artifacts/ivyservice/modulecache/dynamicversions/AbstractModuleVersionsCache done


Dynamic libraries:
0x00007ff6d7c20000 - 0x00007ff6d7c2a000 	C:\Program Files\Android\Android Studio\jre\bin\java.exe
0x00007ffa34b10000 - 0x00007ffa34d05000 	C:\WINDOWS\SYSTEM32\ntdll.dll
0x00007ffa34130000 - 0x00007ffa341ed000 	C:\WINDOWS\System32\KERNEL32.DLL
0x00007ffa324f0000 - 0x00007ffa327b9000 	C:\WINDOWS\System32\KERNELBASE.dll
0x00007ffa322f0000 - 0x00007ffa323f0000 	C:\WINDOWS\System32\ucrtbase.dll
0x00007ff9f4400000 - 0x00007ff9f4419000 	C:\Program Files\Android\Android Studio\jre\bin\jli.dll
0x00007ffa0ed70000 - 0x00007ffa0ed87000 	C:\Program Files\Android\Android Studio\jre\bin\VCRUNTIME140.dll
0x00007ffa332b0000 - 0x00007ffa33450000 	C:\WINDOWS\System32\USER32.dll
0x00007ffa329b0000 - 0x00007ffa329d2000 	C:\WINDOWS\System32\win32u.dll
0x00007ffa11110000 - 0x00007ffa113aa000 	C:\WINDOWS\WinSxS\amd64_microsoft.windows.common-controls_6595b64144ccf1df_6.0.19041.1110_none_60b5254171f9507e\COMCTL32.dll
0x00007ffa33930000 - 0x00007ffa3395a000 	C:\WINDOWS\System32\GDI32.dll
0x00007ffa34090000 - 0x00007ffa3412e000 	C:\WINDOWS\System32\msvcrt.dll
0x00007ffa327c0000 - 0x00007ffa328cb000 	C:\WINDOWS\System32\gdi32full.dll
0x00007ffa32450000 - 0x00007ffa324ed000 	C:\WINDOWS\System32\msvcp_win.dll
0x00007ffa342a0000 - 0x00007ffa342d0000 	C:\WINDOWS\System32\IMM32.DLL
0x00007ff9ed820000 - 0x00007ff9ed8bd000 	C:\Program Files\Android\Android Studio\jre\bin\msvcp140.dll
0x00007ff9eb2b0000 - 0x00007ff9ebd6c000 	C:\Program Files\Android\Android Studio\jre\bin\server\jvm.dll
0x00007ffa34570000 - 0x00007ffa3461c000 	C:\WINDOWS\System32\ADVAPI32.dll
0x00007ffa34730000 - 0x00007ffa347cb000 	C:\WINDOWS\System32\sechost.dll
0x00007ffa342e0000 - 0x00007ffa3440a000 	C:\WINDOWS\System32\RPCRT4.dll
0x00007ffa34410000 - 0x00007ffa34418000 	C:\WINDOWS\System32\PSAPI.DLL
0x00007ffa10dc0000 - 0x00007ffa10dc9000 	C:\WINDOWS\SYSTEM32\WSOCK32.dll
0x00007ffa0bd40000 - 0x00007ffa0bd67000 	C:\WINDOWS\SYSTEM32\WINMM.dll
0x00007ffa33dd0000 - 0x00007ffa33e3b000 	C:\WINDOWS\System32\WS2_32.dll
0x00007ffa29290000 - 0x00007ffa2929a000 	C:\WINDOWS\SYSTEM32\VERSION.dll
0x00007ffa30330000 - 0x00007ffa30342000 	C:\WINDOWS\SYSTEM32\kernel.appcore.dll
0x00007ffa0aff0000 - 0x00007ffa0b001000 	C:\Program Files\Android\Android Studio\jre\bin\verify.dll
0x00007ffa30120000 - 0x00007ffa30304000 	C:\WINDOWS\SYSTEM32\DBGHELP.DLL
0x00007ffa28fc0000 - 0x00007ffa28fec000 	C:\WINDOWS\SYSTEM32\dbgcore.DLL
0x00007ffa328d0000 - 0x00007ffa32953000 	C:\WINDOWS\System32\bcryptPrimitives.dll
0x00007ff9fa110000 - 0x00007ff9fa139000 	C:\Program Files\Android\Android Studio\jre\bin\java.dll
0x00007ffa071a0000 - 0x00007ffa071ab000 	C:\Program Files\Android\Android Studio\jre\bin\jimage.dll
0x00007ff9fa090000 - 0x00007ff9fa0a8000 	C:\Program Files\Android\Android Studio\jre\bin\zip.dll
0x00007ffa32b70000 - 0x00007ffa332af000 	C:\WINDOWS\System32\SHELL32.dll
0x00007ffa30350000 - 0x00007ffa30ae0000 	C:\WINDOWS\SYSTEM32\windows.storage.dll
0x00007ffa33a70000 - 0x00007ffa33dc5000 	C:\WINDOWS\System32\combase.dll
0x00007ffa31c30000 - 0x00007ffa31c5c000 	C:\WINDOWS\SYSTEM32\Wldp.dll
0x00007ffa34620000 - 0x00007ffa346ce000 	C:\WINDOWS\System32\SHCORE.dll
0x00007ffa34a70000 - 0x00007ffa34ac5000 	C:\WINDOWS\System32\shlwapi.dll
0x00007ffa32180000 - 0x00007ffa3219f000 	C:\WINDOWS\SYSTEM32\profapi.dll
0x00007ff9fa070000 - 0x00007ff9fa08a000 	C:\Program Files\Android\Android Studio\jre\bin\net.dll
0x00007ffa15b70000 - 0x00007ffa15c78000 	C:\WINDOWS\SYSTEM32\WINHTTP.dll
0x00007ffa31930000 - 0x00007ffa3199a000 	C:\WINDOWS\system32\mswsock.dll
0x00007ff9f9b40000 - 0x00007ff9f9b54000 	C:\Program Files\Android\Android Studio\jre\bin\nio.dll
0x00007ffa02720000 - 0x00007ffa02747000 	C:\Users\user\.gradle\native\fdc75f09e3144964f2cf3f50f0aa648679c211496f362492102eb8c894070792\windows-amd64\native-platform.dll
0x00007ff9e81c0000 - 0x00007ff9e8356000 	C:\Users\user\.gradle\native\12488b8bf47d2d4c9fbf2f6322a914ad602e24e48041cd04a747c6da556b65c4\windows-amd64\native-platform-file-events.dll
0x00007ffa00710000 - 0x00007ffa0071a000 	C:\Program Files\Android\Android Studio\jre\bin\management.dll
0x00007ff9fa060000 - 0x00007ff9fa06c000 	C:\Program Files\Android\Android Studio\jre\bin\management_ext.dll
0x00007ffa31b20000 - 0x00007ffa31b38000 	C:\WINDOWS\SYSTEM32\CRYPTSP.dll
0x00007ffa312b0000 - 0x00007ffa312e4000 	C:\WINDOWS\system32\rsaenh.dll
0x00007ffa329e0000 - 0x00007ffa32a07000 	C:\WINDOWS\System32\bcrypt.dll
0x00007ffa32140000 - 0x00007ffa3216e000 	C:\WINDOWS\SYSTEM32\USERENV.dll
0x00007ffa31b40000 - 0x00007ffa31b4c000 	C:\WINDOWS\SYSTEM32\CRYPTBASE.dll
0x00007ffa31620000 - 0x00007ffa3165b000 	C:\WINDOWS\SYSTEM32\IPHLPAPI.DLL
0x00007ffa34980000 - 0x00007ffa34988000 	C:\WINDOWS\System32\NSI.dll
0x00007ffa27950000 - 0x00007ffa27967000 	C:\WINDOWS\SYSTEM32\dhcpcsvc6.DLL
0x00007ffa28490000 - 0x00007ffa284ad000 	C:\WINDOWS\SYSTEM32\dhcpcsvc.DLL
0x00007ffa31660000 - 0x00007ffa3172c000 	C:\WINDOWS\SYSTEM32\DNSAPI.dll
0x00007ffa2b020000 - 0x00007ffa2b02b000 	C:\WINDOWS\SYSTEM32\WINNSI.DLL

dbghelp: loaded successfully - version: 4.0.5 - missing functions: none
symbol engine: initialized successfully - sym options: 0x614 - pdb path: .;C:\Program Files\Android\Android Studio\jre\bin;C:\WINDOWS\SYSTEM32;C:\WINDOWS\WinSxS\amd64_microsoft.windows.common-controls_6595b64144ccf1df_6.0.19041.1110_none_60b5254171f9507e;C:\Program Files\Android\Android Studio\jre\bin\server;C:\Users\user\.gradle\native\fdc75f09e3144964f2cf3f50f0aa648679c211496f362492102eb8c894070792\windows-amd64;C:\Users\user\.gradle\native\12488b8bf47d2d4c9fbf2f6322a914ad602e24e48041cd04a747c6da556b65c4\windows-amd64

VM Arguments:
jvm_args: --add-opens=java.base/java.util=ALL-UNNAMED --add-opens=java.base/java.lang=ALL-UNNAMED --add-opens=java.base/java.lang.invoke=ALL-UNNAMED --add-opens=java.prefs/java.util.prefs=ALL-UNNAMED -Xmx2048m -Dfile.encoding=UTF-8 -Duser.country=EC -Duser.language=es -Duser.variant 
java_command: org.gradle.launcher.daemon.bootstrap.GradleDaemon 6.7.1
java_class_path (initial): C:\Users\user\.gradle\wrapper\dists\gradle-6.7.1-bin\bwlcbys1h7rz3272sye1xwiv6\gradle-6.7.1\lib\gradle-launcher-6.7.1.jar
Launcher Type: SUN_STANDARD

[Global flags]
     intx CICompilerCount                          = 3                                         {product} {ergonomic}
     uint ConcGCThreads                            = 1                                         {product} {ergonomic}
     uint G1ConcRefinementThreads                  = 4                                         {product} {ergonomic}
   size_t G1HeapRegionSize                         = 1048576                                   {product} {ergonomic}
    uintx GCDrainStackTargetSize                   = 64                                        {product} {ergonomic}
   size_t InitialHeapSize                          = 65011712                                  {product} {ergonomic}
   size_t MarkStackSize                            = 4194304                                   {product} {ergonomic}
   size_t MaxHeapSize                              = 2147483648                                {product} {command line}
   size_t MaxNewSize                               = 1287651328                                {product} {ergonomic}
   size_t MinHeapDeltaBytes                        = 1048576                                   {product} {ergonomic}
    uintx NonNMethodCodeHeapSize                   = 5830732                                {pd product} {ergonomic}
    uintx NonProfiledCodeHeapSize                  = 122913754                              {pd product} {ergonomic}
    uintx ProfiledCodeHeapSize                     = 122913754                              {pd product} {ergonomic}
    uintx ReservedCodeCacheSize                    = 251658240                              {pd product} {ergonomic}
     bool SegmentedCodeCache                       = true                                      {product} {ergonomic}
     bool UseCompressedClassPointers               = true                                 {lp64_product} {ergonomic}
     bool UseCompressedOops                        = true                                 {lp64_product} {ergonomic}
     bool UseG1GC                                  = true                                      {product} {ergonomic}
     bool UseLargePagesIndividualAllocation        = false                                  {pd product} {ergonomic}

Logging:
Log output configuration:
 #0: stdout all=warning uptime,level,tags
 #1: stderr all=off uptime,level,tags

Environment Variables:
PATH=C:\Program Files (x86)\Common Files\Oracle\Java\javapath;C:\ProgramData\Oracle\Java\javapath;C:\Program Files (x86)\Intel\TXE Components\iCLS\;C:\Program Files\Intel\TXE Components\iCLS\;C:\WINDOWS\system32;C:\WINDOWS;C:\WINDOWS\System32\Wbem;C:\WINDOWS\System32\WindowsPowerShell\v1.0\;C:\Program Files\Intel\TXE Components\DAL\;C:\Program Files (x86)\Intel\TXE Components\DAL\;C:\Program Files\Intel\TXE Components\IPT\;C:\Program Files (x86)\Intel\TXE Components\IPT\;C:\WINDOWS\System32\OpenSSH\;C:\xampp\php;C:\ProgramData\ComposerSetup\bin;C:\Program Files\Java\jdk1.8.0_241\bin;C:\Users\user\AppData\Local\Programs\Python\Python39\Scripts\;C:\Users\user\AppData\Local\Programs\Python\Python39\;C:\Users\user\AppData\Local\Microsoft\WindowsApps;C:\Users\user\AppData\Roaming\Composer\vendor\bin;
USERNAME=user
OS=Windows_NT
PROCESSOR_IDENTIFIER=Intel64 Family 6 Model 122 Stepping 1, GenuineIntel



---------------  S Y S T E M  ---------------

OS: Windows 10 , 64 bit Build 19041 (10.0.19041.1151)
OS uptime: 0 days 9:52 hours

CPU:total 4 (initial active 4) (4 cores per cpu, 1 threads per core) family 6 model 122 stepping 1, cmov, cx8, fxsr, mmx, sse, sse2, sse3, ssse3, sse4.1, sse4.2, popcnt, aes, clmul, erms, 3dnowpref, tsc, tscinvbit, sha

Memory: 4k page, system-wide physical 3918M (233M free)
TotalPageFile size 6888M (AvailPageFile size 5M)
current process WorkingSet (physical memory assigned to process): 130M, peak: 130M
current process commit charge ("private bytes"): 178M, peak: 179M

vm_info: OpenJDK 64-Bit Server VM (11.0.8+10-b944.6842174) for windows-amd64 JRE (11.0.8+10-b944.6842174), built on Sep 19 2020 01:11:42 by "builder" with MS VC++ 14.0 (VS2015)

END.
