#
# There is insufficient memory for the Java Runtime Environment to continue.
# Native memory allocation (mmap) failed to map 295698432 bytes for Failed to commit area from 0x000000008c400000 to 0x000000009de00000 of length 295698432.
# Possible reasons:
#   The system is out of physical RAM or swap space
#   The process is running with CompressedOops enabled, and the Java Heap may be blocking the growth of the native heap
# Possible solutions:
#   Reduce memory load on the system
#   Increase physical memory or swap space
#   Check if swap backing store is full
#   Decrease Java heap size (-Xmx/-Xms)
#   Decrease number of Java threads
#   Decrease Java thread stack sizes (-Xss)
#   Set larger code cache with -XX:ReservedCodeCacheSize=
#   JVM is running with Unscaled Compressed Oops mode in which the Java heap is
#     placed in the first 4GB address space. The Java Heap base address is the
#     maximum limit for the native heap growth. Please use -XX:HeapBaseMinAddress
#     to set the Java Heap base and to place the Java Heap above 4GB virtual address.
# This output file may be truncated or incomplete.
#
#  Out of Memory Error (./src/hotspot/os/windows/os_windows.cpp:3303), pid=8816, tid=8428
#
# JRE version: OpenJDK Runtime Environment (11.0.8+10) (build 11.0.8+10-b944.6842174)
# Java VM: OpenJDK 64-Bit Server VM (11.0.8+10-b944.6842174, mixed mode, tiered, compressed oops, g1 gc, windows-amd64)
# No core dump will be written. Minidumps are not enabled by default on client versions of Windows
#

---------------  S U M M A R Y ------------

Command Line: --add-opens=java.base/java.util=ALL-UNNAMED --add-opens=java.base/java.lang=ALL-UNNAMED --add-opens=java.base/java.lang.invoke=ALL-UNNAMED --add-opens=java.prefs/java.util.prefs=ALL-UNNAMED -Xmx2048m -Dfile.encoding=UTF-8 -Duser.country=EC -Duser.language=es -Duser.variant org.gradle.launcher.daemon.bootstrap.GradleDaemon 6.7.1

Host: Intel(R) Celeron(R) N4100 CPU @ 1.10GHz, 4 cores, 3G,  Windows 10 , 64 bit Build 19041 (10.0.19041.1023)
Time: Mon Jul 19 21:59:15 2021 Hora est. Pacífico, Sudamérica elapsed time: 3695 seconds (0d 1h 1m 35s)

---------------  T H R E A D  ---------------

Current thread (0x0000021327aaf800):  VMThread "VM Thread" [stack: 0x000000bf60000000,0x000000bf60100000] [id=8428]

Stack: [0x000000bf60000000,0x000000bf60100000]
[error occurred during error reporting (printing stack bounds), id 0xc0000005, EXCEPTION_ACCESS_VIOLATION (0xc0000005) at pc=0x0000021311290dbd]

Native frames: (J=compiled Java code, j=interpreted, Vv=VM code, C=native code)
V  [jvm.dll+0x5de50a]
V  [jvm.dll+0x7122f5]
V  [jvm.dll+0x71384d]
V  [jvm.dll+0x713e65]
V  [jvm.dll+0x713e1b]
V  [jvm.dll+0x5dd958]
V  [jvm.dll+0x5de0f8]
C  [ntdll.dll+0xa217f]
C  [ntdll.dll+0x51454]
C  [ntdll.dll+0xa0cae]
C  0x0000021311290dbd

VM_Operation (0x000000bf613f5100): G1CollectForAllocation, mode: safepoint, requested by thread 0x000002132a54a000


---------------  P R O C E S S  ---------------

Threads class SMR info:
_java_thread_list=0x000002132894dfc0, length=42, elements={
0x000002130d90b800, 0x0000021327ab8800, 0x0000021327ac4800, 0x0000021327b11000,
0x0000021327b12000, 0x0000021327b15800, 0x0000021327b1f800, 0x0000021327b22800,
0x00000213285a0000, 0x00000213285bb800, 0x0000021329865800, 0x0000021329963800,
0x0000021329e31800, 0x0000021328786000, 0x0000021328783800, 0x000002132878a000,
0x000002132a180800, 0x000002132a183800, 0x000002132a54f000, 0x000002132a549800,
0x000002132a547000, 0x000002132a548800, 0x000002132a54a000, 0x000002132a54b000,
0x000002132a54b800, 0x000002132a546000, 0x000002132a54d800, 0x000002132a550000,
0x000002132a551800, 0x000002132a54e000, 0x000002132a552000, 0x000002132a54c800,
0x000002132a553000, 0x000002132a554000, 0x000002132ed37000, 0x000002132ed42800,
0x000002132ed41000, 0x000002132ed43800, 0x000002132ed41800, 0x000002132ed3d800,
0x000002132ed40000, 0x000002132ed44000
}

Java Threads: ( => current thread )
  0x000002130d90b800 JavaThread "main" [_thread_blocked, id=12280, stack(0x000000bf5fa00000,0x000000bf5fb00000)]
  0x0000021327ab8800 JavaThread "Reference Handler" daemon [_thread_blocked, id=8556, stack(0x000000bf60100000,0x000000bf60200000)]
  0x0000021327ac4800 JavaThread "Finalizer" daemon [_thread_blocked, id=16344, stack(0x000000bf60200000,0x000000bf60300000)]
  0x0000021327b11000 JavaThread "Signal Dispatcher" daemon [_thread_blocked, id=7472, stack(0x000000bf60300000,0x000000bf60400000)]
  0x0000021327b12000 JavaThread "Attach Listener" daemon [_thread_blocked, id=13348, stack(0x000000bf60400000,0x000000bf60500000)]
  0x0000021327b15800 JavaThread "C2 CompilerThread0" daemon [_thread_blocked, id=16604, stack(0x000000bf60500000,0x000000bf60600000)]
  0x0000021327b1f800 JavaThread "C1 CompilerThread0" daemon [_thread_blocked, id=4544, stack(0x000000bf60600000,0x000000bf60700000)]
  0x0000021327b22800 JavaThread "Sweeper thread" daemon [_thread_blocked, id=6720, stack(0x000000bf60700000,0x000000bf60800000)]
  0x00000213285a0000 JavaThread "Common-Cleaner" daemon [_thread_blocked, id=8100, stack(0x000000bf60800000,0x000000bf60900000)]
  0x00000213285bb800 JavaThread "Service Thread" daemon [_thread_blocked, id=15196, stack(0x000000bf60900000,0x000000bf60a00000)]
  0x0000021329865800 JavaThread "Daemon health stats" [_thread_blocked, id=10052, stack(0x000000bf60c00000,0x000000bf60d00000)]
  0x0000021329963800 JavaThread "Incoming local TCP Connector on port 55752" [_thread_in_native, id=12576, stack(0x000000bf61100000,0x000000bf61200000)]
  0x0000021329e31800 JavaThread "Daemon periodic checks" [_thread_blocked, id=5024, stack(0x000000bf61200000,0x000000bf61300000)]
  0x0000021328786000 JavaThread "Cache worker for file hash cache (C:\Users\user\.gradle\caches\6.7.1\fileHashes)" [_thread_blocked, id=13984, stack(0x000000bf61a00000,0x000000bf61b00000)]
  0x0000021328783800 JavaThread "File lock request listener" [_thread_in_native, id=1988, stack(0x000000bf61b00000,0x000000bf61c00000)]
  0x000002132878a000 JavaThread "Cache worker for journal cache (C:\Users\user\.gradle\caches\journal-1)" [_thread_blocked, id=648, stack(0x000000bf61c00000,0x000000bf61d00000)]
  0x000002132a180800 JavaThread "Cache worker for execution history cache (C:\Users\user\.gradle\caches\6.7.1\executionHistory)" [_thread_blocked, id=12072, stack(0x000000bf63600000,0x000000bf63700000)]
  0x000002132a183800 JavaThread "Cache worker for file content cache (C:\Users\user\.gradle\caches\6.7.1\fileContent)" [_thread_blocked, id=10184, stack(0x000000bf63700000,0x000000bf63800000)]
  0x000002132a54f000 JavaThread "Memory manager" [_thread_blocked, id=1244, stack(0x000000bf5f700000,0x000000bf5f800000)]
  0x000002132a549800 JavaThread "Daemon Thread 2" [_thread_blocked, id=3612, stack(0x000000bf5f800000,0x000000bf5f900000)]
  0x000002132a547000 JavaThread "Handler for socket connection from /127.0.0.1:55752 to /127.0.0.1:62059" [_thread_in_native, id=3344, stack(0x000000bf60f00000,0x000000bf61000000)]
  0x000002132a548800 JavaThread "Cancel handler" [_thread_blocked, id=9536, stack(0x000000bf61000000,0x000000bf61100000)]
  0x000002132a54a000 JavaThread "Daemon worker Thread 2" [_thread_blocked, id=12652, stack(0x000000bf61300000,0x000000bf61400000)]
  0x000002132a54b000 JavaThread "Asynchronous log dispatcher for DefaultDaemonConnection: socket connection from /127.0.0.1:55752 to /127.0.0.1:62059" [_thread_blocked, id=12440, stack(0x000000bf61400000,0x000000bf61500000)]
  0x000002132a54b800 JavaThread "Thread-130" [_thread_blocked, id=10788, stack(0x000000bf61600000,0x000000bf61700000)]
  0x000002132a546000 JavaThread "Cache worker for file hash cache (C:\Users\user\AndroidStudioProjects\uepjm\.gradle\6.7.1\fileHashes)" [_thread_blocked, id=13352, stack(0x000000bf61700000,0x000000bf61800000)]
  0x000002132a54d800 JavaThread "Cache worker for checksums cache (C:\Users\user\AndroidStudioProjects\uepjm\.gradle\checksums)" [_thread_blocked, id=14492, stack(0x000000bf61800000,0x000000bf61900000)]
  0x000002132a550000 JavaThread "Cache worker for cache directory md-supplier (C:\Users\user\.gradle\caches\6.7.1\md-supplier)" [_thread_blocked, id=17140, stack(0x000000bf61900000,0x000000bf61a00000)]
  0x000002132a551800 JavaThread "Cache worker for cache directory md-rule (C:\Users\user\.gradle\caches\6.7.1\md-rule)" [_thread_blocked, id=8612, stack(0x000000bf61d00000,0x000000bf61e00000)]
  0x000002132a54e000 JavaThread "Cache worker for Build Output Cleanup Cache (C:\Users\user\AndroidStudioProjects\uepjm\.gradle\buildOutputCleanup)" [_thread_blocked, id=11200, stack(0x000000bf61e00000,0x000000bf61f00000)]
  0x000002132a552000 JavaThread "Build operations" [_thread_blocked, id=4580, stack(0x000000bf61f00000,0x000000bf62000000)]
  0x000002132a54c800 JavaThread "Build operations Thread 2" [_thread_blocked, id=6436, stack(0x000000bf62000000,0x000000bf62100000)]
  0x000002132a553000 JavaThread "Build operations Thread 3" [_thread_blocked, id=13088, stack(0x000000bf62100000,0x000000bf62200000)]
  0x000002132a554000 JavaThread "Build operations Thread 4" [_thread_blocked, id=16680, stack(0x000000bf62200000,0x000000bf62300000)]
  0x000002132ed37000 JavaThread "build event listener" [_thread_blocked, id=2284, stack(0x000000bf68600000,0x000000bf68700000)]
  0x000002132ed42800 JavaThread "build event listener" [_thread_blocked, id=12504, stack(0x000000bf68700000,0x000000bf68800000)]
  0x000002132ed41000 JavaThread "Execution worker for ':'" [_thread_blocked, id=14612, stack(0x000000bf68800000,0x000000bf68900000)]
  0x000002132ed43800 JavaThread "Execution worker for ':' Thread 2" [_thread_blocked, id=11712, stack(0x000000bf68900000,0x000000bf68a00000)]
  0x000002132ed41800 JavaThread "Execution worker for ':' Thread 3" [_thread_blocked, id=12728, stack(0x000000bf68a00000,0x000000bf68b00000)]
  0x000002132ed3d800 JavaThread "Cache worker for execution history cache (C:\Users\user\AndroidStudioProjects\uepjm\.gradle\6.7.1\executionHistory)" [_thread_blocked, id=15884, stack(0x000000bf68b00000,0x000000bf68c00000)]
  0x000002132ed40000 JavaThread "WorkerExecutor Queue" [_thread_blocked, id=15008, stack(0x000000bf68c00000,0x000000bf68d00000)]
  0x000002132ed44000 JavaThread "WorkerExecutor Queue Thread 2" [_thread_blocked, id=13412, stack(0x000000bf68d00000,0x000000bf68e00000)]

Other Threads:
=>0x0000021327aaf800 VMThread "VM Thread" [stack: 0x000000bf60000000,0x000000bf60100000] [id=8428]
  0x00000213285bd800 WatcherThread [stack: 0x000000bf60a00000,0x000000bf60b00000] [id=15952]
  0x000002130d924000 GCTaskThread "GC Thread#0" [stack: 0x000000bf5fb00000,0x000000bf5fc00000] [id=4400]
  0x00000213287bf000 GCTaskThread "GC Thread#1" [stack: 0x000000bf60b00000,0x000000bf60c00000] [id=14308]
  0x0000021329fa8800 GCTaskThread "GC Thread#2" [stack: 0x000000bf60d00000,0x000000bf60e00000] [id=8656]
  0x000002132a228800 GCTaskThread "GC Thread#3" [stack: 0x000000bf60e00000,0x000000bf60f00000] [id=15900]
  0x000002130d954800 ConcurrentGCThread "G1 Main Marker" [stack: 0x000000bf5fc00000,0x000000bf5fd00000] [id=4248]
  0x000002130d957800 ConcurrentGCThread "G1 Conc#0" [stack: 0x000000bf5fd00000,0x000000bf5fe00000] [id=4364]
  0x000002130d9af800 ConcurrentGCThread "G1 Refine#0" [stack: 0x000000bf5fe00000,0x000000bf5ff00000] [id=14228]
  0x0000021330794800 ConcurrentGCThread "G1 Refine#1" [stack: 0x000000bf5f900000,0x000000bf5fa00000] [id=13136]
  0x000002130d9b1000 ConcurrentGCThread "G1 Young RemSet Sampling" [stack: 0x000000bf5ff00000,0x000000bf60000000] [id=5972]

Threads with active compile tasks:

VM state:at safepoint (normal execution)

VM Mutex/Monitor currently owned by a thread:  ([mutex/lock_event])
[0x000002130d9077c0] Threads_lock - owner thread: 0x0000021327aaf800
[0x000002130d907220] Heap_lock - owner thread: 0x000002132a54a000

Heap address: 0x0000000080000000, size: 2048 MB, Compressed Oops mode: 32-bit
Narrow klass base: 0x0000000000000000, Narrow klass shift: 3
Compressed class space size: 1073741824 Address: 0x0000000100000000

Heap:
 garbage-first heap   total 489472K, used 104691K [0x0000000080000000, 0x0000000100000000)
  region size 1024K, 2 young (2048K), 2 survivors (2048K)
 Metaspace       used 104652K, capacity 106978K, committed 107548K, reserved 1142784K
  class space    used 13158K, capacity 13984K, committed 14208K, reserved 1048576K
Heap Regions: E=young(eden), S=young(survivor), O=old, HS=humongous(starts), HC=humongous(continues), CS=collection set, F=free, A=archive, TAMS=top-at-mark-start (previous, next)
|   0|0x0000000080000000, 0x0000000080100000, 0x0000000080100000|100%| O|  |TAMS 0x0000000080100000, 0x0000000080100000| Untracked 
|   1|0x0000000080100000, 0x0000000080200000, 0x0000000080200000|100%| O|  |TAMS 0x0000000080200000, 0x0000000080200000| Untracked 
|   2|0x0000000080200000, 0x0000000080300000, 0x0000000080300000|100%| O|  |TAMS 0x0000000080300000, 0x0000000080300000| Untracked 
|   3|0x0000000080300000, 0x0000000080400000, 0x0000000080400000|100%|HS|  |TAMS 0x0000000080400000, 0x0000000080400000| Complete 
|   4|0x0000000080400000, 0x0000000080500000, 0x0000000080500000|100%|HC|  |TAMS 0x0000000080500000, 0x0000000080500000| Complete 
|   5|0x0000000080500000, 0x0000000080600000, 0x0000000080600000|100%|HC|  |TAMS 0x0000000080600000, 0x0000000080600000| Complete 
|   6|0x0000000080600000, 0x0000000080700000, 0x0000000080700000|100%| O|  |TAMS 0x0000000080700000, 0x0000000080700000| Untracked 
|   7|0x0000000080700000, 0x0000000080800000, 0x0000000080800000|100%| O|  |TAMS 0x0000000080800000, 0x0000000080800000| Untracked 
|   8|0x0000000080800000, 0x0000000080900000, 0x0000000080900000|100%| O|  |TAMS 0x0000000080900000, 0x0000000080900000| Untracked 
|   9|0x0000000080900000, 0x0000000080a00000, 0x0000000080a00000|100%| O|  |TAMS 0x0000000080a00000, 0x0000000080a00000| Untracked 
|  10|0x0000000080a00000, 0x0000000080b00000, 0x0000000080b00000|100%| O|  |TAMS 0x0000000080b00000, 0x0000000080b00000| Untracked 
|  11|0x0000000080b00000, 0x0000000080c00000, 0x0000000080c00000|100%| O|  |TAMS 0x0000000080c00000, 0x0000000080c00000| Untracked 
|  12|0x0000000080c00000, 0x0000000080d00000, 0x0000000080d00000|100%| O|  |TAMS 0x0000000080d00000, 0x0000000080d00000| Untracked 
|  13|0x0000000080d00000, 0x0000000080e00000, 0x0000000080e00000|100%| O|  |TAMS 0x0000000080e00000, 0x0000000080e00000| Untracked 
|  14|0x0000000080e00000, 0x0000000080f00000, 0x0000000080f00000|100%| O|  |TAMS 0x0000000080f00000, 0x0000000080f00000| Untracked 
|  15|0x0000000080f00000, 0x0000000081000000, 0x0000000081000000|100%| O|  |TAMS 0x0000000081000000, 0x0000000081000000| Untracked 
|  16|0x0000000081000000, 0x0000000081100000, 0x0000000081100000|100%|HS|  |TAMS 0x0000000081100000, 0x0000000081100000| Complete 
|  17|0x0000000081100000, 0x0000000081200000, 0x0000000081200000|100%|HC|  |TAMS 0x0000000081200000, 0x0000000081200000| Complete 
|  18|0x0000000081200000, 0x0000000081300000, 0x0000000081300000|100%|HS|  |TAMS 0x0000000081300000, 0x0000000081300000| Complete 
|  19|0x0000000081300000, 0x0000000081400000, 0x0000000081400000|100%|HC|  |TAMS 0x0000000081400000, 0x0000000081400000| Complete 
|  20|0x0000000081400000, 0x0000000081500000, 0x0000000081500000|100%|HC|  |TAMS 0x0000000081500000, 0x0000000081500000| Complete 
|  21|0x0000000081500000, 0x0000000081600000, 0x0000000081600000|100%|HS|  |TAMS 0x0000000081600000, 0x0000000081600000| Complete 
|  22|0x0000000081600000, 0x0000000081700000, 0x0000000081700000|100%|HC|  |TAMS 0x0000000081700000, 0x0000000081700000| Complete 
|  23|0x0000000081700000, 0x0000000081800000, 0x0000000081800000|100%|HC|  |TAMS 0x0000000081800000, 0x0000000081800000| Complete 
|  24|0x0000000081800000, 0x0000000081900000, 0x0000000081900000|100%|HC|  |TAMS 0x0000000081900000, 0x0000000081900000| Complete 
|  25|0x0000000081900000, 0x0000000081a00000, 0x0000000081a00000|100%| O|  |TAMS 0x0000000081a00000, 0x0000000081a00000| Untracked 
|  26|0x0000000081a00000, 0x0000000081b00000, 0x0000000081b00000|100%| O|  |TAMS 0x0000000081b00000, 0x0000000081b00000| Untracked 
|  27|0x0000000081b00000, 0x0000000081c00000, 0x0000000081c00000|100%| O|  |TAMS 0x0000000081c00000, 0x0000000081c00000| Untracked 
|  28|0x0000000081c00000, 0x0000000081d00000, 0x0000000081d00000|100%| O|  |TAMS 0x0000000081d00000, 0x0000000081d00000| Untracked 
|  29|0x0000000081d00000, 0x0000000081e00000, 0x0000000081e00000|100%| O|  |TAMS 0x0000000081e00000, 0x0000000081e00000| Untracked 
|  30|0x0000000081e00000, 0x0000000081f00000, 0x0000000081f00000|100%| O|  |TAMS 0x0000000081f00000, 0x0000000081f00000| Untracked 
|  31|0x0000000081f00000, 0x0000000082000000, 0x0000000082000000|100%| O|  |TAMS 0x0000000082000000, 0x0000000082000000| Untracked 
|  32|0x0000000082000000, 0x0000000082100000, 0x0000000082100000|100%| O|  |TAMS 0x0000000082100000, 0x0000000082100000| Untracked 
|  33|0x0000000082100000, 0x0000000082200000, 0x0000000082200000|100%|HS|  |TAMS 0x0000000082200000, 0x0000000082200000| Complete 
|  34|0x0000000082200000, 0x0000000082300000, 0x0000000082300000|100%|HC|  |TAMS 0x0000000082300000, 0x0000000082300000| Complete 
|  35|0x0000000082300000, 0x0000000082400000, 0x0000000082400000|100%|HC|  |TAMS 0x0000000082400000, 0x0000000082400000| Complete 
|  36|0x0000000082400000, 0x0000000082500000, 0x0000000082500000|100%|HC|  |TAMS 0x0000000082500000, 0x0000000082500000| Complete 
|  37|0x0000000082500000, 0x0000000082600000, 0x0000000082600000|100%| O|  |TAMS 0x0000000082600000, 0x0000000082600000| Untracked 
|  38|0x0000000082600000, 0x0000000082700000, 0x0000000082700000|100%| O|  |TAMS 0x0000000082700000, 0x0000000082700000| Untracked 
|  39|0x0000000082700000, 0x0000000082800000, 0x0000000082800000|100%|HS|  |TAMS 0x0000000082800000, 0x0000000082800000| Complete 
|  40|0x0000000082800000, 0x0000000082900000, 0x0000000082900000|100%|HC|  |TAMS 0x0000000082900000, 0x0000000082900000| Complete 
|  41|0x0000000082900000, 0x0000000082a00000, 0x0000000082a00000|100%|HC|  |TAMS 0x0000000082a00000, 0x0000000082a00000| Complete 
|  42|0x0000000082a00000, 0x0000000082b00000, 0x0000000082b00000|100%| O|  |TAMS 0x0000000082b00000, 0x0000000082b00000| Untracked 
|  43|0x0000000082b00000, 0x0000000082c00000, 0x0000000082c00000|100%| O|  |TAMS 0x0000000082c00000, 0x0000000082c00000| Untracked 
|  44|0x0000000082c00000, 0x0000000082d00000, 0x0000000082d00000|100%| O|  |TAMS 0x0000000082d00000, 0x0000000082d00000| Untracked 
|  45|0x0000000082d00000, 0x0000000082e00000, 0x0000000082e00000|100%| O|  |TAMS 0x0000000082e00000, 0x0000000082e00000| Untracked 
|  46|0x0000000082e00000, 0x0000000082f00000, 0x0000000082f00000|100%| O|  |TAMS 0x0000000082f00000, 0x0000000082f00000| Untracked 
|  47|0x0000000082f00000, 0x0000000083000000, 0x0000000083000000|100%| O|  |TAMS 0x0000000083000000, 0x0000000083000000| Untracked 
|  48|0x0000000083000000, 0x0000000083100000, 0x0000000083100000|100%| O|  |TAMS 0x0000000083100000, 0x0000000083100000| Untracked 
|  49|0x0000000083100000, 0x0000000083200000, 0x0000000083200000|100%| O|  |TAMS 0x0000000083200000, 0x0000000083200000| Untracked 
|  50|0x0000000083200000, 0x0000000083300000, 0x0000000083300000|100%|HS|  |TAMS 0x0000000083300000, 0x0000000083300000| Complete 
|  51|0x0000000083300000, 0x0000000083400000, 0x0000000083400000|100%| O|  |TAMS 0x0000000083400000, 0x0000000083400000| Untracked 
|  52|0x0000000083400000, 0x0000000083500000, 0x0000000083500000|100%| O|  |TAMS 0x0000000083500000, 0x0000000083500000| Untracked 
|  53|0x0000000083500000, 0x0000000083600000, 0x0000000083600000|100%|HS|  |TAMS 0x0000000083600000, 0x0000000083600000| Complete 
|  54|0x0000000083600000, 0x0000000083700000, 0x0000000083700000|100%|HC|  |TAMS 0x0000000083700000, 0x0000000083700000| Complete 
|  55|0x0000000083700000, 0x0000000083800000, 0x0000000083800000|100%| O|  |TAMS 0x0000000083800000, 0x0000000083800000| Untracked 
|  56|0x0000000083800000, 0x0000000083900000, 0x0000000083900000|100%| O|  |TAMS 0x0000000083900000, 0x0000000083900000| Untracked 
|  57|0x0000000083900000, 0x0000000083a00000, 0x0000000083a00000|100%| O|  |TAMS 0x0000000083a00000, 0x0000000083a00000| Untracked 
|  58|0x0000000083a00000, 0x0000000083b00000, 0x0000000083b00000|100%| O|  |TAMS 0x0000000083b00000, 0x0000000083b00000| Untracked 
|  59|0x0000000083b00000, 0x0000000083c00000, 0x0000000083c00000|100%| O|  |TAMS 0x0000000083c00000, 0x0000000083c00000| Untracked 
|  60|0x0000000083c00000, 0x0000000083d00000, 0x0000000083d00000|100%| O|  |TAMS 0x0000000083d00000, 0x0000000083d00000| Untracked 
|  61|0x0000000083d00000, 0x0000000083e00000, 0x0000000083e00000|100%| O|  |TAMS 0x0000000083e00000, 0x0000000083e00000| Untracked 
|  62|0x0000000083e00000, 0x0000000083f00000, 0x0000000083f00000|100%| O|  |TAMS 0x0000000083f00000, 0x0000000083f00000| Untracked 
|  63|0x0000000083f00000, 0x0000000084000000, 0x0000000084000000|100%| O|  |TAMS 0x0000000084000000, 0x0000000084000000| Untracked 
|  64|0x0000000084000000, 0x0000000084100000, 0x0000000084100000|100%| O|  |TAMS 0x0000000084100000, 0x0000000084100000| Untracked 
|  65|0x0000000084100000, 0x0000000084200000, 0x0000000084200000|100%| O|  |TAMS 0x0000000084200000, 0x0000000084200000| Untracked 
|  66|0x0000000084200000, 0x0000000084300000, 0x0000000084300000|100%| O|  |TAMS 0x0000000084300000, 0x0000000084300000| Untracked 
|  67|0x0000000084300000, 0x0000000084400000, 0x0000000084400000|100%| O|  |TAMS 0x0000000084400000, 0x0000000084400000| Untracked 
|  68|0x0000000084400000, 0x0000000084500000, 0x0000000084500000|100%| O|  |TAMS 0x0000000084500000, 0x0000000084500000| Untracked 
|  69|0x0000000084500000, 0x0000000084600000, 0x0000000084600000|100%| O|  |TAMS 0x0000000084600000, 0x0000000084600000| Untracked 
|  70|0x0000000084600000, 0x0000000084700000, 0x0000000084700000|100%| O|  |TAMS 0x0000000084700000, 0x0000000084700000| Untracked 
|  71|0x0000000084700000, 0x0000000084800000, 0x0000000084800000|100%| O|  |TAMS 0x0000000084800000, 0x0000000084800000| Untracked 
|  72|0x0000000084800000, 0x0000000084900000, 0x0000000084900000|100%| O|  |TAMS 0x0000000084900000, 0x0000000084900000| Untracked 
|  73|0x0000000084900000, 0x0000000084a00000, 0x0000000084a00000|100%| O|  |TAMS 0x0000000084a00000, 0x0000000084a00000| Untracked 
|  74|0x0000000084a00000, 0x0000000084b00000, 0x0000000084b00000|100%| O|  |TAMS 0x0000000084b00000, 0x0000000084b00000| Untracked 
|  75|0x0000000084b00000, 0x0000000084c00000, 0x0000000084c00000|100%| O|  |TAMS 0x0000000084c00000, 0x0000000084c00000| Untracked 
|  76|0x0000000084c00000, 0x0000000084d00000, 0x0000000084d00000|100%| O|  |TAMS 0x0000000084d00000, 0x0000000084d00000| Untracked 
|  77|0x0000000084d00000, 0x0000000084e00000, 0x0000000084e00000|100%| O|  |TAMS 0x0000000084e00000, 0x0000000084e00000| Untracked 
|  78|0x0000000084e00000, 0x0000000084f00000, 0x0000000084f00000|100%| O|  |TAMS 0x0000000084f00000, 0x0000000084f00000| Untracked 
|  79|0x0000000084f00000, 0x0000000085000000, 0x0000000085000000|100%| O|  |TAMS 0x0000000085000000, 0x0000000085000000| Untracked 
|  80|0x0000000085000000, 0x0000000085100000, 0x0000000085100000|100%| O|  |TAMS 0x0000000085100000, 0x0000000085100000| Untracked 
|  81|0x0000000085100000, 0x0000000085200000, 0x0000000085200000|100%| O|  |TAMS 0x0000000085200000, 0x0000000085200000| Untracked 
|  82|0x0000000085200000, 0x0000000085300000, 0x0000000085300000|100%| O|  |TAMS 0x0000000085300000, 0x0000000085300000| Untracked 
|  83|0x0000000085300000, 0x0000000085400000, 0x0000000085400000|100%| O|  |TAMS 0x0000000085400000, 0x0000000085400000| Untracked 
|  84|0x0000000085400000, 0x0000000085500000, 0x0000000085500000|100%| O|  |TAMS 0x0000000085500000, 0x0000000085500000| Untracked 
|  85|0x0000000085500000, 0x0000000085600000, 0x0000000085600000|100%| O|  |TAMS 0x0000000085562000, 0x0000000085600000| Untracked 
|  86|0x0000000085600000, 0x0000000085700000, 0x0000000085700000|100%| O|  |TAMS 0x0000000085600000, 0x0000000085700000| Untracked 
|  87|0x0000000085700000, 0x0000000085800000, 0x0000000085800000|100%| O|  |TAMS 0x0000000085700000, 0x0000000085800000| Untracked 
|  88|0x0000000085800000, 0x0000000085900000, 0x0000000085900000|100%|HS|  |TAMS 0x0000000085800000, 0x0000000085900000| Complete 
|  89|0x0000000085900000, 0x0000000085a00000, 0x0000000085a00000|100%| O|  |TAMS 0x0000000085900000, 0x0000000085a00000| Untracked 
|  90|0x0000000085a00000, 0x0000000085b00000, 0x0000000085b00000|100%| O|  |TAMS 0x0000000085a00000, 0x0000000085b00000| Untracked 
|  91|0x0000000085b00000, 0x0000000085c00000, 0x0000000085c00000|100%| O|  |TAMS 0x0000000085b00000, 0x0000000085c00000| Untracked 
|  92|0x0000000085c00000, 0x0000000085d00000, 0x0000000085d00000|100%| O|  |TAMS 0x0000000085d00000, 0x0000000085d00000| Untracked 
|  93|0x0000000085d00000, 0x0000000085e00000, 0x0000000085e00000|100%| O|  |TAMS 0x0000000085d00000, 0x0000000085e00000| Untracked 
|  94|0x0000000085e00000, 0x0000000085f00000, 0x0000000085f00000|100%| O|  |TAMS 0x0000000085e00000, 0x0000000085f00000| Untracked 
|  95|0x0000000085f00000, 0x0000000086000000, 0x0000000086000000|100%| O|  |TAMS 0x0000000086000000, 0x0000000086000000| Untracked 
|  96|0x0000000086000000, 0x0000000086100000, 0x0000000086100000|100%| O|  |TAMS 0x0000000086100000, 0x0000000086100000| Untracked 
|  97|0x0000000086100000, 0x0000000086200000, 0x0000000086200000|100%| O|  |TAMS 0x0000000086100000, 0x0000000086200000| Untracked 
|  98|0x0000000086200000, 0x0000000086300000, 0x0000000086300000|100%| O|  |TAMS 0x0000000086200000, 0x0000000086300000| Untracked 
|  99|0x0000000086300000, 0x0000000086400000, 0x0000000086400000|100%| O|  |TAMS 0x0000000086300000, 0x0000000086400000| Untracked 
| 100|0x0000000086400000, 0x00000000864fcc00, 0x0000000086500000| 98%| O|  |TAMS 0x0000000086400000, 0x00000000864fcc00| Untracked 
| 101|0x0000000086500000, 0x0000000086500000, 0x0000000086600000|  0%| F|  |TAMS 0x0000000086500000, 0x0000000086500000| Untracked 
| 102|0x0000000086600000, 0x0000000086600000, 0x0000000086700000|  0%| F|  |TAMS 0x0000000086600000, 0x0000000086600000| Untracked 
| 103|0x0000000086700000, 0x0000000086700000, 0x0000000086800000|  0%| F|  |TAMS 0x0000000086700000, 0x0000000086700000| Untracked 
| 104|0x0000000086800000, 0x0000000086800000, 0x0000000086900000|  0%| F|  |TAMS 0x0000000086800000, 0x0000000086800000| Untracked 
| 105|0x0000000086900000, 0x0000000086900000, 0x0000000086a00000|  0%| F|  |TAMS 0x0000000086900000, 0x0000000086900000| Untracked 
| 106|0x0000000086a00000, 0x0000000086a00000, 0x0000000086b00000|  0%| F|  |TAMS 0x0000000086a00000, 0x0000000086a00000| Untracked 
| 107|0x0000000086b00000, 0x0000000086b00000, 0x0000000086c00000|  0%| F|  |TAMS 0x0000000086b00000, 0x0000000086b00000| Untracked 
| 108|0x0000000086c00000, 0x0000000086c00000, 0x0000000086d00000|  0%| F|  |TAMS 0x0000000086c00000, 0x0000000086c00000| Untracked 
| 109|0x0000000086d00000, 0x0000000086d00000, 0x0000000086e00000|  0%| F|  |TAMS 0x0000000086d00000, 0x0000000086d00000| Untracked 
| 110|0x0000000086e00000, 0x0000000086e00000, 0x0000000086f00000|  0%| F|  |TAMS 0x0000000086e00000, 0x0000000086e00000| Untracked 
| 111|0x0000000086f00000, 0x0000000086f00000, 0x0000000087000000|  0%| F|  |TAMS 0x0000000086f00000, 0x0000000086f00000| Untracked 
| 112|0x0000000087000000, 0x0000000087000000, 0x0000000087100000|  0%| F|  |TAMS 0x0000000087000000, 0x0000000087000000| Untracked 
| 113|0x0000000087100000, 0x0000000087100000, 0x0000000087200000|  0%| F|  |TAMS 0x0000000087100000, 0x0000000087100000| Untracked 
| 114|0x0000000087200000, 0x0000000087200000, 0x0000000087300000|  0%| F|  |TAMS 0x0000000087200000, 0x0000000087200000| Untracked 
| 115|0x0000000087300000, 0x0000000087300000, 0x0000000087400000|  0%| F|  |TAMS 0x0000000087300000, 0x0000000087300000| Untracked 
| 116|0x0000000087400000, 0x0000000087400000, 0x0000000087500000|  0%| F|  |TAMS 0x0000000087400000, 0x0000000087400000| Untracked 
| 117|0x0000000087500000, 0x0000000087500000, 0x0000000087600000|  0%| F|  |TAMS 0x0000000087500000, 0x0000000087500000| Untracked 
| 118|0x0000000087600000, 0x0000000087600000, 0x0000000087700000|  0%| F|  |TAMS 0x0000000087600000, 0x0000000087600000| Untracked 
| 119|0x0000000087700000, 0x0000000087700000, 0x0000000087800000|  0%| F|  |TAMS 0x0000000087700000, 0x0000000087700000| Untracked 
| 120|0x0000000087800000, 0x0000000087800000, 0x0000000087900000|  0%| F|  |TAMS 0x0000000087800000, 0x0000000087800000| Untracked 
| 121|0x0000000087900000, 0x0000000087900000, 0x0000000087a00000|  0%| F|  |TAMS 0x0000000087900000, 0x0000000087900000| Untracked 
| 122|0x0000000087a00000, 0x0000000087a00000, 0x0000000087b00000|  0%| F|  |TAMS 0x0000000087a00000, 0x0000000087a00000| Untracked 
| 123|0x0000000087b00000, 0x0000000087b00000, 0x0000000087c00000|  0%| F|  |TAMS 0x0000000087b00000, 0x0000000087b00000| Untracked 
| 124|0x0000000087c00000, 0x0000000087c00000, 0x0000000087d00000|  0%| F|  |TAMS 0x0000000087c00000, 0x0000000087c00000| Untracked 
| 125|0x0000000087d00000, 0x0000000087d00000, 0x0000000087e00000|  0%| F|  |TAMS 0x0000000087d00000, 0x0000000087d00000| Untracked 
| 126|0x0000000087e00000, 0x0000000087e00000, 0x0000000087f00000|  0%| F|  |TAMS 0x0000000087e00000, 0x0000000087e00000| Untracked 
| 127|0x0000000087f00000, 0x0000000087f00000, 0x0000000088000000|  0%| F|  |TAMS 0x0000000087f00000, 0x0000000087f00000| Untracked 
| 128|0x0000000088000000, 0x0000000088000000, 0x0000000088100000|  0%| F|  |TAMS 0x0000000088000000, 0x0000000088000000| Untracked 
| 129|0x0000000088100000, 0x0000000088100000, 0x0000000088200000|  0%| F|  |TAMS 0x0000000088100000, 0x0000000088100000| Untracked 
| 130|0x0000000088200000, 0x0000000088200000, 0x0000000088300000|  0%| F|  |TAMS 0x0000000088200000, 0x0000000088200000| Untracked 
| 131|0x0000000088300000, 0x0000000088300000, 0x0000000088400000|  0%| F|  |TAMS 0x0000000088300000, 0x0000000088300000| Untracked 
| 132|0x0000000088400000, 0x0000000088400000, 0x0000000088500000|  0%| F|  |TAMS 0x0000000088400000, 0x0000000088400000| Untracked 
| 133|0x0000000088500000, 0x0000000088500000, 0x0000000088600000|  0%| F|  |TAMS 0x0000000088500000, 0x0000000088500000| Untracked 
| 134|0x0000000088600000, 0x0000000088600000, 0x0000000088700000|  0%| F|  |TAMS 0x0000000088600000, 0x0000000088600000| Untracked 
| 135|0x0000000088700000, 0x0000000088700000, 0x0000000088800000|  0%| F|  |TAMS 0x0000000088700000, 0x0000000088700000| Untracked 
| 136|0x0000000088800000, 0x0000000088800000, 0x0000000088900000|  0%| F|  |TAMS 0x0000000088800000, 0x0000000088800000| Untracked 
| 137|0x0000000088900000, 0x0000000088900000, 0x0000000088a00000|  0%| F|  |TAMS 0x0000000088900000, 0x0000000088900000| Untracked 
| 138|0x0000000088a00000, 0x0000000088a00000, 0x0000000088b00000|  0%| F|  |TAMS 0x0000000088a00000, 0x0000000088a00000| Untracked 
| 139|0x0000000088b00000, 0x0000000088b00000, 0x0000000088c00000|  0%| F|  |TAMS 0x0000000088b00000, 0x0000000088b00000| Untracked 
| 140|0x0000000088c00000, 0x0000000088c00000, 0x0000000088d00000|  0%| F|  |TAMS 0x0000000088c00000, 0x0000000088c00000| Untracked 
| 141|0x0000000088d00000, 0x0000000088d00000, 0x0000000088e00000|  0%| F|  |TAMS 0x0000000088d00000, 0x0000000088d00000| Untracked 
| 142|0x0000000088e00000, 0x0000000088e00000, 0x0000000088f00000|  0%| F|  |TAMS 0x0000000088e00000, 0x0000000088e00000| Untracked 
| 143|0x0000000088f00000, 0x0000000088f00000, 0x0000000089000000|  0%| F|  |TAMS 0x0000000088f00000, 0x0000000088f00000| Untracked 
| 144|0x0000000089000000, 0x0000000089000000, 0x0000000089100000|  0%| F|  |TAMS 0x0000000089000000, 0x0000000089000000| Untracked 
| 145|0x0000000089100000, 0x0000000089100000, 0x0000000089200000|  0%| F|  |TAMS 0x0000000089100000, 0x0000000089100000| Untracked 
| 146|0x0000000089200000, 0x0000000089200000, 0x0000000089300000|  0%| F|  |TAMS 0x0000000089200000, 0x0000000089200000| Untracked 
| 147|0x0000000089300000, 0x0000000089300000, 0x0000000089400000|  0%| F|  |TAMS 0x0000000089300000, 0x0000000089300000| Untracked 
| 148|0x0000000089400000, 0x0000000089400000, 0x0000000089500000|  0%| F|  |TAMS 0x0000000089400000, 0x0000000089400000| Untracked 
| 149|0x0000000089500000, 0x0000000089500000, 0x0000000089600000|  0%| F|  |TAMS 0x0000000089500000, 0x0000000089500000| Untracked 
| 150|0x0000000089600000, 0x0000000089600000, 0x0000000089700000|  0%| F|  |TAMS 0x0000000089600000, 0x0000000089600000| Untracked 
| 151|0x0000000089700000, 0x0000000089700000, 0x0000000089800000|  0%| F|  |TAMS 0x0000000089700000, 0x0000000089700000| Untracked 
| 152|0x0000000089800000, 0x0000000089800000, 0x0000000089900000|  0%| F|  |TAMS 0x0000000089800000, 0x0000000089800000| Untracked 
| 153|0x0000000089900000, 0x0000000089900000, 0x0000000089a00000|  0%| F|  |TAMS 0x0000000089900000, 0x0000000089900000| Untracked 
| 154|0x0000000089a00000, 0x0000000089a00000, 0x0000000089b00000|  0%| F|  |TAMS 0x0000000089a00000, 0x0000000089a00000| Untracked 
| 155|0x0000000089b00000, 0x0000000089b00000, 0x0000000089c00000|  0%| F|  |TAMS 0x0000000089b00000, 0x0000000089b00000| Untracked 
| 156|0x0000000089c00000, 0x0000000089c00000, 0x0000000089d00000|  0%| F|  |TAMS 0x0000000089c00000, 0x0000000089c00000| Untracked 
| 157|0x0000000089d00000, 0x0000000089d00000, 0x0000000089e00000|  0%| F|  |TAMS 0x0000000089d00000, 0x0000000089d00000| Untracked 
| 158|0x0000000089e00000, 0x0000000089e00000, 0x0000000089f00000|  0%| F|  |TAMS 0x0000000089e00000, 0x0000000089e00000| Untracked 
| 159|0x0000000089f00000, 0x0000000089f00000, 0x000000008a000000|  0%| F|  |TAMS 0x0000000089f00000, 0x0000000089f00000| Untracked 
| 160|0x000000008a000000, 0x000000008a000000, 0x000000008a100000|  0%| F|  |TAMS 0x000000008a000000, 0x000000008a000000| Untracked 
| 161|0x000000008a100000, 0x000000008a100000, 0x000000008a200000|  0%| F|  |TAMS 0x000000008a100000, 0x000000008a100000| Untracked 
| 162|0x000000008a200000, 0x000000008a200000, 0x000000008a300000|  0%| F|  |TAMS 0x000000008a200000, 0x000000008a200000| Untracked 
| 163|0x000000008a300000, 0x000000008a300000, 0x000000008a400000|  0%| F|  |TAMS 0x000000008a300000, 0x000000008a300000| Untracked 
| 164|0x000000008a400000, 0x000000008a400000, 0x000000008a500000|  0%| F|  |TAMS 0x000000008a400000, 0x000000008a400000| Untracked 
| 165|0x000000008a500000, 0x000000008a500000, 0x000000008a600000|  0%| F|  |TAMS 0x000000008a500000, 0x000000008a500000| Untracked 
| 166|0x000000008a600000, 0x000000008a600000, 0x000000008a700000|  0%| F|  |TAMS 0x000000008a600000, 0x000000008a600000| Untracked 
| 167|0x000000008a700000, 0x000000008a700000, 0x000000008a800000|  0%| F|  |TAMS 0x000000008a700000, 0x000000008a700000| Untracked 
| 168|0x000000008a800000, 0x000000008a800000, 0x000000008a900000|  0%| F|  |TAMS 0x000000008a800000, 0x000000008a800000| Untracked 
| 169|0x000000008a900000, 0x000000008a900000, 0x000000008aa00000|  0%| F|  |TAMS 0x000000008a900000, 0x000000008a900000| Untracked 
| 170|0x000000008aa00000, 0x000000008aa00000, 0x000000008ab00000|  0%| F|  |TAMS 0x000000008aa00000, 0x000000008aa00000| Untracked 
| 171|0x000000008ab00000, 0x000000008ab00000, 0x000000008ac00000|  0%| F|  |TAMS 0x000000008ab00000, 0x000000008ab00000| Untracked 
| 172|0x000000008ac00000, 0x000000008ac00000, 0x000000008ad00000|  0%| F|  |TAMS 0x000000008ac00000, 0x000000008ac00000| Untracked 
| 173|0x000000008ad00000, 0x000000008ad00000, 0x000000008ae00000|  0%| F|  |TAMS 0x000000008ad00000, 0x000000008ad00000| Untracked 
| 174|0x000000008ae00000, 0x000000008ae00000, 0x000000008af00000|  0%| F|  |TAMS 0x000000008ae00000, 0x000000008ae00000| Untracked 
| 175|0x000000008af00000, 0x000000008af00000, 0x000000008b000000|  0%| F|  |TAMS 0x000000008af00000, 0x000000008af00000| Untracked 
| 176|0x000000008b000000, 0x000000008b000000, 0x000000008b100000|  0%| F|  |TAMS 0x000000008b000000, 0x000000008b000000| Untracked 
| 177|0x000000008b100000, 0x000000008b100000, 0x000000008b200000|  0%| F|  |TAMS 0x000000008b100000, 0x000000008b100000| Untracked 
| 178|0x000000008b200000, 0x000000008b200000, 0x000000008b300000|  0%| F|  |TAMS 0x000000008b200000, 0x000000008b200000| Untracked 
| 179|0x000000008b300000, 0x000000008b300000, 0x000000008b400000|  0%| F|  |TAMS 0x000000008b300000, 0x000000008b300000| Untracked 
| 180|0x000000008b400000, 0x000000008b400000, 0x000000008b500000|  0%| F|  |TAMS 0x000000008b400000, 0x000000008b400000| Untracked 
| 181|0x000000008b500000, 0x000000008b500000, 0x000000008b600000|  0%| F|  |TAMS 0x000000008b500000, 0x000000008b500000| Untracked 
| 182|0x000000008b600000, 0x000000008b600000, 0x000000008b700000|  0%| F|  |TAMS 0x000000008b600000, 0x000000008b600000| Untracked 
| 183|0x000000008b700000, 0x000000008b700000, 0x000000008b800000|  0%| F|  |TAMS 0x000000008b700000, 0x000000008b700000| Untracked 
| 184|0x000000008b800000, 0x000000008b800000, 0x000000008b900000|  0%| F|  |TAMS 0x000000008b800000, 0x000000008b800000| Untracked 
| 185|0x000000008b900000, 0x000000008b900000, 0x000000008ba00000|  0%| F|  |TAMS 0x000000008b900000, 0x000000008b900000| Untracked 
| 186|0x000000008ba00000, 0x000000008ba00000, 0x000000008bb00000|  0%| F|  |TAMS 0x000000008ba00000, 0x000000008ba00000| Untracked 
| 187|0x000000008bb00000, 0x000000008bb00000, 0x000000008bc00000|  0%| F|  |TAMS 0x000000008bb00000, 0x000000008bb00000| Untracked 
| 188|0x000000008bc00000, 0x000000008bc00000, 0x000000008bd00000|  0%| F|  |TAMS 0x000000008bc00000, 0x000000008bc00000| Untracked 
| 189|0x000000008bd00000, 0x000000008bd00000, 0x000000008be00000|  0%| F|  |TAMS 0x000000008bd00000, 0x000000008bd00000| Untracked 
| 190|0x000000008be00000, 0x000000008be00000, 0x000000008bf00000|  0%| F|  |TAMS 0x000000008be00000, 0x000000008be00000| Untracked 
| 191|0x000000008bf00000, 0x000000008bf40240, 0x000000008c000000| 25%| S|CS|TAMS 0x000000008bf00000, 0x000000008bf00000| Complete 
| 192|0x000000008c000000, 0x000000008c100000, 0x000000008c100000|100%| S|CS|TAMS 0x000000008c000000, 0x000000008c000000| Complete 
| 193|0x000000008c100000, 0x000000008c100000, 0x000000008c200000|  0%| F|  |TAMS 0x000000008c100000, 0x000000008c100000| Untracked 
| 194|0x000000008c200000, 0x000000008c200000, 0x000000008c300000|  0%| F|  |TAMS 0x000000008c200000, 0x000000008c200000| Untracked 
| 195|0x000000008c300000, 0x000000008c300000, 0x000000008c400000|  0%| F|  |TAMS 0x000000008c300000, 0x000000008c300000| Untracked 

Card table byte_map: [0x0000021320cb0000,0x00000213210b0000] _byte_map_base: 0x00000213208b0000

Marking Bits (Prev, Next): (CMBitMap*) 0x000002130d94bed0, (CMBitMap*) 0x000002130d94be98
 Prev Bits: [0x00000213234b0000, 0x00000213254b0000)
 Next Bits: [0x00000213214b0000, 0x00000213234b0000)

Polling page: 0x000002130c0d0000

Metaspace:

Usage:
  Non-class:     90.81 MB capacity,    89.35 MB ( 98%) used,     1.23 MB (  1%) free+waste,   244.88 KB ( <1%) overhead. 
      Class:     13.66 MB capacity,    12.85 MB ( 94%) used,   716.08 KB (  5%) free+waste,   109.44 KB ( <1%) overhead. 
       Both:    104.47 MB capacity,   102.20 MB ( 98%) used,     1.93 MB (  2%) free+waste,   354.31 KB ( <1%) overhead. 

Virtual space:
  Non-class space:       92.00 MB reserved,      91.15 MB (>99%) committed 
      Class space:        1.00 GB reserved,      13.88 MB (  1%) committed 
             Both:        1.09 GB reserved,     105.03 MB (  9%) committed 

Chunk freelists:
   Non-Class:  154.00 KB
       Class:  128.00 KB
        Both:  282.00 KB

MaxMetaspaceSize: 17179869184.00 GB
CompressedClassSpaceSize: 1.00 GB

CodeHeap 'non-profiled nmethods': size=120064Kb used=7334Kb max_used=7334Kb free=112729Kb
 bounds [0x0000021318d50000, 0x0000021319480000, 0x0000021320290000]
CodeHeap 'profiled nmethods': size=120000Kb used=25246Kb max_used=25246Kb free=94753Kb
 bounds [0x0000021311820000, 0x00000213130e0000, 0x0000021318d50000]
CodeHeap 'non-nmethods': size=5696Kb used=2313Kb max_used=2360Kb free=3382Kb
 bounds [0x0000021311290000, 0x0000021311500000, 0x0000021311820000]
 total_blobs=12525 nmethods=11593 adapters=843
 compilation: enabled
              stopped_count=0, restarted_count=0
 full_count=0

Compilation events (20 events):
Event: 3691.472 Thread 0x0000021327b1f800 nmethod 13002 0x00000213130da110 code [0x00000213130da2c0, 0x00000213130da538]
Event: 3691.472 Thread 0x0000021327b1f800 13003       3       com.sun.org.apache.xerces.internal.impl.XMLDocumentFragmentScannerImpl::seekCloseOfStartTag (136 bytes)
Event: 3691.474 Thread 0x0000021327b1f800 nmethod 13003 0x00000213130da610 code [0x00000213130da8c0, 0x00000213130db7a8]
Event: 3691.474 Thread 0x0000021327b1f800 12999       3       com.sun.org.apache.xerces.internal.util.SymbolTable$Entry::<init> (47 bytes)
Event: 3691.474 Thread 0x0000021327b1f800 nmethod 12999 0x00000213130dbc10 code [0x00000213130dbe20, 0x00000213130dc348]
Event: 3691.621 Thread 0x0000021327b1f800 13004       3       com.sun.org.apache.xerces.internal.util.SymbolTable::addSymbol0 (103 bytes)
Event: 3691.622 Thread 0x0000021327b1f800 nmethod 13004 0x00000213130dc510 code [0x00000213130dc760, 0x00000213130dcf98]
Event: 3691.622 Thread 0x0000021327b1f800 13006       3       com.sun.org.apache.xerces.internal.util.AugmentationsImpl$SmallContainer::clear (41 bytes)
Event: 3691.622 Thread 0x0000021327b1f800 nmethod 13006 0x00000213130dd310 code [0x00000213130dd500, 0x00000213130dd9f8]
Event: 3691.622 Thread 0x0000021327b1f800 13005       3       com.sun.org.apache.xerces.internal.util.AugmentationsImpl::removeAllItems (8 bytes)
Event: 3691.623 Thread 0x0000021327b1f800 nmethod 13005 0x00000213130ddb90 code [0x00000213130ddd40, 0x00000213130ddf08]
Event: 3691.627 Thread 0x0000021327b1f800 13007       1       java.util.Collections$EmptyList::size (2 bytes)
Event: 3691.627 Thread 0x0000021327b1f800 nmethod 13007 0x0000021319473f10 code [0x00000213194740c0, 0x0000021319474178]
Event: 3691.628 Thread 0x0000021327b1f800 13008       3       java.util.stream.Nodes$IntFixedNodeBuilder::accept (61 bytes)
Event: 3691.629 Thread 0x0000021327b1f800 nmethod 13008 0x00000213130de010 code [0x00000213130de2e0, 0x00000213130df0c8]
Event: 3691.629 Thread 0x0000021327b1f800 13009       3       com.android.ide.common.resources.FileResourceNameValidator::isValidCharacter (36 bytes)
Event: 3691.630 Thread 0x0000021327b1f800 nmethod 13009 0x00000213130df610 code [0x00000213130df7c0, 0x00000213130df9d8]
Event: 3691.780 Thread 0x0000021327b15800 nmethod 12993 0x0000021319474210 code [0x00000213194745e0, 0x0000021319479d28]
Event: 3691.811 Thread 0x0000021327b1f800 13010       3       java.lang.Character::isJavaIdentifierStart (9 bytes)
Event: 3691.811 Thread 0x0000021327b1f800 nmethod 13010 0x00000213130dfa90 code [0x00000213130dfc60, 0x00000213130dfe38]

GC Heap History (20 events):
Event: 3645.235 GC heap after
{Heap after GC invocations=151 (full 0):
 garbage-first heap   total 120832K, used 85439K [0x0000000080000000, 0x0000000100000000)
  region size 1024K, 1 young (1024K), 1 survivors (1024K)
 Metaspace       used 103235K, capacity 105534K, committed 106140K, reserved 1140736K
  class space    used 13043K, capacity 13873K, committed 14080K, reserved 1048576K
}
Event: 3651.254 GC heap before
{Heap before GC invocations=151 (full 0):
 garbage-first heap   total 120832K, used 98751K [0x0000000080000000, 0x0000000100000000)
  region size 1024K, 15 young (15360K), 1 survivors (1024K)
 Metaspace       used 103957K, capacity 106280K, committed 106652K, reserved 1142784K
  class space    used 13124K, capacity 13949K, committed 14080K, reserved 1048576K
}
Event: 3651.261 GC heap after
{Heap after GC invocations=152 (full 0):
 garbage-first heap   total 120832K, used 85946K [0x0000000080000000, 0x0000000100000000)
  region size 1024K, 2 young (2048K), 2 survivors (2048K)
 Metaspace       used 103957K, capacity 106280K, committed 106652K, reserved 1142784K
  class space    used 13124K, capacity 13949K, committed 14080K, reserved 1048576K
}
Event: 3652.153 GC heap before
{Heap before GC invocations=153 (full 0):
 garbage-first heap   total 120832K, used 100282K [0x0000000080000000, 0x0000000100000000)
  region size 1024K, 16 young (16384K), 2 survivors (2048K)
 Metaspace       used 104080K, capacity 106421K, committed 106908K, reserved 1142784K
  class space    used 13125K, capacity 13951K, committed 14080K, reserved 1048576K
}
Event: 3652.309 GC heap after
{Heap after GC invocations=154 (full 0):
 garbage-first heap   total 120832K, used 86267K [0x0000000080000000, 0x0000000100000000)
  region size 1024K, 2 young (2048K), 2 survivors (2048K)
 Metaspace       used 104080K, capacity 106421K, committed 106908K, reserved 1142784K
  class space    used 13125K, capacity 13951K, committed 14080K, reserved 1048576K
}
Event: 3654.584 GC heap before
{Heap before GC invocations=154 (full 0):
 garbage-first heap   total 120832K, used 100603K [0x0000000080000000, 0x0000000100000000)
  region size 1024K, 17 young (17408K), 2 survivors (2048K)
 Metaspace       used 104376K, capacity 106645K, committed 107036K, reserved 1142784K
  class space    used 13151K, capacity 13983K, committed 14208K, reserved 1048576K
}
Event: 3655.524 GC heap after
{Heap after GC invocations=155 (full 0):
 garbage-first heap   total 200704K, used 88855K [0x0000000080000000, 0x0000000100000000)
  region size 1024K, 3 young (3072K), 3 survivors (3072K)
 Metaspace       used 104376K, capacity 106645K, committed 107036K, reserved 1142784K
  class space    used 13151K, capacity 13983K, committed 14208K, reserved 1048576K
}
Event: 3657.267 GC heap before
{Heap before GC invocations=156 (full 0):
 garbage-first heap   total 200704K, used 94999K [0x0000000080000000, 0x0000000100000000)
  region size 1024K, 9 young (9216K), 3 survivors (3072K)
 Metaspace       used 104392K, capacity 106709K, committed 107292K, reserved 1142784K
  class space    used 13151K, capacity 13983K, committed 14208K, reserved 1048576K
}
Event: 3657.372 GC heap after
{Heap after GC invocations=157 (full 0):
 garbage-first heap   total 200704K, used 89949K [0x0000000080000000, 0x0000000100000000)
  region size 1024K, 2 young (2048K), 2 survivors (2048K)
 Metaspace       used 104392K, capacity 106709K, committed 107292K, reserved 1142784K
  class space    used 13151K, capacity 13983K, committed 14208K, reserved 1048576K
}
Event: 3659.561 GC heap before
{Heap before GC invocations=157 (full 0):
 garbage-first heap   total 200704K, used 97117K [0x0000000080000000, 0x0000000100000000)
  region size 1024K, 9 young (9216K), 2 survivors (2048K)
 Metaspace       used 104444K, capacity 106773K, committed 107292K, reserved 1142784K
  class space    used 13151K, capacity 13983K, committed 14208K, reserved 1048576K
}
Event: 3659.580 GC heap after
{Heap after GC invocations=158 (full 0):
 garbage-first heap   total 200704K, used 90497K [0x0000000080000000, 0x0000000100000000)
  region size 1024K, 2 young (2048K), 2 survivors (2048K)
 Metaspace       used 104444K, capacity 106773K, committed 107292K, reserved 1142784K
  class space    used 13151K, capacity 13983K, committed 14208K, reserved 1048576K
}
Event: 3661.654 GC heap before
{Heap before GC invocations=159 (full 0):
 garbage-first heap   total 200704K, used 96641K [0x0000000080000000, 0x0000000100000000)
  region size 1024K, 9 young (9216K), 2 survivors (2048K)
 Metaspace       used 104453K, capacity 106773K, committed 107292K, reserved 1142784K
  class space    used 13151K, capacity 13983K, committed 14208K, reserved 1048576K
}
Event: 3661.718 GC heap after
{Heap after GC invocations=160 (full 0):
 garbage-first heap   total 200704K, used 91525K [0x0000000080000000, 0x0000000100000000)
  region size 1024K, 2 young (2048K), 2 survivors (2048K)
 Metaspace       used 104453K, capacity 106773K, committed 107292K, reserved 1142784K
  class space    used 13151K, capacity 13983K, committed 14208K, reserved 1048576K
}
Event: 3664.009 GC heap before
{Heap before GC invocations=160 (full 0):
 garbage-first heap   total 200704K, used 98693K [0x0000000080000000, 0x0000000100000000)
  region size 1024K, 9 young (9216K), 2 survivors (2048K)
 Metaspace       used 104476K, capacity 106784K, committed 107292K, reserved 1142784K
  class space    used 13151K, capacity 13983K, committed 14208K, reserved 1048576K
}
Event: 3664.020 GC heap after
{Heap after GC invocations=161 (full 0):
 garbage-first heap   total 200704K, used 92319K [0x0000000080000000, 0x0000000100000000)
  region size 1024K, 2 young (2048K), 2 survivors (2048K)
 Metaspace       used 104476K, capacity 106784K, committed 107292K, reserved 1142784K
  class space    used 13151K, capacity 13983K, committed 14208K, reserved 1048576K
}
Event: 3667.991 GC heap before
{Heap before GC invocations=162 (full 0):
 garbage-first heap   total 200704K, used 99487K [0x0000000080000000, 0x0000000100000000)
  region size 1024K, 10 young (10240K), 2 survivors (2048K)
 Metaspace       used 104500K, capacity 106848K, committed 107292K, reserved 1142784K
  class space    used 13151K, capacity 13983K, committed 14208K, reserved 1048576K
}
Event: 3668.000 GC heap after
{Heap after GC invocations=163 (full 0):
 garbage-first heap   total 200704K, used 93859K [0x0000000080000000, 0x0000000100000000)
  region size 1024K, 4 young (4096K), 4 survivors (4096K)
 Metaspace       used 104500K, capacity 106848K, committed 107292K, reserved 1142784K
  class space    used 13151K, capacity 13983K, committed 14208K, reserved 1048576K
}
Event: 3688.085 GC heap before
{Heap before GC invocations=164 (full 0):
 garbage-first heap   total 200704K, used 134819K [0x0000000080000000, 0x0000000100000000)
  region size 1024K, 41 young (41984K), 4 survivors (4096K)
 Metaspace       used 104598K, capacity 106912K, committed 107292K, reserved 1142784K
  class space    used 13151K, capacity 13983K, committed 14208K, reserved 1048576K
}
Event: 3689.463 GC heap after
{Heap after GC invocations=165 (full 0):
 garbage-first heap   total 200704K, used 102997K [0x0000000080000000, 0x0000000100000000)
  region size 1024K, 6 young (6144K), 6 survivors (6144K)
 Metaspace       used 104598K, capacity 106912K, committed 107292K, reserved 1142784K
  class space    used 13151K, capacity 13983K, committed 14208K, reserved 1048576K
}
Event: 3691.824 GC heap before
{Heap before GC invocations=165 (full 0):
 garbage-first heap   total 200704K, used 106069K [0x0000000080000000, 0x0000000100000000)
  region size 1024K, 9 young (9216K), 6 survivors (6144K)
 Metaspace       used 104652K, capacity 106978K, committed 107548K, reserved 1142784K
  class space    used 13158K, capacity 13984K, committed 14208K, reserved 1048576K
}

Deoptimization events (20 events):
Event: 3690.994 Thread 0x000002132a54a000 Uncommon trap: trap_request=0xffffffde fr.pc=0x00000213191c5820 relative=0x00000000000000e0
Event: 3690.994 Thread 0x000002132a54a000 Uncommon trap: reason=class_check action=maybe_recompile pc=0x00000213191c5820 method=java.util.EnumMap.get(Ljava/lang/Object;)Ljava/lang/Object; @ 14 c2
Event: 3690.994 Thread 0x000002132a54a000 DEOPT PACKING pc=0x00000213191c5820 sp=0x000000bf613f75c0
Event: 3690.994 Thread 0x000002132a54a000 DEOPT UNPACKING pc=0x00000213112b68a9 sp=0x000000bf613f7560 mode 2
Event: 3690.994 Thread 0x000002132a54a000 Uncommon trap: trap_request=0xffffffde fr.pc=0x00000213191c5820 relative=0x00000000000000e0
Event: 3690.994 Thread 0x000002132a54a000 Uncommon trap: reason=class_check action=maybe_recompile pc=0x00000213191c5820 method=java.util.EnumMap.get(Ljava/lang/Object;)Ljava/lang/Object; @ 14 c2
Event: 3690.994 Thread 0x000002132a54a000 DEOPT PACKING pc=0x00000213191c5820 sp=0x000000bf613f75c0
Event: 3690.994 Thread 0x000002132a54a000 DEOPT UNPACKING pc=0x00000213112b68a9 sp=0x000000bf613f7560 mode 2
Event: 3690.994 Thread 0x000002132a54a000 Uncommon trap: trap_request=0xffffffde fr.pc=0x00000213191c5820 relative=0x00000000000000e0
Event: 3690.994 Thread 0x000002132a54a000 Uncommon trap: reason=class_check action=maybe_recompile pc=0x00000213191c5820 method=java.util.EnumMap.get(Ljava/lang/Object;)Ljava/lang/Object; @ 14 c2
Event: 3690.994 Thread 0x000002132a54a000 DEOPT PACKING pc=0x00000213191c5820 sp=0x000000bf613f75c0
Event: 3690.994 Thread 0x000002132a54a000 DEOPT UNPACKING pc=0x00000213112b68a9 sp=0x000000bf613f7560 mode 2
Event: 3691.624 Thread 0x000002132a54a000 Uncommon trap: trap_request=0xffffff6e fr.pc=0x00000213191c8934 relative=0x0000000000001914
Event: 3691.624 Thread 0x000002132a54a000 Uncommon trap: reason=speculate_class_check action=maybe_recompile pc=0x00000213191c8934 method=com.android.ide.common.resources.ResourceMergerItem.getKey()Ljava/lang/String; @ 35 c2
Event: 3691.624 Thread 0x000002132a54a000 DEOPT PACKING pc=0x00000213191c8934 sp=0x000000bf613f7ca0
Event: 3691.624 Thread 0x000002132a54a000 DEOPT UNPACKING pc=0x00000213112b68a9 sp=0x000000bf613f7ca0 mode 2
Event: 3691.624 Thread 0x000002132a54a000 Uncommon trap: trap_request=0xffffff6e fr.pc=0x00000213191c8934 relative=0x0000000000001914
Event: 3691.624 Thread 0x000002132a54a000 Uncommon trap: reason=speculate_class_check action=maybe_recompile pc=0x00000213191c8934 method=com.android.ide.common.resources.ResourceMergerItem.getKey()Ljava/lang/String; @ 35 c2
Event: 3691.624 Thread 0x000002132a54a000 DEOPT PACKING pc=0x00000213191c8934 sp=0x000000bf613f7e10
Event: 3691.624 Thread 0x000002132a54a000 DEOPT UNPACKING pc=0x00000213112b68a9 sp=0x000000bf613f7e10 mode 2

Classes redefined (0 events):
No events

Internal exceptions (20 events):
Event: 3637.906 Thread 0x000002132a54b800 Exception <a 'java/lang/NoSuchMethodError'{0x0000000086dccfd8}: <clinit>> (0x0000000086dccfd8) thrown at [./src/hotspot/share/prims/jni.cpp, line 1362]
Event: 3637.919 Thread 0x000002132a54b800 Exception <a 'java/lang/NoSuchMethodError'{0x0000000086df27a8}: <clinit>> (0x0000000086df27a8) thrown at [./src/hotspot/share/prims/jni.cpp, line 1362]
Event: 3637.922 Thread 0x000002132a54b800 Exception <a 'java/lang/NoSuchMethodError'{0x0000000086c065a8}: <clinit>> (0x0000000086c065a8) thrown at [./src/hotspot/share/prims/jni.cpp, line 1362]
Event: 3637.922 Thread 0x000002132a54b800 Exception <a 'java/lang/NoSuchMethodError'{0x0000000086c07d00}: <clinit>> (0x0000000086c07d00) thrown at [./src/hotspot/share/prims/jni.cpp, line 1362]
Event: 3637.934 Thread 0x000002132ed43800 Exception <a 'java/lang/NoSuchMethodError'{0x0000000086c1aa08}: 'java.lang.Object java.lang.invoke.Invokers$Holder.linkToTargetMethod(java.lang.Object, java.lang.Object, java.lang.Object, java.lang.Object, java.lang.Object, java.lang.Object, java.lang.Object, java.lang.Object)'> (0x0000000086c1aa08) thrown at [./src/hotspot/share/interpreter/linkResolver.cpp, line 773]
Event: 3638.605 Thread 0x000002132ed37000 Exception <a 'java/lang/NoSuchMethodError'{0x0000000086a86f18}: <clinit>> (0x0000000086a86f18) thrown at [./src/hotspot/share/prims/jni.cpp, line 1362]
Event: 3638.608 Thread 0x000002132ed37000 Exception <a 'java/lang/NoSuchMethodError'{0x0000000086aa0d08}: <clinit>> (0x0000000086aa0d08) thrown at [./src/hotspot/share/prims/jni.cpp, line 1362]
Event: 3638.914 Thread 0x000002132a54b800 Exception <a 'java/lang/NoSuchMethodError'{0x00000000875d34d0}: <clinit>> (0x00000000875d34d0) thrown at [./src/hotspot/share/prims/jni.cpp, line 1362]
Event: 3639.116 Thread 0x000002132ed43800 Exception <a 'java/lang/NoSuchMethodError'{0x00000000874994b8}: 'java.lang.Object java.lang.invoke.DirectMethodHandle$Holder.invokeSpecial(java.lang.Object, java.lang.Object, int, java.lang.Object, java.lang.Object)'> (0x00000000874994b8) thrown at [./src/hotspot/share/interpreter/linkResolver.cpp, line 773]
Event: 3639.117 Thread 0x000002132ed43800 Exception <a 'java/lang/NoSuchMethodError'{0x00000000874a20e8}: 'java.lang.Object java.lang.invoke.DirectMethodHandle$Holder.invokeStatic(java.lang.Object, java.lang.Object, int, java.lang.Object)'> (0x00000000874a20e8) thrown at [./src/hotspot/share/interpreter/linkResolver.cpp, line 773]
Event: 3639.121 Thread 0x000002132ed43800 Exception <a 'java/lang/NoSuchMethodError'{0x00000000874a62a0}: 'java.lang.Object java.lang.invoke.Invokers$Holder.linkToTargetMethod(java.lang.Object, int, java.lang.Object, java.lang.Object)'> (0x00000000874a62a0) thrown at [./src/hotspot/share/interpreter/linkResolver.cpp, line 773]
Event: 3639.134 Thread 0x000002132ed43800 Exception <a 'java/lang/NoSuchMethodError'{0x00000000874bcfd0}: 'void java.lang.invoke.DirectMethodHandle$Holder.invokeVirtual(java.lang.Object, java.lang.Object)'> (0x00000000874bcfd0) thrown at [./src/hotspot/share/interpreter/linkResolver.cpp, line 773]
Event: 3640.082 Thread 0x000002132a54b800 Exception <a 'java/lang/NoSuchMethodError'{0x00000000875a9080}: <clinit>> (0x00000000875a9080) thrown at [./src/hotspot/share/prims/jni.cpp, line 1362]
Event: 3640.740 Thread 0x000002132ed43800 Exception <a 'sun/nio/fs/WindowsException'{0x000000008743f980}> (0x000000008743f980) thrown at [./src/hotspot/share/prims/jni.cpp, line 615]
Event: 3640.741 Thread 0x000002132ed43800 Exception <a 'sun/nio/fs/WindowsException'{0x00000000874405a0}> (0x00000000874405a0) thrown at [./src/hotspot/share/prims/jni.cpp, line 615]
Event: 3640.852 Thread 0x000002132ed43800 Exception <a 'java/lang/NoSuchMethodError'{0x000000008731c2e8}: <clinit>> (0x000000008731c2e8) thrown at [./src/hotspot/share/prims/jni.cpp, line 1362]
Event: 3641.055 Thread 0x000002132ed40000 Exception <a 'sun/nio/fs/WindowsException'{0x0000000087126068}> (0x0000000087126068) thrown at [./src/hotspot/share/prims/jni.cpp, line 615]
Event: 3643.746 Thread 0x000002132a553000 Implicit null exception at 0x0000021318e70552 to 0x0000021318e70928
Event: 3644.865 Thread 0x000002132ed41800 Exception <a 'java/lang/NoSuchMethodError'{0x00000000875f4480}: <clinit>> (0x00000000875f4480) thrown at [./src/hotspot/share/prims/jni.cpp, line 1362]
Event: 3667.832 Thread 0x000002132a54a000 Implicit null exception at 0x00000213190c0b74 to 0x00000213190c0dcc

Events (20 events):
Event: 3689.483 Thread 0x000002132ff1c800 Thread exited: 0x000002132ff1c800
Event: 3689.484 Thread 0x000002132f244000 Thread exited: 0x000002132f244000
Event: 3689.484 Thread 0x000002132f245800 Thread exited: 0x000002132f245800
Event: 3689.484 Thread 0x000002132ed38000 Thread exited: 0x000002132ed38000
Event: 3689.484 Thread 0x000002132ed3b000 Thread exited: 0x000002132ed3b000
Event: 3690.992 loading class com/android/resources/FolderTypeRelationship
Event: 3690.992 loading class com/android/resources/FolderTypeRelationship done
Event: 3690.996 loading class java/lang/StringLatin1$CharsSpliterator
Event: 3691.091 loading class java/lang/StringLatin1$CharsSpliterator done
Event: 3691.092 loading class java/util/stream/Nodes$IntFixedNodeBuilder
Event: 3691.156 loading class java/util/stream/Node$Builder$OfInt
Event: 3691.244 loading class java/util/stream/Node$Builder$OfInt done
Event: 3691.244 loading class java/util/stream/Nodes$IntArrayNode
Event: 3691.377 loading class java/util/stream/Nodes$IntArrayNode done
Event: 3691.378 loading class java/util/stream/Nodes$IntFixedNodeBuilder done
Event: 3691.378 loading class com/android/builder/png/VectorDrawableRenderer$PreprocessingReason
Event: 3691.378 loading class com/android/builder/png/VectorDrawableRenderer$PreprocessingReason done
Event: 3691.621 loading class com/android/ide/common/resources/GeneratedResourceMergerItem
Event: 3691.621 loading class com/android/ide/common/resources/GeneratedResourceMergerItem done
Event: 3691.824 Executing VM operation: G1CollectForAllocation


Dynamic libraries:
0x00007ff7c79a0000 - 0x00007ff7c79aa000 	C:\Program Files\Android\Android Studio\jre\bin\java.exe
0x00007ffbf3630000 - 0x00007ffbf3825000 	C:\WINDOWS\SYSTEM32\ntdll.dll
0x00007ffbf2f40000 - 0x00007ffbf2ffd000 	C:\WINDOWS\System32\KERNEL32.DLL
0x00007ffbf11e0000 - 0x00007ffbf14a8000 	C:\WINDOWS\System32\KERNELBASE.dll
0x00007ffbf0da0000 - 0x00007ffbf0ea0000 	C:\WINDOWS\System32\ucrtbase.dll
0x00007ffbd2a20000 - 0x00007ffbd2a37000 	C:\Program Files\Android\Android Studio\jre\bin\VCRUNTIME140.dll
0x00007ffbd0600000 - 0x00007ffbd0619000 	C:\Program Files\Android\Android Studio\jre\bin\jli.dll
0x00007ffbf29c0000 - 0x00007ffbf2b60000 	C:\WINDOWS\System32\USER32.dll
0x00007ffbf0ff0000 - 0x00007ffbf1012000 	C:\WINDOWS\System32\win32u.dll
0x00007ffbd0c00000 - 0x00007ffbd0e9a000 	C:\WINDOWS\WinSxS\amd64_microsoft.windows.common-controls_6595b64144ccf1df_6.0.19041.1052_none_60b8f8fd71f5e8cb\COMCTL32.dll
0x00007ffbf34f0000 - 0x00007ffbf351a000 	C:\WINDOWS\System32\GDI32.dll
0x00007ffbf1080000 - 0x00007ffbf118b000 	C:\WINDOWS\System32\gdi32full.dll
0x00007ffbf0f50000 - 0x00007ffbf0fed000 	C:\WINDOWS\System32\msvcp_win.dll
0x00007ffbf26c0000 - 0x00007ffbf275e000 	C:\WINDOWS\System32\msvcrt.dll
0x00007ffbf2470000 - 0x00007ffbf24a0000 	C:\WINDOWS\System32\IMM32.DLL
0x00007ffbaaba0000 - 0x00007ffbaac3d000 	C:\Program Files\Android\Android Studio\jre\bin\msvcp140.dll
0x00007ffba3210000 - 0x00007ffba3ccc000 	C:\Program Files\Android\Android Studio\jre\bin\server\jvm.dll
0x00007ffbf2b60000 - 0x00007ffbf2c0c000 	C:\WINDOWS\System32\ADVAPI32.dll
0x00007ffbf1e70000 - 0x00007ffbf1f0b000 	C:\WINDOWS\System32\sechost.dll
0x00007ffbf2830000 - 0x00007ffbf295b000 	C:\WINDOWS\System32\RPCRT4.dll
0x00007ffbf1f20000 - 0x00007ffbf1f28000 	C:\WINDOWS\System32\PSAPI.DLL
0x00007ffbc97d0000 - 0x00007ffbc97f7000 	C:\WINDOWS\SYSTEM32\WINMM.dll
0x00007ffbe5220000 - 0x00007ffbe522a000 	C:\WINDOWS\SYSTEM32\VERSION.dll
0x00007ffbd4630000 - 0x00007ffbd4639000 	C:\WINDOWS\SYSTEM32\WSOCK32.dll
0x00007ffbf3520000 - 0x00007ffbf358b000 	C:\WINDOWS\System32\ws2_32.DLL
0x00007ffbeeea0000 - 0x00007ffbeeeb2000 	C:\WINDOWS\SYSTEM32\kernel.appcore.dll
0x00007ffbd0190000 - 0x00007ffbd01a1000 	C:\Program Files\Android\Android Studio\jre\bin\verify.dll
0x00007ffbeec90000 - 0x00007ffbeee74000 	C:\WINDOWS\SYSTEM32\DBGHELP.DLL
0x00007ffbe5170000 - 0x00007ffbe519c000 	C:\WINDOWS\SYSTEM32\dbgcore.DLL
0x00007ffbf14b0000 - 0x00007ffbf1533000 	C:\WINDOWS\System32\bcryptPrimitives.dll
0x00007ffbcffe0000 - 0x00007ffbd0009000 	C:\Program Files\Android\Android Studio\jre\bin\java.dll
0x00007ffbd3100000 - 0x00007ffbd310b000 	C:\Program Files\Android\Android Studio\jre\bin\jimage.dll
0x00007ffbcf700000 - 0x00007ffbcf718000 	C:\Program Files\Android\Android Studio\jre\bin\zip.dll
0x00007ffbf16a0000 - 0x00007ffbf1ddf000 	C:\WINDOWS\System32\SHELL32.dll
0x00007ffbeeec0000 - 0x00007ffbef650000 	C:\WINDOWS\SYSTEM32\windows.storage.dll
0x00007ffbf2110000 - 0x00007ffbf2465000 	C:\WINDOWS\System32\combase.dll
0x00007ffbf0790000 - 0x00007ffbf07bc000 	C:\WINDOWS\SYSTEM32\Wldp.dll
0x00007ffbf2dc0000 - 0x00007ffbf2e6e000 	C:\WINDOWS\System32\SHCORE.dll
0x00007ffbf3590000 - 0x00007ffbf35e5000 	C:\WINDOWS\System32\shlwapi.dll
0x00007ffbf0cb0000 - 0x00007ffbf0ccf000 	C:\WINDOWS\SYSTEM32\profapi.dll
0x00007ffbce9d0000 - 0x00007ffbce9ea000 	C:\Program Files\Android\Android Studio\jre\bin\net.dll
0x00007ffbe7e00000 - 0x00007ffbe7f0b000 	C:\WINDOWS\SYSTEM32\WINHTTP.dll
0x00007ffbf04e0000 - 0x00007ffbf054a000 	C:\WINDOWS\system32\mswsock.dll
0x00007ffbcbc30000 - 0x00007ffbcbc44000 	C:\Program Files\Android\Android Studio\jre\bin\nio.dll
0x00007ffbd5130000 - 0x00007ffbd5157000 	C:\Users\user\.gradle\native\fdc75f09e3144964f2cf3f50f0aa648679c211496f362492102eb8c894070792\windows-amd64\native-platform.dll
0x00007ffbaa750000 - 0x00007ffbaa8e6000 	C:\Users\user\.gradle\native\12488b8bf47d2d4c9fbf2f6322a914ad602e24e48041cd04a747c6da556b65c4\windows-amd64\native-platform-file-events.dll
0x00007ffbd3340000 - 0x00007ffbd334a000 	C:\Program Files\Android\Android Studio\jre\bin\management.dll
0x00007ffbd3330000 - 0x00007ffbd333c000 	C:\Program Files\Android\Android Studio\jre\bin\management_ext.dll
0x00007ffbf06b0000 - 0x00007ffbf06c8000 	C:\WINDOWS\SYSTEM32\CRYPTSP.dll
0x00007ffbefe20000 - 0x00007ffbefe54000 	C:\WINDOWS\system32\rsaenh.dll
0x00007ffbf0d70000 - 0x00007ffbf0d97000 	C:\WINDOWS\System32\bcrypt.dll
0x00007ffbf0c30000 - 0x00007ffbf0c5e000 	C:\WINDOWS\SYSTEM32\USERENV.dll
0x00007ffbf06d0000 - 0x00007ffbf06dc000 	C:\WINDOWS\SYSTEM32\CRYPTBASE.dll
0x00007ffbf0170000 - 0x00007ffbf01ab000 	C:\WINDOWS\SYSTEM32\IPHLPAPI.DLL
0x00007ffbf1f10000 - 0x00007ffbf1f18000 	C:\WINDOWS\System32\NSI.dll
0x00007ffbe0230000 - 0x00007ffbe0247000 	C:\WINDOWS\SYSTEM32\dhcpcsvc6.DLL
0x00007ffbe2910000 - 0x00007ffbe292d000 	C:\WINDOWS\SYSTEM32\dhcpcsvc.DLL
0x00007ffbf0210000 - 0x00007ffbf02dc000 	C:\WINDOWS\SYSTEM32\DNSAPI.dll
0x00007ffbe3300000 - 0x00007ffbe330b000 	C:\WINDOWS\SYSTEM32\WINNSI.DLL
0x00007ffbc4a60000 - 0x00007ffbc4a87000 	C:\Program Files\Android\Android Studio\jre\bin\sunec.dll
0x00007ffbd2220000 - 0x00007ffbd222a000 	C:\Windows\System32\rasadhlp.dll
0x00007ffbd2240000 - 0x00007ffbd22bf000 	C:\WINDOWS\System32\fwpuclnt.dll

dbghelp: loaded successfully - version: 4.0.5 - missing functions: none
symbol engine: initialized successfully - sym options: 0x614 - pdb path: .;C:\Program Files\Android\Android Studio\jre\bin;C:\WINDOWS\SYSTEM32;C:\WINDOWS\WinSxS\amd64_microsoft.windows.common-controls_6595b64144ccf1df_6.0.19041.1052_none_60b8f8fd71f5e8cb;C:\Program Files\Android\Android Studio\jre\bin\server;C:\Users\user\.gradle\native\fdc75f09e3144964f2cf3f50f0aa648679c211496f362492102eb8c894070792\windows-amd64;C:\Users\user\.gradle\native\12488b8bf47d2d4c9fbf2f6322a914ad602e24e48041cd04a747c6da556b65c4\windows-amd64

VM Arguments:
jvm_args: --add-opens=java.base/java.util=ALL-UNNAMED --add-opens=java.base/java.lang=ALL-UNNAMED --add-opens=java.base/java.lang.invoke=ALL-UNNAMED --add-opens=java.prefs/java.util.prefs=ALL-UNNAMED -Xmx2048m -Dfile.encoding=UTF-8 -Duser.country=EC -Duser.language=es -Duser.variant 
java_command: org.gradle.launcher.daemon.bootstrap.GradleDaemon 6.7.1
java_class_path (initial): C:\Users\user\.gradle\wrapper\dists\gradle-6.7.1-bin\bwlcbys1h7rz3272sye1xwiv6\gradle-6.7.1\lib\gradle-launcher-6.7.1.jar
Launcher Type: SUN_STANDARD

[Global flags]
     intx CICompilerCount                          = 3                                         {product} {ergonomic}
     uint ConcGCThreads                            = 1                                         {product} {ergonomic}
     uint G1ConcRefinementThreads                  = 4                                         {product} {ergonomic}
   size_t G1HeapRegionSize                         = 1048576                                   {product} {ergonomic}
    uintx GCDrainStackTargetSize                   = 64                                        {product} {ergonomic}
   size_t InitialHeapSize                          = 65011712                                  {product} {ergonomic}
   size_t MarkStackSize                            = 4194304                                   {product} {ergonomic}
   size_t MaxHeapSize                              = 2147483648                                {product} {command line}
   size_t MaxNewSize                               = 1287651328                                {product} {ergonomic}
   size_t MinHeapDeltaBytes                        = 1048576                                   {product} {ergonomic}
    uintx NonNMethodCodeHeapSize                   = 5830732                                {pd product} {ergonomic}
    uintx NonProfiledCodeHeapSize                  = 122913754                              {pd product} {ergonomic}
    uintx ProfiledCodeHeapSize                     = 122913754                              {pd product} {ergonomic}
    uintx ReservedCodeCacheSize                    = 251658240                              {pd product} {ergonomic}
     bool SegmentedCodeCache                       = true                                      {product} {ergonomic}
     bool UseCompressedClassPointers               = true                                 {lp64_product} {ergonomic}
     bool UseCompressedOops                        = true                                 {lp64_product} {ergonomic}
     bool UseG1GC                                  = true                                      {product} {ergonomic}
     bool UseLargePagesIndividualAllocation        = false                                  {pd product} {ergonomic}

Logging:
Log output configuration:
 #0: stdout all=warning uptime,level,tags
 #1: stderr all=off uptime,level,tags

Environment Variables:
PATH=C:\Program Files (x86)\Common Files\Oracle\Java\javapath;C:\ProgramData\Oracle\Java\javapath;C:\Program Files (x86)\Intel\TXE Components\iCLS\;C:\Program Files\Intel\TXE Components\iCLS\;C:\WINDOWS\system32;C:\WINDOWS;C:\WINDOWS\System32\Wbem;C:\WINDOWS\System32\WindowsPowerShell\v1.0\;C:\Program Files\Intel\TXE Components\DAL\;C:\Program Files (x86)\Intel\TXE Components\DAL\;C:\Program Files\Intel\TXE Components\IPT\;C:\Program Files (x86)\Intel\TXE Components\IPT\;C:\WINDOWS\System32\OpenSSH\;C:\xampp\php;C:\ProgramData\ComposerSetup\bin;C:\Program Files\Java\jdk1.8.0_241\bin;C:\Users\user\AppData\Local\Programs\Python\Python39\Scripts\;C:\Users\user\AppData\Local\Programs\Python\Python39\;C:\Users\user\AppData\Local\Microsoft\WindowsApps;C:\Users\user\AppData\Roaming\Composer\vendor\bin;
USERNAME=user
OS=Windows_NT
PROCESSOR_IDENTIFIER=Intel64 Family 6 Model 122 Stepping 1, GenuineIntel



---------------  S Y S T E M  ---------------

OS: Windows 10 , 64 bit Build 19041 (10.0.19041.1023)
OS uptime: 4 days 0:32 hours

CPU:total 4 (initial active 4) (4 cores per cpu, 1 threads per core) family 6 model 122 stepping 1, cmov, cx8, fxsr, mmx, sse, sse2, sse3, ssse3, sse4.1, sse4.2, popcnt, aes, clmul, erms, 3dnowpref, tsc, tscinvbit, sha

Memory: 4k page, system-wide physical 3918M (267M free)
TotalPageFile size 6802M (AvailPageFile size 165M)
current process WorkingSet (physical memory assigned to process): 347M, peak: 350M
current process commit charge ("private bytes"): 484M, peak: 766M

vm_info: OpenJDK 64-Bit Server VM (11.0.8+10-b944.6842174) for windows-amd64 JRE (11.0.8+10-b944.6842174), built on Sep 19 2020 01:11:42 by "builder" with MS VC++ 14.0 (VS2015)

END.
