#
# There is insufficient memory for the Java Runtime Environment to continue.
# Native memory allocation (malloc) failed to allocate 402736 bytes for Chunk::new
# Possible reasons:
#   The system is out of physical RAM or swap space
#   The process is running with CompressedOops enabled, and the Java Heap may be blocking the growth of the native heap
# Possible solutions:
#   Reduce memory load on the system
#   Increase physical memory or swap space
#   Check if swap backing store is full
#   Decrease Java heap size (-Xmx/-Xms)
#   Decrease number of Java threads
#   Decrease Java thread stack sizes (-Xss)
#   Set larger code cache with -XX:ReservedCodeCacheSize=
#   JVM is running with Unscaled Compressed Oops mode in which the Java heap is
#     placed in the first 4GB address space. The Java Heap base address is the
#     maximum limit for the native heap growth. Please use -XX:HeapBaseMinAddress
#     to set the Java Heap base and to place the Java Heap above 4GB virtual address.
# This output file may be truncated or incomplete.
#
#  Out of Memory Error (./src/hotspot/share/memory/arena.cpp:197), pid=6124, tid=14988
#
# JRE version: OpenJDK Runtime Environment (11.0.8+10) (build 11.0.8+10-b944.6842174)
# Java VM: OpenJDK 64-Bit Server VM (11.0.8+10-b944.6842174, mixed mode, tiered, compressed oops, g1 gc, windows-amd64)
# No core dump will be written. Minidumps are not enabled by default on client versions of Windows
#

---------------  S U M M A R Y ------------

Command Line: --add-opens=java.base/java.util=ALL-UNNAMED --add-opens=java.base/java.lang=ALL-UNNAMED --add-opens=java.base/java.lang.invoke=ALL-UNNAMED --add-opens=java.prefs/java.util.prefs=ALL-UNNAMED -Xmx2048m -Dfile.encoding=UTF-8 -Duser.country=EC -Duser.language=es -Duser.variant org.gradle.launcher.daemon.bootstrap.GradleDaemon 6.7.1

Host: Intel(R) Celeron(R) N4100 CPU @ 1.10GHz, 4 cores, 3G,  Windows 10 , 64 bit Build 19041 (10.0.19041.1151)
Time: Tue Sep 14 20:59:57 2021 Hora est. Pacífico, Sudamérica elapsed time: 7 seconds (0d 0h 0m 7s)

---------------  T H R E A D  ---------------

Current thread (0x000001764bc86000):  JavaThread "C2 CompilerThread0" daemon [_thread_in_native, id=14988, stack(0x0000002d1cd00000,0x0000002d1ce00000)]


Current CompileTask:
C2:   7163 1973   !   4       java.lang.ClassLoader::loadClass (122 bytes)

Stack: [0x0000002d1cd00000,0x0000002d1ce00000]
Native frames: (J=compiled Java code, j=interpreted, Vv=VM code, C=native code)
V  [jvm.dll+0x5de50a]
V  [jvm.dll+0x7122f5]
V  [jvm.dll+0x71384d]
V  [jvm.dll+0x713f03]
V  [jvm.dll+0x23e728]
V  [jvm.dll+0xb899c]
V  [jvm.dll+0xb8e9c]
V  [jvm.dll+0x2b20e4]
V  [jvm.dll+0x502098]
V  [jvm.dll+0x1f8a85]
V  [jvm.dll+0x1f685f]
V  [jvm.dll+0x17f32c]
V  [jvm.dll+0x205047]
V  [jvm.dll+0x203891]
V  [jvm.dll+0x6dad3f]
V  [jvm.dll+0x6d3895]
V  [jvm.dll+0x5dd4a6]
C  [ucrtbase.dll+0x21bb2]
C  [KERNEL32.DLL+0x17034]
C  [ntdll.dll+0x52651]


---------------  P R O C E S S  ---------------

Threads class SMR info:
_java_thread_list=0x000001764d7e6e20, length=23, elements={
0x0000017631a4b000, 0x000001764bc28800, 0x000001764bc2c000, 0x000001764bc36000,
0x000001764bc81800, 0x000001764bc86000, 0x000001764bc8b800, 0x000001764c601000,
0x000001764c73b000, 0x000001764c74d800, 0x000001764e269800, 0x000001764dcec800,
0x000001764c767000, 0x000001764e3a3000, 0x000001764dd11800, 0x000001764e99f800,
0x000001764e9a0000, 0x000001764d07b800, 0x000001764d55b800, 0x000001764d07c800,
0x000001764d073800, 0x000001764d06e800, 0x000001764d072800
}

Java Threads: ( => current thread )
  0x0000017631a4b000 JavaThread "main" [_thread_blocked, id=2212, stack(0x0000002d1c100000,0x0000002d1c200000)]
  0x000001764bc28800 JavaThread "Reference Handler" daemon [_thread_blocked, id=5808, stack(0x0000002d1c800000,0x0000002d1c900000)]
  0x000001764bc2c000 JavaThread "Finalizer" daemon [_thread_blocked, id=10944, stack(0x0000002d1c900000,0x0000002d1ca00000)]
  0x000001764bc36000 JavaThread "Signal Dispatcher" daemon [_thread_blocked, id=11036, stack(0x0000002d1cb00000,0x0000002d1cc00000)]
  0x000001764bc81800 JavaThread "Attach Listener" daemon [_thread_blocked, id=7188, stack(0x0000002d1cc00000,0x0000002d1cd00000)]
=>0x000001764bc86000 JavaThread "C2 CompilerThread0" daemon [_thread_in_native, id=14988, stack(0x0000002d1cd00000,0x0000002d1ce00000)]
  0x000001764bc8b800 JavaThread "C1 CompilerThread0" daemon [_thread_blocked, id=9628, stack(0x0000002d1ce00000,0x0000002d1cf00000)]
  0x000001764c601000 JavaThread "Sweeper thread" daemon [_thread_blocked, id=2888, stack(0x0000002d1cf00000,0x0000002d1d000000)]
  0x000001764c73b000 JavaThread "Common-Cleaner" daemon [_thread_blocked, id=2324, stack(0x0000002d1d000000,0x0000002d1d100000)]
  0x000001764c74d800 JavaThread "Service Thread" daemon [_thread_blocked, id=14132, stack(0x0000002d1d100000,0x0000002d1d200000)]
  0x000001764e269800 JavaThread "Daemon health stats" [_thread_blocked, id=1648, stack(0x0000002d1d400000,0x0000002d1d500000)]
  0x000001764dcec800 JavaThread "Incoming local TCP Connector on port 61623" [_thread_in_native, id=11540, stack(0x0000002d1d700000,0x0000002d1d800000)]
  0x000001764c767000 JavaThread "Daemon periodic checks" [_thread_blocked, id=8468, stack(0x0000002d1d800000,0x0000002d1d900000)]
  0x000001764e3a3000 JavaThread "Daemon" [_thread_blocked, id=12752, stack(0x0000002d1d900000,0x0000002d1da00000)]
  0x000001764dd11800 JavaThread "Handler for socket connection from /127.0.0.1:61623 to /127.0.0.1:61624" [_thread_in_native, id=5612, stack(0x0000002d1da00000,0x0000002d1db00000)]
  0x000001764e99f800 JavaThread "Cancel handler" [_thread_blocked, id=1364, stack(0x0000002d1db00000,0x0000002d1dc00000)]
  0x000001764e9a0000 JavaThread "Daemon worker" [_thread_in_vm, id=13784, stack(0x0000002d1dc00000,0x0000002d1dd00000)]
  0x000001764d07b800 JavaThread "Asynchronous log dispatcher for DefaultDaemonConnection: socket connection from /127.0.0.1:61623 to /127.0.0.1:61624" [_thread_blocked, id=6616, stack(0x0000002d1dd00000,0x0000002d1de00000)]
  0x000001764d55b800 JavaThread "Stdin handler" [_thread_blocked, id=7988, stack(0x0000002d1de00000,0x0000002d1df00000)]
  0x000001764d07c800 JavaThread "Thread-8" [_thread_blocked, id=12156, stack(0x0000002d1df00000,0x0000002d1e000000)]
  0x000001764d073800 JavaThread "Cache worker for file hash cache (C:\Users\user\.gradle\caches\6.7.1\fileHashes)" [_thread_blocked, id=6372, stack(0x0000002d1e200000,0x0000002d1e300000)]
  0x000001764d06e800 JavaThread "File lock request listener" [_thread_in_native, id=4612, stack(0x0000002d1e300000,0x0000002d1e400000)]
  0x000001764d072800 JavaThread "Cache worker for journal cache (C:\Users\user\.gradle\caches\journal-1)" [_thread_blocked, id=14120, stack(0x0000002d1e400000,0x0000002d1e500000)]

Other Threads:
  0x000001764bc20000 VMThread "VM Thread" [stack: 0x0000002d1c700000,0x0000002d1c800000] [id=13456]
  0x000001764c74e000 WatcherThread [stack: 0x0000002d1d200000,0x0000002d1d300000] [id=13352]
  0x0000017631a63800 GCTaskThread "GC Thread#0" [stack: 0x0000002d1c200000,0x0000002d1c300000] [id=13536]
  0x000001764ca42800 GCTaskThread "GC Thread#1" [stack: 0x0000002d1d300000,0x0000002d1d400000] [id=14472]
  0x000001764cbb4000 GCTaskThread "GC Thread#2" [stack: 0x0000002d1e000000,0x0000002d1e100000] [id=14348]
  0x000001764cce0800 GCTaskThread "GC Thread#3" [stack: 0x0000002d1e100000,0x0000002d1e200000] [id=8184]
  0x0000017631a94800 ConcurrentGCThread "G1 Main Marker" [stack: 0x0000002d1c300000,0x0000002d1c400000] [id=3456]
  0x0000017631a97000 ConcurrentGCThread "G1 Conc#0" [stack: 0x0000002d1c400000,0x0000002d1c500000] [id=1872]
  0x0000017631aef800 ConcurrentGCThread "G1 Refine#0" [stack: 0x0000002d1c500000,0x0000002d1c600000] [id=15220]
  0x0000017631af0800 ConcurrentGCThread "G1 Young RemSet Sampling" [stack: 0x0000002d1c600000,0x0000002d1c700000] [id=3528]

Threads with active compile tasks:
C2 CompilerThread0   7226 1973   !   4       java.lang.ClassLoader::loadClass (122 bytes)

VM state:not at safepoint (normal execution)

VM Mutex/Monitor currently owned by a thread: None

Heap address: 0x0000000080000000, size: 2048 MB, Compressed Oops mode: 32-bit
Narrow klass base: 0x0000000000000000, Narrow klass shift: 3
Compressed class space size: 1073741824 Address: 0x0000000100000000

Heap:
 garbage-first heap   total 76800K, used 35910K [0x0000000080000000, 0x0000000100000000)
  region size 1024K, 21 young (21504K), 1 survivors (1024K)
 Metaspace       used 22385K, capacity 22970K, committed 23168K, reserved 1069056K
  class space    used 2866K, capacity 3078K, committed 3200K, reserved 1048576K
Heap Regions: E=young(eden), S=young(survivor), O=old, HS=humongous(starts), HC=humongous(continues), CS=collection set, F=free, A=archive, TAMS=top-at-mark-start (previous, next)
|   0|0x0000000080000000, 0x0000000080100000, 0x0000000080100000|100%| O|  |TAMS 0x0000000080100000, 0x0000000080000000| Untracked 
|   1|0x0000000080100000, 0x0000000080200000, 0x0000000080200000|100%| O|  |TAMS 0x0000000080200000, 0x0000000080100000| Untracked 
|   2|0x0000000080200000, 0x0000000080300000, 0x0000000080300000|100%| O|  |TAMS 0x0000000080300000, 0x0000000080200000| Untracked 
|   3|0x0000000080300000, 0x0000000080400000, 0x0000000080400000|100%|HS|  |TAMS 0x0000000080400000, 0x0000000080300000| Complete 
|   4|0x0000000080400000, 0x0000000080500000, 0x0000000080500000|100%|HC|  |TAMS 0x0000000080500000, 0x0000000080400000| Complete 
|   5|0x0000000080500000, 0x0000000080600000, 0x0000000080600000|100%|HC|  |TAMS 0x0000000080600000, 0x0000000080500000| Complete 
|   6|0x0000000080600000, 0x0000000080700000, 0x0000000080700000|100%| O|  |TAMS 0x0000000080700000, 0x0000000080600000| Untracked 
|   7|0x0000000080700000, 0x0000000080800000, 0x0000000080800000|100%| O|  |TAMS 0x0000000080800000, 0x0000000080700000| Untracked 
|   8|0x0000000080800000, 0x0000000080900000, 0x0000000080900000|100%| O|  |TAMS 0x0000000080900000, 0x0000000080800000| Untracked 
|   9|0x0000000080900000, 0x0000000080a00000, 0x0000000080a00000|100%| O|  |TAMS 0x0000000080a00000, 0x0000000080900000| Untracked 
|  10|0x0000000080a00000, 0x0000000080b00000, 0x0000000080b00000|100%| O|  |TAMS 0x0000000080b00000, 0x0000000080a00000| Untracked 
|  11|0x0000000080b00000, 0x0000000080c00000, 0x0000000080c00000|100%| O|  |TAMS 0x0000000080c00000, 0x0000000080b00000| Untracked 
|  12|0x0000000080c00000, 0x0000000080d00000, 0x0000000080d00000|100%| O|  |TAMS 0x0000000080d00000, 0x0000000080c00000| Untracked 
|  13|0x0000000080d00000, 0x0000000080e00000, 0x0000000080e00000|100%| O|  |TAMS 0x0000000080e00000, 0x0000000080d00000| Untracked 
|  14|0x0000000080e00000, 0x0000000080f00000, 0x0000000080f00000|100%| O|  |TAMS 0x0000000080f00000, 0x0000000080e00000| Untracked 
|  15|0x0000000080f00000, 0x0000000080f59000, 0x0000000081000000| 34%| O|  |TAMS 0x0000000080f59000, 0x0000000080f00000| Untracked 
|  16|0x0000000081000000, 0x0000000081000000, 0x0000000081100000|  0%| F|  |TAMS 0x0000000081000000, 0x0000000081000000| Untracked 
|  17|0x0000000081100000, 0x0000000081100000, 0x0000000081200000|  0%| F|  |TAMS 0x0000000081100000, 0x0000000081100000| Untracked 
|  18|0x0000000081200000, 0x0000000081200000, 0x0000000081300000|  0%| F|  |TAMS 0x0000000081200000, 0x0000000081200000| Untracked 
|  19|0x0000000081300000, 0x0000000081300000, 0x0000000081400000|  0%| F|  |TAMS 0x0000000081300000, 0x0000000081300000| Untracked 
|  20|0x0000000081400000, 0x0000000081400000, 0x0000000081500000|  0%| F|  |TAMS 0x0000000081400000, 0x0000000081400000| Untracked 
|  21|0x0000000081500000, 0x0000000081500000, 0x0000000081600000|  0%| F|  |TAMS 0x0000000081500000, 0x0000000081500000| Untracked 
|  22|0x0000000081600000, 0x0000000081600000, 0x0000000081700000|  0%| F|  |TAMS 0x0000000081600000, 0x0000000081600000| Untracked 
|  23|0x0000000081700000, 0x0000000081700000, 0x0000000081800000|  0%| F|  |TAMS 0x0000000081700000, 0x0000000081700000| Untracked 
|  24|0x0000000081800000, 0x0000000081800000, 0x0000000081900000|  0%| F|  |TAMS 0x0000000081800000, 0x0000000081800000| Untracked 
|  25|0x0000000081900000, 0x0000000081900000, 0x0000000081a00000|  0%| F|  |TAMS 0x0000000081900000, 0x0000000081900000| Untracked 
|  26|0x0000000081a00000, 0x0000000081a00000, 0x0000000081b00000|  0%| F|  |TAMS 0x0000000081a00000, 0x0000000081a00000| Untracked 
|  27|0x0000000081b00000, 0x0000000081b00000, 0x0000000081c00000|  0%| F|  |TAMS 0x0000000081b00000, 0x0000000081b00000| Untracked 
|  28|0x0000000081c00000, 0x0000000081c00000, 0x0000000081d00000|  0%| F|  |TAMS 0x0000000081c00000, 0x0000000081c00000| Untracked 
|  29|0x0000000081d00000, 0x0000000081d00000, 0x0000000081e00000|  0%| F|  |TAMS 0x0000000081d00000, 0x0000000081d00000| Untracked 
|  30|0x0000000081e00000, 0x0000000081e00000, 0x0000000081f00000|  0%| F|  |TAMS 0x0000000081e00000, 0x0000000081e00000| Untracked 
|  31|0x0000000081f00000, 0x0000000081f00000, 0x0000000082000000|  0%| F|  |TAMS 0x0000000081f00000, 0x0000000081f00000| Untracked 
|  32|0x0000000082000000, 0x0000000082000000, 0x0000000082100000|  0%| F|  |TAMS 0x0000000082000000, 0x0000000082000000| Untracked 
|  33|0x0000000082100000, 0x0000000082100000, 0x0000000082200000|  0%| F|  |TAMS 0x0000000082100000, 0x0000000082100000| Untracked 
|  34|0x0000000082200000, 0x0000000082200000, 0x0000000082300000|  0%| F|  |TAMS 0x0000000082200000, 0x0000000082200000| Untracked 
|  35|0x0000000082300000, 0x0000000082300000, 0x0000000082400000|  0%| F|  |TAMS 0x0000000082300000, 0x0000000082300000| Untracked 
|  36|0x0000000082400000, 0x0000000082400000, 0x0000000082500000|  0%| F|  |TAMS 0x0000000082400000, 0x0000000082400000| Untracked 
|  37|0x0000000082500000, 0x0000000082500000, 0x0000000082600000|  0%| F|  |TAMS 0x0000000082500000, 0x0000000082500000| Untracked 
|  38|0x0000000082600000, 0x0000000082600000, 0x0000000082700000|  0%| F|  |TAMS 0x0000000082600000, 0x0000000082600000| Untracked 
|  39|0x0000000082700000, 0x0000000082700000, 0x0000000082800000|  0%| F|  |TAMS 0x0000000082700000, 0x0000000082700000| Untracked 
|  40|0x0000000082800000, 0x0000000082800000, 0x0000000082900000|  0%| F|  |TAMS 0x0000000082800000, 0x0000000082800000| Untracked 
|  41|0x0000000082900000, 0x0000000082900000, 0x0000000082a00000|  0%| F|  |TAMS 0x0000000082900000, 0x0000000082900000| Untracked 
|  42|0x0000000082a00000, 0x0000000082a00000, 0x0000000082b00000|  0%| F|  |TAMS 0x0000000082a00000, 0x0000000082a00000| Untracked 
|  43|0x0000000082b00000, 0x0000000082bb8b18, 0x0000000082c00000| 72%| S|CS|TAMS 0x0000000082b00000, 0x0000000082b00000| Complete 
|  44|0x0000000082c00000, 0x0000000082c00000, 0x0000000082d00000|  0%| F|  |TAMS 0x0000000082c00000, 0x0000000082c00000| Untracked 
|  45|0x0000000082d00000, 0x0000000082d00000, 0x0000000082e00000|  0%| F|  |TAMS 0x0000000082d00000, 0x0000000082d00000| Untracked 
|  46|0x0000000082e00000, 0x0000000082e00000, 0x0000000082f00000|  0%| F|  |TAMS 0x0000000082e00000, 0x0000000082e00000| Untracked 
|  47|0x0000000082f00000, 0x0000000082f00000, 0x0000000083000000|  0%| F|  |TAMS 0x0000000082f00000, 0x0000000082f00000| Untracked 
|  48|0x0000000083000000, 0x0000000083000000, 0x0000000083100000|  0%| F|  |TAMS 0x0000000083000000, 0x0000000083000000| Untracked 
|  49|0x0000000083100000, 0x0000000083100000, 0x0000000083200000|  0%| F|  |TAMS 0x0000000083100000, 0x0000000083100000| Untracked 
|  50|0x0000000083200000, 0x0000000083200000, 0x0000000083300000|  0%| F|  |TAMS 0x0000000083200000, 0x0000000083200000| Untracked 
|  51|0x0000000083300000, 0x0000000083300000, 0x0000000083400000|  0%| F|  |TAMS 0x0000000083300000, 0x0000000083300000| Untracked 
|  52|0x0000000083400000, 0x0000000083400000, 0x0000000083500000|  0%| F|  |TAMS 0x0000000083400000, 0x0000000083400000| Untracked 
|  53|0x0000000083500000, 0x0000000083500000, 0x0000000083600000|  0%| F|  |TAMS 0x0000000083500000, 0x0000000083500000| Untracked 
|  54|0x0000000083600000, 0x0000000083600000, 0x0000000083700000|  0%| F|  |TAMS 0x0000000083600000, 0x0000000083600000| Untracked 
|  55|0x0000000083700000, 0x0000000083800000, 0x0000000083800000|100%| E|  |TAMS 0x0000000083700000, 0x0000000083700000| Complete 
|  56|0x0000000083800000, 0x0000000083900000, 0x0000000083900000|100%| E|CS|TAMS 0x0000000083800000, 0x0000000083800000| Complete 
|  57|0x0000000083900000, 0x0000000083a00000, 0x0000000083a00000|100%| E|CS|TAMS 0x0000000083900000, 0x0000000083900000| Complete 
|  58|0x0000000083a00000, 0x0000000083b00000, 0x0000000083b00000|100%| E|CS|TAMS 0x0000000083a00000, 0x0000000083a00000| Complete 
|  59|0x0000000083b00000, 0x0000000083c00000, 0x0000000083c00000|100%| E|CS|TAMS 0x0000000083b00000, 0x0000000083b00000| Complete 
|  60|0x0000000083c00000, 0x0000000083d00000, 0x0000000083d00000|100%| E|CS|TAMS 0x0000000083c00000, 0x0000000083c00000| Complete 
|  61|0x0000000083d00000, 0x0000000083e00000, 0x0000000083e00000|100%| E|CS|TAMS 0x0000000083d00000, 0x0000000083d00000| Complete 
|  62|0x0000000083e00000, 0x0000000083f00000, 0x0000000083f00000|100%| E|CS|TAMS 0x0000000083e00000, 0x0000000083e00000| Complete 
|  63|0x0000000083f00000, 0x0000000084000000, 0x0000000084000000|100%| E|CS|TAMS 0x0000000083f00000, 0x0000000083f00000| Complete 
|  64|0x0000000084000000, 0x0000000084100000, 0x0000000084100000|100%| E|CS|TAMS 0x0000000084000000, 0x0000000084000000| Complete 
|  65|0x0000000084100000, 0x0000000084200000, 0x0000000084200000|100%| E|CS|TAMS 0x0000000084100000, 0x0000000084100000| Complete 
|  66|0x0000000084200000, 0x0000000084300000, 0x0000000084300000|100%| E|CS|TAMS 0x0000000084200000, 0x0000000084200000| Complete 
|  67|0x0000000084300000, 0x0000000084400000, 0x0000000084400000|100%| E|CS|TAMS 0x0000000084300000, 0x0000000084300000| Complete 
|  68|0x0000000084400000, 0x0000000084500000, 0x0000000084500000|100%| E|CS|TAMS 0x0000000084400000, 0x0000000084400000| Complete 
|  69|0x0000000084500000, 0x0000000084600000, 0x0000000084600000|100%| E|CS|TAMS 0x0000000084500000, 0x0000000084500000| Complete 
|  70|0x0000000084600000, 0x0000000084700000, 0x0000000084700000|100%| E|CS|TAMS 0x0000000084600000, 0x0000000084600000| Complete 
|  71|0x0000000084700000, 0x0000000084800000, 0x0000000084800000|100%| E|CS|TAMS 0x0000000084700000, 0x0000000084700000| Complete 
|  72|0x0000000084800000, 0x0000000084900000, 0x0000000084900000|100%| E|CS|TAMS 0x0000000084800000, 0x0000000084800000| Complete 
|  73|0x0000000084900000, 0x0000000084a00000, 0x0000000084a00000|100%| E|CS|TAMS 0x0000000084900000, 0x0000000084900000| Complete 
|  74|0x0000000084a00000, 0x0000000084b00000, 0x0000000084b00000|100%| E|CS|TAMS 0x0000000084a00000, 0x0000000084a00000| Complete 

Card table byte_map: [0x0000017644e20000,0x0000017645220000] _byte_map_base: 0x0000017644a20000

Marking Bits (Prev, Next): (CMBitMap*) 0x0000017631a8ba70, (CMBitMap*) 0x0000017631a8ba38
 Prev Bits: [0x0000017647620000, 0x0000017649620000)
 Next Bits: [0x0000017645620000, 0x0000017647620000)

Polling page: 0x0000017631b30000

Metaspace:

Usage:
  Non-class:     19.49 MB capacity,    19.10 MB ( 98%) used,   359.24 KB (  2%) free+waste,    39.56 KB ( <1%) overhead. 
      Class:      3.01 MB capacity,     2.81 MB ( 93%) used,   184.55 KB (  6%) free+waste,    19.81 KB ( <1%) overhead. 
       Both:     22.49 MB capacity,    21.91 MB ( 97%) used,   543.80 KB (  2%) free+waste,    59.38 KB ( <1%) overhead. 

Virtual space:
  Non-class space:       20.00 MB reserved,      19.50 MB ( 98%) committed 
      Class space:        1.00 GB reserved,       3.13 MB ( <1%) committed 
             Both:        1.02 GB reserved,      22.63 MB (  2%) committed 

Chunk freelists:
   Non-Class:  12.00 KB
       Class:  26.00 KB
        Both:  38.00 KB

MaxMetaspaceSize: 17179869184.00 GB
CompressedClassSpaceSize: 1.00 GB

CodeHeap 'non-profiled nmethods': size=120064Kb used=745Kb max_used=745Kb free=119318Kb
 bounds [0x000001763ceb0000, 0x000001763d120000, 0x00000176443f0000]
CodeHeap 'profiled nmethods': size=120000Kb used=3893Kb max_used=3893Kb free=116106Kb
 bounds [0x0000017635980000, 0x0000017635d60000, 0x000001763ceb0000]
CodeHeap 'non-nmethods': size=5696Kb used=1124Kb max_used=1143Kb free=4571Kb
 bounds [0x00000176353f0000, 0x0000017635660000, 0x0000017635980000]
 total_blobs=2336 nmethods=1875 adapters=373
 compilation: enabled
              stopped_count=0, restarted_count=0
 full_count=0

Compilation events (20 events):
Event: 7.130 Thread 0x000001764bc8b800 1986       3       java.lang.invoke.LambdaForm::returnType (26 bytes)
Event: 7.130 Thread 0x000001764bc8b800 nmethod 1986 0x0000017635d34e10 code [0x0000017635d34fc0, 0x0000017635d35138]
Event: 7.130 Thread 0x000001764bc8b800 1988       3       jdk.internal.org.objectweb.asm.Type::getDescriptor (87 bytes)
Event: 7.131 Thread 0x000001764bc8b800 nmethod 1988 0x0000017635d35210 code [0x0000017635d35440, 0x0000017635d35928]
Event: 7.131 Thread 0x000001764bc8b800 1990       3       java.util.Arrays::fill (28 bytes)
Event: 7.131 Thread 0x000001764bc8b800 nmethod 1990 0x0000017635d35b90 code [0x0000017635d35d60, 0x0000017635d360e8]
Event: 7.131 Thread 0x000001764bc8b800 1989       3       jdk.internal.org.objectweb.asm.Type::getDescriptor (18 bytes)
Event: 7.132 Thread 0x000001764bc8b800 nmethod 1989 0x0000017635d36290 code [0x0000017635d364c0, 0x0000017635d36af8]
Event: 7.132 Thread 0x000001764bc8b800 1991       3       java.lang.invoke.MethodHandleNatives::refKindIsGetter (32 bytes)
Event: 7.132 Thread 0x000001764bc8b800 nmethod 1991 0x0000017635d36d10 code [0x0000017635d36ec0, 0x0000017635d37018]
Event: 7.132 Thread 0x000001764bc8b800 1992       3       java.lang.invoke.InvokerBytecodeGenerator::assertStaticType (58 bytes)
Event: 7.133 Thread 0x000001764bc8b800 nmethod 1992 0x0000017635d37090 code [0x0000017635d37280, 0x0000017635d37758]
Event: 7.134 Thread 0x000001764bc8b800 1993       1       java.util.Collections$EmptyIterator::hasNext (2 bytes)
Event: 7.134 Thread 0x000001764bc8b800 nmethod 1993 0x000001763cf68b10 code [0x000001763cf68cc0, 0x000001763cf68d78]
Event: 7.142 Thread 0x000001764bc8b800 1994       3       org.gradle.internal.service.DefaultServiceRegistry::access$1500 (6 bytes)
Event: 7.142 Thread 0x000001764bc8b800 nmethod 1994 0x0000017635d37990 code [0x0000017635d37b40, 0x0000017635d37c48]
Event: 7.142 Thread 0x000001764bc8b800 1995       3       org.gradle.internal.service.DefaultServiceRegistry$ManagedObjectServiceProvider::requiredBy (20 bytes)
Event: 7.142 Thread 0x000001764bc8b800 nmethod 1995 0x0000017635d37d10 code [0x0000017635d37f00, 0x0000017635d383c8]
Event: 7.142 Thread 0x000001764bc8b800 1996       3       org.gradle.internal.service.DefaultServiceRegistry$ManagedObjectServiceProvider::fromSameRegistry (27 bytes)
Event: 7.143 Thread 0x000001764bc8b800 nmethod 1996 0x0000017635d38510 code [0x0000017635d386e0, 0x0000017635d38a58]

GC Heap History (12 events):
Event: 1.203 GC heap before
{Heap before GC invocations=0 (full 0):
 garbage-first heap   total 63488K, used 19456K [0x0000000080000000, 0x0000000100000000)
  region size 1024K, 14 young (14336K), 0 survivors (0K)
 Metaspace       used 7465K, capacity 7615K, committed 7680K, reserved 1056768K
  class space    used 686K, capacity 748K, committed 768K, reserved 1048576K
}
Event: 1.215 GC heap after
{Heap after GC invocations=1 (full 0):
 garbage-first heap   total 63488K, used 7854K [0x0000000080000000, 0x0000000100000000)
  region size 1024K, 2 young (2048K), 2 survivors (2048K)
 Metaspace       used 7465K, capacity 7615K, committed 7680K, reserved 1056768K
  class space    used 686K, capacity 748K, committed 768K, reserved 1048576K
}
Event: 1.916 GC heap before
{Heap before GC invocations=1 (full 0):
 garbage-first heap   total 63488K, used 17070K [0x0000000080000000, 0x0000000100000000)
  region size 1024K, 11 young (11264K), 2 survivors (2048K)
 Metaspace       used 10293K, capacity 10545K, committed 10624K, reserved 1058816K
  class space    used 1075K, capacity 1131K, committed 1152K, reserved 1048576K
}
Event: 1.923 GC heap after
{Heap after GC invocations=2 (full 0):
 garbage-first heap   total 63488K, used 8761K [0x0000000080000000, 0x0000000100000000)
  region size 1024K, 1 young (1024K), 1 survivors (1024K)
 Metaspace       used 10293K, capacity 10545K, committed 10624K, reserved 1058816K
  class space    used 1075K, capacity 1131K, committed 1152K, reserved 1048576K
}
Event: 2.653 GC heap before
{Heap before GC invocations=2 (full 0):
 garbage-first heap   total 63488K, used 28217K [0x0000000080000000, 0x0000000100000000)
  region size 1024K, 21 young (21504K), 1 survivors (1024K)
 Metaspace       used 10952K, capacity 11210K, committed 11520K, reserved 1058816K
  class space    used 1144K, capacity 1203K, committed 1280K, reserved 1048576K
}
Event: 2.659 GC heap after
{Heap after GC invocations=3 (full 0):
 garbage-first heap   total 63488K, used 9240K [0x0000000080000000, 0x0000000100000000)
  region size 1024K, 2 young (2048K), 2 survivors (2048K)
 Metaspace       used 10952K, capacity 11210K, committed 11520K, reserved 1058816K
  class space    used 1144K, capacity 1203K, committed 1280K, reserved 1048576K
}
Event: 3.196 GC heap before
{Heap before GC invocations=3 (full 0):
 garbage-first heap   total 63488K, used 31768K [0x0000000080000000, 0x0000000100000000)
  region size 1024K, 25 young (25600K), 2 survivors (2048K)
 Metaspace       used 11598K, capacity 11874K, committed 12160K, reserved 1060864K
  class space    used 1281K, capacity 1339K, committed 1408K, reserved 1048576K
}
Event: 3.209 GC heap after
{Heap after GC invocations=4 (full 0):
 garbage-first heap   total 63488K, used 13438K [0x0000000080000000, 0x0000000100000000)
  region size 1024K, 4 young (4096K), 4 survivors (4096K)
 Metaspace       used 11598K, capacity 11874K, committed 12160K, reserved 1060864K
  class space    used 1281K, capacity 1339K, committed 1408K, reserved 1048576K
}
Event: 6.050 GC heap before
{Heap before GC invocations=4 (full 0):
 garbage-first heap   total 63488K, used 36990K [0x0000000080000000, 0x0000000100000000)
  region size 1024K, 27 young (27648K), 4 survivors (4096K)
 Metaspace       used 17927K, capacity 18306K, committed 18432K, reserved 1064960K
  class space    used 2144K, capacity 2262K, committed 2304K, reserved 1048576K
}
Event: 6.060 GC heap after
{Heap after GC invocations=5 (full 0):
 garbage-first heap   total 63488K, used 15777K [0x0000000080000000, 0x0000000100000000)
  region size 1024K, 3 young (3072K), 3 survivors (3072K)
 Metaspace       used 17927K, capacity 18306K, committed 18432K, reserved 1064960K
  class space    used 2144K, capacity 2262K, committed 2304K, reserved 1048576K
}
Event: 6.599 GC heap before
{Heap before GC invocations=5 (full 0):
 garbage-first heap   total 63488K, used 33185K [0x0000000080000000, 0x0000000100000000)
  region size 1024K, 21 young (21504K), 3 survivors (3072K)
 Metaspace       used 20610K, capacity 21111K, committed 21248K, reserved 1067008K
  class space    used 2526K, capacity 2712K, committed 2816K, reserved 1048576K
}
Event: 6.608 GC heap after
{Heap after GC invocations=6 (full 0):
 garbage-first heap   total 76800K, used 16454K [0x0000000080000000, 0x0000000100000000)
  region size 1024K, 1 young (1024K), 1 survivors (1024K)
 Metaspace       used 20610K, capacity 21111K, committed 21248K, reserved 1067008K
  class space    used 2526K, capacity 2712K, committed 2816K, reserved 1048576K
}

Deoptimization events (20 events):
Event: 7.113 Thread 0x000001764e9a0000 Uncommon trap: trap_request=0xffffff4d fr.pc=0x000001763cf1c554 relative=0x0000000000000094
Event: 7.113 Thread 0x000001764e9a0000 Uncommon trap: reason=unstable_if action=reinterpret pc=0x000001763cf1c554 method=java.util.LinkedHashMap.afterNodeInsertion(Z)V @ 1 c2
Event: 7.113 Thread 0x000001764e9a0000 DEOPT PACKING pc=0x000001763cf1c554 sp=0x0000002d1dcfbdd0
Event: 7.113 Thread 0x000001764e9a0000 DEOPT UNPACKING pc=0x00000176354168a9 sp=0x0000002d1dcfbd50 mode 2
Event: 7.114 Thread 0x000001764e9a0000 Uncommon trap: trap_request=0xffffff4d fr.pc=0x000001763cf0ed08 relative=0x0000000000000148
Event: 7.114 Thread 0x000001764e9a0000 Uncommon trap: reason=unstable_if action=reinterpret pc=0x000001763cf0ed08 method=java.util.HashMap.getNode(ILjava/lang/Object;)Ljava/util/HashMap$Node; @ 129 c2
Event: 7.114 Thread 0x000001764e9a0000 DEOPT PACKING pc=0x000001763cf0ed08 sp=0x0000002d1dcf9ea0
Event: 7.114 Thread 0x000001764e9a0000 DEOPT UNPACKING pc=0x00000176354168a9 sp=0x0000002d1dcf9da0 mode 2
Event: 7.114 Thread 0x000001764e9a0000 Uncommon trap: trap_request=0xffffffc6 fr.pc=0x000001763ceefa28 relative=0x0000000000000de8
Event: 7.114 Thread 0x000001764e9a0000 Uncommon trap: reason=bimorphic_or_optimized_type_check action=maybe_recompile pc=0x000001763ceefa28 method=java.util.HashMap.putVal(ILjava/lang/Object;Ljava/lang/Object;ZZ)Ljava/lang/Object; @ 203 c2
Event: 7.114 Thread 0x000001764e9a0000 DEOPT PACKING pc=0x000001763ceefa28 sp=0x0000002d1dcf9dd0
Event: 7.114 Thread 0x000001764e9a0000 DEOPT UNPACKING pc=0x00000176354168a9 sp=0x0000002d1dcf9da0 mode 2
Event: 7.114 Thread 0x000001764e9a0000 Uncommon trap: trap_request=0xffffff4d fr.pc=0x000001763cef4fa8 relative=0x00000000000001e8
Event: 7.114 Thread 0x000001764e9a0000 Uncommon trap: reason=unstable_if action=reinterpret pc=0x000001763cef4fa8 method=java.util.HashMap.getNode(ILjava/lang/Object;)Ljava/util/HashMap$Node; @ 129 c2
Event: 7.114 Thread 0x000001764e9a0000 DEOPT PACKING pc=0x000001763cef4fa8 sp=0x0000002d1dcf9e00
Event: 7.114 Thread 0x000001764e9a0000 DEOPT UNPACKING pc=0x00000176354168a9 sp=0x0000002d1dcf9d88 mode 2
Event: 7.115 Thread 0x000001764e9a0000 Uncommon trap: trap_request=0xffffffc6 fr.pc=0x000001763ceefa28 relative=0x0000000000000de8
Event: 7.115 Thread 0x000001764e9a0000 Uncommon trap: reason=bimorphic_or_optimized_type_check action=maybe_recompile pc=0x000001763ceefa28 method=java.util.HashMap.putVal(ILjava/lang/Object;Ljava/lang/Object;ZZ)Ljava/lang/Object; @ 203 c2
Event: 7.115 Thread 0x000001764e9a0000 DEOPT PACKING pc=0x000001763ceefa28 sp=0x0000002d1dcf9db0
Event: 7.115 Thread 0x000001764e9a0000 DEOPT UNPACKING pc=0x00000176354168a9 sp=0x0000002d1dcf9d80 mode 2

Classes redefined (0 events):
No events

Internal exceptions (20 events):
Event: 3.737 Thread 0x0000017631a4b000 Exception <a 'java/lang/NoSuchMethodError'{0x0000000083798e70}: 'void java.lang.invoke.DelegatingMethodHandle$Holder.delegate(java.lang.Object, java.lang.Object, int, java.lang.Object)'> (0x0000000083798e70) thrown at [./src/hotspot/share/interpreter/linkResolver.cpp, line 773]
Event: 3.795 Thread 0x0000017631a4b000 Exception <a 'java/lang/NoSuchMethodError'{0x0000000083654808}: 'java.lang.Object java.lang.invoke.DirectMethodHandle$Holder.invokeStaticInit(java.lang.Object, int, int, int, int)'> (0x0000000083654808) thrown at [./src/hotspot/share/interpreter/linkResolver.cpp, line 773]
Event: 4.451 Thread 0x0000017631a4b000 Exception <a 'java/lang/NoSuchMethodError'{0x0000000083529f58}: 'java.lang.Object java.lang.invoke.DirectMethodHandle$Holder.invokeStaticInit(java.lang.Object, java.lang.Object, int, int, int, int)'> (0x0000000083529f58) thrown at [./src/hotspot/share/interpreter/linkResolver.cpp, line 773]
Event: 5.502 Thread 0x0000017631a4b000 Exception <a 'java/io/IOException'{0x00000000834f9b48}> (0x00000000834f9b48) thrown at [./src/hotspot/share/prims/jni.cpp, line 615]
Event: 5.599 Thread 0x000001764dd11800 Exception <a 'java/lang/NoSuchMethodError'{0x0000000083296588}: <clinit>> (0x0000000083296588) thrown at [./src/hotspot/share/prims/jni.cpp, line 1362]
Event: 5.602 Thread 0x000001764dd11800 Exception <a 'java/lang/NoSuchMethodError'{0x000000008329ee20}: <clinit>> (0x000000008329ee20) thrown at [./src/hotspot/share/prims/jni.cpp, line 1362]
Event: 5.607 Thread 0x000001764dd11800 Exception <a 'java/lang/NoSuchMethodError'{0x00000000832b21d8}: <clinit>> (0x00000000832b21d8) thrown at [./src/hotspot/share/prims/jni.cpp, line 1362]
Event: 5.640 Thread 0x000001764dd11800 Exception <a 'java/lang/NoSuchMethodError'{0x0000000083100e60}: <clinit>> (0x0000000083100e60) thrown at [./src/hotspot/share/prims/jni.cpp, line 1362]
Event: 5.653 Thread 0x000001764dd11800 Exception <a 'java/lang/NoSuchMethodError'{0x000000008313c5c8}: <clinit>> (0x000000008313c5c8) thrown at [./src/hotspot/share/prims/jni.cpp, line 1362]
Event: 5.672 Thread 0x000001764dd11800 Exception <a 'java/lang/NoSuchMethodError'{0x000000008316eff0}: <clinit>> (0x000000008316eff0) thrown at [./src/hotspot/share/prims/jni.cpp, line 1362]
Event: 5.830 Thread 0x000001764e9a0000 Exception <a 'java/lang/NoSuchMethodError'{0x0000000082e4e138}: 'void java.lang.invoke.DelegatingMethodHandle$Holder.reinvoke_L(java.lang.Object, java.lang.Object, java.lang.Object, java.lang.Object)'> (0x0000000082e4e138) thrown at [./src/hotspot/share/interpreter/linkResolver.cpp, line 773]
Event: 5.842 Thread 0x000001764e9a0000 Exception <a 'java/lang/NoSuchMethodError'{0x0000000082e850a0}: 'long java.lang.invoke.DirectMethodHandle$Holder.invokeInterface(java.lang.Object, java.lang.Object)'> (0x0000000082e850a0) thrown at [./src/hotspot/share/interpreter/linkResolver.cpp, line 773]
Event: 5.846 Thread 0x000001764e9a0000 Exception <a 'java/lang/NoSuchMethodError'{0x0000000082ea68c8}: 'void java.lang.invoke.DelegatingMethodHandle$Holder.reinvoke_L(java.lang.Object, java.lang.Object, java.lang.Object, java.lang.Object, java.lang.Object, java.lang.Object, java.lang.Object)'> (0x0000000082ea68c8) thrown at [./src/hotspot/share/interpreter/linkResolver.cpp, line 773]
Event: 6.279 Thread 0x000001764e9a0000 Exception <a 'java/lang/NoSuchMethodError'{0x00000000836287f8}: 'java.lang.Object java.lang.invoke.DirectMethodHandle$Holder.invokeVirtual(java.lang.Object, java.lang.Object, java.lang.Object)'> (0x00000000836287f8) thrown at [./src/hotspot/share/interpreter/linkResolver.cpp, line 773]
Event: 6.348 Thread 0x000001764e9a0000 Exception <a 'java/lang/NoSuchMethodError'{0x0000000083387f68}: 'void java.lang.invoke.DirectMethodHandle$Holder.invokeStaticInit(java.lang.Object)'> (0x0000000083387f68) thrown at [./src/hotspot/share/interpreter/linkResolver.cpp, line 773]
Event: 6.580 Thread 0x000001764e9a0000 Exception <a 'java/lang/NoSuchMethodError'{0x0000000082de3f88}: 'int java.lang.invoke.DirectMethodHandle$Holder.invokeSpecialIFC(java.lang.Object, java.lang.Object, java.lang.Object, java.lang.Object)'> (0x0000000082de3f88) thrown at [./src/hotspot/share/interpreter/linkResolver.cpp, line 773]
Event: 6.583 Thread 0x000001764e9a0000 Exception <a 'java/lang/NoSuchMethodError'{0x0000000082df1fd0}: 'java.lang.Object java.lang.invoke.DirectMethodHandle$Holder.invokeInterface(java.lang.Object, java.lang.Object, java.lang.Object)'> (0x0000000082df1fd0) thrown at [./src/hotspot/share/interpreter/linkResolver.cpp, line 773]
Event: 6.584 Thread 0x000001764e9a0000 Exception <a 'java/lang/IncompatibleClassChangeError'{0x0000000082df54a8}: Found class java.lang.Object, but interface was expected> (0x0000000082df54a8) thrown at [./src/hotspot/share/interpreter/linkResolver.cpp, line 839]
Event: 6.783 Thread 0x000001764e9a0000 Exception <a 'java/lang/NoSuchMethodError'{0x00000000847aaf98}: 'void java.lang.invoke.DirectMethodHandle$Holder.invokeSpecial(java.lang.Object, java.lang.Object)'> (0x00000000847aaf98) thrown at [./src/hotspot/share/interpreter/linkResolver.cpp, line 773]
Event: 7.048 Thread 0x000001764e9a0000 Exception <a 'java/lang/NoSuchMethodError'{0x0000000083db6708}: 'java.lang.Object java.lang.invoke.DirectMethodHandle$Holder.invokeVirtual(java.lang.Object, java.lang.Object, java.lang.Object, java.lang.Object)'> (0x0000000083db6708) thrown at [./src/hotspot/share/interpreter/linkResolver.cpp, line 773]

Events (20 events):
Event: 7.147 Executing VM operation: Deoptimize
Event: 7.148 Executing VM operation: Deoptimize done
Event: 7.148 loading class com/google/common/collect/LinkedHashMultimap
Event: 7.148 loading class com/google/common/collect/LinkedHashMultimap done
Event: 7.149 loading class com/google/common/collect/LinkedHashMultimapGwtSerializationDependencies
Event: 7.149 loading class com/google/common/collect/LinkedHashMultimapGwtSerializationDependencies done
Event: 7.150 loading class com/google/common/collect/AbstractSetMultimap
Event: 7.150 loading class com/google/common/collect/AbstractSetMultimap done
Event: 7.151 loading class com/google/common/collect/CompactLinkedHashMap
Event: 7.151 loading class com/google/common/collect/CompactLinkedHashMap done
Event: 7.152 loading class com/google/common/collect/LinkedHashMultimap$ValueEntry
Event: 7.152 loading class com/google/common/collect/LinkedHashMultimap$ValueEntry done
Event: 7.152 loading class com/google/common/collect/LinkedHashMultimap$ValueSetLink
Event: 7.152 loading class com/google/common/collect/LinkedHashMultimap$ValueSetLink done
Event: 7.153 loading class com/google/common/collect/ImmutableEntry
Event: 7.153 loading class com/google/common/collect/ImmutableEntry done
Event: 7.153 loading class com/google/common/collect/AbstractMapEntry
Event: 7.153 loading class com/google/common/collect/AbstractMapEntry done
Event: 7.154 loading class org/gradle/composite/internal/CompositeBuildClassPathInitializer
Event: 7.154 loading class org/gradle/composite/internal/CompositeBuildClassPathInitializer done


Dynamic libraries:
0x00007ff6d7c20000 - 0x00007ff6d7c2a000 	C:\Program Files\Android\Android Studio\jre\bin\java.exe
0x00007ffa34b10000 - 0x00007ffa34d05000 	C:\WINDOWS\SYSTEM32\ntdll.dll
0x00007ffa34130000 - 0x00007ffa341ed000 	C:\WINDOWS\System32\KERNEL32.DLL
0x00007ffa324f0000 - 0x00007ffa327b9000 	C:\WINDOWS\System32\KERNELBASE.dll
0x00007ffa322f0000 - 0x00007ffa323f0000 	C:\WINDOWS\System32\ucrtbase.dll
0x00007ffa0ed70000 - 0x00007ffa0ed89000 	C:\Program Files\Android\Android Studio\jre\bin\jli.dll
0x00007ff9f4400000 - 0x00007ff9f4417000 	C:\Program Files\Android\Android Studio\jre\bin\VCRUNTIME140.dll
0x00007ffa332b0000 - 0x00007ffa33450000 	C:\WINDOWS\System32\USER32.dll
0x00007ffa329b0000 - 0x00007ffa329d2000 	C:\WINDOWS\System32\win32u.dll
0x00007ffa11110000 - 0x00007ffa113aa000 	C:\WINDOWS\WinSxS\amd64_microsoft.windows.common-controls_6595b64144ccf1df_6.0.19041.1110_none_60b5254171f9507e\COMCTL32.dll
0x00007ffa33930000 - 0x00007ffa3395a000 	C:\WINDOWS\System32\GDI32.dll
0x00007ffa327c0000 - 0x00007ffa328cb000 	C:\WINDOWS\System32\gdi32full.dll
0x00007ffa32450000 - 0x00007ffa324ed000 	C:\WINDOWS\System32\msvcp_win.dll
0x00007ffa34090000 - 0x00007ffa3412e000 	C:\WINDOWS\System32\msvcrt.dll
0x00007ffa342a0000 - 0x00007ffa342d0000 	C:\WINDOWS\System32\IMM32.DLL
0x00007ff9ef830000 - 0x00007ff9ef8cd000 	C:\Program Files\Android\Android Studio\jre\bin\msvcp140.dll
0x00007ff9eb2b0000 - 0x00007ff9ebd6c000 	C:\Program Files\Android\Android Studio\jre\bin\server\jvm.dll
0x00007ffa34570000 - 0x00007ffa3461c000 	C:\WINDOWS\System32\ADVAPI32.dll
0x00007ffa34730000 - 0x00007ffa347cb000 	C:\WINDOWS\System32\sechost.dll
0x00007ffa342e0000 - 0x00007ffa3440a000 	C:\WINDOWS\System32\RPCRT4.dll
0x00007ffa34410000 - 0x00007ffa34418000 	C:\WINDOWS\System32\PSAPI.DLL
0x00007ffa10dc0000 - 0x00007ffa10dc9000 	C:\WINDOWS\SYSTEM32\WSOCK32.dll
0x00007ffa33dd0000 - 0x00007ffa33e3b000 	C:\WINDOWS\System32\WS2_32.dll
0x00007ffa0bd40000 - 0x00007ffa0bd67000 	C:\WINDOWS\SYSTEM32\WINMM.dll
0x00007ffa29290000 - 0x00007ffa2929a000 	C:\WINDOWS\SYSTEM32\VERSION.dll
0x00007ffa30330000 - 0x00007ffa30342000 	C:\WINDOWS\SYSTEM32\kernel.appcore.dll
0x00007ffa0aff0000 - 0x00007ffa0b001000 	C:\Program Files\Android\Android Studio\jre\bin\verify.dll
0x00007ffa30120000 - 0x00007ffa30304000 	C:\WINDOWS\SYSTEM32\DBGHELP.DLL
0x00007ffa28fc0000 - 0x00007ffa28fec000 	C:\WINDOWS\SYSTEM32\dbgcore.DLL
0x00007ffa328d0000 - 0x00007ffa32953000 	C:\WINDOWS\System32\bcryptPrimitives.dll
0x00007ff9fa110000 - 0x00007ff9fa139000 	C:\Program Files\Android\Android Studio\jre\bin\java.dll
0x00007ffa071a0000 - 0x00007ffa071ab000 	C:\Program Files\Android\Android Studio\jre\bin\jimage.dll
0x00007ff9fa090000 - 0x00007ff9fa0a8000 	C:\Program Files\Android\Android Studio\jre\bin\zip.dll
0x00007ffa32b70000 - 0x00007ffa332af000 	C:\WINDOWS\System32\SHELL32.dll
0x00007ffa30350000 - 0x00007ffa30ae0000 	C:\WINDOWS\SYSTEM32\windows.storage.dll
0x00007ffa33a70000 - 0x00007ffa33dc5000 	C:\WINDOWS\System32\combase.dll
0x00007ffa31c30000 - 0x00007ffa31c5c000 	C:\WINDOWS\SYSTEM32\Wldp.dll
0x00007ffa34620000 - 0x00007ffa346ce000 	C:\WINDOWS\System32\SHCORE.dll
0x00007ffa34a70000 - 0x00007ffa34ac5000 	C:\WINDOWS\System32\shlwapi.dll
0x00007ffa32180000 - 0x00007ffa3219f000 	C:\WINDOWS\SYSTEM32\profapi.dll
0x00007ff9fa070000 - 0x00007ff9fa08a000 	C:\Program Files\Android\Android Studio\jre\bin\net.dll
0x00007ffa15b70000 - 0x00007ffa15c78000 	C:\WINDOWS\SYSTEM32\WINHTTP.dll
0x00007ffa31930000 - 0x00007ffa3199a000 	C:\WINDOWS\system32\mswsock.dll
0x00007ff9f9b40000 - 0x00007ff9f9b54000 	C:\Program Files\Android\Android Studio\jre\bin\nio.dll
0x00007ffa02720000 - 0x00007ffa02747000 	C:\Users\user\.gradle\native\fdc75f09e3144964f2cf3f50f0aa648679c211496f362492102eb8c894070792\windows-amd64\native-platform.dll
0x00007ff9e81c0000 - 0x00007ff9e8356000 	C:\Users\user\.gradle\native\12488b8bf47d2d4c9fbf2f6322a914ad602e24e48041cd04a747c6da556b65c4\windows-amd64\native-platform-file-events.dll
0x00007ffa00710000 - 0x00007ffa0071a000 	C:\Program Files\Android\Android Studio\jre\bin\management.dll
0x00007ff9fa060000 - 0x00007ff9fa06c000 	C:\Program Files\Android\Android Studio\jre\bin\management_ext.dll
0x00007ffa31b20000 - 0x00007ffa31b38000 	C:\WINDOWS\SYSTEM32\CRYPTSP.dll
0x00007ffa312b0000 - 0x00007ffa312e4000 	C:\WINDOWS\system32\rsaenh.dll
0x00007ffa329e0000 - 0x00007ffa32a07000 	C:\WINDOWS\System32\bcrypt.dll
0x00007ffa32140000 - 0x00007ffa3216e000 	C:\WINDOWS\SYSTEM32\USERENV.dll
0x00007ffa31b40000 - 0x00007ffa31b4c000 	C:\WINDOWS\SYSTEM32\CRYPTBASE.dll
0x00007ffa31620000 - 0x00007ffa3165b000 	C:\WINDOWS\SYSTEM32\IPHLPAPI.DLL
0x00007ffa34980000 - 0x00007ffa34988000 	C:\WINDOWS\System32\NSI.dll
0x00007ffa27950000 - 0x00007ffa27967000 	C:\WINDOWS\SYSTEM32\dhcpcsvc6.DLL
0x00007ffa28490000 - 0x00007ffa284ad000 	C:\WINDOWS\SYSTEM32\dhcpcsvc.DLL
0x00007ffa31660000 - 0x00007ffa3172c000 	C:\WINDOWS\SYSTEM32\DNSAPI.dll
0x00007ffa2b020000 - 0x00007ffa2b02b000 	C:\WINDOWS\SYSTEM32\WINNSI.DLL

dbghelp: loaded successfully - version: 4.0.5 - missing functions: none
symbol engine: initialized successfully - sym options: 0x614 - pdb path: .;C:\Program Files\Android\Android Studio\jre\bin;C:\WINDOWS\SYSTEM32;C:\WINDOWS\WinSxS\amd64_microsoft.windows.common-controls_6595b64144ccf1df_6.0.19041.1110_none_60b5254171f9507e;C:\Program Files\Android\Android Studio\jre\bin\server;C:\Users\user\.gradle\native\fdc75f09e3144964f2cf3f50f0aa648679c211496f362492102eb8c894070792\windows-amd64;C:\Users\user\.gradle\native\12488b8bf47d2d4c9fbf2f6322a914ad602e24e48041cd04a747c6da556b65c4\windows-amd64

VM Arguments:
jvm_args: --add-opens=java.base/java.util=ALL-UNNAMED --add-opens=java.base/java.lang=ALL-UNNAMED --add-opens=java.base/java.lang.invoke=ALL-UNNAMED --add-opens=java.prefs/java.util.prefs=ALL-UNNAMED -Xmx2048m -Dfile.encoding=UTF-8 -Duser.country=EC -Duser.language=es -Duser.variant 
java_command: org.gradle.launcher.daemon.bootstrap.GradleDaemon 6.7.1
java_class_path (initial): C:\Users\user\.gradle\wrapper\dists\gradle-6.7.1-bin\bwlcbys1h7rz3272sye1xwiv6\gradle-6.7.1\lib\gradle-launcher-6.7.1.jar
Launcher Type: SUN_STANDARD

[Global flags]
     intx CICompilerCount                          = 3                                         {product} {ergonomic}
     uint ConcGCThreads                            = 1                                         {product} {ergonomic}
     uint G1ConcRefinementThreads                  = 4                                         {product} {ergonomic}
   size_t G1HeapRegionSize                         = 1048576                                   {product} {ergonomic}
    uintx GCDrainStackTargetSize                   = 64                                        {product} {ergonomic}
   size_t InitialHeapSize                          = 65011712                                  {product} {ergonomic}
   size_t MarkStackSize                            = 4194304                                   {product} {ergonomic}
   size_t MaxHeapSize                              = 2147483648                                {product} {command line}
   size_t MaxNewSize                               = 1287651328                                {product} {ergonomic}
   size_t MinHeapDeltaBytes                        = 1048576                                   {product} {ergonomic}
    uintx NonNMethodCodeHeapSize                   = 5830732                                {pd product} {ergonomic}
    uintx NonProfiledCodeHeapSize                  = 122913754                              {pd product} {ergonomic}
    uintx ProfiledCodeHeapSize                     = 122913754                              {pd product} {ergonomic}
    uintx ReservedCodeCacheSize                    = 251658240                              {pd product} {ergonomic}
     bool SegmentedCodeCache                       = true                                      {product} {ergonomic}
     bool UseCompressedClassPointers               = true                                 {lp64_product} {ergonomic}
     bool UseCompressedOops                        = true                                 {lp64_product} {ergonomic}
     bool UseG1GC                                  = true                                      {product} {ergonomic}
     bool UseLargePagesIndividualAllocation        = false                                  {pd product} {ergonomic}

Logging:
Log output configuration:
 #0: stdout all=warning uptime,level,tags
 #1: stderr all=off uptime,level,tags

Environment Variables:
PATH=C:\Program Files (x86)\Common Files\Oracle\Java\javapath;C:\ProgramData\Oracle\Java\javapath;C:\Program Files (x86)\Intel\TXE Components\iCLS\;C:\Program Files\Intel\TXE Components\iCLS\;C:\WINDOWS\system32;C:\WINDOWS;C:\WINDOWS\System32\Wbem;C:\WINDOWS\System32\WindowsPowerShell\v1.0\;C:\Program Files\Intel\TXE Components\DAL\;C:\Program Files (x86)\Intel\TXE Components\DAL\;C:\Program Files\Intel\TXE Components\IPT\;C:\Program Files (x86)\Intel\TXE Components\IPT\;C:\WINDOWS\System32\OpenSSH\;C:\xampp\php;C:\ProgramData\ComposerSetup\bin;C:\Program Files\Java\jdk1.8.0_241\bin;C:\Users\user\AppData\Local\Programs\Python\Python39\Scripts\;C:\Users\user\AppData\Local\Programs\Python\Python39\;C:\Users\user\AppData\Local\Microsoft\WindowsApps;C:\Users\user\AppData\Roaming\Composer\vendor\bin;
USERNAME=user
OS=Windows_NT
PROCESSOR_IDENTIFIER=Intel64 Family 6 Model 122 Stepping 1, GenuineIntel



---------------  S Y S T E M  ---------------

OS: Windows 10 , 64 bit Build 19041 (10.0.19041.1151)
OS uptime: 0 days 9:55 hours

CPU:total 4 (initial active 4) (4 cores per cpu, 1 threads per core) family 6 model 122 stepping 1, cmov, cx8, fxsr, mmx, sse, sse2, sse3, ssse3, sse4.1, sse4.2, popcnt, aes, clmul, erms, 3dnowpref, tsc, tscinvbit, sha

Memory: 4k page, system-wide physical 3918M (326M free)
TotalPageFile size 6888M (AvailPageFile size 3M)
current process WorkingSet (physical memory assigned to process): 141M, peak: 141M
current process commit charge ("private bytes"): 190M, peak: 190M

vm_info: OpenJDK 64-Bit Server VM (11.0.8+10-b944.6842174) for windows-amd64 JRE (11.0.8+10-b944.6842174), built on Sep 19 2020 01:11:42 by "builder" with MS VC++ 14.0 (VS2015)

END.
